#
# There is insufficient memory for the Java Runtime Environment to continue.
# Native memory allocation (malloc) failed to allocate 32744 bytes for ChunkPool::allocate
# Possible reasons:
#   The system is out of physical RAM or swap space
#   In 32 bit mode, the process size limit was hit
# Possible solutions:
#   Reduce memory load on the system
#   Increase physical memory or swap space
#   Check if swap backing store is full
#   Use 64 bit Java on a 64 bit OS
#   Decrease Java heap size (-Xmx/-Xms)
#   Decrease number of Java threads
#   Decrease Java thread stack sizes (-Xss)
#   Set larger code cache with -XX:ReservedCodeCacheSize=
# This output file may be truncated or incomplete.
#
#  Out of Memory Error (allocation.cpp:273), pid=5008, tid=8836
#
# JRE version: Java(TM) SE Runtime Environment (8.0_91-b14) (build 1.8.0_91-b14)
# Java VM: Java HotSpot(TM) 64-Bit Server VM (25.91-b14 mixed mode windows-amd64 compressed oops)
# Failed to write core dump. Minidumps are not enabled by default on client versions of Windows
#

---------------  T H R E A D  ---------------

Current thread (0x00000000192db800):  JavaThread "C1 CompilerThread3" daemon [_thread_in_native, id=8836, stack(0x0000000019d60000,0x0000000019e60000)]

Stack: [0x0000000019d60000,0x0000000019e60000]
[error occurred during error reporting (printing stack bounds), id 0xc0000005]

Native frames: (J=compiled Java code, j=interpreted, Vv=VM code, C=native code)


Current CompileTask:
C1:   4268   46   !   3       java.io.BufferedReader::readLine (304 bytes)


---------------  P R O C E S S  ---------------

Java Threads: ( => current thread )
  0x00000000192eb000 JavaThread "Service Thread" daemon [_thread_blocked, id=17628, stack(0x0000000019e60000,0x0000000019f60000)]
=>0x00000000192db800 JavaThread "C1 CompilerThread3" daemon [_thread_in_native, id=8836, stack(0x0000000019d60000,0x0000000019e60000)]
  0x00000000192d7800 JavaThread "C2 CompilerThread2" daemon [_thread_blocked, id=19276, stack(0x0000000019c60000,0x0000000019d60000)]
  0x00000000192d4800 JavaThread "C2 CompilerThread1" daemon [_thread_blocked, id=17708, stack(0x0000000019b60000,0x0000000019c60000)]
  0x0000000019278000 JavaThread "C2 CompilerThread0" daemon [_thread_blocked, id=19264, stack(0x0000000019a60000,0x0000000019b60000)]
  0x0000000019275800 JavaThread "Attach Listener" daemon [_thread_blocked, id=19260, stack(0x0000000019960000,0x0000000019a60000)]
  0x0000000019274000 JavaThread "Signal Dispatcher" daemon [_thread_blocked, id=20292, stack(0x0000000019860000,0x0000000019960000)]
  0x00000000023b7000 JavaThread "Finalizer" daemon [_thread_blocked, id=22468, stack(0x0000000019650000,0x0000000019750000)]
  0x000000001734d800 JavaThread "Reference Handler" daemon [_thread_blocked, id=22440, stack(0x0000000019150000,0x0000000019250000)]
  0x00000000022c0800 JavaThread "main" [_thread_in_vm, id=16236, stack(0x00000000021c0000,0x00000000022c0000)]

Other Threads:
  0x0000000017349000 VMThread [stack: 0x0000000019050000,0x0000000019150000] [id=20752]
  0x00000000192e3800 WatcherThread [stack: 0x0000000019f60000,0x000000001a060000] [id=5032]

VM state:not at safepoint (normal execution)

VM Mutex/Monitor currently owned by a thread: None

Heap:
 PSYoungGen      total 38400K, used 2011K [0x00000000d5e00000, 0x00000000d8880000, 0x0000000100000000)
  eden space 33280K, 6% used [0x00000000d5e00000,0x00000000d5ff6c10,0x00000000d7e80000)
  from space 5120K, 0% used [0x00000000d8380000,0x00000000d8380000,0x00000000d8880000)
  to   space 5120K, 0% used [0x00000000d7e80000,0x00000000d7e80000,0x00000000d8380000)
 ParOldGen       total 87552K, used 0K [0x0000000081a00000, 0x0000000086f80000, 0x00000000d5e00000)
  object space 87552K, 0% used [0x0000000081a00000,0x0000000081a00000,0x0000000086f80000)
 Metaspace       used 3658K, capacity 4608K, committed 4864K, reserved 1056768K
  class space    used 403K, capacity 432K, committed 512K, reserved 1048576K

Card table byte_map: [0x0000000011780000,0x0000000011b80000] byte_map_base: 0x0000000011373000

Marking Bits: (ParMarkBitMap*) 0x000000006e8d2f70
 Begin Bits: [0x0000000012630000, 0x00000000145c8000)
 End Bits:   [0x00000000145c8000, 0x0000000016560000)

Polling page: 0x00000000007b0000

CodeCache: size=245760Kb used=1130Kb max_used=1130Kb free=244629Kb
 bounds [0x00000000023c0000, 0x0000000002630000, 0x00000000113c0000]
 total_blobs=285 nmethods=45 adapters=153
 compilation: enabled

Compilation events (10 events):
Event: 4.216 Thread 0x00000000192db800 nmethod 41 0x00000000024d7dd0 code [0x00000000024d7f60, 0x00000000024d8308]
Event: 4.233 Thread 0x00000000192db800   42       3       java.lang.StringBuilder::append (8 bytes)
Event: 4.233 Thread 0x00000000192db800 nmethod 42 0x00000000024d8690 code [0x00000000024d8800, 0x00000000024d8988]
Event: 4.233 Thread 0x00000000192db800   43       3       java.lang.CharacterDataLatin1::toUpperCase (53 bytes)
Event: 4.233 Thread 0x00000000192db800 nmethod 43 0x00000000024d8a10 code [0x00000000024d8b80, 0x00000000024d8e70]
Event: 4.238 Thread 0x00000000192db800   44       3       java.lang.String::indexOf (166 bytes)
Event: 4.239 Thread 0x00000000192db800 nmethod 44 0x00000000024d9d10 code [0x00000000024d9ec0, 0x00000000024da510]
Event: 4.239 Thread 0x00000000192db800   45       1       sun.nio.cs.SingleByte$Decoder::decode (11 bytes)
Event: 4.239 Thread 0x00000000192db800 nmethod 45 0x00000000024da8d0 code [0x00000000024daa20, 0x00000000024dab70]
Event: 4.240 Thread 0x00000000192db800   46   !   3       java.io.BufferedReader::readLine (304 bytes)

GC Heap History (0 events):
No events

Deoptimization events (0 events):
No events

Internal exceptions (2 events):
Event: 1.761 Thread 0x00000000022c0800 Exception <a 'java/lang/NoSuchMethodError': Method sun.misc.Unsafe.defineClass(Ljava/lang/String;[BII)Ljava/lang/Class; name or signature does not match> (0x00000000d5e07cc0) thrown at [C:\re\workspace\8-2-build-windows-amd64-cygwin\jdk8u91\6644\hotspot\srÒQó.ü?
Event: 1.761 Thread 0x00000000022c0800 Exception <a 'java/lang/NoSuchMethodError': Method sun.misc.Unsafe.prefetchRead(Ljava/lang/Object;J)V name or signature does not match> (0x00000000d5e07fa8) thrown at [C:\re\workspace\8-2-build-windows-amd64-cygwin\jdk8u91\6644\hotspot\src\share\vm\prims\j

Events (10 events):
Event: 4.238 loading class java/util/LinkedHashMap$LinkedEntrySet
Event: 4.238 loading class java/util/LinkedHashMap$LinkedEntrySet done
Event: 4.238 loading class java/util/LinkedHashMap$LinkedEntryIterator
Event: 4.238 loading class java/util/LinkedHashMap$LinkedHashIterator
Event: 4.238 loading class java/util/LinkedHashMap$LinkedHashIterator done
Event: 4.238 loading class java/util/LinkedHashMap$LinkedEntryIterator done
Event: 4.238 loading class sun/misc/Launcher$BootClassPathHolder
Event: 4.238 loading class sun/misc/Launcher$BootClassPathHolder done
Event: 4.238 loading class sun/misc/Launcher$BootClassPathHolder$1
Event: 4.238 loading class sun/misc/Launcher$BootClassPathHolder$1 done


Dynamic libraries:
0x00007ff713fe0000 - 0x00007ff714017000 	C:\Program Files\Java\jdk1.8.0_91\bin\java.exe
0x00007ff96de80000 - 0x00007ff96e051000 	C:\WINDOWS\SYSTEM32\ntdll.dll
0x00007ff96d8a0000 - 0x00007ff96d94b000 	C:\WINDOWS\System32\KERNEL32.DLL
0x00007ff96a3d0000 - 0x00007ff96a5ed000 	C:\WINDOWS\System32\KERNELBASE.dll
0x00007ff96dd30000 - 0x00007ff96ddd2000 	C:\WINDOWS\System32\ADVAPI32.dll
0x00007ff96b9e0000 - 0x00007ff96ba7e000 	C:\WINDOWS\System32\msvcrt.dll
0x00007ff96b550000 - 0x00007ff96b5a9000 	C:\WINDOWS\System32\sechost.dll
0x00007ff96bb10000 - 0x00007ff96bc31000 	C:\WINDOWS\System32\RPCRT4.dll
0x00007ff96bd00000 - 0x00007ff96be65000 	C:\WINDOWS\System32\USER32.dll
0x00007ff96b3f0000 - 0x00007ff96b40e000 	C:\WINDOWS\System32\win32u.dll
0x00007ff96bcc0000 - 0x00007ff96bcf4000 	C:\WINDOWS\System32\GDI32.dll
0x00007ff96a6a0000 - 0x00007ff96a822000 	C:\WINDOWS\System32\gdi32full.dll
0x00007ff966ae0000 - 0x00007ff966d59000 	C:\WINDOWS\WinSxS\amd64_microsoft.windows.common-controls_6595b64144ccf1df_6.0.14393.0_none_2d0f50fcbdb171b8\COMCTL32.dll
0x00007ff96d960000 - 0x00007ff96dc27000 	C:\WINDOWS\System32\combase.dll
0x00007ff96af10000 - 0x00007ff96b005000 	C:\WINDOWS\System32\ucrtbase.dll
0x00007ff96b160000 - 0x00007ff96b1ca000 	C:\WINDOWS\System32\bcryptPrimitives.dll
0x00007ff96ba80000 - 0x00007ff96baae000 	C:\WINDOWS\System32\IMM32.DLL
0x000000006f550000 - 0x000000006f622000 	C:\Program Files\Java\jdk1.8.0_91\jre\bin\msvcr100.dll
0x000000006e0c0000 - 0x000000006e953000 	C:\Program Files\Java\jdk1.8.0_91\jre\bin\server\jvm.dll
0x00007ff96b4e0000 - 0x00007ff96b4e8000 	C:\WINDOWS\System32\PSAPI.DLL
0x00007ff9678a0000 - 0x00007ff9678a9000 	C:\WINDOWS\SYSTEM32\WSOCK32.dll
0x00007ff96bc50000 - 0x00007ff96bcba000 	C:\WINDOWS\System32\WS2_32.dll
0x00007ff968600000 - 0x00007ff968623000 	C:\WINDOWS\SYSTEM32\WINMM.dll
0x00007ff966ab0000 - 0x00007ff966aba000 	C:\WINDOWS\SYSTEM32\VERSION.dll
0x00007ff968300000 - 0x00007ff96832b000 	C:\WINDOWS\SYSTEM32\WINMMBASE.dll
0x00007ff96b1d0000 - 0x00007ff96b212000 	C:\WINDOWS\System32\cfgmgr32.dll
0x000000006f7c0000 - 0x000000006f7cf000 	C:\Program Files\Java\jdk1.8.0_91\jre\bin\verify.dll
0x000000006e090000 - 0x000000006e0b9000 	C:\Program Files\Java\jdk1.8.0_91\jre\bin\java.dll
0x000000006e070000 - 0x000000006e086000 	C:\Program Files\Java\jdk1.8.0_91\jre\bin\zip.dll
0x00007ff96c110000 - 0x00007ff96d618000 	C:\WINDOWS\System32\SHELL32.dll
0x00007ff96a830000 - 0x00007ff96af0a000 	C:\WINDOWS\System32\windows.storage.dll
0x00007ff96a2f0000 - 0x00007ff96a33c000 	C:\WINDOWS\System32\powrprof.dll
0x00007ff96b480000 - 0x00007ff96b4d2000 	C:\WINDOWS\System32\shlwapi.dll
0x00007ff96a2e0000 - 0x00007ff96a2ef000 	C:\WINDOWS\System32\kernel.appcore.dll
0x00007ff96b0b0000 - 0x00007ff96b159000 	C:\WINDOWS\System32\shcore.dll
0x00007ff96a350000 - 0x00007ff96a364000 	C:\WINDOWS\System32\profapi.dll

VM Arguments:
java_command: C:\Users\Lucas\Documents\MaterialCodigoAprendizaje\2DAM\ProgramacionServiciosProcesos\Editor\dist\DocumentEditor.jar
java_class_path (initial): C:\Users\Lucas\Documents\MaterialCodigoAprendizaje\2DAM\ProgramacionServiciosProcesos\Editor\dist\DocumentEditor.jar
Launcher Type: SUN_STANDARD

Environment Variables:
PATH=C:\ProgramData\Oracle\Java\javapath;C:\Program Files (x86)\Intel\iCLS Client\;C:\Program Files\Intel\iCLS Client\;C:\Windows\system32;C:\Windows;C:\Windows\System32\Wbem;C:\Windows\System32\WindowsPowerShell\v1.0\;C:\Program Files (x86)\NVIDIA Corporation\PhysX\Common;C:\Program Files (x86)\Intel\Intel(R) Management Engine Components\DAL;C:\Program Files\Intel\Intel(R) Management Engine Components\DAL;C:\Program Files (x86)\Intel\Intel(R) Management Engine Components\IPT;C:\Program Files\Intel\Intel(R) Management Engine Components\IPT;C:\Program Files (x86)\Skype\Phone\;C:\Program Files\Git\cmd;C:\WINDOWS\system32;C:\WINDOWS;C:\WINDOWS\System32\Wbem;C:\WINDOWS\System32\WindowsPowerShell\v1.0\;C:\Users\Lucas\AppData\Local\atom\bin;%USERPROFILE%\AppData\Local\Microsoft\WindowsApps;
USERNAME=Lucas
OS=Windows_NT
PROCESSOR_IDENTIFIER=Intel64 Family 6 Model 94 Stepping 3, GenuineIntel



---------------  S Y S T E M  ---------------

OS: Windows 10.0 , 64 bit Build 14393 (10.0.14393.0)

CPU:total 8 (4 cores per cpu, 2 threads per core) family 6 model 94 stepping 3, cmov, cx8, fxsr, mmx, sse, sse2, sse3, ssse3, sse4.1, sse4.2, popcnt, avx, avx2, aes, clmul, erms, rtm, 3dnowpref, lzcnt, ht, tsc, tscinvbit, bmi1, bmi2, adx

Memory: 4k page, physical 8281880k(1810880k free), swap 33447704k(721216k free)

vm_info: Java HotSpot(TM) 64-Bit Server VM (25.91-b14) for windows-amd64 JRE (1.8.0_91-b14), built on Apr  1 2016 00:58:32 by "java_re" with MS VC++ 10.0 (VS2010)

time: Thu Oct 06 09:33:49 2016
elapsed time: 4 seconds (0d 0h 0m 4s)

