#
# A fatal error has been detected by the Java Runtime Environment:
#
#  EXCEPTION_ACCESS_VIOLATION (0xc0000005) at pc=0x000000006e2d2177, pid=27716, tid=11816
#
# JRE version: Java(TM) SE Runtime Environment (8.0_91-b14) (build 1.8.0_91-b14)
# Java VM: Java HotSpot(TM) 64-Bit Server VM (25.91-b14 mixed mode windows-amd64 compressed oops)
# Problematic frame:
# V  [jvm.dll+0x212177]
#
# Failed to write core dump. Minidumps are not enabled by default on client versions of Windows
#
# If you would like to submit a bug report, please visit:
#   http://bugreport.java.com/bugreport/crash.jsp
#

---------------  T H R E A D  ---------------

Current thread (0x0000000019864000):  JavaThread "AWT-EventQueue-0" [_thread_in_vm, id=11816, stack(0x000000001b340000,0x000000001b440000)]

siginfo: ExceptionCode=0xc0000005, writing address 0x000000001b43a5c0

Registers:
RAX=0x000000001b43a5c0, RBX=0x0000000000000006, RCX=0x0000000000005000, RDX=0x0000000000000006
RSP=0x000000001b43f5c0, RBP=0x0000000000000000, RSI=0x000000001b43f5c0, RDI=0x0000000000000006
R8 =0x0000000000000006, R9 =0x0000000019834790, R10=0x000000001709f0f8, R11=0x000000001b34a168
R12=0x0000000019834790, R13=0x0000000019864000, R14=0x000000001b43f688, R15=0x000000001709f0f8
RIP=0x000000006e2d2177, EFLAGS=0x0000000000010206

Top of Stack: (sp=0x000000001b43f5c0)
0x000000001b43f5c0:   00000000006d28a0 00007ff96defa864
0x000000001b43f5d0:   0000000019864000 0000000019834790
0x000000001b43f5e0:   00000000ffffffff 000000006e2d30a7
0x000000001b43f5f0:   000000001b43f6f0 000000001709f0f8
0x000000001b43f600:   0000000019864000 000000006e17f913
0x000000001b43f610:   000000001b43f650 0000000019864000
0x000000001b43f620:   000000001b43f6e0 0000000019864000
0x000000001b43f630:   000000001709f0f8 0000000019864000
0x000000001b43f640:   0000000002633200 0000000019864000
0x000000001b43f650:   000000001709f0f8 0000000019864000
0x000000001b43f660:   0000000016bed3f8 0000000019864000
0x000000001b43f670:   0000000000000001 000000001709f0f8
0x000000001b43f680:   0000000019864000 0000000019838e10
0x000000001b43f690:   0000000019864000 000000006e180dfd
0x000000001b43f6a0:   000000001b43f9a8 00000001000069a0
0x000000001b43f6b0:   00000001000a4390 0000000000000000 

Instructions: (pc=0x000000006e2d2177)
0x000000006e2d2157:   48 89 6c 24 30 33 ed 66 90 e8 db 37 08 00 ff c3
0x000000006e2d2167:   48 63 c8 48 8b c6 48 0f af cf 48 ff c7 48 2b c1
0x000000006e2d2177:   89 28 48 63 c3 48 3b 05 1d b5 58 00 7e db 48 8b
0x000000006e2d2187:   6c 24 30 48 8b 5c 24 38 48 8b 74 24 40 48 83 c4 


Register to memory mapping:

RAX=0x000000001b43a5c0 is pointing into the stack for thread: 0x0000000019864000
RBX=0x0000000000000006 is an unknown value
RCX=0x0000000000005000 is an unknown value
RDX=0x0000000000000006 is an unknown value
RSP=0x000000001b43f5c0 is pointing into the stack for thread: 0x0000000019864000
RBP=0x0000000000000000 is an unknown value
RSI=0x000000001b43f5c0 is pointing into the stack for thread: 0x0000000019864000
RDI=0x0000000000000006 is an unknown value
R8 =0x0000000000000006 is an unknown value
R9 =0x0000000019834790 is an unknown value
R10={method} {0x000000001709f100} 'run' '()V' in 'java/awt/EventDispatchThread'
R11=0x000000001b34a168 is pointing into the stack for thread: 0x0000000019864000
R12=0x0000000019834790 is an unknown value
R13=0x0000000019864000 is a thread
R14=0x000000001b43f688 is pointing into the stack for thread: 0x0000000019864000
R15={method} {0x000000001709f100} 'run' '()V' in 'java/awt/EventDispatchThread'


Stack: [0x000000001b340000,0x000000001b440000],  sp=0x000000001b43f5c0,  free space=1021k
Native frames: (J=compiled Java code, j=interpreted, Vv=VM code, C=native code)


---------------  P R O C E S S  ---------------

Java Threads: ( => current thread )
  0x0000000002520800 JavaThread "DestroyJavaVM" [_thread_blocked, id=26592, stack(0x0000000002350000,0x0000000002450000)]
=>0x0000000019864000 JavaThread "AWT-EventQueue-0" [_thread_in_vm, id=11816, stack(0x000000001b340000,0x000000001b440000)]
  0x0000000019861000 JavaThread "AWT-Windows" daemon [_thread_in_native, id=31684, stack(0x000000001b0a0000,0x000000001b1a0000)]
  0x0000000019860800 JavaThread "AWT-Shutdown" [_thread_blocked, id=19192, stack(0x000000001afa0000,0x000000001b0a0000)]
  0x000000001985f800 JavaThread "Java2D Disposer" daemon [_thread_blocked, id=10660, stack(0x000000001aea0000,0x000000001afa0000)]
  0x000000001956c800 JavaThread "Service Thread" daemon [_thread_blocked, id=12916, stack(0x000000001a0b0000,0x000000001a1b0000)]
  0x00000000194e1000 JavaThread "C1 CompilerThread3" daemon [_thread_blocked, id=6916, stack(0x0000000019fb0000,0x000000001a0b0000)]
  0x00000000194d5800 JavaThread "C2 CompilerThread2" daemon [_thread_blocked, id=792, stack(0x0000000019eb0000,0x0000000019fb0000)]
  0x00000000194ca000 JavaThread "C2 CompilerThread1" daemon [_thread_blocked, id=23688, stack(0x0000000019db0000,0x0000000019eb0000)]
  0x00000000194c8000 JavaThread "C2 CompilerThread0" daemon [_thread_blocked, id=29868, stack(0x0000000019cb0000,0x0000000019db0000)]
  0x00000000194c5800 JavaThread "Attach Listener" daemon [_thread_blocked, id=21700, stack(0x0000000019bb0000,0x0000000019cb0000)]
  0x00000000194c4000 JavaThread "Signal Dispatcher" daemon [_thread_blocked, id=32460, stack(0x0000000019ab0000,0x0000000019bb0000)]
  0x0000000002617000 JavaThread "Finalizer" daemon [_thread_blocked, id=27912, stack(0x00000000198a0000,0x00000000199a0000)]
  0x00000000175ad800 JavaThread "Reference Handler" daemon [_thread_blocked, id=16412, stack(0x00000000193a0000,0x00000000194a0000)]

Other Threads:
  0x00000000175a9000 VMThread [stack: 0x00000000192a0000,0x00000000193a0000] [id=23040]
  0x0000000019520000 WatcherThread [stack: 0x000000001a1b0000,0x000000001a2b0000] [id=15568]

VM state:not at safepoint (normal execution)

VM Mutex/Monitor currently owned by a thread: None

Heap:
 PSYoungGen      total 38400K, used 4674K [0x00000000d5e00000, 0x00000000d8880000, 0x0000000100000000)
  eden space 33280K, 14% used [0x00000000d5e00000,0x00000000d6290af0,0x00000000d7e80000)
  from space 5120K, 0% used [0x00000000d8380000,0x00000000d8380000,0x00000000d8880000)
  to   space 5120K, 0% used [0x00000000d7e80000,0x00000000d7e80000,0x00000000d8380000)
 ParOldGen       total 87552K, used 0K [0x0000000081a00000, 0x0000000086f80000, 0x00000000d5e00000)
  object space 87552K, 0% used [0x0000000081a00000,0x0000000081a00000,0x0000000086f80000)
 Metaspace       used 5569K, capacity 5702K, committed 5888K, reserved 1056768K
  class space    used 629K, capacity 671K, committed 768K, reserved 1048576K

Card table byte_map: [0x00000000119e0000,0x0000000011de0000] byte_map_base: 0x00000000115d3000

Marking Bits: (ParMarkBitMap*) 0x000000006e8d2f70
 Begin Bits: [0x0000000012890000, 0x0000000014828000)
 End Bits:   [0x0000000014828000, 0x00000000167c0000)

Polling page: 0x00000000006b0000

CodeCache: size=245760Kb used=1562Kb max_used=1562Kb free=244197Kb
 bounds [0x0000000002620000, 0x0000000002890000, 0x0000000011620000]
 total_blobs=582 nmethods=261 adapters=234
 compilation: enabled

Compilation events (10 events):
Event: 3.946 Thread 0x00000000194e1000  256       3       java.lang.String::substring (56 bytes)
Event: 3.946 Thread 0x00000000194e1000 nmethod 256 0x00000000027a5590 code [0x00000000027a5720, 0x00000000027a5ac8]
Event: 3.948 Thread 0x00000000194e1000  257       1       java.lang.invoke.MethodTypeForm::basicType (5 bytes)
Event: 3.948 Thread 0x00000000194e1000 nmethod 257 0x00000000027a5c50 code [0x00000000027a5da0, 0x00000000027a5eb0]
Event: 4.144 Thread 0x00000000194e1000  259       3       jdk.internal.org.objectweb.asm.ClassWriter::put122 (15 bytes)
Event: 4.144 Thread 0x00000000194e1000 nmethod 259 0x00000000027a5f10 code [0x00000000027a6080, 0x00000000027a6278]
Event: 4.153 Thread 0x00000000194e1000  260       3       java.util.ArrayList$Itr::hasNext (20 bytes)
Event: 4.154 Thread 0x00000000194e1000 nmethod 260 0x00000000027a65d0 code [0x00000000027a6720, 0x00000000027a68f0]
Event: 4.154 Thread 0x00000000194e1000  261       3       java.util.ArrayList$Itr::checkForComodification (23 bytes)
Event: 4.154 Thread 0x00000000194e1000 nmethod 261 0x00000000027a6990 code [0x00000000027a6b00, 0x00000000027a6d28]

GC Heap History (0 events):
No events

Deoptimization events (0 events):
No events

Internal exceptions (9 events):
Event: 0.656 Thread 0x0000000002520800 Exception <a 'java/lang/NoSuchMethodError': Method sun.misc.Unsafe.defineClass(Ljava/lang/String;[BII)Ljava/lang/Class; name or signature does not match> (0x00000000d5e07cc0) thrown at [C:\re\workspace\8-2-build-windows-amd64-cygwin\jdk8u91\6644\hotspot\sr¦~“|]üä?
Event: 0.656 Thread 0x0000000002520800 Exception <a 'java/lang/NoSuchMethodError': Method sun.misc.Unsafe.prefetchRead(Ljava/lang/Object;J)V name or signature does not match> (0x00000000d5e07fa8) thrown at [C:\re\workspace\8-2-build-windows-amd64-cygwin\jdk8u91\6644\hotspot\src\share\vm\prims\jó#`ÜPN@
Event: 2.413 Thread 0x0000000002520800 Exception <a 'java/security/PrivilegedActionException'> (0x00000000d5f77fa0) thrown at [C:\re\workspace\8-2-build-windows-amd64-cygwin\jdk8u91\6644\hotspot\src\share\vm\prims\jvm.cpp, line 1386]
Event: 2.413 Thread 0x0000000002520800 Exception <a 'java/security/PrivilegedActionException'> (0x00000000d5f781b0) thrown at [C:\re\workspace\8-2-build-windows-amd64-cygwin\jdk8u91\6644\hotspot\src\share\vm\prims\jvm.cpp, line 1386]
Event: 2.414 Thread 0x0000000002520800 Exception <a 'java/security/PrivilegedActionException'> (0x00000000d5f7bff8) thrown at [C:\re\workspace\8-2-build-windows-amd64-cygwin\jdk8u91\6644\hotspot\src\share\vm\prims\jvm.cpp, line 1386]
Event: 2.414 Thread 0x0000000002520800 Exception <a 'java/security/PrivilegedActionException'> (0x00000000d5f7c208) thrown at [C:\re\workspace\8-2-build-windows-amd64-cygwin\jdk8u91\6644\hotspot\src\share\vm\prims\jvm.cpp, line 1386]
Event: 2.508 Thread 0x0000000002520800 Exception <a 'java/io/FileNotFoundException'> (0x00000000d5f7f148) thrown at [C:\re\workspace\8-2-build-windows-amd64-cygwin\jdk8u91\6644\hotspot\src\share\vm\prims\jni.cpp, line 709]
Event: 3.028 Thread 0x0000000002520800 Exception <a 'java/lang/NoSuchFieldError': method resolution failed> (0x00000000d604cad8) thrown at [C:\re\workspace\8-2-build-windows-amd64-cygwin\jdk8u91\6644\hotspot\src\share\vm\prims\methodHandles.cpp, line 1146]
Event: 3.031 Thread 0x0000000002520800 Exception <a 'java/lang/NoSuchFieldError': method resolution failed> (0x00000000d6059ea8) thrown at [C:\re\workspace\8-2-build-windows-amd64-cygwin\jdk8u91\6644\hotspot\src\share\vm\prims\methodHandles.cpp, line 1146]

Events (10 events):
Event: 4.152 loading class java/awt/EventQueue$5 done
Event: 4.152 loading class java/awt/EventDispatchThread
Event: 4.152 loading class java/awt/EventDispatchThread done
Event: 4.153 Thread 0x0000000019864000 Thread added: 0x0000000019864000
Event: 4.153 loading class sun/awt/PeerEvent
Event: 4.153 loading class sun/awt/PeerEvent done
Event: 4.153 loading class sun/awt/EventQueueItem
Event: 4.153 loading class sun/awt/EventQueueItem done
Event: 4.153 Thread 0x0000000002520800 Thread exited: 0x0000000002520800
Event: 4.153 Thread 0x0000000002520800 Thread added: 0x0000000002520800


Dynamic libraries:
0x00007ff713fe0000 - 0x00007ff714017000 	C:\Program Files\Java\jdk1.8.0_91\bin\java.exe
0x00007ff96de80000 - 0x00007ff96e051000 	C:\WINDOWS\SYSTEM32\ntdll.dll
0x00007ff96d8a0000 - 0x00007ff96d94b000 	C:\WINDOWS\System32\KERNEL32.DLL
0x00007ff96a3d0000 - 0x00007ff96a5ed000 	C:\WINDOWS\System32\KERNELBASE.dll
0x00007ff96dd30000 - 0x00007ff96ddd2000 	C:\WINDOWS\System32\ADVAPI32.dll
0x00007ff96b9e0000 - 0x00007ff96ba7e000 	C:\WINDOWS\System32\msvcrt.dll
0x00007ff96b550000 - 0x00007ff96b5a9000 	C:\WINDOWS\System32\sechost.dll
0x00007ff96bb10000 - 0x00007ff96bc31000 	C:\WINDOWS\System32\RPCRT4.dll
0x00007ff96bd00000 - 0x00007ff96be65000 	C:\WINDOWS\System32\USER32.dll
0x00007ff96b3f0000 - 0x00007ff96b40e000 	C:\WINDOWS\System32\win32u.dll
0x00007ff96bcc0000 - 0x00007ff96bcf4000 	C:\WINDOWS\System32\GDI32.dll
0x00007ff96a6a0000 - 0x00007ff96a822000 	C:\WINDOWS\System32\gdi32full.dll
0x00007ff966ae0000 - 0x00007ff966d59000 	C:\WINDOWS\WinSxS\amd64_microsoft.windows.common-controls_6595b64144ccf1df_6.0.14393.0_none_2d0f50fcbdb171b8\COMCTL32.dll
0x00007ff96d960000 - 0x00007ff96dc27000 	C:\WINDOWS\System32\combase.dll
0x00007ff96af10000 - 0x00007ff96b005000 	C:\WINDOWS\System32\ucrtbase.dll
0x00007ff96b160000 - 0x00007ff96b1ca000 	C:\WINDOWS\System32\bcryptPrimitives.dll
0x00007ff96ba80000 - 0x00007ff96baae000 	C:\WINDOWS\System32\IMM32.DLL
0x000000006f550000 - 0x000000006f622000 	C:\Program Files\Java\jdk1.8.0_91\jre\bin\msvcr100.dll
0x000000006e0c0000 - 0x000000006e953000 	C:\Program Files\Java\jdk1.8.0_91\jre\bin\server\jvm.dll
0x00007ff96b4e0000 - 0x00007ff96b4e8000 	C:\WINDOWS\System32\PSAPI.DLL
0x00007ff9678a0000 - 0x00007ff9678a9000 	C:\WINDOWS\SYSTEM32\WSOCK32.dll
0x00007ff96bc50000 - 0x00007ff96bcba000 	C:\WINDOWS\System32\WS2_32.dll
0x00007ff968600000 - 0x00007ff968623000 	C:\WINDOWS\SYSTEM32\WINMM.dll
0x00007ff966ab0000 - 0x00007ff966aba000 	C:\WINDOWS\SYSTEM32\VERSION.dll
0x00007ff968300000 - 0x00007ff96832b000 	C:\WINDOWS\SYSTEM32\WINMMBASE.dll
0x00007ff96b1d0000 - 0x00007ff96b212000 	C:\WINDOWS\System32\cfgmgr32.dll
0x000000006f7c0000 - 0x000000006f7cf000 	C:\Program Files\Java\jdk1.8.0_91\jre\bin\verify.dll
0x000000006e090000 - 0x000000006e0b9000 	C:\Program Files\Java\jdk1.8.0_91\jre\bin\java.dll
0x000000006e070000 - 0x000000006e086000 	C:\Program Files\Java\jdk1.8.0_91\jre\bin\zip.dll
0x00007ff96c110000 - 0x00007ff96d618000 	C:\WINDOWS\System32\SHELL32.dll
0x00007ff96a830000 - 0x00007ff96af0a000 	C:\WINDOWS\System32\windows.storage.dll
0x00007ff96a2f0000 - 0x00007ff96a33c000 	C:\WINDOWS\System32\powrprof.dll
0x00007ff96b480000 - 0x00007ff96b4d2000 	C:\WINDOWS\System32\shlwapi.dll
0x00007ff96a2e0000 - 0x00007ff96a2ef000 	C:\WINDOWS\System32\kernel.appcore.dll
0x00007ff96b0b0000 - 0x00007ff96b159000 	C:\WINDOWS\System32\shcore.dll
0x00007ff96a350000 - 0x00007ff96a364000 	C:\WINDOWS\System32\profapi.dll
0x000000006de90000 - 0x000000006e028000 	C:\Program Files\Java\jdk1.8.0_91\jre\bin\awt.dll
0x00007ff96d620000 - 0x00007ff96d6df000 	C:\WINDOWS\System32\OLEAUT32.dll
0x00007ff96b010000 - 0x00007ff96b0ac000 	C:\WINDOWS\System32\msvcp_win.dll
0x00007ff968890000 - 0x00007ff96890a000 	C:\WINDOWS\SYSTEM32\apphelp.dll
0x00007ff968ad0000 - 0x00007ff968b65000 	C:\WINDOWS\system32\uxtheme.dll
0x00007ff96bfb0000 - 0x00007ff96c10b000 	C:\WINDOWS\System32\MSCTF.dll
0x00007ff967e30000 - 0x00007ff967e56000 	C:\WINDOWS\system32\dwmapi.dll
0x00007ff96be70000 - 0x00007ff96bfa7000 	C:\WINDOWS\System32\ole32.dll

VM Arguments:
java_command: C:\Users\Lucas\Documents\MaterialCodigoAprendizaje\2DAM\ProgramacionServiciosProcesos\Editor\dist\DocumentEditor.jar
java_class_path (initial): C:\Users\Lucas\Documents\MaterialCodigoAprendizaje\2DAM\ProgramacionServiciosProcesos\Editor\dist\DocumentEditor.jar
Launcher Type: SUN_STANDARD

Environment Variables:
PATH=C:\ProgramData\Oracle\Java\javapath;C:\Program Files (x86)\Intel\iCLS Client\;C:\Program Files\Intel\iCLS Client\;C:\Windows\system32;C:\Windows;C:\Windows\System32\Wbem;C:\Windows\System32\WindowsPowerShell\v1.0\;C:\Program Files (x86)\NVIDIA Corporation\PhysX\Common;C:\Program Files (x86)\Intel\Intel(R) Management Engine Components\DAL;C:\Program Files\Intel\Intel(R) Management Engine Components\DAL;C:\Program Files (x86)\Intel\Intel(R) Management Engine Components\IPT;C:\Program Files\Intel\Intel(R) Management Engine Components\IPT;C:\Program Files (x86)\Skype\Phone\;C:\Program Files\Git\cmd;C:\WINDOWS\system32;C:\WINDOWS;C:\WINDOWS\System32\Wbem;C:\WINDOWS\System32\WindowsPowerShell\v1.0\;C:\Users\Lucas\AppData\Local\atom\bin;%USERPROFILE%\AppData\Local\Microsoft\WindowsApps;
USERNAME=Lucas
OS=Windows_NT
PROCESSOR_IDENTIFIER=Intel64 Family 6 Model 94 Stepping 3, GenuineIntel



---------------  S Y S T E M  ---------------

OS: Windows 10.0 , 64 bit Build 14393 (10.0.14393.0)

CPU:total 8 (4 cores per cpu, 2 threads per core) family 6 model 94 stepping 3, cmov, cx8, fxsr, mmx, sse, sse2, sse3, ssse3, sse4.1, sse4.2, popcnt, avx, avx2, aes, clmul, erms, rtm, 3dnowpref, lzcnt, ht, tsc, tscinvbit, bmi1, bmi2, adx

Memory: 4k page, physical 8281880k(686572k free), swap 33447704k(2140k free)

vm_info: Java HotSpot(TM) 64-Bit Server VM (25.91-b14) for windows-amd64 JRE (1.8.0_91-b14), built on Apr  1 2016 00:58:32 by "java_re" with MS VC++ 10.0 (VS2010)

time: Thu Oct 06 09:34:11 2016
elapsed time: 4 seconds (0d 0h 0m 4s)

