#
# There is insufficient memory for the Java Runtime Environment to continue.
# Native memory allocation (malloc) failed to allocate 99376 bytes for Chunk::new
# Possible reasons:
#   The system is out of physical RAM or swap space
#   In 32 bit mode, the process size limit was hit
# Possible solutions:
#   Reduce memory load on the system
#   Increase physical memory or swap space
#   Check if swap backing store is full
#   Use 64 bit Java on a 64 bit OS
#   Decrease Java heap size (-Xmx/-Xms)
#   Decrease number of Java threads
#   Decrease Java thread stack sizes (-Xss)
#   Set larger code cache with -XX:ReservedCodeCacheSize=
# This output file may be truncated or incomplete.
#
#  Out of Memory Error (allocation.cpp:390), pid=9784, tid=12888
#
# JRE version: Java(TM) SE Runtime Environment (8.0_91-b14) (build 1.8.0_91-b14)
# Java VM: Java HotSpot(TM) 64-Bit Server VM (25.91-b14 mixed mode windows-amd64 compressed oops)
# Failed to write core dump. Minidumps are not enabled by default on client versions of Windows
#

---------------  T H R E A D  ---------------

Current thread (0x0000000019f90000):  JavaThread "C2 CompilerThread2" daemon [_thread_in_native, id=12888, stack(0x000000001a930000,0x000000001aa30000)]

Stack: [0x000000001a930000,0x000000001aa30000]
[error occurred during error reporting (printing stack bounds), id 0xc0000005]

Native frames: (J=compiled Java code, j=interpreted, Vv=VM code, C=native code)


Current CompileTask:
C2:   3467  630       4       java.util.HashMap::putVal (300 bytes)


---------------  P R O C E S S  ---------------

Java Threads: ( => current thread )
  0x000000001b261000 JavaThread "Image Fetcher 0" daemon [_thread_blocked, id=18188, stack(0x000000001bff0000,0x000000001c0f0000)]
  0x0000000002fa0800 JavaThread "DestroyJavaVM" [_thread_blocked, id=6008, stack(0x0000000002e20000,0x0000000002f20000)]
  0x000000001b1cd000 JavaThread "AWT-EventQueue-0" [_thread_in_vm, id=16348, stack(0x000000001bcf0000,0x000000001bdf0000)]
  0x000000001b1c7800 JavaThread "AWT-Windows" daemon [_thread_in_native, id=4824, stack(0x000000001bb20000,0x000000001bc20000)]
  0x000000001b1c1000 JavaThread "AWT-Shutdown" [_thread_blocked, id=2856, stack(0x000000001ba20000,0x000000001bb20000)]
  0x000000001b1c0000 JavaThread "Java2D Disposer" daemon [_thread_blocked, id=5796, stack(0x000000001b920000,0x000000001ba20000)]
  0x0000000019fb4800 JavaThread "Service Thread" daemon [_thread_blocked, id=3460, stack(0x000000001ab30000,0x000000001ac30000)]
  0x0000000019fa3800 JavaThread "C1 CompilerThread3" daemon [_thread_in_native, id=14664, stack(0x000000001aa30000,0x000000001ab30000)]
=>0x0000000019f90000 JavaThread "C2 CompilerThread2" daemon [_thread_in_native, id=12888, stack(0x000000001a930000,0x000000001aa30000)]
  0x0000000019f4a000 JavaThread "C2 CompilerThread1" daemon [_thread_in_native, id=13488, stack(0x000000001a830000,0x000000001a930000)]
  0x0000000019f48000 JavaThread "C2 CompilerThread0" daemon [_thread_in_native, id=6428, stack(0x000000001a730000,0x000000001a830000)]
  0x0000000019f45800 JavaThread "Attach Listener" daemon [_thread_blocked, id=10556, stack(0x000000001a630000,0x000000001a730000)]
  0x0000000019f44000 JavaThread "Signal Dispatcher" daemon [_thread_blocked, id=1112, stack(0x000000001a530000,0x000000001a630000)]
  0x0000000003097000 JavaThread "Finalizer" daemon [_thread_blocked, id=2328, stack(0x000000001a320000,0x000000001a420000)]
  0x000000001802d800 JavaThread "Reference Handler" daemon [_thread_blocked, id=5032, stack(0x0000000019e20000,0x0000000019f20000)]

Other Threads:
  0x0000000018029800 VMThread [stack: 0x0000000019d20000,0x0000000019e20000] [id=1568]
  0x0000000019fda000 WatcherThread [stack: 0x000000001ac30000,0x000000001ad30000] [id=14864]

VM state:not at safepoint (normal execution)

VM Mutex/Monitor currently owned by a thread: None

Heap:
 PSYoungGen      total 38400K, used 11332K [0x00000000d5e00000, 0x00000000d8880000, 0x0000000100000000)
  eden space 33280K, 34% used [0x00000000d5e00000,0x00000000d69112e8,0x00000000d7e80000)
  from space 5120K, 0% used [0x00000000d8380000,0x00000000d8380000,0x00000000d8880000)
  to   space 5120K, 0% used [0x00000000d7e80000,0x00000000d7e80000,0x00000000d8380000)
 ParOldGen       total 87552K, used 0K [0x0000000081a00000, 0x0000000086f80000, 0x00000000d5e00000)
  object space 87552K, 0% used [0x0000000081a00000,0x0000000081a00000,0x0000000086f80000)
 Metaspace       used 11574K, capacity 11810K, committed 11904K, reserved 1058816K
  class space    used 1495K, capacity 1574K, committed 1664K, reserved 1048576K

Card table byte_map: [0x0000000012460000,0x0000000012860000] byte_map_base: 0x0000000012053000

Marking Bits: (ParMarkBitMap*) 0x000000006e8d2f70
 Begin Bits: [0x0000000013310000, 0x00000000152a8000)
 End Bits:   [0x00000000152a8000, 0x0000000017240000)

Polling page: 0x00000000014c0000

CodeCache: size=245760Kb used=2472Kb max_used=2472Kb free=243287Kb
 bounds [0x00000000030a0000, 0x0000000003310000, 0x00000000120a0000]
 total_blobs=1076 nmethods=630 adapters=359
 compilation: enabled

Compilation events (10 events):
Event: 3.401 Thread 0x0000000019fa3800  629       1       java.util.TreeMap::access$100 (5 bytes)
Event: 3.401 Thread 0x0000000019fa3800 nmethod 629 0x00000000032fbad0 code [0x00000000032fbc20, 0x00000000032fbd10]
Event: 3.401 Thread 0x0000000019fa3800  621       3       java.lang.Class::cast (27 bytes)
Event: 3.402 Thread 0x0000000019fa3800 nmethod 621 0x0000000003306910 code [0x0000000003306aa0, 0x0000000003306e18]
Event: 3.402 Thread 0x0000000019fa3800  617       3       java.beans.FeatureDescriptor::setTransient (30 bytes)
Event: 3.403 Thread 0x0000000019fa3800 nmethod 617 0x0000000003306f10 code [0x0000000003307160, 0x0000000003307d68]
Event: 3.403 Thread 0x0000000019fa3800  627       3       com.sun.beans.TypeResolver::resolveInClass (9 bytes)
Event: 3.403 Thread 0x0000000019fa3800 nmethod 627 0x0000000003308390 code [0x0000000003308560, 0x0000000003308bc8]
Event: 3.403 Thread 0x0000000019fa3800  628  s!   3       java.beans.PropertyDescriptor::getWriteMethod (165 bytes)
Event: 3.403 Thread 0x0000000019f48000  633       4       java.lang.String::substring (79 bytes)

GC Heap History (0 events):
No events

Deoptimization events (0 events):
No events

Internal exceptions (10 events):
Event: 3.249 Thread 0x000000001b1cd000 Exception <a 'java/lang/ArrayIndexOutOfBoundsException'> (0x00000000d66d76e8) thrown at [C:\re\workspace\8-2-build-windows-amd64-cygwin\jdk8u91\6644\hotspot\src\share\vm\runtime\sharedRuntime.cpp, line 605]
Event: 3.256 Thread 0x000000001b1cd000 Exception <a 'java/lang/ClassNotFoundException': java/awt/ContainerCustomizer> (0x00000000d6715288) thrown at [C:\re\workspace\8-2-build-windows-amd64-cygwin\jdk8u91\6644\hotspot\src\share\vm\classfile\systemDictionary.cpp, line 210]
Event: 3.261 Thread 0x000000001b1cd000 Exception <a 'java/lang/ArrayIndexOutOfBoundsException'> (0x00000000d672e4e0) thrown at [C:\re\workspace\8-2-build-windows-amd64-cygwin\jdk8u91\6644\hotspot\src\share\vm\runtime\sharedRuntime.cpp, line 605]
Event: 3.261 Thread 0x000000001b1cd000 Exception <a 'java/lang/ArrayIndexOutOfBoundsException'> (0x00000000d6736688) thrown at [C:\re\workspace\8-2-build-windows-amd64-cygwin\jdk8u91\6644\hotspot\src\share\vm\runtime\sharedRuntime.cpp, line 605]
Event: 3.262 Thread 0x000000001b1cd000 Exception <a 'java/lang/ArrayIndexOutOfBoundsException'> (0x00000000d673ef58) thrown at [C:\re\workspace\8-2-build-windows-amd64-cygwin\jdk8u91\6644\hotspot\src\share\vm\runtime\sharedRuntime.cpp, line 605]
Event: 3.264 Thread 0x000000001b1cd000 Exception <a 'java/lang/ClassNotFoundException': javax/swing/JComponentCustomizer> (0x00000000d675a638) thrown at [C:\re\workspace\8-2-build-windows-amd64-cygwin\jdk8u91\6644\hotspot\src\share\vm\classfile\systemDictionary.cpp, line 210]
Event: 3.270 Thread 0x000000001b1cd000 Exception <a 'java/lang/ArrayIndexOutOfBoundsException'> (0x00000000d677b4f8) thrown at [C:\re\workspace\8-2-build-windows-amd64-cygwin\jdk8u91\6644\hotspot\src\share\vm\runtime\sharedRuntime.cpp, line 605]
Event: 3.275 Thread 0x000000001b1cd000 Exception <a 'java/lang/ArrayIndexOutOfBoundsException'> (0x00000000d6795d80) thrown at [C:\re\workspace\8-2-build-windows-amd64-cygwin\jdk8u91\6644\hotspot\src\share\vm\runtime\sharedRuntime.cpp, line 605]
Event: 3.281 Thread 0x000000001b1cd000 Exception <a 'java/lang/ClassNotFoundException': javax/swing/AbstractButtonCustomizer> (0x00000000d67efde8) thrown at [C:\re\workspace\8-2-build-windows-amd64-cygwin\jdk8u91\6644\hotspot\src\share\vm\classfile\systemDictionary.cpp, line 210]
Event: 3.401 Thread 0x000000001b1cd000 Exception <a 'java/lang/ClassNotFoundException': javax/swing/JMenuItemCustomizer> (0x00000000d685b6d0) thrown at [C:\re\workspace\8-2-build-windows-amd64-cygwin\jdk8u91\6644\hotspot\src\share\vm\classfile\systemDictionary.cpp, line 210]

Events (10 events):
Event: 3.396 loading class java/awt/event/ItemEvent
Event: 3.396 loading class java/awt/event/ItemEvent done
Event: 3.401 loading class javax/swing/JMenuItemCustomizer
Event: 3.401 loading class javax/swing/JMenuItemCustomizer done
Event: 3.401 loading class javax/swing/JMenuItemCustomizer
Event: 3.401 loading class javax/swing/JMenuItemCustomizer done
Event: 3.401 loading class javax/swing/event/MenuDragMouseEvent
Event: 3.401 loading class javax/swing/event/MenuDragMouseEvent done
Event: 3.401 loading class javax/swing/event/MenuKeyEvent
Event: 3.402 loading class javax/swing/event/MenuKeyEvent done


Dynamic libraries:
0x00007ff713fe0000 - 0x00007ff714017000 	C:\Program Files\Java\jdk1.8.0_91\bin\java.exe
0x00007ff96de80000 - 0x00007ff96e051000 	C:\WINDOWS\SYSTEM32\ntdll.dll
0x00007ff96d8a0000 - 0x00007ff96d94b000 	C:\WINDOWS\System32\KERNEL32.DLL
0x00007ff96a3d0000 - 0x00007ff96a5ed000 	C:\WINDOWS\System32\KERNELBASE.dll
0x00007ff96dd30000 - 0x00007ff96ddd2000 	C:\WINDOWS\System32\ADVAPI32.dll
0x00007ff96b9e0000 - 0x00007ff96ba7e000 	C:\WINDOWS\System32\msvcrt.dll
0x00007ff96b550000 - 0x00007ff96b5a9000 	C:\WINDOWS\System32\sechost.dll
0x00007ff96bb10000 - 0x00007ff96bc31000 	C:\WINDOWS\System32\RPCRT4.dll
0x00007ff96bd00000 - 0x00007ff96be65000 	C:\WINDOWS\System32\USER32.dll
0x00007ff96b3f0000 - 0x00007ff96b40e000 	C:\WINDOWS\System32\win32u.dll
0x00007ff96bcc0000 - 0x00007ff96bcf4000 	C:\WINDOWS\System32\GDI32.dll
0x00007ff96a6a0000 - 0x00007ff96a822000 	C:\WINDOWS\System32\gdi32full.dll
0x00007ff966ae0000 - 0x00007ff966d59000 	C:\WINDOWS\WinSxS\amd64_microsoft.windows.common-controls_6595b64144ccf1df_6.0.14393.0_none_2d0f50fcbdb171b8\COMCTL32.dll
0x00007ff96d960000 - 0x00007ff96dc27000 	C:\WINDOWS\System32\combase.dll
0x00007ff96af10000 - 0x00007ff96b005000 	C:\WINDOWS\System32\ucrtbase.dll
0x00007ff96b160000 - 0x00007ff96b1ca000 	C:\WINDOWS\System32\bcryptPrimitives.dll
0x00007ff96ba80000 - 0x00007ff96baae000 	C:\WINDOWS\System32\IMM32.DLL
0x000000006f550000 - 0x000000006f622000 	C:\Program Files\Java\jdk1.8.0_91\jre\bin\msvcr100.dll
0x000000006e0c0000 - 0x000000006e953000 	C:\Program Files\Java\jdk1.8.0_91\jre\bin\server\jvm.dll
0x00007ff96b4e0000 - 0x00007ff96b4e8000 	C:\WINDOWS\System32\PSAPI.DLL
0x00007ff9678a0000 - 0x00007ff9678a9000 	C:\WINDOWS\SYSTEM32\WSOCK32.dll
0x00007ff968600000 - 0x00007ff968623000 	C:\WINDOWS\SYSTEM32\WINMM.dll
0x00007ff96bc50000 - 0x00007ff96bcba000 	C:\WINDOWS\System32\WS2_32.dll
0x00007ff966ab0000 - 0x00007ff966aba000 	C:\WINDOWS\SYSTEM32\VERSION.dll
0x00007ff968300000 - 0x00007ff96832b000 	C:\WINDOWS\SYSTEM32\WINMMBASE.dll
0x00007ff96b1d0000 - 0x00007ff96b212000 	C:\WINDOWS\System32\cfgmgr32.dll
0x000000006f7c0000 - 0x000000006f7cf000 	C:\Program Files\Java\jdk1.8.0_91\jre\bin\verify.dll
0x000000006e090000 - 0x000000006e0b9000 	C:\Program Files\Java\jdk1.8.0_91\jre\bin\java.dll
0x000000006e070000 - 0x000000006e086000 	C:\Program Files\Java\jdk1.8.0_91\jre\bin\zip.dll
0x00007ff96c110000 - 0x00007ff96d618000 	C:\WINDOWS\System32\SHELL32.dll
0x00007ff96a830000 - 0x00007ff96af0a000 	C:\WINDOWS\System32\windows.storage.dll
0x00007ff96a2f0000 - 0x00007ff96a33c000 	C:\WINDOWS\System32\powrprof.dll
0x00007ff96b480000 - 0x00007ff96b4d2000 	C:\WINDOWS\System32\shlwapi.dll
0x00007ff96a2e0000 - 0x00007ff96a2ef000 	C:\WINDOWS\System32\kernel.appcore.dll
0x00007ff96b0b0000 - 0x00007ff96b159000 	C:\WINDOWS\System32\shcore.dll
0x00007ff96a350000 - 0x00007ff96a364000 	C:\WINDOWS\System32\profapi.dll
0x000000006de90000 - 0x000000006e028000 	C:\Program Files\Java\jdk1.8.0_91\jre\bin\awt.dll
0x00007ff96d620000 - 0x00007ff96d6df000 	C:\WINDOWS\System32\OLEAUT32.dll
0x00007ff96b010000 - 0x00007ff96b0ac000 	C:\WINDOWS\System32\msvcp_win.dll
0x00007ff968890000 - 0x00007ff96890a000 	C:\WINDOWS\SYSTEM32\apphelp.dll
0x00007ff968ad0000 - 0x00007ff968b65000 	C:\WINDOWS\system32\uxtheme.dll
0x00007ff96bfb0000 - 0x00007ff96c10b000 	C:\WINDOWS\System32\MSCTF.dll
0x00007ff967e30000 - 0x00007ff967e56000 	C:\WINDOWS\system32\dwmapi.dll
0x00007ff96be70000 - 0x00007ff96bfa7000 	C:\WINDOWS\System32\ole32.dll
0x000000006de40000 - 0x000000006de87000 	C:\Program Files\Java\jdk1.8.0_91\jre\bin\fontmanager.dll
0x000000006e050000 - 0x000000006e06a000 	C:\Program Files\Java\jdk1.8.0_91\jre\bin\net.dll
0x00007ff969950000 - 0x00007ff9699ac000 	C:\WINDOWS\system32\mswsock.dll
0x000000006e030000 - 0x000000006e041000 	C:\Program Files\Java\jdk1.8.0_91\jre\bin\nio.dll

VM Arguments:
java_command: C:\Users\Lucas\Documents\MaterialCodigoAprendizaje\2DAM\ProgramacionServiciosProcesos\Editor\dist\DocumentEditor.jar
java_class_path (initial): C:\Users\Lucas\Documents\MaterialCodigoAprendizaje\2DAM\ProgramacionServiciosProcesos\Editor\dist\DocumentEditor.jar
Launcher Type: SUN_STANDARD

Environment Variables:
PATH=C:\ProgramData\Oracle\Java\javapath;C:\Program Files (x86)\Intel\iCLS Client\;C:\Program Files\Intel\iCLS Client\;C:\Windows\system32;C:\Windows;C:\Windows\System32\Wbem;C:\Windows\System32\WindowsPowerShell\v1.0\;C:\Program Files (x86)\NVIDIA Corporation\PhysX\Common;C:\Program Files (x86)\Intel\Intel(R) Management Engine Components\DAL;C:\Program Files\Intel\Intel(R) Management Engine Components\DAL;C:\Program Files (x86)\Intel\Intel(R) Management Engine Components\IPT;C:\Program Files\Intel\Intel(R) Management Engine Components\IPT;C:\Program Files (x86)\Skype\Phone\;C:\Program Files\Git\cmd;C:\WINDOWS\system32;C:\WINDOWS;C:\WINDOWS\System32\Wbem;C:\WINDOWS\System32\WindowsPowerShell\v1.0\;C:\Users\Lucas\AppData\Local\atom\bin;%USERPROFILE%\AppData\Local\Microsoft\WindowsApps;
USERNAME=Lucas
OS=Windows_NT
PROCESSOR_IDENTIFIER=Intel64 Family 6 Model 94 Stepping 3, GenuineIntel



---------------  S Y S T E M  ---------------

OS: Windows 10.0 , 64 bit Build 14393 (10.0.14393.0)

CPU:total 8 (4 cores per cpu, 2 threads per core) family 6 model 94 stepping 3, cmov, cx8, fxsr, mmx, sse, sse2, sse3, ssse3, sse4.1, sse4.2, popcnt, avx, avx2, aes, clmul, erms, rtm, 3dnowpref, lzcnt, ht, tsc, tscinvbit, bmi1, bmi2, adx

Memory: 4k page, physical 8281880k(1964044k free), swap 33447704k(40k free)

vm_info: Java HotSpot(TM) 64-Bit Server VM (25.91-b14) for windows-amd64 JRE (1.8.0_91-b14), built on Apr  1 2016 00:58:32 by "java_re" with MS VC++ 10.0 (VS2010)

time: Thu Oct 06 09:33:46 2016
elapsed time: 3 seconds (0d 0h 0m 3s)

