#
# A fatal error has been detected by the Java Runtime Environment:
#
#  EXCEPTION_ACCESS_VIOLATION (0xc0000005) at pc=0x000000006e2d2177, pid=30372, tid=16064
#
# JRE version: Java(TM) SE Runtime Environment (8.0_91-b14) (build 1.8.0_91-b14)
# Java VM: Java HotSpot(TM) 64-Bit Server VM (25.91-b14 mixed mode windows-amd64 compressed oops)
# Problematic frame:
# V  [jvm.dll+0x212177]
#
# Failed to write core dump. Minidumps are not enabled by default on client versions of Windows
#
# If you would like to submit a bug report, please visit:
#   http://bugreport.java.com/bugreport/crash.jsp
#

---------------  T H R E A D  ---------------

Current thread (0x0000000019d8a800):  JavaThread "AWT-EventQueue-0" [_thread_in_vm, id=16064, stack(0x000000001b800000,0x000000001b900000)]

siginfo: ExceptionCode=0xc0000005, writing address 0x000000001b8f7470

Registers:
RAX=0x000000001b8f7470, RBX=0x0000000000000007, RCX=0x0000000000006000, RDX=0x0000000000000015
RSP=0x000000001b8fd470, RBP=0x0000000000000000, RSI=0x000000001b8fd470, RDI=0x0000000000000007
R8 =0x0000000000000015, R9 =0x0000000019d5c4e0, R10=0x00000000171146a8, R11=0x000000001b80a160
R12=0x0000000019d5c4e0, R13=0x0000000019d8a800, R14=0x000000001b8fd538, R15=0x00000000171146a8
RIP=0x000000006e2d2177, EFLAGS=0x0000000000010202

Top of Stack: (sp=0x000000001b8fd470)
0x000000001b8fd470:   00000000175d9530 000000001b8fd560
0x000000001b8fd480:   0000000019d8a800 0000000019d5c4e0
0x000000001b8fd490:   00000000ffffffff 000000006e2d30a7
0x000000001b8fd4a0:   000000001b8fd5a0 00000000171146a8
0x000000001b8fd4b0:   0000000019d8a800 000000006e17f913
0x000000001b8fd4c0:   000000001b8fd500 0000000019d8a800
0x000000001b8fd4d0:   000000001b8fd590 0000000019d8a800
0x000000001b8fd4e0:   00000000171146a8 0000000019d8a800
0x000000001b8fd4f0:   0000000002b43200 0000000019d8a800
0x000000001b8fd500:   00000000171146a8 0000000019d8a800
0x000000001b8fd510:   00000000171146a8 0000000019d8a800
0x000000001b8fd520:   0000000000000001 00000000171146a8
0x000000001b8fd530:   0000000019d8a800 0000000019d509a8
0x000000001b8fd540:   0000000019d8a800 000000006e180dfd
0x000000001b8fd550:   000000001b8fd8d0 0000000100002368
0x000000001b8fd560:   000000010000f688 00000000175eb098 

Instructions: (pc=0x000000006e2d2177)
0x000000006e2d2157:   48 89 6c 24 30 33 ed 66 90 e8 db 37 08 00 ff c3
0x000000006e2d2167:   48 63 c8 48 8b c6 48 0f af cf 48 ff c7 48 2b c1
0x000000006e2d2177:   89 28 48 63 c3 48 3b 05 1d b5 58 00 7e db 48 8b
0x000000006e2d2187:   6c 24 30 48 8b 5c 24 38 48 8b 74 24 40 48 83 c4 


Register to memory mapping:

RAX=0x000000001b8f7470 is pointing into the stack for thread: 0x0000000019d8a800
RBX=0x0000000000000007 is an unknown value
RCX=0x0000000000006000 is an unknown value
RDX=0x0000000000000015 is an unknown value
RSP=0x000000001b8fd470 is pointing into the stack for thread: 0x0000000019d8a800
RBP=0x0000000000000000 is an unknown value
RSI=0x000000001b8fd470 is pointing into the stack for thread: 0x0000000019d8a800
RDI=0x0000000000000007 is an unknown value
R8 =0x0000000000000015 is an unknown value
R9 =0x0000000019d5c4e0 is an unknown value
R10={method} {0x00000000171146b0} 'loadClass' '(Ljava/lang/String;)Ljava/lang/Class;' in 'java/lang/ClassLoader'
R11=0x000000001b80a160 is pointing into the stack for thread: 0x0000000019d8a800
R12=0x0000000019d5c4e0 is an unknown value
R13=0x0000000019d8a800 is a thread
R14=0x000000001b8fd538 is pointing into the stack for thread: 0x0000000019d8a800
R15={method} {0x00000000171146b0} 'loadClass' '(Ljava/lang/String;)Ljava/lang/Class;' in 'java/lang/ClassLoader'


Stack: [0x000000001b800000,0x000000001b900000],  sp=0x000000001b8fd470,  free space=1013k
Native frames: (J=compiled Java code, j=interpreted, Vv=VM code, C=native code)

Java frames: (J=compiled Java code, j=interpreted, Vv=VM code)
j  org.jdesktop.application.Application.create(Ljava/lang/Class;)Lorg/jdesktop/application/Application;+0
j  org.jdesktop.application.Application$1.run()V+4
j  java.awt.event.InvocationEvent.dispatch()V+47
j  java.awt.EventQueue.dispatchEventImpl(Ljava/awt/AWTEvent;Ljava/lang/Object;)V+21
j  java.awt.EventQueue.access$500(Ljava/awt/EventQueue;Ljava/awt/AWTEvent;Ljava/lang/Object;)V+3
j  java.awt.EventQueue$3.run()Ljava/lang/Void;+32
j  java.awt.EventQueue$3.run()Ljava/lang/Object;+1
v  ~StubRoutines::call_stub
j  java.security.AccessController.doPrivileged(Ljava/security/PrivilegedAction;Ljava/security/AccessControlContext;)Ljava/lang/Object;+0
j  java.security.ProtectionDomain$JavaSecurityAccessImpl.doIntersectionPrivilege(Ljava/security/PrivilegedAction;Ljava/security/AccessControlContext;Ljava/security/AccessControlContext;)Ljava/lang/Object;+18
j  java.awt.EventQueue.dispatchEvent(Ljava/awt/AWTEvent;)V+46
j  java.awt.EventDispatchThread.pumpOneEventForFilters(I)V+245
j  java.awt.EventDispatchThread.pumpEventsForFilter(ILjava/awt/Conditional;Ljava/awt/EventFilter;)V+35
j  java.awt.EventDispatchThread.pumpEventsForHierarchy(ILjava/awt/Conditional;Ljava/awt/Component;)V+11
j  java.awt.EventDispatchThread.pumpEvents(ILjava/awt/Conditional;)V+4
j  java.awt.EventDispatchThread.pumpEvents(Ljava/awt/Conditional;)V+3
j  java.awt.EventDispatchThread.run()V+9
v  ~StubRoutines::call_stub

---------------  P R O C E S S  ---------------

Java Threads: ( => current thread )
  0x0000000002a30800 JavaThread "DestroyJavaVM" [_thread_blocked, id=27096, stack(0x00000000028f0000,0x00000000029f0000)]
=>0x0000000019d8a800 JavaThread "AWT-EventQueue-0" [_thread_in_vm, id=16064, stack(0x000000001b800000,0x000000001b900000)]
  0x0000000019d82000 JavaThread "AWT-Windows" daemon [_thread_in_native, id=13500, stack(0x000000001b5e0000,0x000000001b6e0000)]
  0x0000000019d7f800 JavaThread "AWT-Shutdown" [_thread_blocked, id=24880, stack(0x000000001b4e0000,0x000000001b5e0000)]
  0x0000000019d7f000 JavaThread "Java2D Disposer" daemon [_thread_blocked, id=23176, stack(0x000000001b3e0000,0x000000001b4e0000)]
  0x0000000019a68000 JavaThread "Service Thread" daemon [_thread_blocked, id=22948, stack(0x000000001a5f0000,0x000000001a6f0000)]
  0x0000000019a5b800 JavaThread "C1 CompilerThread3" daemon [_thread_blocked, id=8804, stack(0x000000001a4f0000,0x000000001a5f0000)]
  0x0000000019a57800 JavaThread "C2 CompilerThread2" daemon [_thread_blocked, id=2328, stack(0x000000001a3f0000,0x000000001a4f0000)]
  0x0000000019a54800 JavaThread "C2 CompilerThread1" daemon [_thread_blocked, id=30952, stack(0x000000001a2f0000,0x000000001a3f0000)]
  0x00000000199f8000 JavaThread "C2 CompilerThread0" daemon [_thread_blocked, id=29204, stack(0x000000001a1f0000,0x000000001a2f0000)]
  0x00000000199f5800 JavaThread "Attach Listener" daemon [_thread_blocked, id=25904, stack(0x000000001a0f0000,0x000000001a1f0000)]
  0x00000000199f4000 JavaThread "Signal Dispatcher" daemon [_thread_blocked, id=1116, stack(0x0000000019ff0000,0x000000001a0f0000)]
  0x0000000002b27000 JavaThread "Finalizer" daemon [_thread_blocked, id=23332, stack(0x0000000019dd0000,0x0000000019ed0000)]
  0x0000000017aed800 JavaThread "Reference Handler" daemon [_thread_blocked, id=18760, stack(0x00000000198d0000,0x00000000199d0000)]

Other Threads:
  0x0000000017ae9800 VMThread [stack: 0x00000000197d0000,0x00000000198d0000] [id=15644]
  0x0000000019a60800 WatcherThread [stack: 0x000000001a6f0000,0x000000001a7f0000] [id=16468]

VM state:not at safepoint (normal execution)

VM Mutex/Monitor currently owned by a thread: None

Heap:
 PSYoungGen      total 38400K, used 5340K [0x00000000d5e00000, 0x00000000d8880000, 0x0000000100000000)
  eden space 33280K, 16% used [0x00000000d5e00000,0x00000000d63371b8,0x00000000d7e80000)
  from space 5120K, 0% used [0x00000000d8380000,0x00000000d8380000,0x00000000d8880000)
  to   space 5120K, 0% used [0x00000000d7e80000,0x00000000d7e80000,0x00000000d8380000)
 ParOldGen       total 87552K, used 0K [0x0000000081a00000, 0x0000000086f80000, 0x00000000d5e00000)
  object space 87552K, 0% used [0x0000000081a00000,0x0000000081a00000,0x0000000086f80000)
 Metaspace       used 5620K, capacity 5750K, committed 5888K, reserved 1056768K
  class space    used 637K, capacity 703K, committed 768K, reserved 1048576K

Card table byte_map: [0x0000000011ef0000,0x00000000122f0000] byte_map_base: 0x0000000011ae3000

Marking Bits: (ParMarkBitMap*) 0x000000006e8d2f70
 Begin Bits: [0x0000000012da0000, 0x0000000014d38000)
 End Bits:   [0x0000000014d38000, 0x0000000016cd0000)

Polling page: 0x00000000029f0000

CodeCache: size=245760Kb used=1529Kb max_used=1529Kb free=244230Kb
 bounds [0x0000000002b30000, 0x0000000002da0000, 0x0000000011b30000]
 total_blobs=566 nmethods=245 adapters=234
 compilation: enabled

Compilation events (10 events):
Event: 5.974 Thread 0x0000000019a5b800  240       3       java.lang.String::substring (56 bytes)
Event: 5.974 Thread 0x0000000019a5b800 nmethod 240 0x0000000002cacf10 code [0x0000000002cad0a0, 0x0000000002cad448]
Event: 6.237 Thread 0x0000000019a5b800  241       1       java.lang.invoke.MethodTypeForm::basicType (5 bytes)
Event: 6.237 Thread 0x0000000019a5b800 nmethod 241 0x0000000002cad5d0 code [0x0000000002cad720, 0x0000000002cad830]
Event: 6.696 Thread 0x0000000019a5b800  243       3       jdk.internal.org.objectweb.asm.ClassWriter::put122 (15 bytes)
Event: 6.696 Thread 0x0000000019a5b800 nmethod 243 0x0000000002cada10 code [0x0000000002cadb80, 0x0000000002cadd78]
Event: 6.703 Thread 0x0000000019a5b800  244       3       java.util.ArrayList$Itr::hasNext (20 bytes)
Event: 6.703 Thread 0x0000000019a5b800 nmethod 244 0x0000000002cae0d0 code [0x0000000002cae220, 0x0000000002cae3f0]
Event: 6.703 Thread 0x0000000019a5b800  245       3       java.util.ArrayList$Itr::checkForComodification (23 bytes)
Event: 6.703 Thread 0x0000000019a5b800 nmethod 245 0x0000000002cae490 code [0x0000000002cae600, 0x0000000002cae828]

GC Heap History (0 events):
No events

Deoptimization events (0 events):
No events

Internal exceptions (9 events):
Event: 1.142 Thread 0x0000000002a30800 Exception <a 'java/lang/NoSuchMethodError': Method sun.misc.Unsafe.defineClass(Ljava/lang/String;[BII)Ljava/lang/Class; name or signature does not match> (0x00000000d5e07cc0) thrown at [C:\re\workspace\8-2-build-windows-amd64-cygwin\jdk8u91\6644\hotspot\srÛÅNÀEÚ?
Event: 1.142 Thread 0x0000000002a30800 Exception <a 'java/lang/NoSuchMethodError': Method sun.misc.Unsafe.prefetchRead(Ljava/lang/Object;J)V name or signature does not match> (0x00000000d5e07fa8) thrown at [C:\re\workspace\8-2-build-windows-amd64-cygwin\jdk8u91\6644\hotspot\src\share\vm\prims\j0◊4$[@
Event: 2.295 Thread 0x0000000002a30800 Exception <a 'java/security/PrivilegedActionException'> (0x00000000d5f77fa0) thrown at [C:\re\workspace\8-2-build-windows-amd64-cygwin\jdk8u91\6644\hotspot\src\share\vm\prims\jvm.cpp, line 1386]
Event: 2.295 Thread 0x0000000002a30800 Exception <a 'java/security/PrivilegedActionException'> (0x00000000d5f781b0) thrown at [C:\re\workspace\8-2-build-windows-amd64-cygwin\jdk8u91\6644\hotspot\src\share\vm\prims\jvm.cpp, line 1386]
Event: 2.298 Thread 0x0000000002a30800 Exception <a 'java/security/PrivilegedActionException'> (0x00000000d5f7bff8) thrown at [C:\re\workspace\8-2-build-windows-amd64-cygwin\jdk8u91\6644\hotspot\src\share\vm\prims\jvm.cpp, line 1386]
Event: 2.298 Thread 0x0000000002a30800 Exception <a 'java/security/PrivilegedActionException'> (0x00000000d5f7c208) thrown at [C:\re\workspace\8-2-build-windows-amd64-cygwin\jdk8u91\6644\hotspot\src\share\vm\prims\jvm.cpp, line 1386]
Event: 4.805 Thread 0x0000000002a30800 Exception <a 'java/io/FileNotFoundException'> (0x00000000d5f7f148) thrown at [C:\re\workspace\8-2-build-windows-amd64-cygwin\jdk8u91\6644\hotspot\src\share\vm\prims\jni.cpp, line 709]
Event: 5.199 Thread 0x0000000002a30800 Exception <a 'java/lang/NoSuchFieldError': method resolution failed> (0x00000000d604cad8) thrown at [C:\re\workspace\8-2-build-windows-amd64-cygwin\jdk8u91\6644\hotspot\src\share\vm\prims\methodHandles.cpp, line 1146]
Event: 5.202 Thread 0x0000000002a30800 Exception <a 'java/lang/NoSuchFieldError': method resolution failed> (0x00000000d6059ea8) thrown at [C:\re\workspace\8-2-build-windows-amd64-cygwin\jdk8u91\6644\hotspot\src\share\vm\prims\methodHandles.cpp, line 1146]

Events (10 events):
Event: 7.361 loading class java/awt/dnd/peer/DragSourceContextPeer done
Event: 7.361 loading class sun/awt/dnd/SunDragSourceContextPeer done
Event: 7.361 loading class java/awt/EventQueue$3
Event: 7.361 loading class java/awt/EventQueue$3 done
Event: 7.361 loading class java/awt/MenuComponent
Event: 7.361 loading class java/awt/MenuComponent done
Event: 7.361 loading class java/awt/TrayIcon
Event: 7.361 loading class java/awt/TrayIcon done
Event: 7.361 loading class java/awt/event/InputMethodEvent
Event: 7.362 loading class java/awt/event/InputMethodEvent done


Dynamic libraries:
0x00007ff713fe0000 - 0x00007ff714017000 	C:\Program Files\Java\jdk1.8.0_91\bin\java.exe
0x00007ff96de80000 - 0x00007ff96e051000 	C:\WINDOWS\SYSTEM32\ntdll.dll
0x00007ff96d8a0000 - 0x00007ff96d94b000 	C:\WINDOWS\System32\KERNEL32.DLL
0x00007ff96a3d0000 - 0x00007ff96a5ed000 	C:\WINDOWS\System32\KERNELBASE.dll
0x00007ff96dd30000 - 0x00007ff96ddd2000 	C:\WINDOWS\System32\ADVAPI32.dll
0x00007ff96b9e0000 - 0x00007ff96ba7e000 	C:\WINDOWS\System32\msvcrt.dll
0x00007ff96b550000 - 0x00007ff96b5a9000 	C:\WINDOWS\System32\sechost.dll
0x00007ff96bb10000 - 0x00007ff96bc31000 	C:\WINDOWS\System32\RPCRT4.dll
0x00007ff96bd00000 - 0x00007ff96be65000 	C:\WINDOWS\System32\USER32.dll
0x00007ff96b3f0000 - 0x00007ff96b40e000 	C:\WINDOWS\System32\win32u.dll
0x00007ff96bcc0000 - 0x00007ff96bcf4000 	C:\WINDOWS\System32\GDI32.dll
0x00007ff96a6a0000 - 0x00007ff96a822000 	C:\WINDOWS\System32\gdi32full.dll
0x00007ff966ae0000 - 0x00007ff966d59000 	C:\WINDOWS\WinSxS\amd64_microsoft.windows.common-controls_6595b64144ccf1df_6.0.14393.0_none_2d0f50fcbdb171b8\COMCTL32.dll
0x00007ff96d960000 - 0x00007ff96dc27000 	C:\WINDOWS\System32\combase.dll
0x00007ff96af10000 - 0x00007ff96b005000 	C:\WINDOWS\System32\ucrtbase.dll
0x00007ff96b160000 - 0x00007ff96b1ca000 	C:\WINDOWS\System32\bcryptPrimitives.dll
0x00007ff96ba80000 - 0x00007ff96baae000 	C:\WINDOWS\System32\IMM32.DLL
0x000000006f550000 - 0x000000006f622000 	C:\Program Files\Java\jdk1.8.0_91\jre\bin\msvcr100.dll
0x000000006e0c0000 - 0x000000006e953000 	C:\Program Files\Java\jdk1.8.0_91\jre\bin\server\jvm.dll
0x00007ff96b4e0000 - 0x00007ff96b4e8000 	C:\WINDOWS\System32\PSAPI.DLL
0x00007ff9678a0000 - 0x00007ff9678a9000 	C:\WINDOWS\SYSTEM32\WSOCK32.dll
0x00007ff96bc50000 - 0x00007ff96bcba000 	C:\WINDOWS\System32\WS2_32.dll
0x00007ff968600000 - 0x00007ff968623000 	C:\WINDOWS\SYSTEM32\WINMM.dll
0x00007ff966ab0000 - 0x00007ff966aba000 	C:\WINDOWS\SYSTEM32\VERSION.dll
0x00007ff968300000 - 0x00007ff96832b000 	C:\WINDOWS\SYSTEM32\WINMMBASE.dll
0x00007ff96b1d0000 - 0x00007ff96b212000 	C:\WINDOWS\System32\cfgmgr32.dll
0x000000006f7c0000 - 0x000000006f7cf000 	C:\Program Files\Java\jdk1.8.0_91\jre\bin\verify.dll
0x000000006e090000 - 0x000000006e0b9000 	C:\Program Files\Java\jdk1.8.0_91\jre\bin\java.dll
0x000000006e070000 - 0x000000006e086000 	C:\Program Files\Java\jdk1.8.0_91\jre\bin\zip.dll
0x00007ff96c110000 - 0x00007ff96d618000 	C:\WINDOWS\System32\SHELL32.dll
0x00007ff96a830000 - 0x00007ff96af0a000 	C:\WINDOWS\System32\windows.storage.dll
0x00007ff96a2f0000 - 0x00007ff96a33c000 	C:\WINDOWS\System32\powrprof.dll
0x00007ff96b480000 - 0x00007ff96b4d2000 	C:\WINDOWS\System32\shlwapi.dll
0x00007ff96a2e0000 - 0x00007ff96a2ef000 	C:\WINDOWS\System32\kernel.appcore.dll
0x00007ff96b0b0000 - 0x00007ff96b159000 	C:\WINDOWS\System32\shcore.dll
0x00007ff96a350000 - 0x00007ff96a364000 	C:\WINDOWS\System32\profapi.dll
0x000000006de90000 - 0x000000006e028000 	C:\Program Files\Java\jdk1.8.0_91\jre\bin\awt.dll
0x00007ff96d620000 - 0x00007ff96d6df000 	C:\WINDOWS\System32\OLEAUT32.dll
0x00007ff96b010000 - 0x00007ff96b0ac000 	C:\WINDOWS\System32\msvcp_win.dll
0x00007ff968890000 - 0x00007ff96890a000 	C:\WINDOWS\SYSTEM32\apphelp.dll
0x00007ff968ad0000 - 0x00007ff968b65000 	C:\WINDOWS\system32\uxtheme.dll
0x00007ff96bfb0000 - 0x00007ff96c10b000 	C:\WINDOWS\System32\MSCTF.dll
0x00007ff967e30000 - 0x00007ff967e56000 	C:\WINDOWS\system32\dwmapi.dll
0x00007ff96be70000 - 0x00007ff96bfa7000 	C:\WINDOWS\System32\ole32.dll
0x00007ff9673e0000 - 0x00007ff967572000 	C:\WINDOWS\SYSTEM32\dbghelp.dll

VM Arguments:
java_command: C:\Users\Lucas\Documents\MaterialCodigoAprendizaje\2DAM\ProgramacionServiciosProcesos\Editor\dist\DocumentEditor.jar
java_class_path (initial): C:\Users\Lucas\Documents\MaterialCodigoAprendizaje\2DAM\ProgramacionServiciosProcesos\Editor\dist\DocumentEditor.jar
Launcher Type: SUN_STANDARD

Environment Variables:
PATH=C:\ProgramData\Oracle\Java\javapath;C:\Program Files (x86)\Intel\iCLS Client\;C:\Program Files\Intel\iCLS Client\;C:\Windows\system32;C:\Windows;C:\Windows\System32\Wbem;C:\Windows\System32\WindowsPowerShell\v1.0\;C:\Program Files (x86)\NVIDIA Corporation\PhysX\Common;C:\Program Files (x86)\Intel\Intel(R) Management Engine Components\DAL;C:\Program Files\Intel\Intel(R) Management Engine Components\DAL;C:\Program Files (x86)\Intel\Intel(R) Management Engine Components\IPT;C:\Program Files\Intel\Intel(R) Management Engine Components\IPT;C:\Program Files (x86)\Skype\Phone\;C:\Program Files\Git\cmd;C:\WINDOWS\system32;C:\WINDOWS;C:\WINDOWS\System32\Wbem;C:\WINDOWS\System32\WindowsPowerShell\v1.0\;C:\Users\Lucas\AppData\Local\atom\bin;%USERPROFILE%\AppData\Local\Microsoft\WindowsApps;
USERNAME=Lucas
OS=Windows_NT
PROCESSOR_IDENTIFIER=Intel64 Family 6 Model 94 Stepping 3, GenuineIntel



---------------  S Y S T E M  ---------------

OS: Windows 10.0 , 64 bit Build 14393 (10.0.14393.0)

CPU:total 8 (4 cores per cpu, 2 threads per core) family 6 model 94 stepping 3, cmov, cx8, fxsr, mmx, sse, sse2, sse3, ssse3, sse4.1, sse4.2, popcnt, avx, avx2, aes, clmul, erms, rtm, 3dnowpref, lzcnt, ht, tsc, tscinvbit, bmi1, bmi2, adx

Memory: 4k page, physical 8281880k(1554580k free), swap 33447704k(619140k free)

vm_info: Java HotSpot(TM) 64-Bit Server VM (25.91-b14) for windows-amd64 JRE (1.8.0_91-b14), built on Apr  1 2016 00:58:32 by "java_re" with MS VC++ 10.0 (VS2010)

time: Thu Oct 06 09:34:02 2016
elapsed time: 7 seconds (0d 0h 0m 7s)

