#
# There is insufficient memory for the Java Runtime Environment to continue.
# Native memory allocation (malloc) failed to allocate 32744 bytes for ChunkPool::allocate
# Possible reasons:
#   The system is out of physical RAM or swap space
#   In 32 bit mode, the process size limit was hit
# Possible solutions:
#   Reduce memory load on the system
#   Increase physical memory or swap space
#   Check if swap backing store is full
#   Use 64 bit Java on a 64 bit OS
#   Decrease Java heap size (-Xmx/-Xms)
#   Decrease number of Java threads
#   Decrease Java thread stack sizes (-Xss)
#   Set larger code cache with -XX:ReservedCodeCacheSize=
# This output file may be truncated or incomplete.
#
#  Out of Memory Error (allocation.cpp:273), pid=3012, tid=19204
#
# JRE version: Java(TM) SE Runtime Environment (8.0_91-b14) (build 1.8.0_91-b14)
# Java VM: Java HotSpot(TM) 64-Bit Server VM (25.91-b14 mixed mode windows-amd64 compressed oops)
# Failed to write core dump. Minidumps are not enabled by default on client versions of Windows
#

---------------  T H R E A D  ---------------

Current thread (0x0000000019c2b800):  JavaThread "C1 CompilerThread3" daemon [_thread_in_native, id=19204, stack(0x000000001a6c0000,0x000000001a7c0000)]

Stack: [0x000000001a6c0000,0x000000001a7c0000]
[error occurred during error reporting (printing stack bounds), id 0xc0000005]

Native frames: (J=compiled Java code, j=interpreted, Vv=VM code, C=native code)


Current CompileTask:
C1:   3738  172       3       java.lang.invoke.InvokerBytecodeGenerator::isStaticallyNameable (116 bytes)


---------------  P R O C E S S  ---------------

Java Threads: ( => current thread )
  0x0000000019c38000 JavaThread "Service Thread" daemon [_thread_blocked, id=2068, stack(0x000000001a7c0000,0x000000001a8c0000)]
=>0x0000000019c2b800 JavaThread "C1 CompilerThread3" daemon [_thread_in_native, id=19204, stack(0x000000001a6c0000,0x000000001a7c0000)]
  0x0000000019c24800 JavaThread "C2 CompilerThread2" daemon [_thread_blocked, id=28920, stack(0x000000001a5c0000,0x000000001a6c0000)]
  0x0000000019bca000 JavaThread "C2 CompilerThread1" daemon [_thread_blocked, id=2596, stack(0x000000001a4c0000,0x000000001a5c0000)]
  0x0000000019bc8000 JavaThread "C2 CompilerThread0" daemon [_thread_blocked, id=20748, stack(0x000000001a3c0000,0x000000001a4c0000)]
  0x0000000019bc5800 JavaThread "Attach Listener" daemon [_thread_blocked, id=26416, stack(0x000000001a2c0000,0x000000001a3c0000)]
  0x0000000019bc4000 JavaThread "Signal Dispatcher" daemon [_thread_blocked, id=21308, stack(0x000000001a1c0000,0x000000001a2c0000)]
  0x0000000002cf7000 JavaThread "Finalizer" daemon [_thread_blocked, id=31372, stack(0x0000000019fa0000,0x000000001a0a0000)]
  0x0000000017cbd800 JavaThread "Reference Handler" daemon [_thread_blocked, id=8092, stack(0x0000000019aa0000,0x0000000019ba0000)]
  0x0000000002c00800 JavaThread "main" [_thread_blocked, id=31860, stack(0x0000000002b00000,0x0000000002c00000)]

Other Threads:
  0x0000000017cb9000 VMThread [stack: 0x00000000199a0000,0x0000000019aa0000] [id=10292]
  0x0000000019c35800 WatcherThread [stack: 0x000000001a8c0000,0x000000001a9c0000] [id=28728]

VM state:at safepoint (normal execution)

VM Mutex/Monitor currently owned by a thread:  ([mutex/lock_event])
[0x0000000002abb340] Threads_lock - owner thread: 0x0000000017cb9000
[0x0000000002abd550] Heap_lock - owner thread: 0x0000000002c00800

Heap:
 PSYoungGen      total 38400K, used 2676K [0x00000000d5e00000, 0x00000000d8880000, 0x0000000100000000)
  eden space 33280K, 8% used [0x00000000d5e00000,0x00000000d609d2c0,0x00000000d7e80000)
  from space 5120K, 0% used [0x00000000d8380000,0x00000000d8380000,0x00000000d8880000)
  to   space 5120K, 11% used [0x00000000d7e80000,0x00000000d7f18020,0x00000000d8380000)
 ParOldGen       total 87552K, used 8K [0x0000000081a00000, 0x0000000086f80000, 0x00000000d5e00000)
  object space 87552K, 0% used [0x0000000081a00000,0x0000000081a02000,0x0000000086f80000)
 Metaspace       used 4388K, capacity 4737K, committed 4864K, reserved 1056768K
  class space    used 488K, capacity 512K, committed 512K, reserved 1048576K

Card table byte_map: [0x00000000120c0000,0x00000000124c0000] byte_map_base: 0x0000000011cb3000

Marking Bits: (ParMarkBitMap*) 0x000000006e8d2f70
 Begin Bits: [0x0000000012f70000, 0x0000000014f08000)
 End Bits:   [0x0000000014f08000, 0x0000000016ea0000)

Polling page: 0x0000000002a40000

CodeCache: size=245760Kb used=1319Kb max_used=1319Kb free=244440Kb
 bounds [0x0000000002d00000, 0x0000000002f70000, 0x0000000011d00000]
 total_blobs=435 nmethods=178 adapters=170
 compilation: enabled

Compilation events (10 events):
Event: 3.654 Thread 0x0000000019c2b800 nmethod 163 0x0000000002e46150 code [0x0000000002e462e0, 0x0000000002e467e8]
Event: 3.654 Thread 0x0000000019c2b800  164       3       jdk.internal.org.objectweb.asm.Type::getType (269 bytes)
Event: 3.655 Thread 0x0000000019c2b800 nmethod 164 0x0000000002e47550 code [0x0000000002e47740, 0x0000000002e48030]
Event: 3.655 Thread 0x0000000019c2b800  165       3       java.lang.Object::equals (11 bytes)
Event: 3.655 Thread 0x0000000019c2b800 nmethod 165 0x0000000002e471d0 code [0x0000000002e47320, 0x0000000002e474d0]
Event: 3.655 Thread 0x0000000019c2b800  168       3       java.lang.invoke.MethodType::checkPtype (19 bytes)
Event: 3.655 Thread 0x0000000019c2b800 nmethod 168 0x0000000002e45a50 code [0x0000000002e45be0, 0x0000000002e45fb8]
Event: 3.655 Thread 0x0000000019c2b800  170       3       java.util.concurrent.ConcurrentHashMap::addCount (292 bytes)
Event: 3.657 Thread 0x0000000019c2b800 nmethod 170 0x0000000002e48990 code [0x0000000002e48ba0, 0x0000000002e496a8]
Event: 3.657 Thread 0x0000000019c2b800  172       3       java.lang.invoke.InvokerBytecodeGenerator::isStaticallyNameable (116 bytes)

GC Heap History (0 events):
No events

Deoptimization events (0 events):
No events

Internal exceptions (7 events):
Event: 1.983 Thread 0x0000000002c00800 Exception <a 'java/lang/NoSuchMethodError': Method sun.misc.Unsafe.defineClass(Ljava/lang/String;[BII)Ljava/lang/Class; name or signature does not match> (0x00000000d5e07cc0) thrown at [C:\re\workspace\8-2-build-windows-amd64-cygwin\jdk8u91\6644\hotspot\srÕúS»ÿ?
Event: 1.983 Thread 0x0000000002c00800 Exception <a 'java/lang/NoSuchMethodError': Method sun.misc.Unsafe.prefetchRead(Ljava/lang/Object;J)V name or signature does not match> (0x00000000d5e07fa8) thrown at [C:\re\workspace\8-2-build-windows-amd64-cygwin\jdk8u91\6644\hotspot\src\share\vm\prims\jaQº§û@
Event: 2.498 Thread 0x0000000002c00800 Exception <a 'java/security/PrivilegedActionException'> (0x00000000d5f77fa0) thrown at [C:\re\workspace\8-2-build-windows-amd64-cygwin\jdk8u91\6644\hotspot\src\share\vm\prims\jvm.cpp, line 1386]
Event: 2.498 Thread 0x0000000002c00800 Exception <a 'java/security/PrivilegedActionException'> (0x00000000d5f781b0) thrown at [C:\re\workspace\8-2-build-windows-amd64-cygwin\jdk8u91\6644\hotspot\src\share\vm\prims\jvm.cpp, line 1386]
Event: 2.500 Thread 0x0000000002c00800 Exception <a 'java/security/PrivilegedActionException'> (0x00000000d5f7bff8) thrown at [C:\re\workspace\8-2-build-windows-amd64-cygwin\jdk8u91\6644\hotspot\src\share\vm\prims\jvm.cpp, line 1386]
Event: 2.500 Thread 0x0000000002c00800 Exception <a 'java/security/PrivilegedActionException'> (0x00000000d5f7c208) thrown at [C:\re\workspace\8-2-build-windows-amd64-cygwin\jdk8u91\6644\hotspot\src\share\vm\prims\jvm.cpp, line 1386]
Event: 3.254 Thread 0x0000000002c00800 Exception <a 'java/io/FileNotFoundException'> (0x00000000d5f7f148) thrown at [C:\re\workspace\8-2-build-windows-amd64-cygwin\jdk8u91\6644\hotspot\src\share\vm\prims\jni.cpp, line 709]

Events (10 events):
Event: 3.643 loading class java/lang/invoke/MethodHandleImpl$AsVarargsCollector
Event: 3.643 loading class java/lang/invoke/DelegatingMethodHandle
Event: 3.643 loading class java/lang/invoke/DelegatingMethodHandle done
Event: 3.643 loading class java/lang/invoke/MethodHandleImpl$AsVarargsCollector done
Event: 3.644 loading class java/lang/invoke/WrongMethodTypeException
Event: 3.644 loading class java/lang/invoke/WrongMethodTypeException done
Event: 3.646 loading class java/lang/invoke/MethodHandleImpl$Lazy
Event: 3.646 loading class java/lang/invoke/MethodHandleImpl$Lazy done
Event: 3.646 loading class java/lang/invoke/MethodHandleImpl$IntrinsicMethodHandle
Event: 3.646 loading class java/lang/invoke/MethodHandleImpl$IntrinsicMethodHandle done


Dynamic libraries:
0x00007ff713fe0000 - 0x00007ff714017000 	C:\Program Files\Java\jdk1.8.0_91\bin\java.exe
0x00007ff96de80000 - 0x00007ff96e051000 	C:\WINDOWS\SYSTEM32\ntdll.dll
0x00007ff96d8a0000 - 0x00007ff96d94b000 	C:\WINDOWS\System32\KERNEL32.DLL
0x00007ff96a3d0000 - 0x00007ff96a5ed000 	C:\WINDOWS\System32\KERNELBASE.dll
0x00007ff96dd30000 - 0x00007ff96ddd2000 	C:\WINDOWS\System32\ADVAPI32.dll
0x00007ff96b9e0000 - 0x00007ff96ba7e000 	C:\WINDOWS\System32\msvcrt.dll
0x00007ff96b550000 - 0x00007ff96b5a9000 	C:\WINDOWS\System32\sechost.dll
0x00007ff96bb10000 - 0x00007ff96bc31000 	C:\WINDOWS\System32\RPCRT4.dll
0x00007ff96bd00000 - 0x00007ff96be65000 	C:\WINDOWS\System32\USER32.dll
0x00007ff96b3f0000 - 0x00007ff96b40e000 	C:\WINDOWS\System32\win32u.dll
0x00007ff96bcc0000 - 0x00007ff96bcf4000 	C:\WINDOWS\System32\GDI32.dll
0x00007ff96a6a0000 - 0x00007ff96a822000 	C:\WINDOWS\System32\gdi32full.dll
0x00007ff966ae0000 - 0x00007ff966d59000 	C:\WINDOWS\WinSxS\amd64_microsoft.windows.common-controls_6595b64144ccf1df_6.0.14393.0_none_2d0f50fcbdb171b8\COMCTL32.dll
0x00007ff96d960000 - 0x00007ff96dc27000 	C:\WINDOWS\System32\combase.dll
0x00007ff96af10000 - 0x00007ff96b005000 	C:\WINDOWS\System32\ucrtbase.dll
0x00007ff96b160000 - 0x00007ff96b1ca000 	C:\WINDOWS\System32\bcryptPrimitives.dll
0x00007ff96ba80000 - 0x00007ff96baae000 	C:\WINDOWS\System32\IMM32.DLL
0x000000006f550000 - 0x000000006f622000 	C:\Program Files\Java\jdk1.8.0_91\jre\bin\msvcr100.dll
0x000000006e0c0000 - 0x000000006e953000 	C:\Program Files\Java\jdk1.8.0_91\jre\bin\server\jvm.dll
0x00007ff96b4e0000 - 0x00007ff96b4e8000 	C:\WINDOWS\System32\PSAPI.DLL
0x00007ff968600000 - 0x00007ff968623000 	C:\WINDOWS\SYSTEM32\WINMM.dll
0x00007ff9678a0000 - 0x00007ff9678a9000 	C:\WINDOWS\SYSTEM32\WSOCK32.dll
0x00007ff96bc50000 - 0x00007ff96bcba000 	C:\WINDOWS\System32\WS2_32.dll
0x00007ff966ab0000 - 0x00007ff966aba000 	C:\WINDOWS\SYSTEM32\VERSION.dll
0x0000000002a70000 - 0x0000000002a9b000 	C:\WINDOWS\SYSTEM32\WINMMBASE.dll
0x00007ff96b1d0000 - 0x00007ff96b212000 	C:\WINDOWS\System32\cfgmgr32.dll
0x000000006f7c0000 - 0x000000006f7cf000 	C:\Program Files\Java\jdk1.8.0_91\jre\bin\verify.dll
0x000000006e090000 - 0x000000006e0b9000 	C:\Program Files\Java\jdk1.8.0_91\jre\bin\java.dll
0x000000006e070000 - 0x000000006e086000 	C:\Program Files\Java\jdk1.8.0_91\jre\bin\zip.dll
0x00007ff96c110000 - 0x00007ff96d618000 	C:\WINDOWS\System32\SHELL32.dll
0x00007ff96a830000 - 0x00007ff96af0a000 	C:\WINDOWS\System32\windows.storage.dll
0x00007ff96a2f0000 - 0x00007ff96a33c000 	C:\WINDOWS\System32\powrprof.dll
0x00007ff96b480000 - 0x00007ff96b4d2000 	C:\WINDOWS\System32\shlwapi.dll
0x00007ff96a2e0000 - 0x00007ff96a2ef000 	C:\WINDOWS\System32\kernel.appcore.dll
0x00007ff96b0b0000 - 0x00007ff96b159000 	C:\WINDOWS\System32\shcore.dll
0x00007ff96a350000 - 0x00007ff96a364000 	C:\WINDOWS\System32\profapi.dll
0x000000006de90000 - 0x000000006e028000 	C:\Program Files\Java\jdk1.8.0_91\jre\bin\awt.dll
0x00007ff96d620000 - 0x00007ff96d6df000 	C:\WINDOWS\System32\OLEAUT32.dll
0x00007ff96b010000 - 0x00007ff96b0ac000 	C:\WINDOWS\System32\msvcp_win.dll
0x00007ff968890000 - 0x00007ff96890a000 	C:\WINDOWS\SYSTEM32\apphelp.dll

VM Arguments:
java_command: C:\Users\Lucas\Documents\MaterialCodigoAprendizaje\2DAM\ProgramacionServiciosProcesos\Editor\dist\DocumentEditor.jar
java_class_path (initial): C:\Users\Lucas\Documents\MaterialCodigoAprendizaje\2DAM\ProgramacionServiciosProcesos\Editor\dist\DocumentEditor.jar
Launcher Type: SUN_STANDARD

Environment Variables:
PATH=C:\ProgramData\Oracle\Java\javapath;C:\Program Files (x86)\Intel\iCLS Client\;C:\Program Files\Intel\iCLS Client\;C:\Windows\system32;C:\Windows;C:\Windows\System32\Wbem;C:\Windows\System32\WindowsPowerShell\v1.0\;C:\Program Files (x86)\NVIDIA Corporation\PhysX\Common;C:\Program Files (x86)\Intel\Intel(R) Management Engine Components\DAL;C:\Program Files\Intel\Intel(R) Management Engine Components\DAL;C:\Program Files (x86)\Intel\Intel(R) Management Engine Components\IPT;C:\Program Files\Intel\Intel(R) Management Engine Components\IPT;C:\Program Files (x86)\Skype\Phone\;C:\Program Files\Git\cmd;C:\WINDOWS\system32;C:\WINDOWS;C:\WINDOWS\System32\Wbem;C:\WINDOWS\System32\WindowsPowerShell\v1.0\;C:\Users\Lucas\AppData\Local\atom\bin;%USERPROFILE%\AppData\Local\Microsoft\WindowsApps;
USERNAME=Lucas
OS=Windows_NT
PROCESSOR_IDENTIFIER=Intel64 Family 6 Model 94 Stepping 3, GenuineIntel



---------------  S Y S T E M  ---------------

OS: Windows 10.0 , 64 bit Build 14393 (10.0.14393.0)

CPU:total 8 (4 cores per cpu, 2 threads per core) family 6 model 94 stepping 3, cmov, cx8, fxsr, mmx, sse, sse2, sse3, ssse3, sse4.1, sse4.2, popcnt, avx, avx2, aes, clmul, erms, rtm, 3dnowpref, lzcnt, ht, tsc, tscinvbit, bmi1, bmi2, adx

Memory: 4k page, physical 8281880k(1092936k free), swap 33447704k(704k free)

vm_info: Java HotSpot(TM) 64-Bit Server VM (25.91-b14) for windows-amd64 JRE (1.8.0_91-b14), built on Apr  1 2016 00:58:32 by "java_re" with MS VC++ 10.0 (VS2010)

time: Thu Oct 06 09:34:13 2016
elapsed time: 3 seconds (0d 0h 0m 3s)

