#
# There is insufficient memory for the Java Runtime Environment to continue.
# Native memory allocation (malloc) failed to allocate 8192 bytes for AllocateHeap
# Possible reasons:
#   The system is out of physical RAM or swap space
#   In 32 bit mode, the process size limit was hit
# Possible solutions:
#   Reduce memory load on the system
#   Increase physical memory or swap space
#   Check if swap backing store is full
#   Use 64 bit Java on a 64 bit OS
#   Decrease Java heap size (-Xmx/-Xms)
#   Decrease number of Java threads
#   Decrease Java thread stack sizes (-Xss)
#   Set larger code cache with -XX:ReservedCodeCacheSize=
# This output file may be truncated or incomplete.
#
#  Out of Memory Error (memory/allocation.inline.hpp:61), pid=13440, tid=17240
#
# JRE version: Java(TM) SE Runtime Environment (8.0_91-b14) (build 1.8.0_91-b14)
# Java VM: Java HotSpot(TM) 64-Bit Server VM (25.91-b14 mixed mode windows-amd64 compressed oops)
# Failed to write core dump. Minidumps are not enabled by default on client versions of Windows
#

---------------  T H R E A D  ---------------

Current thread (0x0000000002450800):  JavaThread "main" [_thread_in_vm, id=17240, stack(0x00000000021a0000,0x00000000022a0000)]

Stack: [0x00000000021a0000,0x00000000022a0000]
[error occurred during error reporting (printing stack bounds), id 0xc0000005]

Native frames: (J=compiled Java code, j=interpreted, Vv=VM code, C=native code)

Java frames: (J=compiled Java code, j=interpreted, Vv=VM code)
j  java.nio.Bits.unaligned()Z+27
j  java.nio.DirectByteBuffer.<clinit>()V+34
v  ~StubRoutines::call_stub
j  sun.misc.Perf.createLong(Ljava/lang/String;IIJ)Ljava/nio/ByteBuffer;+0
j  sun.misc.PerfCounter.<init>(Ljava/lang/String;I)V+16
j  sun.misc.PerfCounter.newPerfCounter(Ljava/lang/String;)Lsun/misc/PerfCounter;+6
j  sun.misc.PerfCounter$CoreCounters.<clinit>()V+2
v  ~StubRoutines::call_stub
j  sun.misc.PerfCounter.getZipFileOpenTime()Lsun/misc/PerfCounter;+0
j  java.util.zip.ZipFile.<init>(Ljava/io/File;ILjava/nio/charset/Charset;)V+154
j  java.util.zip.ZipFile.<init>(Ljava/io/File;I)V+6
j  java.util.jar.JarFile.<init>(Ljava/io/File;ZI)V+3
j  java.util.jar.JarFile.<init>(Ljava/lang/String;)V+11
j  sun.launcher.LauncherHelper.getMainClassFromJar(Ljava/lang/String;)Ljava/lang/String;+7
j  sun.launcher.LauncherHelper.checkAndLoadMain(ZILjava/lang/String;)Ljava/lang/Class;+38
v  ~StubRoutines::call_stub

---------------  P R O C E S S  ---------------

Java Threads: ( => current thread )
  0x0000000019411800 JavaThread "Service Thread" daemon [_thread_blocked, id=27164, stack(0x0000000019fe0000,0x000000001a0e0000)]
  0x0000000019404000 JavaThread "C1 CompilerThread3" daemon [_thread_blocked, id=27156, stack(0x0000000019ee0000,0x0000000019fe0000)]
  0x00000000193fd800 JavaThread "C2 CompilerThread2" daemon [_thread_blocked, id=27152, stack(0x0000000019de0000,0x0000000019ee0000)]
  0x00000000193fa000 JavaThread "C2 CompilerThread1" daemon [_thread_blocked, id=27148, stack(0x0000000019ce0000,0x0000000019de0000)]
  0x00000000193f8000 JavaThread "C2 CompilerThread0" daemon [_thread_blocked, id=27144, stack(0x0000000019be0000,0x0000000019ce0000)]
  0x00000000193f5800 JavaThread "Attach Listener" daemon [_thread_blocked, id=27140, stack(0x0000000019ae0000,0x0000000019be0000)]
  0x00000000193f4000 JavaThread "Signal Dispatcher" daemon [_thread_blocked, id=27136, stack(0x00000000199e0000,0x0000000019ae0000)]
  0x0000000002547000 JavaThread "Finalizer" daemon [_thread_blocked, id=21696, stack(0x00000000197d0000,0x00000000198d0000)]
  0x00000000174dd800 JavaThread "Reference Handler" daemon [_thread_blocked, id=21596, stack(0x00000000192d0000,0x00000000193d0000)]
=>0x0000000002450800 JavaThread "main" [_thread_in_vm, id=17240, stack(0x00000000021a0000,0x00000000022a0000)]

Other Threads:
  0x00000000174d9000 VMThread [stack: 0x00000000191d0000,0x00000000192d0000] [id=20296]
  0x000000001947b000 WatcherThread [stack: 0x0000000000000000,0x0000000000000000] [id=25728]

VM state:not at safepoint (normal execution)

VM Mutex/Monitor currently owned by a thread:  ([mutex/lock_event])
[0x000000000234be40] StringTable_lock - owner thread: 0x0000000002450800

Heap:
 PSYoungGen      total 38400K, used 665K [0x00000000d5e00000, 0x00000000d8880000, 0x0000000100000000)
  eden space 33280K, 2% used [0x00000000d5e00000,0x00000000d5ea6670,0x00000000d7e80000)
  from space 5120K, 0% used [0x00000000d8380000,0x00000000d8380000,0x00000000d8880000)
  to   space 5120K, 0% used [0x00000000d7e80000,0x00000000d7e80000,0x00000000d8380000)
 ParOldGen       total 87552K, used 0K [0x0000000081a00000, 0x0000000086f80000, 0x00000000d5e00000)
  object space 87552K, 0% used [0x0000000081a00000,0x0000000081a00000,0x0000000086f80000)
 Metaspace       used 2457K, capacity 4480K, committed 4480K, reserved 1056768K
  class space    used 271K, capacity 384K, committed 384K, reserved 1048576K

Card table byte_map: [0x0000000011910000,0x0000000011d10000] byte_map_base: 0x0000000011503000

Marking Bits: (ParMarkBitMap*) 0x000000006e8d2f70
 Begin Bits: [0x00000000127c0000, 0x0000000014758000)
 End Bits:   [0x0000000014758000, 0x00000000166f0000)

Polling page: 0x0000000002140000

CodeCache: size=245760Kb used=1079Kb max_used=1079Kb free=244680Kb
 bounds [0x0000000002550000, 0x00000000027c0000, 0x0000000011550000]
 total_blobs=244 nmethods=13 adapters=145
 compilation: enabled

Compilation events (10 events):
Event: 6.239 Thread 0x0000000019404000    1       3       java.lang.Character::toLowerCase (9 bytes)
Event: 6.239 Thread 0x0000000019404000 nmethod 1 0x000000000265b110 code [0x000000000265b280, 0x000000000265b4b8]
Event: 6.239 Thread 0x0000000019404000    3       3       java.lang.CharacterDataLatin1::toLowerCase (39 bytes)
Event: 6.239 Thread 0x0000000019404000 nmethod 3 0x000000000265b590 code [0x000000000265b700, 0x000000000265b970]
Event: 6.239 Thread 0x0000000019404000   11       3       java.lang.Math::min (11 bytes)
Event: 6.240 Thread 0x0000000019404000 nmethod 11 0x000000000265bad0 code [0x000000000265bc20, 0x000000000265bdb0]
Event: 9.423 Thread 0x0000000019404000   12       3       sun.nio.cs.SingleByte$Decoder::decode (11 bytes)
Event: 9.423 Thread 0x0000000019404000 nmethod 12 0x000000000265c410 code [0x000000000265c560, 0x000000000265c6f0]
Event: 9.424 Thread 0x0000000019404000   13       3       java.lang.String::equals (81 bytes)
Event: 9.424 Thread 0x0000000019404000 nmethod 13 0x000000000265cbd0 code [0x000000000265cd60, 0x000000000265d2b0]

GC Heap History (0 events):
No events

Deoptimization events (0 events):
No events

Internal exceptions (2 events):
Event: 1.572 Thread 0x0000000002450800 Exception <a 'java/lang/NoSuchMethodError': Method sun.misc.Unsafe.defineClass(Ljava/lang/String;[BII)Ljava/lang/Class; name or signature does not match> (0x00000000d5e07cc0) thrown at [C:\re\workspace\8-2-build-windows-amd64-cygwin\jdk8u91\6644\hotspot\sr“lÝ°Ÿ(ù?
Event: 1.572 Thread 0x0000000002450800 Exception <a 'java/lang/NoSuchMethodError': Method sun.misc.Unsafe.prefetchRead(Ljava/lang/Object;J)V name or signature does not match> (0x00000000d5e07fa8) thrown at [C:\re\workspace\8-2-build-windows-amd64-cygwin\jdk8u91\6644\hotspot\src\share\vm\prims\j

Events (10 events):
Event: 9.425 loading class sun/misc/Perf
Event: 9.426 loading class sun/misc/Perf done
Event: 9.426 loading class sun/misc/PerfCounter$CoreCounters
Event: 9.426 loading class sun/misc/PerfCounter$CoreCounters done
Event: 9.426 loading class sun/nio/ch/DirectBuffer
Event: 9.426 loading class sun/nio/ch/DirectBuffer done
Event: 9.426 loading class java/nio/DirectByteBuffer
Event: 9.426 loading class java/nio/MappedByteBuffer
Event: 9.426 loading class java/nio/MappedByteBuffer done
Event: 9.426 loading class java/nio/DirectByteBuffer done


Dynamic libraries:
0x00007ff713fe0000 - 0x00007ff714017000 	C:\Program Files\Java\jdk1.8.0_91\bin\java.exe
0x00007ff96de80000 - 0x00007ff96e051000 	C:\WINDOWS\SYSTEM32\ntdll.dll
0x00007ff96d8a0000 - 0x00007ff96d94b000 	C:\WINDOWS\System32\KERNEL32.DLL
0x00007ff96a3d0000 - 0x00007ff96a5ed000 	C:\WINDOWS\System32\KERNELBASE.dll
0x00007ff96dd30000 - 0x00007ff96ddd2000 	C:\WINDOWS\System32\ADVAPI32.dll
0x00007ff96b9e0000 - 0x00007ff96ba7e000 	C:\WINDOWS\System32\msvcrt.dll
0x00007ff96b550000 - 0x00007ff96b5a9000 	C:\WINDOWS\System32\sechost.dll
0x00007ff96bb10000 - 0x00007ff96bc31000 	C:\WINDOWS\System32\RPCRT4.dll
0x00007ff96bd00000 - 0x00007ff96be65000 	C:\WINDOWS\System32\USER32.dll
0x00007ff96b3f0000 - 0x00007ff96b40e000 	C:\WINDOWS\System32\win32u.dll
0x00007ff96bcc0000 - 0x00007ff96bcf4000 	C:\WINDOWS\System32\GDI32.dll
0x00007ff96a6a0000 - 0x00007ff96a822000 	C:\WINDOWS\System32\gdi32full.dll
0x00007ff966ae0000 - 0x00007ff966d59000 	C:\WINDOWS\WinSxS\amd64_microsoft.windows.common-controls_6595b64144ccf1df_6.0.14393.0_none_2d0f50fcbdb171b8\COMCTL32.dll
0x00007ff96d960000 - 0x00007ff96dc27000 	C:\WINDOWS\System32\combase.dll
0x00007ff96af10000 - 0x00007ff96b005000 	C:\WINDOWS\System32\ucrtbase.dll
0x00007ff96b160000 - 0x00007ff96b1ca000 	C:\WINDOWS\System32\bcryptPrimitives.dll
0x00007ff96ba80000 - 0x00007ff96baae000 	C:\WINDOWS\System32\IMM32.DLL
0x000000006f550000 - 0x000000006f622000 	C:\Program Files\Java\jdk1.8.0_91\jre\bin\msvcr100.dll
0x000000006e0c0000 - 0x000000006e953000 	C:\Program Files\Java\jdk1.8.0_91\jre\bin\server\jvm.dll
0x00007ff96b4e0000 - 0x00007ff96b4e8000 	C:\WINDOWS\System32\PSAPI.DLL
0x00007ff9678a0000 - 0x00007ff9678a9000 	C:\WINDOWS\SYSTEM32\WSOCK32.dll
0x00007ff96bc50000 - 0x00007ff96bcba000 	C:\WINDOWS\System32\WS2_32.dll
0x00007ff968600000 - 0x00007ff968623000 	C:\WINDOWS\SYSTEM32\WINMM.dll
0x00007ff966ab0000 - 0x00007ff966aba000 	C:\WINDOWS\SYSTEM32\VERSION.dll
0x00007ff968300000 - 0x00007ff96832b000 	C:\WINDOWS\SYSTEM32\WINMMBASE.dll
0x00007ff96b1d0000 - 0x00007ff96b212000 	C:\WINDOWS\System32\cfgmgr32.dll
0x000000006f7c0000 - 0x000000006f7cf000 	C:\Program Files\Java\jdk1.8.0_91\jre\bin\verify.dll
0x000000006e090000 - 0x000000006e0b9000 	C:\Program Files\Java\jdk1.8.0_91\jre\bin\java.dll
0x000000006e070000 - 0x000000006e086000 	C:\Program Files\Java\jdk1.8.0_91\jre\bin\zip.dll
0x00007ff96c110000 - 0x00007ff96d618000 	C:\WINDOWS\System32\SHELL32.dll
0x00007ff96a830000 - 0x00007ff96af0a000 	C:\WINDOWS\System32\windows.storage.dll
0x00007ff96a2f0000 - 0x00007ff96a33c000 	C:\WINDOWS\System32\powrprof.dll
0x00007ff96b480000 - 0x00007ff96b4d2000 	C:\WINDOWS\System32\shlwapi.dll
0x00007ff96a2e0000 - 0x00007ff96a2ef000 	C:\WINDOWS\System32\kernel.appcore.dll
0x00007ff96b0b0000 - 0x00007ff96b159000 	C:\WINDOWS\System32\shcore.dll
0x00007ff96a350000 - 0x00007ff96a364000 	C:\WINDOWS\System32\profapi.dll

VM Arguments:
java_command: C:\Users\Lucas\Documents\MaterialCodigoAprendizaje\2DAM\ProgramacionServiciosProcesos\Editor\dist\DocumentEditor.jar
java_class_path (initial): C:\Users\Lucas\Documents\MaterialCodigoAprendizaje\2DAM\ProgramacionServiciosProcesos\Editor\dist\DocumentEditor.jar
Launcher Type: SUN_STANDARD

Environment Variables:
PATH=C:\ProgramData\Oracle\Java\javapath;C:\Program Files (x86)\Intel\iCLS Client\;C:\Program Files\Intel\iCLS Client\;C:\Windows\system32;C:\Windows;C:\Windows\System32\Wbem;C:\Windows\System32\WindowsPowerShell\v1.0\;C:\Program Files (x86)\NVIDIA Corporation\PhysX\Common;C:\Program Files (x86)\Intel\Intel(R) Management Engine Components\DAL;C:\Program Files\Intel\Intel(R) Management Engine Components\DAL;C:\Program Files (x86)\Intel\Intel(R) Management Engine Components\IPT;C:\Program Files\Intel\Intel(R) Management Engine Components\IPT;C:\Program Files (x86)\Skype\Phone\;C:\Program Files\Git\cmd;C:\WINDOWS\system32;C:\WINDOWS;C:\WINDOWS\System32\Wbem;C:\WINDOWS\System32\WindowsPowerShell\v1.0\;C:\Users\Lucas\AppData\Local\atom\bin;%USERPROFILE%\AppData\Local\Microsoft\WindowsApps;
USERNAME=Lucas
OS=Windows_NT
PROCESSOR_IDENTIFIER=Intel64 Family 6 Model 94 Stepping 3, GenuineIntel



---------------  S Y S T E M  ---------------

OS: Windows 10.0 , 64 bit Build 14393 (10.0.14393.0)

CPU:total 8 (4 cores per cpu, 2 threads per core) family 6 model 94 stepping 3, cmov, cx8, fxsr, mmx, sse, sse2, sse3, ssse3, sse4.1, sse4.2, popcnt, avx, avx2, aes, clmul, erms, rtm, 3dnowpref, lzcnt, ht, tsc, tscinvbit, bmi1, bmi2, adx

Memory: 4k page, physical 8281880k(404228k free), swap 33447704k(436k free)

vm_info: Java HotSpot(TM) 64-Bit Server VM (25.91-b14) for windows-amd64 JRE (1.8.0_91-b14), built on Apr  1 2016 00:58:32 by "java_re" with MS VC++ 10.0 (VS2010)

time: Thu Oct 06 09:33:54 2016
elapsed time: 9 seconds (0d 0h 0m 9s)

