#
# There is insufficient memory for the Java Runtime Environment to continue.
# Native memory allocation (malloc) failed to allocate 32744 bytes for ChunkPool::allocate
# Possible reasons:
#   The system is out of physical RAM or swap space
#   In 32 bit mode, the process size limit was hit
# Possible solutions:
#   Reduce memory load on the system
#   Increase physical memory or swap space
#   Check if swap backing store is full
#   Use 64 bit Java on a 64 bit OS
#   Decrease Java heap size (-Xmx/-Xms)
#   Decrease number of Java threads
#   Decrease Java thread stack sizes (-Xss)
#   Set larger code cache with -XX:ReservedCodeCacheSize=
# This output file may be truncated or incomplete.
#
#  Out of Memory Error (allocation.cpp:273), pid=28664, tid=22156
#
# JRE version: Java(TM) SE Runtime Environment (8.0_91-b14) (build 1.8.0_91-b14)
# Java VM: Java HotSpot(TM) 64-Bit Server VM (25.91-b14 mixed mode windows-amd64 compressed oops)
# Failed to write core dump. Minidumps are not enabled by default on client versions of Windows
#

---------------  T H R E A D  ---------------

Current thread (0x0000000019784800):  JavaThread "C2 CompilerThread2" daemon [_thread_in_native, id=22156, stack(0x000000001a110000,0x000000001a210000)]

Stack: [0x000000001a110000,0x000000001a210000]
[error occurred during error reporting (printing stack bounds), id 0xc0000005]

Native frames: (J=compiled Java code, j=interpreted, Vv=VM code, C=native code)


Current CompileTask:
C2:   6238  155       4       java.lang.String::indexOf (70 bytes)


---------------  P R O C E S S  ---------------

Java Threads: ( => current thread )
  0x000000001994e000 JavaThread "Thread-0" [_thread_in_vm, id=30420, stack(0x000000001aa10000,0x000000001ab10000)]
  0x0000000002790800 JavaThread "DestroyJavaVM" [_thread_blocked, id=14040, stack(0x00000000024d0000,0x00000000025d0000)]
  0x0000000019798000 JavaThread "Service Thread" daemon [_thread_blocked, id=27528, stack(0x000000001a310000,0x000000001a410000)]
  0x0000000019788000 JavaThread "C1 CompilerThread3" daemon [_thread_in_native, id=16016, stack(0x000000001a210000,0x000000001a310000)]
=>0x0000000019784800 JavaThread "C2 CompilerThread2" daemon [_thread_in_native, id=22156, stack(0x000000001a110000,0x000000001a210000)]
  0x000000001972a800 JavaThread "C2 CompilerThread1" daemon [_thread_in_native, id=27272, stack(0x000000001a010000,0x000000001a110000)]
  0x0000000019728000 JavaThread "C2 CompilerThread0" daemon [_thread_blocked, id=32032, stack(0x0000000019f10000,0x000000001a010000)]
  0x0000000019725800 JavaThread "Attach Listener" daemon [_thread_blocked, id=26628, stack(0x0000000019e10000,0x0000000019f10000)]
  0x0000000019724000 JavaThread "Signal Dispatcher" daemon [_thread_blocked, id=26844, stack(0x0000000019d10000,0x0000000019e10000)]
  0x0000000002887000 JavaThread "Finalizer" daemon [_thread_blocked, id=32084, stack(0x0000000019b00000,0x0000000019c00000)]
  0x000000001781d800 JavaThread "Reference Handler" daemon [_thread_blocked, id=18196, stack(0x0000000019600000,0x0000000019700000)]

Other Threads:
  0x0000000017819000 VMThread [stack: 0x0000000019500000,0x0000000019600000] [id=24812]

VM state:not at safepoint (normal execution)

VM Mutex/Monitor currently owned by a thread: None

Heap:
 PSYoungGen      total 38400K, used 2330K [0x00000000d5e00000, 0x00000000da900000, 0x0000000100000000)
  eden space 33280K, 7% used [0x00000000d5e00000,0x00000000d6046820,0x00000000d7e80000)
  from space 5120K, 0% used [0x00000000d7e80000,0x00000000d7e80000,0x00000000d8380000)
  to   space 5120K, 0% used [0x00000000da400000,0x00000000da400000,0x00000000da900000)
 ParOldGen       total 54272K, used 306K [0x0000000081a00000, 0x0000000084f00000, 0x00000000d5e00000)
  object space 54272K, 0% used [0x0000000081a00000,0x0000000081a4c9a0,0x0000000084f00000)
 Metaspace       used 4425K, capacity 4782K, committed 4992K, reserved 1058816K
  class space    used 495K, capacity 551K, committed 640K, reserved 1048576K

Card table byte_map: [0x0000000011c50000,0x0000000012050000] byte_map_base: 0x0000000011843000

Marking Bits: (ParMarkBitMap*) 0x000000006e8d2f70
 Begin Bits: [0x0000000012b00000, 0x0000000014a98000)
 End Bits:   [0x0000000014a98000, 0x0000000016a30000)

Polling page: 0x00000000025d0000

CodeCache: size=245760Kb used=1320Kb max_used=1320Kb free=244439Kb
 bounds [0x0000000002890000, 0x0000000002b00000, 0x0000000011890000]
 total_blobs=439 nmethods=181 adapters=171
 compilation: enabled

Compilation events (10 events):
Event: 6.151 Thread 0x0000000019788000 nmethod 151 0x00000000029d3790 code [0x00000000029d38e0, 0x00000000029d39d0]
Event: 6.151 Thread 0x0000000019788000  158       3       java.util.Arrays$ArrayList::get (7 bytes)
Event: 6.152 Thread 0x0000000019788000 nmethod 158 0x00000000029d3d50 code [0x00000000029d3ea0, 0x00000000029d4010]
Event: 6.152 Thread 0x0000000019788000  159   !   3       java.util.AbstractList$Itr::next (45 bytes)
Event: 6.152 Thread 0x0000000019788000 nmethod 159 0x00000000029d4110 code [0x00000000029d42e0, 0x00000000029d48f8]
Event: 6.152 Thread 0x0000000019788000  160       3       java.util.AbstractList$Itr::checkForComodification (23 bytes)
Event: 6.152 Thread 0x0000000019788000 nmethod 160 0x00000000029d4bd0 code [0x00000000029d4d40, 0x00000000029d4f68]
Event: 6.152 Thread 0x0000000019788000  162       3       java.lang.invoke.MethodType::parameterType (7 bytes)
Event: 6.152 Thread 0x0000000019788000 nmethod 162 0x00000000029d51d0 code [0x00000000029d5320, 0x00000000029d5490]
Event: 6.153 Thread 0x0000000019788000  163       3       jdk.internal.org.objectweb.asm.Frame::push (110 bytes)

GC Heap History (4 events):
Event: 4.317 GC heap before
{Heap before GC invocations=1 (full 0):
 PSYoungGen      total 38400K, used 1331K [0x00000000d5e00000, 0x00000000d8880000, 0x0000000100000000)
  eden space 33280K, 4% used [0x00000000d5e00000,0x00000000d5f4cce8,0x00000000d7e80000)
  from space 5120K, 0% used [0x00000000d8380000,0x00000000d8380000,0x00000000d8880000)
  to   space 5120K, 0% used [0x00000000d7e80000,0x00000000d7e80000,0x00000000d8380000)
 ParOldGen       total 87552K, used 0K [0x0000000081a00000, 0x0000000086f80000, 0x00000000d5e00000)
  object space 87552K, 0% used [0x0000000081a00000,0x0000000081a00000,0x0000000086f80000)
 Metaspace       used 2767K, capacity 4482K, committed 4608K, reserved 1062912K
  class space    used 300K, capacity 386K, committed 512K, reserved 1048576K
Event: 4.379 GC heap after
Heap after GC invocations=1 (full 0):
 PSYoungGen      total 38400K, used 384K [0x00000000d5e00000, 0x00000000da900000, 0x0000000100000000)
  eden space 33280K, 0% used [0x00000000d5e00000,0x00000000d5e00000,0x00000000d7e80000)
  from space 5120K, 7% used [0x00000000d7e80000,0x00000000d7ee0020,0x00000000d8380000)
  to   space 5120K, 0% used [0x00000000da400000,0x00000000da400000,0x00000000da900000)
 ParOldGen       total 87552K, used 8K [0x0000000081a00000, 0x0000000086f80000, 0x00000000d5e00000)
  object space 87552K, 0% used [0x0000000081a00000,0x0000000081a02000,0x0000000086f80000)
 Metaspace       used 2767K, capacity 4482K, committed 4608K, reserved 1062912K
  class space    used 300K, capacity 386K, committed 512K, reserved 1048576K
}
Event: 4.379 GC heap before
{Heap before GC invocations=2 (full 1):
 PSYoungGen      total 38400K, used 384K [0x00000000d5e00000, 0x00000000da900000, 0x0000000100000000)
  eden space 33280K, 0% used [0x00000000d5e00000,0x00000000d5e00000,0x00000000d7e80000)
  from space 5120K, 7% used [0x00000000d7e80000,0x00000000d7ee0020,0x00000000d8380000)
  to   space 5120K, 0% used [0x00000000da400000,0x00000000da400000,0x00000000da900000)
 ParOldGen       total 87552K, used 8K [0x0000000081a00000, 0x0000000086f80000, 0x00000000d5e00000)
  object space 87552K, 0% used [0x0000000081a00000,0x0000000081a02000,0x0000000086f80000)
 Metaspace       used 2767K, capacity 4482K, committed 4608K, reserved 1062912K
  class space    used 300K, capacity 386K, committed 512K, reserved 1048576K
Event: 4.476 GC heap after
Heap after GC invocations=2 (full 1):
 PSYoungGen      total 38400K, used 0K [0x00000000d5e00000, 0x00000000da900000, 0x0000000100000000)
  eden space 33280K, 0% used [0x00000000d5e00000,0x00000000d5e00000,0x00000000d7e80000)
  from space 5120K, 0% used [0x00000000d7e80000,0x00000000d7e80000,0x00000000d8380000)
  to   space 5120K, 0% used [0x00000000da400000,0x00000000da400000,0x00000000da900000)
 ParOldGen       total 54272K, used 306K [0x0000000081a00000, 0x0000000084f00000, 0x00000000d5e00000)
  object space 54272K, 0% used [0x0000000081a00000,0x0000000081a4c9a0,0x0000000084f00000)
 Metaspace       used 2767K, capacity 4482K, committed 4608K, reserved 1058816K
  class space    used 300K, capacity 386K, committed 512K, reserved 1048576K
}

Deoptimization events (0 events):
No events

Internal exceptions (7 events):
Event: 0.549 Thread 0x0000000002790800 Exception <a 'java/lang/NoSuchMethodError': Method sun.misc.Unsafe.defineClass(Ljava/lang/String;[BII)Ljava/lang/Class; name or signature does not match> (0x00000000d5e07cc0) thrown at [C:\re\workspace\8-2-build-windows-amd64-cygwin\jdk8u91\6644\hotspot\srÂñÛmê·?
Event: 0.549 Thread 0x0000000002790800 Exception <a 'java/lang/NoSuchMethodError': Method sun.misc.Unsafe.prefetchRead(Ljava/lang/Object;J)V name or signature does not match> (0x00000000d5e07fa8) thrown at [C:\re\workspace\8-2-build-windows-amd64-cygwin\jdk8u91\6644\hotspot\src\share\vm\prims\j
ü´â-2@
Event: 4.549 Thread 0x0000000002790800 Exception <a 'java/security/PrivilegedActionException'> (0x00000000d5e57098) thrown at [C:\re\workspace\8-2-build-windows-amd64-cygwin\jdk8u91\6644\hotspot\src\share\vm\prims\jvm.cpp, line 1386]
Event: 4.549 Thread 0x0000000002790800 Exception <a 'java/security/PrivilegedActionException'> (0x00000000d5e572a8) thrown at [C:\re\workspace\8-2-build-windows-amd64-cygwin\jdk8u91\6644\hotspot\src\share\vm\prims\jvm.cpp, line 1386]
Event: 4.551 Thread 0x0000000002790800 Exception <a 'java/security/PrivilegedActionException'> (0x00000000d5e5b0f0) thrown at [C:\re\workspace\8-2-build-windows-amd64-cygwin\jdk8u91\6644\hotspot\src\share\vm\prims\jvm.cpp, line 1386]
Event: 4.551 Thread 0x0000000002790800 Exception <a 'java/security/PrivilegedActionException'> (0x00000000d5e5b300) thrown at [C:\re\workspace\8-2-build-windows-amd64-cygwin\jdk8u91\6644\hotspot\src\share\vm\prims\jvm.cpp, line 1386]
Event: 5.683 Thread 0x0000000002790800 Exception <a 'java/io/FileNotFoundException'> (0x00000000d5e5e240) thrown at [C:\re\workspace\8-2-build-windows-amd64-cygwin\jdk8u91\6644\hotspot\src\share\vm\prims\jni.cpp, line 709]

Events (10 events):
Event: 6.142 loading class java/lang/invoke/MethodHandleImpl$AsVarargsCollector
Event: 6.142 loading class java/lang/invoke/DelegatingMethodHandle
Event: 6.142 loading class java/lang/invoke/DelegatingMethodHandle done
Event: 6.142 loading class java/lang/invoke/MethodHandleImpl$AsVarargsCollector done
Event: 6.143 loading class java/lang/invoke/WrongMethodTypeException
Event: 6.143 loading class java/lang/invoke/WrongMethodTypeException done
Event: 6.145 loading class java/lang/invoke/MethodHandleImpl$Lazy
Event: 6.145 loading class java/lang/invoke/MethodHandleImpl$Lazy done
Event: 6.145 loading class java/lang/invoke/MethodHandleImpl$IntrinsicMethodHandle
Event: 6.145 loading class java/lang/invoke/MethodHandleImpl$IntrinsicMethodHandle done


Dynamic libraries:
0x00007ff713fe0000 - 0x00007ff714017000 	C:\Program Files\Java\jdk1.8.0_91\bin\java.exe
0x00007ff96de80000 - 0x00007ff96e051000 	C:\WINDOWS\SYSTEM32\ntdll.dll
0x00007ff96d8a0000 - 0x00007ff96d94b000 	C:\WINDOWS\System32\KERNEL32.DLL
0x00007ff96a3d0000 - 0x00007ff96a5ed000 	C:\WINDOWS\System32\KERNELBASE.dll
0x00007ff96dd30000 - 0x00007ff96ddd2000 	C:\WINDOWS\System32\ADVAPI32.dll
0x00007ff96b9e0000 - 0x00007ff96ba7e000 	C:\WINDOWS\System32\msvcrt.dll
0x00007ff96b550000 - 0x00007ff96b5a9000 	C:\WINDOWS\System32\sechost.dll
0x00007ff96bb10000 - 0x00007ff96bc31000 	C:\WINDOWS\System32\RPCRT4.dll
0x00007ff96bd00000 - 0x00007ff96be65000 	C:\WINDOWS\System32\USER32.dll
0x00007ff96b3f0000 - 0x00007ff96b40e000 	C:\WINDOWS\System32\win32u.dll
0x00007ff96bcc0000 - 0x00007ff96bcf4000 	C:\WINDOWS\System32\GDI32.dll
0x00007ff96a6a0000 - 0x00007ff96a822000 	C:\WINDOWS\System32\gdi32full.dll
0x00007ff966ae0000 - 0x00007ff966d59000 	C:\WINDOWS\WinSxS\amd64_microsoft.windows.common-controls_6595b64144ccf1df_6.0.14393.0_none_2d0f50fcbdb171b8\COMCTL32.dll
0x00007ff96d960000 - 0x00007ff96dc27000 	C:\WINDOWS\System32\combase.dll
0x00007ff96af10000 - 0x00007ff96b005000 	C:\WINDOWS\System32\ucrtbase.dll
0x00007ff96b160000 - 0x00007ff96b1ca000 	C:\WINDOWS\System32\bcryptPrimitives.dll
0x00007ff96ba80000 - 0x00007ff96baae000 	C:\WINDOWS\System32\IMM32.DLL
0x000000006f550000 - 0x000000006f622000 	C:\Program Files\Java\jdk1.8.0_91\jre\bin\msvcr100.dll
0x000000006e0c0000 - 0x000000006e953000 	C:\Program Files\Java\jdk1.8.0_91\jre\bin\server\jvm.dll
0x00007ff96b4e0000 - 0x00007ff96b4e8000 	C:\WINDOWS\System32\PSAPI.DLL
0x00007ff9678a0000 - 0x00007ff9678a9000 	C:\WINDOWS\SYSTEM32\WSOCK32.dll
0x00007ff96bc50000 - 0x00007ff96bcba000 	C:\WINDOWS\System32\WS2_32.dll
0x00007ff968600000 - 0x00007ff968623000 	C:\WINDOWS\SYSTEM32\WINMM.dll
0x00007ff966ab0000 - 0x00007ff966aba000 	C:\WINDOWS\SYSTEM32\VERSION.dll
0x00007ff968300000 - 0x00007ff96832b000 	C:\WINDOWS\SYSTEM32\WINMMBASE.dll
0x00007ff96b1d0000 - 0x00007ff96b212000 	C:\WINDOWS\System32\cfgmgr32.dll
0x000000006f7c0000 - 0x000000006f7cf000 	C:\Program Files\Java\jdk1.8.0_91\jre\bin\verify.dll
0x000000006e090000 - 0x000000006e0b9000 	C:\Program Files\Java\jdk1.8.0_91\jre\bin\java.dll
0x000000006e070000 - 0x000000006e086000 	C:\Program Files\Java\jdk1.8.0_91\jre\bin\zip.dll
0x00007ff96c110000 - 0x00007ff96d618000 	C:\WINDOWS\System32\SHELL32.dll
0x00007ff96a830000 - 0x00007ff96af0a000 	C:\WINDOWS\System32\windows.storage.dll
0x00007ff96a2f0000 - 0x00007ff96a33c000 	C:\WINDOWS\System32\powrprof.dll
0x00007ff96b480000 - 0x00007ff96b4d2000 	C:\WINDOWS\System32\shlwapi.dll
0x00007ff96a2e0000 - 0x00007ff96a2ef000 	C:\WINDOWS\System32\kernel.appcore.dll
0x00007ff96b0b0000 - 0x00007ff96b159000 	C:\WINDOWS\System32\shcore.dll
0x00007ff96a350000 - 0x00007ff96a364000 	C:\WINDOWS\System32\profapi.dll
0x000000006de90000 - 0x000000006e028000 	C:\Program Files\Java\jdk1.8.0_91\jre\bin\awt.dll
0x00007ff96d620000 - 0x00007ff96d6df000 	C:\WINDOWS\System32\OLEAUT32.dll
0x00007ff96b010000 - 0x00007ff96b0ac000 	C:\WINDOWS\System32\msvcp_win.dll
0x00007ff968890000 - 0x00007ff96890a000 	C:\WINDOWS\SYSTEM32\apphelp.dll

VM Arguments:
java_command: C:\Users\Lucas\Documents\MaterialCodigoAprendizaje\2DAM\ProgramacionServiciosProcesos\Editor\dist\DocumentEditor.jar
java_class_path (initial): C:\Users\Lucas\Documents\MaterialCodigoAprendizaje\2DAM\ProgramacionServiciosProcesos\Editor\dist\DocumentEditor.jar
Launcher Type: SUN_STANDARD

Environment Variables:
PATH=C:\ProgramData\Oracle\Java\javapath;C:\Program Files (x86)\Intel\iCLS Client\;C:\Program Files\Intel\iCLS Client\;C:\Windows\system32;C:\Windows;C:\Windows\System32\Wbem;C:\Windows\System32\WindowsPowerShell\v1.0\;C:\Program Files (x86)\NVIDIA Corporation\PhysX\Common;C:\Program Files (x86)\Intel\Intel(R) Management Engine Components\DAL;C:\Program Files\Intel\Intel(R) Management Engine Components\DAL;C:\Program Files (x86)\Intel\Intel(R) Management Engine Components\IPT;C:\Program Files\Intel\Intel(R) Management Engine Components\IPT;C:\Program Files (x86)\Skype\Phone\;C:\Program Files\Git\cmd;C:\WINDOWS\system32;C:\WINDOWS;C:\WINDOWS\System32\Wbem;C:\WINDOWS\System32\WindowsPowerShell\v1.0\;C:\Users\Lucas\AppData\Local\atom\bin;%USERPROFILE%\AppData\Local\Microsoft\WindowsApps;
USERNAME=Lucas
OS=Windows_NT
PROCESSOR_IDENTIFIER=Intel64 Family 6 Model 94 Stepping 3, GenuineIntel



---------------  S Y S T E M  ---------------

OS: Windows 10.0 , 64 bit Build 14393 (10.0.14393.0)

CPU:total 8 (4 cores per cpu, 2 threads per core) family 6 model 94 stepping 3, cmov, cx8, fxsr, mmx, sse, sse2, sse3, ssse3, sse4.1, sse4.2, popcnt, avx, avx2, aes, clmul, erms, rtm, 3dnowpref, lzcnt, ht, tsc, tscinvbit, bmi1, bmi2, adx

Memory: 4k page, physical 8281880k(1092936k free), swap 33447704k(704k free)

vm_info: Java HotSpot(TM) 64-Bit Server VM (25.91-b14) for windows-amd64 JRE (1.8.0_91-b14), built on Apr  1 2016 00:58:32 by "java_re" with MS VC++ 10.0 (VS2010)

time: Thu Oct 06 09:34:13 2016
elapsed time: 6 seconds (0d 0h 0m 6s)

