#
# A fatal error has been detected by the Java Runtime Environment:
#
#  EXCEPTION_ACCESS_VIOLATION (0xc0000005) at pc=0x000000006e2d2177, pid=29560, tid=31276
#
# JRE version: Java(TM) SE Runtime Environment (8.0_91-b14) (build 1.8.0_91-b14)
# Java VM: Java HotSpot(TM) 64-Bit Server VM (25.91-b14 mixed mode windows-amd64 compressed oops)
# Problematic frame:
# V  [jvm.dll+0x212177]
#
# Failed to write core dump. Minidumps are not enabled by default on client versions of Windows
#
# If you would like to submit a bug report, please visit:
#   http://bugreport.java.com/bugreport/crash.jsp
#

---------------  T H R E A D  ---------------

Current thread (0x0000000019bb8000):  JavaThread "Java2D Disposer" daemon [_thread_in_vm, id=31276, stack(0x000000001a9c0000,0x000000001aac0000)]

siginfo: ExceptionCode=0xc0000005, writing address 0x000000001aab9420

Registers:
RAX=0x000000001aab9420, RBX=0x0000000000000007, RCX=0x0000000000006000, RDX=0x0000000000000006
RSP=0x000000001aabf420, RBP=0x0000000000000000, RSI=0x000000001aabf420, RDI=0x0000000000000007
R8 =0x0000000000000006, R9 =0x0000000019b5afd0, R10=0x0000000016f1d3f8, R11=0x000000001a9ca148
R12=0x0000000019b5afd0, R13=0x0000000019bb8000, R14=0x000000001aabf4e8, R15=0x0000000016f1d3f8
RIP=0x000000006e2d2177, EFLAGS=0x0000000000010202

Top of Stack: (sp=0x000000001aabf420)
0x000000001aabf420:   0000000000000001 000000006df6ec10
0x000000001aabf430:   0000000019bb8000 0000000019b5afd0
0x000000001aabf440:   00000000ffffffff 000000006e2d30a7
0x000000001aabf450:   000000001aabf550 0000000016f1d3f8
0x000000001aabf460:   0000000019bb8000 000000006e17f913
0x000000001aabf470:   000000001aabf4b0 0000000019bb8000
0x000000001aabf480:   000000001aabf540 0000000019bb8000
0x000000001aabf490:   0000000016f1d3f8 0000000019bb8000
0x000000001aabf4a0:   0000000002963200 0000000019bb8000
0x000000001aabf4b0:   0000000016f1d3f8 0000000019bb8000
0x000000001aabf4c0:   0000000016f1d3f8 0000000019bb8000
0x000000001aabf4d0:   0000000000000001 0000000016f1d3f8
0x000000001aabf4e0:   0000000019bb8000 0000000019b4d720
0x000000001aabf4f0:   0000000019bb8000 000000006e180dfd
0x000000001aabf500:   000000001aabf808 00000001000069a0
0x000000001aabf510:   00000001000069a0 0000000000000001 

Instructions: (pc=0x000000006e2d2177)
0x000000006e2d2157:   48 89 6c 24 30 33 ed 66 90 e8 db 37 08 00 ff c3
0x000000006e2d2167:   48 63 c8 48 8b c6 48 0f af cf 48 ff c7 48 2b c1
0x000000006e2d2177:   89 28 48 63 c3 48 3b 05 1d b5 58 00 7e db 48 8b
0x000000006e2d2187:   6c 24 30 48 8b 5c 24 38 48 8b 74 24 40 48 83 c4 


Register to memory mapping:

RAX=0x000000001aab9420 is pointing into the stack for thread: 0x0000000019bb8000
RBX=0x0000000000000007 is an unknown value
RCX=0x0000000000006000 is an unknown value
RDX=0x0000000000000006 is an unknown value
RSP=0x000000001aabf420 is pointing into the stack for thread: 0x0000000019bb8000
RBP=0x0000000000000000 is an unknown value
RSI=0x000000001aabf420 is pointing into the stack for thread: 0x0000000019bb8000
RDI=0x0000000000000007 is an unknown value
R8 =0x0000000000000006 is an unknown value
R9 =0x0000000019b5afd0 is an unknown value
R10={method} {0x0000000016f1d400} 'run' '()V' in 'java/lang/Thread'
R11=0x000000001a9ca148 is pointing into the stack for thread: 0x0000000019bb8000
R12=0x0000000019b5afd0 is an unknown value
R13=0x0000000019bb8000 is a thread
R14=0x000000001aabf4e8 is pointing into the stack for thread: 0x0000000019bb8000
R15={method} {0x0000000016f1d400} 'run' '()V' in 'java/lang/Thread'


Stack: [0x000000001a9c0000,0x000000001aac0000],  sp=0x000000001aabf420,  free space=1021k
Native frames: (J=compiled Java code, j=interpreted, Vv=VM code, C=native code)


---------------  P R O C E S S  ---------------

Java Threads: ( => current thread )
  0x0000000019bb9000 JavaThread "AWT-Shutdown" [_thread_new, id=236, stack(0x0000000000000000,0x0000000000000000)]
=>0x0000000019bb8000 JavaThread "Java2D Disposer" daemon [_thread_in_vm, id=31276, stack(0x000000001a9c0000,0x000000001aac0000)]
  0x000000001984e000 JavaThread "Service Thread" daemon [_thread_blocked, id=16632, stack(0x000000001a3d0000,0x000000001a4d0000)]
  0x000000001984a000 JavaThread "C1 CompilerThread3" daemon [_thread_blocked, id=28444, stack(0x000000001a2d0000,0x000000001a3d0000)]
  0x0000000019845800 JavaThread "C2 CompilerThread2" daemon [_thread_blocked, id=3384, stack(0x000000001a1d0000,0x000000001a2d0000)]
  0x0000000019841000 JavaThread "C2 CompilerThread1" daemon [_thread_blocked, id=29456, stack(0x000000001a0d0000,0x000000001a1d0000)]
  0x00000000197ea000 JavaThread "C2 CompilerThread0" daemon [_thread_blocked, id=15300, stack(0x0000000019fd0000,0x000000001a0d0000)]
  0x00000000197e7800 JavaThread "Attach Listener" daemon [_thread_blocked, id=21848, stack(0x0000000019ed0000,0x0000000019fd0000)]
  0x00000000197e6000 JavaThread "Signal Dispatcher" daemon [_thread_blocked, id=4780, stack(0x0000000019dd0000,0x0000000019ed0000)]
  0x00000000197e0800 JavaThread "Finalizer" daemon [_thread_blocked, id=30624, stack(0x0000000019bc0000,0x0000000019cc0000)]
  0x00000000178dd800 JavaThread "Reference Handler" daemon [_thread_blocked, id=30284, stack(0x00000000196c0000,0x00000000197c0000)]
  0x0000000002850800 JavaThread "main" [_thread_blocked, id=13836, stack(0x00000000026e0000,0x00000000027e0000)]

Other Threads:
  0x00000000178d9000 VMThread [stack: 0x00000000195c0000,0x00000000196c0000] [id=21524]
  0x0000000019853000 WatcherThread [stack: 0x000000001a4d0000,0x000000001a5d0000] [id=9832]

VM state:not at safepoint (normal execution)

VM Mutex/Monitor currently owned by a thread: None

Heap:
 PSYoungGen      total 38400K, used 3342K [0x00000000d5e00000, 0x00000000d8880000, 0x0000000100000000)
  eden space 33280K, 10% used [0x00000000d5e00000,0x00000000d6143978,0x00000000d7e80000)
  from space 5120K, 0% used [0x00000000d8380000,0x00000000d8380000,0x00000000d8880000)
  to   space 5120K, 0% used [0x00000000d7e80000,0x00000000d7e80000,0x00000000d8380000)
 ParOldGen       total 87552K, used 0K [0x0000000081a00000, 0x0000000086f80000, 0x00000000d5e00000)
  object space 87552K, 0% used [0x0000000081a00000,0x0000000081a00000,0x0000000086f80000)
 Metaspace       used 5497K, capacity 5618K, committed 5888K, reserved 1056768K
  class space    used 615K, capacity 665K, committed 768K, reserved 1048576K

Card table byte_map: [0x0000000011d10000,0x0000000012110000] byte_map_base: 0x0000000011903000

Marking Bits: (ParMarkBitMap*) 0x000000006e8d2f70
 Begin Bits: [0x0000000012bc0000, 0x0000000014b58000)
 End Bits:   [0x0000000014b58000, 0x0000000016af0000)

Polling page: 0x0000000000a90000

CodeCache: size=245760Kb used=1571Kb max_used=1571Kb free=244188Kb
 bounds [0x0000000002950000, 0x0000000002bc0000, 0x0000000011950000]
 total_blobs=573 nmethods=253 adapters=233
 compilation: enabled

Compilation events (10 events):
Event: 3.657 Thread 0x000000001984a000  249       3       java.util.ArrayList::get (11 bytes)
Event: 3.657 Thread 0x000000001984a000 nmethod 249 0x0000000002ad6410 code [0x0000000002ad65a0, 0x0000000002ad68f8]
Event: 3.658 Thread 0x000000001984a000  250       3       java.lang.ref.WeakReference::<init> (7 bytes)
Event: 3.658 Thread 0x000000001984a000 nmethod 250 0x0000000002ad6b10 code [0x0000000002ad6c80, 0x0000000002ad6f30]
Event: 3.661 Thread 0x000000001984a000  251       3       java.util.HashMap::newNode (13 bytes)
Event: 3.661 Thread 0x000000001984a000 nmethod 251 0x0000000002ad84d0 code [0x0000000002ad8640, 0x0000000002ad88f0]
Event: 3.661 Thread 0x000000001984a000  252       3       java.util.HashMap::afterNodeInsertion (1 bytes)
Event: 3.661 Thread 0x000000001984a000 nmethod 252 0x0000000002ad8a10 code [0x0000000002ad8b60, 0x0000000002ad8cb0]
Event: 3.665 Thread 0x000000001984a000  253       3       java.lang.String::substring (56 bytes)
Event: 3.665 Thread 0x000000001984a000 nmethod 253 0x0000000002ad8d10 code [0x0000000002ad8ea0, 0x0000000002ad9248]

GC Heap History (0 events):
No events

Deoptimization events (0 events):
No events

Internal exceptions (9 events):
Event: 0.661 Thread 0x0000000002850800 Exception <a 'java/lang/NoSuchMethodError': Method sun.misc.Unsafe.defineClass(Ljava/lang/String;[BII)Ljava/lang/Class; name or signature does not match> (0x00000000d5e07cc0) thrown at [C:\re\workspace\8-2-build-windows-amd64-cygwin\jdk8u91\6644\hotspot\srgDù®Ž%å?
Event: 0.661 Thread 0x0000000002850800 Exception <a 'java/lang/NoSuchMethodError': Method sun.misc.Unsafe.prefetchRead(Ljava/lang/Object;J)V name or signature does not match> (0x00000000d5e07fa8) thrown at [C:\re\workspace\8-2-build-windows-amd64-cygwin\jdk8u91\6644\hotspot\src\share\vm\prims\jŽioiHÿ?
Event: 1.955 Thread 0x0000000002850800 Exception <a 'java/security/PrivilegedActionException'> (0x00000000d5ed1928) thrown at [C:\re\workspace\8-2-build-windows-amd64-cygwin\jdk8u91\6644\hotspot\src\share\vm\prims\jvm.cpp, line 1386]
Event: 1.955 Thread 0x0000000002850800 Exception <a 'java/security/PrivilegedActionException'> (0x00000000d5ed1b38) thrown at [C:\re\workspace\8-2-build-windows-amd64-cygwin\jdk8u91\6644\hotspot\src\share\vm\prims\jvm.cpp, line 1386]
Event: 1.956 Thread 0x0000000002850800 Exception <a 'java/security/PrivilegedActionException'> (0x00000000d5ed5980) thrown at [C:\re\workspace\8-2-build-windows-amd64-cygwin\jdk8u91\6644\hotspot\src\share\vm\prims\jvm.cpp, line 1386]
Event: 1.956 Thread 0x0000000002850800 Exception <a 'java/security/PrivilegedActionException'> (0x00000000d5ed5b90) thrown at [C:\re\workspace\8-2-build-windows-amd64-cygwin\jdk8u91\6644\hotspot\src\share\vm\prims\jvm.cpp, line 1386]
Event: 3.188 Thread 0x0000000002850800 Exception <a 'java/io/FileNotFoundException'> (0x00000000d5ed8ad0) thrown at [C:\re\workspace\8-2-build-windows-amd64-cygwin\jdk8u91\6644\hotspot\src\share\vm\prims\jni.cpp, line 709]
Event: 3.324 Thread 0x0000000002850800 Exception <a 'java/lang/NoSuchFieldError': method resolution failed> (0x00000000d604cbb0) thrown at [C:\re\workspace\8-2-build-windows-amd64-cygwin\jdk8u91\6644\hotspot\src\share\vm\prims\methodHandles.cpp, line 1146]
Event: 3.327 Thread 0x0000000002850800 Exception <a 'java/lang/NoSuchFieldError': method resolution failed> (0x00000000d6059f80) thrown at [C:\re\workspace\8-2-build-windows-amd64-cygwin\jdk8u91\6644\hotspot\src\share\vm\prims\methodHandles.cpp, line 1146]

Events (10 events):
Event: 3.663 loading class sun/java2d/Disposer
Event: 3.664 loading class sun/java2d/Disposer done
Event: 3.664 loading class sun/java2d/Disposer$1
Event: 3.664 loading class sun/java2d/Disposer$1 done
Event: 3.665 loading class sun/misc/ThreadGroupUtils
Event: 3.665 loading class sun/misc/ThreadGroupUtils done
Event: 3.665 Thread 0x0000000019bb8000 Thread added: 0x0000000019bb8000
Event: 3.665 loading class sun/awt/AWTAutoShutdown
Event: 3.666 loading class sun/awt/AWTAutoShutdown done
Event: 3.666 Thread 0x0000000019bb9000 Thread added: 0x0000000019bb9000


Dynamic libraries:
0x00007ff713fe0000 - 0x00007ff714017000 	C:\Program Files\Java\jdk1.8.0_91\bin\java.exe
0x00007ff96de80000 - 0x00007ff96e051000 	C:\WINDOWS\SYSTEM32\ntdll.dll
0x00007ff96d8a0000 - 0x00007ff96d94b000 	C:\WINDOWS\System32\KERNEL32.DLL
0x00007ff96a3d0000 - 0x00007ff96a5ed000 	C:\WINDOWS\System32\KERNELBASE.dll
0x00007ff96dd30000 - 0x00007ff96ddd2000 	C:\WINDOWS\System32\ADVAPI32.dll
0x00007ff96b9e0000 - 0x00007ff96ba7e000 	C:\WINDOWS\System32\msvcrt.dll
0x00007ff96b550000 - 0x00007ff96b5a9000 	C:\WINDOWS\System32\sechost.dll
0x00007ff96bb10000 - 0x00007ff96bc31000 	C:\WINDOWS\System32\RPCRT4.dll
0x00007ff96bd00000 - 0x00007ff96be65000 	C:\WINDOWS\System32\USER32.dll
0x00007ff96b3f0000 - 0x00007ff96b40e000 	C:\WINDOWS\System32\win32u.dll
0x00007ff96bcc0000 - 0x00007ff96bcf4000 	C:\WINDOWS\System32\GDI32.dll
0x00007ff96a6a0000 - 0x00007ff96a822000 	C:\WINDOWS\System32\gdi32full.dll
0x00007ff966ae0000 - 0x00007ff966d59000 	C:\WINDOWS\WinSxS\amd64_microsoft.windows.common-controls_6595b64144ccf1df_6.0.14393.0_none_2d0f50fcbdb171b8\COMCTL32.dll
0x00007ff96d960000 - 0x00007ff96dc27000 	C:\WINDOWS\System32\combase.dll
0x00007ff96af10000 - 0x00007ff96b005000 	C:\WINDOWS\System32\ucrtbase.dll
0x00007ff96b160000 - 0x00007ff96b1ca000 	C:\WINDOWS\System32\bcryptPrimitives.dll
0x00007ff96ba80000 - 0x00007ff96baae000 	C:\WINDOWS\System32\IMM32.DLL
0x000000006f550000 - 0x000000006f622000 	C:\Program Files\Java\jdk1.8.0_91\jre\bin\msvcr100.dll
0x000000006e0c0000 - 0x000000006e953000 	C:\Program Files\Java\jdk1.8.0_91\jre\bin\server\jvm.dll
0x00007ff96b4e0000 - 0x00007ff96b4e8000 	C:\WINDOWS\System32\PSAPI.DLL
0x00007ff9678a0000 - 0x00007ff9678a9000 	C:\WINDOWS\SYSTEM32\WSOCK32.dll
0x00007ff96bc50000 - 0x00007ff96bcba000 	C:\WINDOWS\System32\WS2_32.dll
0x00007ff968600000 - 0x00007ff968623000 	C:\WINDOWS\SYSTEM32\WINMM.dll
0x00007ff966ab0000 - 0x00007ff966aba000 	C:\WINDOWS\SYSTEM32\VERSION.dll
0x00007ff968300000 - 0x00007ff96832b000 	C:\WINDOWS\SYSTEM32\WINMMBASE.dll
0x00007ff96b1d0000 - 0x00007ff96b212000 	C:\WINDOWS\System32\cfgmgr32.dll
0x000000006f7c0000 - 0x000000006f7cf000 	C:\Program Files\Java\jdk1.8.0_91\jre\bin\verify.dll
0x000000006e090000 - 0x000000006e0b9000 	C:\Program Files\Java\jdk1.8.0_91\jre\bin\java.dll
0x000000006e070000 - 0x000000006e086000 	C:\Program Files\Java\jdk1.8.0_91\jre\bin\zip.dll
0x00007ff96c110000 - 0x00007ff96d618000 	C:\WINDOWS\System32\SHELL32.dll
0x00007ff96a830000 - 0x00007ff96af0a000 	C:\WINDOWS\System32\windows.storage.dll
0x00007ff96a2f0000 - 0x00007ff96a33c000 	C:\WINDOWS\System32\powrprof.dll
0x00007ff96b480000 - 0x00007ff96b4d2000 	C:\WINDOWS\System32\shlwapi.dll
0x00007ff96a2e0000 - 0x00007ff96a2ef000 	C:\WINDOWS\System32\kernel.appcore.dll
0x00007ff96b0b0000 - 0x00007ff96b159000 	C:\WINDOWS\System32\shcore.dll
0x00007ff96a350000 - 0x00007ff96a364000 	C:\WINDOWS\System32\profapi.dll
0x000000006de90000 - 0x000000006e028000 	C:\Program Files\Java\jdk1.8.0_91\jre\bin\awt.dll
0x00007ff96d620000 - 0x00007ff96d6df000 	C:\WINDOWS\System32\OLEAUT32.dll
0x00007ff96b010000 - 0x00007ff96b0ac000 	C:\WINDOWS\System32\msvcp_win.dll
0x00007ff968890000 - 0x00007ff96890a000 	C:\WINDOWS\SYSTEM32\apphelp.dll

VM Arguments:
java_command: C:\Users\Lucas\Documents\MaterialCodigoAprendizaje\2DAM\ProgramacionServiciosProcesos\Editor\dist\DocumentEditor.jar
java_class_path (initial): C:\Users\Lucas\Documents\MaterialCodigoAprendizaje\2DAM\ProgramacionServiciosProcesos\Editor\dist\DocumentEditor.jar
Launcher Type: SUN_STANDARD

Environment Variables:
PATH=C:\ProgramData\Oracle\Java\javapath;C:\Program Files (x86)\Intel\iCLS Client\;C:\Program Files\Intel\iCLS Client\;C:\Windows\system32;C:\Windows;C:\Windows\System32\Wbem;C:\Windows\System32\WindowsPowerShell\v1.0\;C:\Program Files (x86)\NVIDIA Corporation\PhysX\Common;C:\Program Files (x86)\Intel\Intel(R) Management Engine Components\DAL;C:\Program Files\Intel\Intel(R) Management Engine Components\DAL;C:\Program Files (x86)\Intel\Intel(R) Management Engine Components\IPT;C:\Program Files\Intel\Intel(R) Management Engine Components\IPT;C:\Program Files (x86)\Skype\Phone\;C:\Program Files\Git\cmd;C:\WINDOWS\system32;C:\WINDOWS;C:\WINDOWS\System32\Wbem;C:\WINDOWS\System32\WindowsPowerShell\v1.0\;C:\Users\Lucas\AppData\Local\atom\bin;%USERPROFILE%\AppData\Local\Microsoft\WindowsApps;
USERNAME=Lucas
OS=Windows_NT
PROCESSOR_IDENTIFIER=Intel64 Family 6 Model 94 Stepping 3, GenuineIntel



---------------  S Y S T E M  ---------------

OS: Windows 10.0 , 64 bit Build 14393 (10.0.14393.0)

CPU:total 8 (4 cores per cpu, 2 threads per core) family 6 model 94 stepping 3, cmov, cx8, fxsr, mmx, sse, sse2, sse3, ssse3, sse4.1, sse4.2, popcnt, avx, avx2, aes, clmul, erms, rtm, 3dnowpref, lzcnt, ht, tsc, tscinvbit, bmi1, bmi2, adx

Memory: 4k page, physical 8281880k(1474832k free), swap 33447704k(3100k free)

vm_info: Java HotSpot(TM) 64-Bit Server VM (25.91-b14) for windows-amd64 JRE (1.8.0_91-b14), built on Apr  1 2016 00:58:32 by "java_re" with MS VC++ 10.0 (VS2010)

time: Thu Oct 06 09:34:02 2016
elapsed time: 3 seconds (0d 0h 0m 3s)

