#
# There is insufficient memory for the Java Runtime Environment to continue.
# Native memory allocation (malloc) failed to allocate 44096 bytes for Chunk::new
# Possible reasons:
#   The system is out of physical RAM or swap space
#   In 32 bit mode, the process size limit was hit
# Possible solutions:
#   Reduce memory load on the system
#   Increase physical memory or swap space
#   Check if swap backing store is full
#   Use 64 bit Java on a 64 bit OS
#   Decrease Java heap size (-Xmx/-Xms)
#   Decrease number of Java threads
#   Decrease Java thread stack sizes (-Xss)
#   Set larger code cache with -XX:ReservedCodeCacheSize=
# This output file may be truncated or incomplete.
#
#  Out of Memory Error (allocation.cpp:390), pid=4732, tid=18780
#
# JRE version: Java(TM) SE Runtime Environment (8.0_91-b14) (build 1.8.0_91-b14)
# Java VM: Java HotSpot(TM) 64-Bit Server VM (25.91-b14 mixed mode windows-amd64 compressed oops)
# Failed to write core dump. Minidumps are not enabled by default on client versions of Windows
#

---------------  T H R E A D  ---------------

Current thread (0x0000000019e5a000):  JavaThread "C2 CompilerThread0" daemon [_thread_in_native, id=18780, stack(0x000000001a650000,0x000000001a750000)]

Stack: [0x000000001a650000,0x000000001a750000]
[error occurred during error reporting (printing stack bounds), id 0xc0000005]

Native frames: (J=compiled Java code, j=interpreted, Vv=VM code, C=native code)


Current CompileTask:
C2:   3683  517       4       java.lang.StringBuilder::append (8 bytes)


---------------  P R O C E S S  ---------------

Java Threads: ( => current thread )
  0x000000001b1e6000 JavaThread "Image Fetcher 3" daemon [_thread_blocked, id=11112, stack(0x000000001c270000,0x000000001c370000)]
  0x000000001b17f800 JavaThread "Image Fetcher 2" daemon [_thread_new, id=16556, stack(0x0000000000000000,0x0000000000000000)]
  0x000000001b16d800 JavaThread "Image Fetcher 1" daemon [_thread_new, id=21408, stack(0x0000000000000000,0x0000000000000000)]
  0x000000001b169800 JavaThread "Image Fetcher 0" daemon [_thread_blocked, id=15676, stack(0x000000001bf70000,0x000000001c070000)]
  0x0000000002dc0800 JavaThread "DestroyJavaVM" [_thread_blocked, id=17384, stack(0x0000000002c80000,0x0000000002d80000)]
  0x000000001a22b000 JavaThread "AWT-EventQueue-0" [_thread_blocked, id=17848, stack(0x000000001bc30000,0x000000001bd30000)]
  0x000000001a228000 JavaThread "AWT-Windows" daemon [_thread_in_native, id=21720, stack(0x000000001ba40000,0x000000001bb40000)]
  0x000000001b074800 JavaThread "AWT-Shutdown" [_thread_blocked, id=20304, stack(0x000000001b940000,0x000000001ba40000)]
  0x000000001b074000 JavaThread "Java2D Disposer" daemon [_thread_blocked, id=20300, stack(0x000000001b840000,0x000000001b940000)]
  0x0000000019ebf000 JavaThread "Service Thread" daemon [_thread_blocked, id=18940, stack(0x000000001aa50000,0x000000001ab50000)]
  0x0000000019eba000 JavaThread "C1 CompilerThread3" daemon [_thread_blocked, id=18924, stack(0x000000001a950000,0x000000001aa50000)]
  0x0000000019eb6800 JavaThread "C2 CompilerThread2" daemon [_thread_blocked, id=18900, stack(0x000000001a850000,0x000000001a950000)]
  0x0000000019e5c000 JavaThread "C2 CompilerThread1" daemon [_thread_blocked, id=18832, stack(0x000000001a750000,0x000000001a850000)]
=>0x0000000019e5a000 JavaThread "C2 CompilerThread0" daemon [_thread_in_native, id=18780, stack(0x000000001a650000,0x000000001a750000)]
  0x0000000019e57800 JavaThread "Attach Listener" daemon [_thread_blocked, id=18776, stack(0x000000001a550000,0x000000001a650000)]
  0x0000000019e54000 JavaThread "Signal Dispatcher" daemon [_thread_blocked, id=18772, stack(0x000000001a450000,0x000000001a550000)]
  0x0000000002eb7000 JavaThread "Finalizer" daemon [_thread_blocked, id=18272, stack(0x000000001a230000,0x000000001a330000)]
  0x0000000017e4d800 JavaThread "Reference Handler" daemon [_thread_blocked, id=18268, stack(0x0000000019d30000,0x0000000019e30000)]

Other Threads:
  0x0000000017e49000 VMThread [stack: 0x0000000019b30000,0x0000000019c30000] [id=17552]
  0x0000000019ec1800 WatcherThread [stack: 0x000000001ab50000,0x000000001ac50000] [id=19004]

VM state:not at safepoint (normal execution)

VM Mutex/Monitor currently owned by a thread: None

Heap:
 PSYoungGen      total 38400K, used 9333K [0x00000000d5e00000, 0x00000000d8880000, 0x0000000100000000)
  eden space 33280K, 28% used [0x00000000d5e00000,0x00000000d671d6c0,0x00000000d7e80000)
  from space 5120K, 0% used [0x00000000d8380000,0x00000000d8380000,0x00000000d8880000)
  to   space 5120K, 0% used [0x00000000d7e80000,0x00000000d7e80000,0x00000000d8380000)
 ParOldGen       total 87552K, used 0K [0x0000000081a00000, 0x0000000086f80000, 0x00000000d5e00000)
  object space 87552K, 0% used [0x0000000081a00000,0x0000000081a00000,0x0000000086f80000)
 Metaspace       used 10962K, capacity 11134K, committed 11264K, reserved 1058816K
  class space    used 1402K, capacity 1478K, committed 1536K, reserved 1048576K

Card table byte_map: [0x0000000012280000,0x0000000012680000] byte_map_base: 0x0000000011e73000

Marking Bits: (ParMarkBitMap*) 0x000000006e8d2f70
 Begin Bits: [0x0000000013130000, 0x00000000150c8000)
 End Bits:   [0x00000000150c8000, 0x0000000017060000)

Polling page: 0x0000000002b40000

CodeCache: size=245760Kb used=2125Kb max_used=2125Kb free=243634Kb
 bounds [0x0000000002ec0000, 0x0000000003130000, 0x0000000011ec0000]
 total_blobs=962 nmethods=517 adapters=358
 compilation: enabled

Compilation events (10 events):
Event: 3.678 Thread 0x0000000019eba000 nmethod 513 0x00000000030d2350 code [0x00000000030d24e0, 0x00000000030d2a10]
Event: 3.678 Thread 0x0000000019eba000  514       3       java.lang.reflect.Executable::<init> (5 bytes)
Event: 3.678 Thread 0x0000000019eba000 nmethod 514 0x00000000030d2bd0 code [0x00000000030d2d40, 0x00000000030d2f50]
Event: 3.678 Thread 0x0000000019eba000  515       1       java.lang.reflect.Method::getRoot (5 bytes)
Event: 3.678 Thread 0x0000000019eba000 nmethod 515 0x00000000030d3010 code [0x00000000030d3160, 0x00000000030d3270]
Event: 3.680 Thread 0x0000000019eba000  516       3       sun.nio.cs.SingleByte$Encoder::encode (32 bytes)
Event: 3.680 Thread 0x0000000019e5a000  517       4       java.lang.StringBuilder::append (8 bytes)
Event: 3.680 Thread 0x0000000019eba000 nmethod 516 0x00000000030d32d0 code [0x00000000030d3440, 0x00000000030d3650]
Event: 3.681 Thread 0x0000000019eba000  518       3       java.nio.ByteBuffer::arrayOffset (35 bytes)
Event: 3.681 Thread 0x0000000019eba000 nmethod 518 0x00000000030d3790 code [0x00000000030d3920, 0x00000000030d3c38]

GC Heap History (0 events):
No events

Deoptimization events (0 events):
No events

Internal exceptions (10 events):
Event: 0.636 Thread 0x0000000002dc0800 Exception <a 'java/security/PrivilegedActionException'> (0x00000000d5f77fa0) thrown at [C:\re\workspace\8-2-build-windows-amd64-cygwin\jdk8u91\6644\hotspot\src\share\vm\prims\jvm.cpp, line 1386]
Event: 0.636 Thread 0x0000000002dc0800 Exception <a 'java/security/PrivilegedActionException'> (0x00000000d5f781b0) thrown at [C:\re\workspace\8-2-build-windows-amd64-cygwin\jdk8u91\6644\hotspot\src\share\vm\prims\jvm.cpp, line 1386]
Event: 0.637 Thread 0x0000000002dc0800 Exception <a 'java/security/PrivilegedActionException'> (0x00000000d5f7bff8) thrown at [C:\re\workspace\8-2-build-windows-amd64-cygwin\jdk8u91\6644\hotspot\src\share\vm\prims\jvm.cpp, line 1386]
Event: 0.637 Thread 0x0000000002dc0800 Exception <a 'java/security/PrivilegedActionException'> (0x00000000d5f7c208) thrown at [C:\re\workspace\8-2-build-windows-amd64-cygwin\jdk8u91\6644\hotspot\src\share\vm\prims\jvm.cpp, line 1386]
Event: 0.643 Thread 0x0000000002dc0800 Exception <a 'java/io/FileNotFoundException'> (0x00000000d5f7f148) thrown at [C:\re\workspace\8-2-build-windows-amd64-cygwin\jdk8u91\6644\hotspot\src\share\vm\prims\jni.cpp, line 709]
Event: 0.781 Thread 0x0000000002dc0800 Exception <a 'java/lang/NoSuchFieldError': method resolution failed> (0x00000000d604cad8) thrown at [C:\re\workspace\8-2-build-windows-amd64-cygwin\jdk8u91\6644\hotspot\src\share\vm\prims\methodHandles.cpp, line 1146]
Event: 0.783 Thread 0x0000000002dc0800 Exception <a 'java/lang/NoSuchFieldError': method resolution failed> (0x00000000d6059ea8) thrown at [C:\re\workspace\8-2-build-windows-amd64-cygwin\jdk8u91\6644\hotspot\src\share\vm\prims\methodHandles.cpp, line 1146]
Event: 2.952 Thread 0x000000001a22b000 Exception <a 'java/io/FileNotFoundException'> (0x00000000d6373b70) thrown at [C:\re\workspace\8-2-build-windows-amd64-cygwin\jdk8u91\6644\hotspot\src\share\vm\prims\jni.cpp, line 709]
Event: 3.679 Thread 0x000000001a22b000 Exception <a 'java/lang/OutOfMemoryError': (class: org/jdesktop/application/TextActions, method: <init> signature: (Lorg/jdesktop/application/ApplicationContext;)V) > (0x00000000d65b16b0) thrown at [C:\re\workspace\8-2-build-windows-amd64-cygwin\jdk8u91\66*zhn@
Event: 3.679 Thread 0x000000001a22b000 Exception <a 'java/lang/OutOfMemoryError'> (0x00000000d65b16b0) thrown at [C:\re\workspace\8-2-build-windows-amd64-cygwin\jdk8u91\6644\hotspot\src\share\vm\prims\jvm.cpp, line 1390]

Events (10 events):
Event: 3.678 loading class org/jdesktop/application/TextActions
Event: 3.678 loading class org/jdesktop/application/TextActions done
Event: 3.679 loading class java/lang/Throwable$WrappedPrintStream
Event: 3.679 loading class java/lang/Throwable$PrintStreamOrWriter
Event: 3.679 loading class java/lang/Throwable$PrintStreamOrWriter done
Event: 3.679 loading class java/lang/Throwable$WrappedPrintStream done
Event: 3.679 loading class java/util/IdentityHashMap$KeySet
Event: 3.680 loading class java/util/IdentityHashMap$KeySet done
Event: 3.681 loading class java/util/concurrent/locks/LockSupport
Event: 3.681 loading class java/util/concurrent/locks/LockSupport done


Dynamic libraries:
0x00007ff713fe0000 - 0x00007ff714017000 	C:\Program Files\Java\jdk1.8.0_91\bin\java.exe
0x00007ff96de80000 - 0x00007ff96e051000 	C:\WINDOWS\SYSTEM32\ntdll.dll
0x00007ff96d8a0000 - 0x00007ff96d94b000 	C:\WINDOWS\System32\KERNEL32.DLL
0x00007ff96a3d0000 - 0x00007ff96a5ed000 	C:\WINDOWS\System32\KERNELBASE.dll
0x00007ff96dd30000 - 0x00007ff96ddd2000 	C:\WINDOWS\System32\ADVAPI32.dll
0x00007ff96b9e0000 - 0x00007ff96ba7e000 	C:\WINDOWS\System32\msvcrt.dll
0x00007ff96b550000 - 0x00007ff96b5a9000 	C:\WINDOWS\System32\sechost.dll
0x00007ff96bb10000 - 0x00007ff96bc31000 	C:\WINDOWS\System32\RPCRT4.dll
0x00007ff96bd00000 - 0x00007ff96be65000 	C:\WINDOWS\System32\USER32.dll
0x00007ff96b3f0000 - 0x00007ff96b40e000 	C:\WINDOWS\System32\win32u.dll
0x00007ff96bcc0000 - 0x00007ff96bcf4000 	C:\WINDOWS\System32\GDI32.dll
0x00007ff96a6a0000 - 0x00007ff96a822000 	C:\WINDOWS\System32\gdi32full.dll
0x00007ff966ae0000 - 0x00007ff966d59000 	C:\WINDOWS\WinSxS\amd64_microsoft.windows.common-controls_6595b64144ccf1df_6.0.14393.0_none_2d0f50fcbdb171b8\COMCTL32.dll
0x00007ff96d960000 - 0x00007ff96dc27000 	C:\WINDOWS\System32\combase.dll
0x00007ff96af10000 - 0x00007ff96b005000 	C:\WINDOWS\System32\ucrtbase.dll
0x00007ff96b160000 - 0x00007ff96b1ca000 	C:\WINDOWS\System32\bcryptPrimitives.dll
0x00007ff96ba80000 - 0x00007ff96baae000 	C:\WINDOWS\System32\IMM32.DLL
0x000000006f550000 - 0x000000006f622000 	C:\Program Files\Java\jdk1.8.0_91\jre\bin\msvcr100.dll
0x000000006e0c0000 - 0x000000006e953000 	C:\Program Files\Java\jdk1.8.0_91\jre\bin\server\jvm.dll
0x00007ff96b4e0000 - 0x00007ff96b4e8000 	C:\WINDOWS\System32\PSAPI.DLL
0x00007ff9678a0000 - 0x00007ff9678a9000 	C:\WINDOWS\SYSTEM32\WSOCK32.dll
0x00007ff96bc50000 - 0x00007ff96bcba000 	C:\WINDOWS\System32\WS2_32.dll
0x00007ff968600000 - 0x00007ff968623000 	C:\WINDOWS\SYSTEM32\WINMM.dll
0x00007ff966ab0000 - 0x00007ff966aba000 	C:\WINDOWS\SYSTEM32\VERSION.dll
0x00007ff968300000 - 0x00007ff96832b000 	C:\WINDOWS\SYSTEM32\WINMMBASE.dll
0x00007ff96b1d0000 - 0x00007ff96b212000 	C:\WINDOWS\System32\cfgmgr32.dll
0x000000006f7c0000 - 0x000000006f7cf000 	C:\Program Files\Java\jdk1.8.0_91\jre\bin\verify.dll
0x000000006e090000 - 0x000000006e0b9000 	C:\Program Files\Java\jdk1.8.0_91\jre\bin\java.dll
0x000000006e070000 - 0x000000006e086000 	C:\Program Files\Java\jdk1.8.0_91\jre\bin\zip.dll
0x00007ff96c110000 - 0x00007ff96d618000 	C:\WINDOWS\System32\SHELL32.dll
0x00007ff96a830000 - 0x00007ff96af0a000 	C:\WINDOWS\System32\windows.storage.dll
0x00007ff96a2f0000 - 0x00007ff96a33c000 	C:\WINDOWS\System32\powrprof.dll
0x00007ff96b480000 - 0x00007ff96b4d2000 	C:\WINDOWS\System32\shlwapi.dll
0x00007ff96a2e0000 - 0x00007ff96a2ef000 	C:\WINDOWS\System32\kernel.appcore.dll
0x00007ff96b0b0000 - 0x00007ff96b159000 	C:\WINDOWS\System32\shcore.dll
0x00007ff96a350000 - 0x00007ff96a364000 	C:\WINDOWS\System32\profapi.dll
0x000000006de90000 - 0x000000006e028000 	C:\Program Files\Java\jdk1.8.0_91\jre\bin\awt.dll
0x00007ff96d620000 - 0x00007ff96d6df000 	C:\WINDOWS\System32\OLEAUT32.dll
0x00007ff96b010000 - 0x00007ff96b0ac000 	C:\WINDOWS\System32\msvcp_win.dll
0x00007ff968890000 - 0x00007ff96890a000 	C:\WINDOWS\SYSTEM32\apphelp.dll
0x00007ff968ad0000 - 0x00007ff968b65000 	C:\WINDOWS\system32\uxtheme.dll
0x00007ff96bfb0000 - 0x00007ff96c10b000 	C:\WINDOWS\System32\MSCTF.dll
0x00007ff967e30000 - 0x00007ff967e56000 	C:\WINDOWS\system32\dwmapi.dll
0x00007ff96be70000 - 0x00007ff96bfa7000 	C:\WINDOWS\System32\ole32.dll
0x000000006de40000 - 0x000000006de87000 	C:\Program Files\Java\jdk1.8.0_91\jre\bin\fontmanager.dll
0x000000006e050000 - 0x000000006e06a000 	C:\Program Files\Java\jdk1.8.0_91\jre\bin\net.dll
0x00007ff969950000 - 0x00007ff9699ac000 	C:\WINDOWS\system32\mswsock.dll
0x000000006e030000 - 0x000000006e041000 	C:\Program Files\Java\jdk1.8.0_91\jre\bin\nio.dll

VM Arguments:
java_command: C:\Users\Lucas\Documents\MaterialCodigoAprendizaje\2DAM\ProgramacionServiciosProcesos\Editor\dist\DocumentEditor.jar
java_class_path (initial): C:\Users\Lucas\Documents\MaterialCodigoAprendizaje\2DAM\ProgramacionServiciosProcesos\Editor\dist\DocumentEditor.jar
Launcher Type: SUN_STANDARD

Environment Variables:
PATH=C:\ProgramData\Oracle\Java\javapath;C:\Program Files (x86)\Intel\iCLS Client\;C:\Program Files\Intel\iCLS Client\;C:\Windows\system32;C:\Windows;C:\Windows\System32\Wbem;C:\Windows\System32\WindowsPowerShell\v1.0\;C:\Program Files (x86)\NVIDIA Corporation\PhysX\Common;C:\Program Files (x86)\Intel\Intel(R) Management Engine Components\DAL;C:\Program Files\Intel\Intel(R) Management Engine Components\DAL;C:\Program Files (x86)\Intel\Intel(R) Management Engine Components\IPT;C:\Program Files\Intel\Intel(R) Management Engine Components\IPT;C:\Program Files (x86)\Skype\Phone\;C:\Program Files\Git\cmd;C:\WINDOWS\system32;C:\WINDOWS;C:\WINDOWS\System32\Wbem;C:\WINDOWS\System32\WindowsPowerShell\v1.0\;C:\Users\Lucas\AppData\Local\atom\bin;%USERPROFILE%\AppData\Local\Microsoft\WindowsApps;
USERNAME=Lucas
OS=Windows_NT
PROCESSOR_IDENTIFIER=Intel64 Family 6 Model 94 Stepping 3, GenuineIntel



---------------  S Y S T E M  ---------------

OS: Windows 10.0 , 64 bit Build 14393 (10.0.14393.0)

CPU:total 8 (4 cores per cpu, 2 threads per core) family 6 model 94 stepping 3, cmov, cx8, fxsr, mmx, sse, sse2, sse3, ssse3, sse4.1, sse4.2, popcnt, avx, avx2, aes, clmul, erms, rtm, 3dnowpref, lzcnt, ht, tsc, tscinvbit, bmi1, bmi2, adx

Memory: 4k page, physical 8281880k(1929192k free), swap 33447704k(3388k free)

vm_info: Java HotSpot(TM) 64-Bit Server VM (25.91-b14) for windows-amd64 JRE (1.8.0_91-b14), built on Apr  1 2016 00:58:32 by "java_re" with MS VC++ 10.0 (VS2010)

time: Thu Oct 06 09:33:48 2016
elapsed time: 3 seconds (0d 0h 0m 3s)

