#
# There is insufficient memory for the Java Runtime Environment to continue.
# Native memory allocation (malloc) failed to allocate 32744 bytes for ChunkPool::allocate
# Possible reasons:
#   The system is out of physical RAM or swap space
#   In 32 bit mode, the process size limit was hit
# Possible solutions:
#   Reduce memory load on the system
#   Increase physical memory or swap space
#   Check if swap backing store is full
#   Use 64 bit Java on a 64 bit OS
#   Decrease Java heap size (-Xmx/-Xms)
#   Decrease number of Java threads
#   Decrease Java thread stack sizes (-Xss)
#   Set larger code cache with -XX:ReservedCodeCacheSize=
# This output file may be truncated or incomplete.
#
#  Out of Memory Error (allocation.cpp:273), pid=3256, tid=24544
#
# JRE version: Java(TM) SE Runtime Environment (8.0_91-b14) (build 1.8.0_91-b14)
# Java VM: Java HotSpot(TM) 64-Bit Server VM (25.91-b14 mixed mode windows-amd64 compressed oops)
# Failed to write core dump. Minidumps are not enabled by default on client versions of Windows
#

---------------  T H R E A D  ---------------

Current thread (0x0000000019337000):  JavaThread "C2 CompilerThread0" daemon [_thread_in_native, id=24544, stack(0x0000000019b20000,0x0000000019c20000)]

Stack: [0x0000000019b20000,0x0000000019c20000]
[error occurred during error reporting (printing stack bounds), id 0xc0000005]

Native frames: (J=compiled Java code, j=interpreted, Vv=VM code, C=native code)


Current CompileTask:
C2:  28940  759       4       java.nio.ByteBufferAsCharBufferB::get (16 bytes)


---------------  P R O C E S S  ---------------

Java Threads: ( => current thread )
  0x0000000019696800 JavaThread "Image Fetcher 0" daemon [_thread_blocked, id=17460, stack(0x000000001b770000,0x000000001b870000)]
  0x0000000002370800 JavaThread "DestroyJavaVM" [_thread_blocked, id=16716, stack(0x0000000002230000,0x0000000002330000)]
  0x000000001970e800 JavaThread "AWT-EventQueue-0" [_thread_in_native, id=17332, stack(0x000000001b130000,0x000000001b230000)]
  0x000000001970c000 JavaThread "AWT-Windows" daemon [_thread_in_native, id=10304, stack(0x000000001af10000,0x000000001b010000)]
  0x000000001a531800 JavaThread "AWT-Shutdown" [_thread_blocked, id=22084, stack(0x000000001ae10000,0x000000001af10000)]
  0x000000001a531000 JavaThread "Java2D Disposer" daemon [_thread_blocked, id=3180, stack(0x000000001ad10000,0x000000001ae10000)]
  0x00000000193a4800 JavaThread "Service Thread" daemon [_thread_blocked, id=21660, stack(0x0000000019f20000,0x000000001a020000)]
  0x0000000019398000 JavaThread "C1 CompilerThread3" daemon [_thread_in_vm, id=17940, stack(0x0000000019e20000,0x0000000019f20000)]
  0x0000000019394800 JavaThread "C2 CompilerThread2" daemon [_thread_blocked, id=20572, stack(0x0000000019d20000,0x0000000019e20000)]
  0x000000001933a000 JavaThread "C2 CompilerThread1" daemon [_thread_blocked, id=26812, stack(0x0000000019c20000,0x0000000019d20000)]
=>0x0000000019337000 JavaThread "C2 CompilerThread0" daemon [_thread_in_native, id=24544, stack(0x0000000019b20000,0x0000000019c20000)]
  0x0000000019334800 JavaThread "Attach Listener" daemon [_thread_blocked, id=24540, stack(0x0000000019a20000,0x0000000019b20000)]
  0x000000000246e000 JavaThread "Signal Dispatcher" daemon [_thread_blocked, id=24528, stack(0x0000000019920000,0x0000000019a20000)]
  0x0000000002467000 JavaThread "Finalizer" daemon [_thread_blocked, id=23048, stack(0x0000000019710000,0x0000000019810000)]
  0x000000001742d800 JavaThread "Reference Handler" daemon [_thread_blocked, id=23032, stack(0x0000000019210000,0x0000000019310000)]

Other Threads:
  0x0000000017429000 VMThread [stack: 0x0000000019110000,0x0000000019210000] [id=20048]
  0x000000001939e000 WatcherThread [stack: 0x000000001a020000,0x000000001a120000] [id=11484]

VM state:not at safepoint (normal execution)

VM Mutex/Monitor currently owned by a thread:  ([mutex/lock_event])
[0x000000000236d250] Compile_lock - owner thread: 0x0000000019398000

Heap:
 PSYoungGen      total 38400K, used 2662K [0x00000000d5e00000, 0x00000000d8880000, 0x0000000100000000)
  eden space 33280K, 8% used [0x00000000d5e00000,0x00000000d6099a88,0x00000000d7e80000)
  from space 5120K, 0% used [0x00000000d7e80000,0x00000000d7e80000,0x00000000d8380000)
  to   space 5120K, 0% used [0x00000000d8380000,0x00000000d8380000,0x00000000d8880000)
 ParOldGen       total 54784K, used 2505K [0x0000000081a00000, 0x0000000084f80000, 0x00000000d5e00000)
  object space 54784K, 4% used [0x0000000081a00000,0x0000000081c72518,0x0000000084f80000)
 Metaspace       used 12558K, capacity 12762K, committed 13056K, reserved 1062912K
  class space    used 1646K, capacity 1736K, committed 1792K, reserved 1048576K

Card table byte_map: [0x0000000011830000,0x0000000011c30000] byte_map_base: 0x0000000011423000

Marking Bits: (ParMarkBitMap*) 0x000000006e8d2f70
 Begin Bits: [0x00000000126e0000, 0x0000000014678000)
 End Bits:   [0x0000000014678000, 0x0000000016610000)

Polling page: 0x00000000020d0000

CodeCache: size=245760Kb used=2744Kb max_used=2744Kb free=243015Kb
 bounds [0x0000000002470000, 0x0000000002730000, 0x0000000011470000]
 total_blobs=1209 nmethods=744 adapters=378
 compilation: enabled

Compilation events (10 events):
Event: 28.208 Thread 0x0000000019398000  751       1       sun.swing.MenuItemLayoutHelper$RectSize::access$100 (5 bytes)
Event: 28.208 Thread 0x0000000019398000 nmethod 751 0x000000000271f0d0 code [0x000000000271f220, 0x000000000271f310]
Event: 28.208 Thread 0x0000000019398000  752       1       sun.swing.MenuItemLayoutHelper$RectSize::access$300 (5 bytes)
Event: 28.209 Thread 0x0000000019398000 nmethod 752 0x000000000271f390 code [0x000000000271f4e0, 0x000000000271f5d0]
Event: 28.209 Thread 0x0000000019398000  753       3       org.jdesktop.layout.GroupLayout$Spring::constrain (8 bytes)
Event: 28.209 Thread 0x0000000019398000 nmethod 753 0x000000000271f650 code [0x000000000271f7c0, 0x000000000271f9d0]
Event: 28.209 Thread 0x0000000019398000  755       3       java.awt.Component::getFont_NoClientCode (29 bytes)
Event: 28.209 Thread 0x0000000019398000 nmethod 755 0x000000000271fa90 code [0x000000000271fc20, 0x0000000002720048]
Event: 28.209 Thread 0x0000000019398000  754       3       javax.swing.UIDefaults$TextAndMnemonicHashMap::get (358 bytes)
Event: 28.210 Thread 0x0000000019337000  759       4       java.nio.ByteBufferAsCharBufferB::get (16 bytes)

GC Heap History (4 events):
Event: 26.052 GC heap before
{Heap before GC invocations=1 (full 0):
 PSYoungGen      total 38400K, used 14002K [0x00000000d5e00000, 0x00000000d8880000, 0x0000000100000000)
  eden space 33280K, 42% used [0x00000000d5e00000,0x00000000d6bac968,0x00000000d7e80000)
  from space 5120K, 0% used [0x00000000d8380000,0x00000000d8380000,0x00000000d8880000)
  to   space 5120K, 0% used [0x00000000d7e80000,0x00000000d7e80000,0x00000000d8380000)
 ParOldGen       total 87552K, used 0K [0x0000000081a00000, 0x0000000086f80000, 0x00000000d5e00000)
  object space 87552K, 0% used [0x0000000081a00000,0x0000000081a00000,0x0000000086f80000)
 Metaspace       used 12416K, capacity 12602K, committed 12800K, reserved 1064960K
  class space    used 1619K, capacity 1704K, committed 1792K, reserved 1048576K
Event: 26.178 GC heap after
Heap after GC invocations=1 (full 0):
 PSYoungGen      total 38400K, used 2624K [0x00000000d5e00000, 0x00000000d8880000, 0x0000000100000000)
  eden space 33280K, 0% used [0x00000000d5e00000,0x00000000d5e00000,0x00000000d7e80000)
  from space 5120K, 51% used [0x00000000d7e80000,0x00000000d8110000,0x00000000d8380000)
  to   space 5120K, 0% used [0x00000000d8380000,0x00000000d8380000,0x00000000d8880000)
 ParOldGen       total 87552K, used 16K [0x0000000081a00000, 0x0000000086f80000, 0x00000000d5e00000)
  object space 87552K, 0% used [0x0000000081a00000,0x0000000081a04000,0x0000000086f80000)
 Metaspace       used 12416K, capacity 12602K, committed 12800K, reserved 1064960K
  class space    used 1619K, capacity 1704K, committed 1792K, reserved 1048576K
}
Event: 26.178 GC heap before
{Heap before GC invocations=2 (full 1):
 PSYoungGen      total 38400K, used 2624K [0x00000000d5e00000, 0x00000000d8880000, 0x0000000100000000)
  eden space 33280K, 0% used [0x00000000d5e00000,0x00000000d5e00000,0x00000000d7e80000)
  from space 5120K, 51% used [0x00000000d7e80000,0x00000000d8110000,0x00000000d8380000)
  to   space 5120K, 0% used [0x00000000d8380000,0x00000000d8380000,0x00000000d8880000)
 ParOldGen       total 87552K, used 16K [0x0000000081a00000, 0x0000000086f80000, 0x00000000d5e00000)
  object space 87552K, 0% used [0x0000000081a00000,0x0000000081a04000,0x0000000086f80000)
 Metaspace       used 12416K, capacity 12602K, committed 12800K, reserved 1064960K
  class space    used 1619K, capacity 1704K, committed 1792K, reserved 1048576K
Event: 26.337 GC heap after
Heap after GC invocations=2 (full 1):
 PSYoungGen      total 38400K, used 0K [0x00000000d5e00000, 0x00000000d8880000, 0x0000000100000000)
  eden space 33280K, 0% used [0x00000000d5e00000,0x00000000d5e00000,0x00000000d7e80000)
  from space 5120K, 0% used [0x00000000d7e80000,0x00000000d7e80000,0x00000000d8380000)
  to   space 5120K, 0% used [0x00000000d8380000,0x00000000d8380000,0x00000000d8880000)
 ParOldGen       total 54784K, used 2505K [0x0000000081a00000, 0x0000000084f80000, 0x00000000d5e00000)
  object space 54784K, 4% used [0x0000000081a00000,0x0000000081c72518,0x0000000084f80000)
 Metaspace       used 12416K, capacity 12602K, committed 12800K, reserved 1062912K
  class space    used 1619K, capacity 1704K, committed 1792K, reserved 1048576K
}

Deoptimization events (8 events):
Event: 12.981 Thread 0x000000001970e800 Uncommon trap: reason=null_check action=make_not_entrant pc=0x00000000025da5f8 method=java.lang.String.equals(Ljava/lang/Object;)Z @ 8
Event: 20.168 Thread 0x000000001970e800 Uncommon trap: reason=unstable_if action=reinterpret pc=0x000000000268c86c method=java.lang.AbstractStringBuilder.append(Ljava/lang/String;)Ljava/lang/AbstractStringBuilder; @ 1
Event: 20.169 Thread 0x000000001970e800 Uncommon trap: reason=unstable_if action=reinterpret pc=0x000000000267b9dc method=java.lang.AbstractStringBuilder.append(Ljava/lang/String;)Ljava/lang/AbstractStringBuilder; @ 1
Event: 24.626 Thread 0x000000001970c000 Uncommon trap: reason=class_check action=maybe_recompile pc=0x00000000026d3db4 method=java.util.HashMap.putVal(ILjava/lang/Object;Ljava/lang/Object;ZZ)Ljava/lang/Object; @ 203
Event: 24.626 Thread 0x000000001970c000 Uncommon trap: reason=bimorphic action=maybe_recompile pc=0x00000000026d3dd0 method=java.util.HashMap.putVal(ILjava/lang/Object;Ljava/lang/Object;ZZ)Ljava/lang/Object; @ 91
Event: 24.626 Thread 0x000000001970c000 Uncommon trap: reason=class_check action=maybe_recompile pc=0x00000000026d3db4 method=java.util.HashMap.putVal(ILjava/lang/Object;Ljava/lang/Object;ZZ)Ljava/lang/Object; @ 203
Event: 24.626 Thread 0x000000001970c000 Uncommon trap: reason=class_check action=maybe_recompile pc=0x00000000026d3db4 method=java.util.HashMap.putVal(ILjava/lang/Object;Ljava/lang/Object;ZZ)Ljava/lang/Object; @ 203
Event: 24.626 Thread 0x000000001970c000 Uncommon trap: reason=bimorphic action=maybe_recompile pc=0x00000000026d3dd0 method=java.util.HashMap.putVal(ILjava/lang/Object;Ljava/lang/Object;ZZ)Ljava/lang/Object; @ 91

Internal exceptions (10 events):
Event: 18.696 Thread 0x000000001970e800 Exception <a 'java/lang/ArrayIndexOutOfBoundsException'> (0x00000000d6775960) thrown at [C:\re\workspace\8-2-build-windows-amd64-cygwin\jdk8u91\6644\hotspot\src\share\vm\runtime\sharedRuntime.cpp, line 605]
Event: 18.700 Thread 0x000000001970e800 Exception <a 'java/lang/ArrayIndexOutOfBoundsException'> (0x00000000d67850c8) thrown at [C:\re\workspace\8-2-build-windows-amd64-cygwin\jdk8u91\6644\hotspot\src\share\vm\runtime\sharedRuntime.cpp, line 605]
Event: 18.707 Thread 0x000000001970e800 Exception <a 'java/lang/ClassNotFoundException': javax/swing/AbstractButtonCustomizer> (0x00000000d67efc88) thrown at [C:\re\workspace\8-2-build-windows-amd64-cygwin\jdk8u91\6644\hotspot\src\share\vm\classfile\systemDictionary.cpp, line 210]
Event: 18.714 Thread 0x000000001970e800 Exception <a 'java/lang/ClassNotFoundException': javax/swing/JMenuItemCustomizer> (0x00000000d685b438) thrown at [C:\re\workspace\8-2-build-windows-amd64-cygwin\jdk8u91\6644\hotspot\src\share\vm\classfile\systemDictionary.cpp, line 210]
Event: 18.737 Thread 0x000000001970e800 Exception <a 'java/lang/ClassNotFoundException': javax/swing/JMenuCustomizer> (0x00000000d68997c0) thrown at [C:\re\workspace\8-2-build-windows-amd64-cygwin\jdk8u91\6644\hotspot\src\share\vm\classfile\systemDictionary.cpp, line 210]
Event: 19.013 Thread 0x000000001970e800 Exception <a 'java/lang/ClassNotFoundException': javax/swing/JButtonBeanInfo> (0x00000000d69083d8) thrown at [C:\re\workspace\8-2-build-windows-amd64-cygwin\jdk8u91\6644\hotspot\src\share\vm\classfile\systemDictionary.cpp, line 210]
Event: 19.014 Thread 0x000000001970e800 Exception <a 'java/lang/ClassNotFoundException': javax/swing/JButtonCustomizer> (0x00000000d6909830) thrown at [C:\re\workspace\8-2-build-windows-amd64-cygwin\jdk8u91\6644\hotspot\src\share\vm\classfile\systemDictionary.cpp, line 210]
Event: 20.168 Thread 0x000000001970e800 Implicit null exception at 0x000000000268c516 to 0x000000000268c855
Event: 20.169 Thread 0x000000001970e800 Implicit null exception at 0x000000000267b696 to 0x000000000267b9c5
Event: 22.705 Thread 0x00000000194fd800 Exception <a 'java/lang/OutOfMemoryError'> (0x00000000d69fafe0) thrown at [C:\re\workspace\8-2-build-windows-amd64-cygwin\jdk8u91\6644\hotspot\src\share\vm\prims\jni.cpp, line 735]

Events (10 events):
Event: 26.375 loading class sun/swing/MenuItemLayoutHelper$RectSize
Event: 26.375 loading class sun/swing/MenuItemLayoutHelper$RectSize done
Event: 27.673 loading class sun/awt/windows/WToolkit$3
Event: 27.673 loading class sun/awt/windows/WToolkit$3 done
Event: 27.949 Executing VM operation: RevokeBias
Event: 27.950 Executing VM operation: RevokeBias done
Event: 27.950 Executing VM operation: RevokeBias
Event: 27.950 Executing VM operation: RevokeBias done
Event: 27.950 Executing VM operation: RevokeBias
Event: 27.950 Executing VM operation: RevokeBias done


Dynamic libraries:
0x00007ff713fe0000 - 0x00007ff714017000 	C:\Program Files\Java\jdk1.8.0_91\bin\java.exe
0x00007ff96de80000 - 0x00007ff96e051000 	C:\WINDOWS\SYSTEM32\ntdll.dll
0x00007ff96d8a0000 - 0x00007ff96d94b000 	C:\WINDOWS\System32\KERNEL32.DLL
0x00007ff96a3d0000 - 0x00007ff96a5ed000 	C:\WINDOWS\System32\KERNELBASE.dll
0x00007ff96dd30000 - 0x00007ff96ddd2000 	C:\WINDOWS\System32\ADVAPI32.dll
0x00007ff96b9e0000 - 0x00007ff96ba7e000 	C:\WINDOWS\System32\msvcrt.dll
0x00007ff96b550000 - 0x00007ff96b5a9000 	C:\WINDOWS\System32\sechost.dll
0x00007ff96bb10000 - 0x00007ff96bc31000 	C:\WINDOWS\System32\RPCRT4.dll
0x00007ff96bd00000 - 0x00007ff96be65000 	C:\WINDOWS\System32\USER32.dll
0x00007ff96b3f0000 - 0x00007ff96b40e000 	C:\WINDOWS\System32\win32u.dll
0x00007ff96bcc0000 - 0x00007ff96bcf4000 	C:\WINDOWS\System32\GDI32.dll
0x00007ff96a6a0000 - 0x00007ff96a822000 	C:\WINDOWS\System32\gdi32full.dll
0x00007ff966ae0000 - 0x00007ff966d59000 	C:\WINDOWS\WinSxS\amd64_microsoft.windows.common-controls_6595b64144ccf1df_6.0.14393.0_none_2d0f50fcbdb171b8\COMCTL32.dll
0x00007ff96d960000 - 0x00007ff96dc27000 	C:\WINDOWS\System32\combase.dll
0x00007ff96af10000 - 0x00007ff96b005000 	C:\WINDOWS\System32\ucrtbase.dll
0x00007ff96b160000 - 0x00007ff96b1ca000 	C:\WINDOWS\System32\bcryptPrimitives.dll
0x00007ff96ba80000 - 0x00007ff96baae000 	C:\WINDOWS\System32\IMM32.DLL
0x000000006f550000 - 0x000000006f622000 	C:\Program Files\Java\jdk1.8.0_91\jre\bin\msvcr100.dll
0x000000006e0c0000 - 0x000000006e953000 	C:\Program Files\Java\jdk1.8.0_91\jre\bin\server\jvm.dll
0x00007ff96b4e0000 - 0x00007ff96b4e8000 	C:\WINDOWS\System32\PSAPI.DLL
0x00007ff9678a0000 - 0x00007ff9678a9000 	C:\WINDOWS\SYSTEM32\WSOCK32.dll
0x00007ff96bc50000 - 0x00007ff96bcba000 	C:\WINDOWS\System32\WS2_32.dll
0x00007ff968600000 - 0x00007ff968623000 	C:\WINDOWS\SYSTEM32\WINMM.dll
0x00007ff966ab0000 - 0x00007ff966aba000 	C:\WINDOWS\SYSTEM32\VERSION.dll
0x00007ff968300000 - 0x00007ff96832b000 	C:\WINDOWS\SYSTEM32\WINMMBASE.dll
0x00007ff96b1d0000 - 0x00007ff96b212000 	C:\WINDOWS\System32\cfgmgr32.dll
0x000000006f7c0000 - 0x000000006f7cf000 	C:\Program Files\Java\jdk1.8.0_91\jre\bin\verify.dll
0x000000006e090000 - 0x000000006e0b9000 	C:\Program Files\Java\jdk1.8.0_91\jre\bin\java.dll
0x000000006e070000 - 0x000000006e086000 	C:\Program Files\Java\jdk1.8.0_91\jre\bin\zip.dll
0x00007ff96c110000 - 0x00007ff96d618000 	C:\WINDOWS\System32\SHELL32.dll
0x00007ff96a830000 - 0x00007ff96af0a000 	C:\WINDOWS\System32\windows.storage.dll
0x00007ff96a2f0000 - 0x00007ff96a33c000 	C:\WINDOWS\System32\powrprof.dll
0x00007ff96b480000 - 0x00007ff96b4d2000 	C:\WINDOWS\System32\shlwapi.dll
0x00007ff96a2e0000 - 0x00007ff96a2ef000 	C:\WINDOWS\System32\kernel.appcore.dll
0x00007ff96b0b0000 - 0x00007ff96b159000 	C:\WINDOWS\System32\shcore.dll
0x00007ff96a350000 - 0x00007ff96a364000 	C:\WINDOWS\System32\profapi.dll
0x000000006de90000 - 0x000000006e028000 	C:\Program Files\Java\jdk1.8.0_91\jre\bin\awt.dll
0x00007ff96d620000 - 0x00007ff96d6df000 	C:\WINDOWS\System32\OLEAUT32.dll
0x00007ff96b010000 - 0x00007ff96b0ac000 	C:\WINDOWS\System32\msvcp_win.dll
0x00007ff968890000 - 0x00007ff96890a000 	C:\WINDOWS\SYSTEM32\apphelp.dll
0x00007ff968ad0000 - 0x00007ff968b65000 	C:\WINDOWS\system32\uxtheme.dll
0x00007ff96bfb0000 - 0x00007ff96c10b000 	C:\WINDOWS\System32\MSCTF.dll
0x00007ff967e30000 - 0x00007ff967e56000 	C:\WINDOWS\system32\dwmapi.dll
0x00007ff96be70000 - 0x00007ff96bfa7000 	C:\WINDOWS\System32\ole32.dll
0x000000006de40000 - 0x000000006de87000 	C:\Program Files\Java\jdk1.8.0_91\jre\bin\fontmanager.dll
0x000000006e050000 - 0x000000006e06a000 	C:\Program Files\Java\jdk1.8.0_91\jre\bin\net.dll
0x00007ff969950000 - 0x00007ff9699ac000 	C:\WINDOWS\system32\mswsock.dll
0x000000006e030000 - 0x000000006e041000 	C:\Program Files\Java\jdk1.8.0_91\jre\bin\nio.dll
0x00007ff96dde0000 - 0x00007ff96de7f000 	C:\WINDOWS\System32\clbcatq.dll
0x00007ff966150000 - 0x00007ff9662f8000 	C:\WINDOWS\SYSTEM32\WindowsCodecs.dll
0x00007ff95b4e0000 - 0x00007ff95b529000 	C:\WINDOWS\system32\dataexchange.dll
0x00007ff967b70000 - 0x00007ff967e26000 	C:\WINDOWS\system32\d3d11.dll
0x00007ff9681a0000 - 0x00007ff9682f1000 	C:\WINDOWS\system32\dcomp.dll
0x00007ff969270000 - 0x00007ff96930f000 	C:\WINDOWS\system32\dxgi.dll
0x00007ff968d10000 - 0x00007ff968e2c000 	C:\WINDOWS\system32\twinapi.appcore.dll
0x00007ff969fe0000 - 0x00007ff96a00b000 	C:\WINDOWS\system32\bcrypt.dll
0x000000006ddf0000 - 0x000000006de32000 	C:\Program Files\Java\jdk1.8.0_91\jre\bin\t2k.dll

VM Arguments:
java_command: C:\Users\Lucas\Documents\MaterialCodigoAprendizaje\2DAM\ProgramacionServiciosProcesos\Editor\dist\DocumentEditor.jar
java_class_path (initial): C:\Users\Lucas\Documents\MaterialCodigoAprendizaje\2DAM\ProgramacionServiciosProcesos\Editor\dist\DocumentEditor.jar
Launcher Type: SUN_STANDARD

Environment Variables:
PATH=C:\ProgramData\Oracle\Java\javapath;C:\Program Files (x86)\Intel\iCLS Client\;C:\Program Files\Intel\iCLS Client\;C:\Windows\system32;C:\Windows;C:\Windows\System32\Wbem;C:\Windows\System32\WindowsPowerShell\v1.0\;C:\Program Files (x86)\NVIDIA Corporation\PhysX\Common;C:\Program Files (x86)\Intel\Intel(R) Management Engine Components\DAL;C:\Program Files\Intel\Intel(R) Management Engine Components\DAL;C:\Program Files (x86)\Intel\Intel(R) Management Engine Components\IPT;C:\Program Files\Intel\Intel(R) Management Engine Components\IPT;C:\Program Files (x86)\Skype\Phone\;C:\Program Files\Git\cmd;C:\WINDOWS\system32;C:\WINDOWS;C:\WINDOWS\System32\Wbem;C:\WINDOWS\System32\WindowsPowerShell\v1.0\;C:\Users\Lucas\AppData\Local\atom\bin;%USERPROFILE%\AppData\Local\Microsoft\WindowsApps;
USERNAME=Lucas
OS=Windows_NT
PROCESSOR_IDENTIFIER=Intel64 Family 6 Model 94 Stepping 3, GenuineIntel



---------------  S Y S T E M  ---------------

OS: Windows 10.0 , 64 bit Build 14393 (10.0.14393.0)

CPU:total 8 (4 cores per cpu, 2 threads per core) family 6 model 94 stepping 3, cmov, cx8, fxsr, mmx, sse, sse2, sse3, ssse3, sse4.1, sse4.2, popcnt, avx, avx2, aes, clmul, erms, rtm, 3dnowpref, lzcnt, ht, tsc, tscinvbit, bmi1, bmi2, adx

Memory: 4k page, physical 8281880k(1013480k free), swap 33447704k(64204k free)

vm_info: Java HotSpot(TM) 64-Bit Server VM (25.91-b14) for windows-amd64 JRE (1.8.0_91-b14), built on Apr  1 2016 00:58:32 by "java_re" with MS VC++ 10.0 (VS2010)

time: Thu Oct 06 09:34:14 2016
elapsed time: 28 seconds (0d 0h 0m 28s)

