#
# There is insufficient memory for the Java Runtime Environment to continue.
# Native memory allocation (malloc) failed to allocate 32744 bytes for ChunkPool::allocate
# Possible reasons:
#   The system is out of physical RAM or swap space
#   In 32 bit mode, the process size limit was hit
# Possible solutions:
#   Reduce memory load on the system
#   Increase physical memory or swap space
#   Check if swap backing store is full
#   Use 64 bit Java on a 64 bit OS
#   Decrease Java heap size (-Xmx/-Xms)
#   Decrease number of Java threads
#   Decrease Java thread stack sizes (-Xss)
#   Set larger code cache with -XX:ReservedCodeCacheSize=
# This output file may be truncated or incomplete.
#
#  Out of Memory Error (allocation.cpp:273), pid=9972, tid=6260
#
# JRE version: Java(TM) SE Runtime Environment (8.0_91-b14) (build 1.8.0_91-b14)
# Java VM: Java HotSpot(TM) 64-Bit Server VM (25.91-b14 mixed mode windows-amd64 compressed oops)
# Failed to write core dump. Minidumps are not enabled by default on client versions of Windows
#

---------------  T H R E A D  ---------------

Current thread (0x0000000017809000):  VMThread [stack: 0x00000000194d0000,0x00000000195d0000] [id=6260]

Stack: [0x00000000194d0000,0x00000000195d0000]
[error occurred during error reporting (printing stack bounds), id 0xc0000005]

Native frames: (J=compiled Java code, j=interpreted, Vv=VM code, C=native code)

VM_Operation (0x000000001b8dee20): RevokeBias, mode: safepoint, requested by thread 0x0000000019ac8800


---------------  P R O C E S S  ---------------

Java Threads: ( => current thread )
  0x0000000019acb800 JavaThread "Image Fetcher 1" daemon [_thread_blocked, id=17916, stack(0x000000001b8e0000,0x000000001b9e0000)]
  0x0000000019ac8800 JavaThread "Image Fetcher 0" daemon [_thread_blocked, id=16340, stack(0x000000001b7e0000,0x000000001b8e0000)]
  0x0000000002780800 JavaThread "DestroyJavaVM" [_thread_blocked, id=10612, stack(0x0000000002580000,0x0000000002680000)]
  0x0000000019a97000 JavaThread "AWT-EventQueue-0" [_thread_blocked, id=13060, stack(0x000000001b4a0000,0x000000001b5a0000)]
  0x0000000019a82800 JavaThread "AWT-Windows" daemon [_thread_in_native, id=19088, stack(0x000000001b2d0000,0x000000001b3d0000)]
  0x0000000019a93800 JavaThread "AWT-Shutdown" [_thread_blocked, id=17608, stack(0x000000001b1d0000,0x000000001b2d0000)]
  0x0000000019a92800 JavaThread "Java2D Disposer" daemon [_thread_blocked, id=17604, stack(0x000000001b0d0000,0x000000001b1d0000)]
  0x0000000019711800 JavaThread "Service Thread" daemon [_thread_blocked, id=9708, stack(0x000000001a2e0000,0x000000001a3e0000)]
  0x0000000019704000 JavaThread "C1 CompilerThread3" daemon [_thread_blocked, id=4516, stack(0x000000001a1e0000,0x000000001a2e0000)]
  0x00000000196fd800 JavaThread "C2 CompilerThread2" daemon [_thread_blocked, id=11524, stack(0x000000001a0e0000,0x000000001a1e0000)]
  0x00000000196fa000 JavaThread "C2 CompilerThread1" daemon [_thread_blocked, id=3392, stack(0x0000000019fe0000,0x000000001a0e0000)]
  0x00000000196f8000 JavaThread "C2 CompilerThread0" daemon [_thread_blocked, id=14480, stack(0x0000000019ee0000,0x0000000019fe0000)]
  0x00000000196f5800 JavaThread "Attach Listener" daemon [_thread_blocked, id=6984, stack(0x0000000019de0000,0x0000000019ee0000)]
  0x00000000196f4000 JavaThread "Signal Dispatcher" daemon [_thread_blocked, id=12516, stack(0x0000000019ce0000,0x0000000019de0000)]
  0x0000000002877000 JavaThread "Finalizer" daemon [_thread_blocked, id=3612, stack(0x0000000019ad0000,0x0000000019bd0000)]
  0x000000001780d800 JavaThread "Reference Handler" daemon [_thread_blocked, id=5592, stack(0x00000000195d0000,0x00000000196d0000)]

Other Threads:
=>0x0000000017809000 VMThread [stack: 0x00000000194d0000,0x00000000195d0000] [id=6260]
  0x0000000019774000 WatcherThread [stack: 0x000000001a3e0000,0x000000001a4e0000] [id=1736]

VM state:at safepoint (normal execution)

VM Mutex/Monitor currently owned by a thread:  ([mutex/lock_event])
[0x000000000254b340] Threads_lock - owner thread: 0x0000000017809000

Heap:
 PSYoungGen      total 38400K, used 12662K [0x00000000d5e00000, 0x00000000d8880000, 0x0000000100000000)
  eden space 33280K, 38% used [0x00000000d5e00000,0x00000000d6a5d840,0x00000000d7e80000)
  from space 5120K, 0% used [0x00000000d8380000,0x00000000d8380000,0x00000000d8880000)
  to   space 5120K, 0% used [0x00000000d7e80000,0x00000000d7e80000,0x00000000d8380000)
 ParOldGen       total 87552K, used 0K [0x0000000081a00000, 0x0000000086f80000, 0x00000000d5e00000)
  object space 87552K, 0% used [0x0000000081a00000,0x0000000081a00000,0x0000000086f80000)
 Metaspace       used 11885K, capacity 12094K, committed 12160K, reserved 1060864K
  class space    used 1541K, capacity 1606K, committed 1664K, reserved 1048576K

Card table byte_map: [0x0000000011c40000,0x0000000012040000] byte_map_base: 0x0000000011833000

Marking Bits: (ParMarkBitMap*) 0x000000006e8d2f70
 Begin Bits: [0x0000000012af0000, 0x0000000014a88000)
 End Bits:   [0x0000000014a88000, 0x0000000016a20000)

Polling page: 0x0000000000c30000

CodeCache: size=245760Kb used=2603Kb max_used=2603Kb free=243156Kb
 bounds [0x0000000002880000, 0x0000000002b10000, 0x0000000011880000]
 total_blobs=1124 nmethods=674 adapters=363
 compilation: enabled

Compilation events (10 events):
Event: 11.560 Thread 0x0000000019704000  672       3       sun.java2d.StateTrackableDelegate::markDirty (6 bytes)
Event: 11.560 Thread 0x0000000019704000 nmethod 672 0x0000000002b0aa10 code [0x0000000002b0ab60, 0x0000000002b0acd0]
Event: 11.560 Thread 0x0000000019704000  670       3       sun.awt.image.PNGImageDecoder::sendPixels (44 bytes)
Event: 11.560 Thread 0x0000000019704000 nmethod 670 0x0000000002b0ad50 code [0x0000000002b0aec0, 0x0000000002b0b188]
Event: 11.560 Thread 0x0000000019704000  673       3       java.util.concurrent.ConcurrentHashMap::containsKey (14 bytes)
Event: 11.561 Thread 0x0000000019704000 nmethod 673 0x0000000002b0b250 code [0x0000000002b0b3c0, 0x0000000002b0b5a8]
Event: 11.561 Thread 0x0000000019704000  674       3       java.io.InputStream::<init> (5 bytes)
Event: 11.561 Thread 0x0000000019704000 nmethod 674 0x0000000002b0b650 code [0x0000000002b0b7c0, 0x0000000002b0b970]
Event: 11.815 Thread 0x0000000019704000  675       3       sun.awt.image.PNGImageDecoder::update_crc (41 bytes)
Event: 11.818 Thread 0x00000000196f8000  679       4       java.lang.ref.Reference::<init> (25 bytes)

GC Heap History (0 events):
No events

Deoptimization events (4 events):
Event: 4.240 Thread 0x0000000019a97000 Uncommon trap: reason=null_check action=make_not_entrant pc=0x00000000029f5238 method=java.lang.String.equals(Ljava/lang/Object;)Z @ 8
Event: 8.376 Thread 0x0000000019a97000 Uncommon trap: reason=unstable_if action=reinterpret pc=0x0000000002ad740c method=java.lang.reflect.Method.equals(Ljava/lang/Object;)Z @ 49
Event: 9.603 Thread 0x0000000019a97000 Uncommon trap: reason=unstable_if action=reinterpret pc=0x0000000002aa2dec method=java.lang.AbstractStringBuilder.append(Ljava/lang/String;)Ljava/lang/AbstractStringBuilder; @ 1
Event: 9.605 Thread 0x0000000019a97000 Uncommon trap: reason=unstable_if action=reinterpret pc=0x0000000002a84ddc method=java.lang.AbstractStringBuilder.append(Ljava/lang/String;)Ljava/lang/AbstractStringBuilder; @ 1

Internal exceptions (10 events):
Event: 8.346 Thread 0x0000000019a97000 Exception <a 'java/lang/ArrayIndexOutOfBoundsException'> (0x00000000d681f700) thrown at [C:\re\workspace\8-2-build-windows-amd64-cygwin\jdk8u91\6644\hotspot\src\share\vm\runtime\sharedRuntime.cpp, line 605]
Event: 8.347 Thread 0x0000000019a97000 Exception <a 'java/lang/ArrayIndexOutOfBoundsException'> (0x00000000d6839f88) thrown at [C:\re\workspace\8-2-build-windows-amd64-cygwin\jdk8u91\6644\hotspot\src\share\vm\runtime\sharedRuntime.cpp, line 605]
Event: 8.353 Thread 0x0000000019a97000 Exception <a 'java/lang/ClassNotFoundException': javax/swing/AbstractButtonCustomizer> (0x00000000d6894120) thrown at [C:\re\workspace\8-2-build-windows-amd64-cygwin\jdk8u91\6644\hotspot\src\share\vm\classfile\systemDictionary.cpp, line 210]
Event: 8.360 Thread 0x0000000019a97000 Exception <a 'java/lang/ClassNotFoundException': javax/swing/JMenuItemCustomizer> (0x00000000d68ff838) thrown at [C:\re\workspace\8-2-build-windows-amd64-cygwin\jdk8u91\6644\hotspot\src\share\vm\classfile\systemDictionary.cpp, line 210]
Event: 8.365 Thread 0x0000000019a97000 Exception <a 'java/lang/ClassNotFoundException': javax/swing/JMenuCustomizer> (0x00000000d693dc58) thrown at [C:\re\workspace\8-2-build-windows-amd64-cygwin\jdk8u91\6644\hotspot\src\share\vm\classfile\systemDictionary.cpp, line 210]
Event: 8.395 Thread 0x0000000019a97000 Exception <a 'java/lang/ClassNotFoundException': javax/swing/JButtonBeanInfo> (0x00000000d69ac7c0) thrown at [C:\re\workspace\8-2-build-windows-amd64-cygwin\jdk8u91\6644\hotspot\src\share\vm\classfile\systemDictionary.cpp, line 210]
Event: 8.396 Thread 0x0000000019a97000 Exception <a 'java/lang/ClassNotFoundException': javax/swing/JButtonCustomizer> (0x00000000d69adc18) thrown at [C:\re\workspace\8-2-build-windows-amd64-cygwin\jdk8u91\6644\hotspot\src\share\vm\classfile\systemDictionary.cpp, line 210]
Event: 9.603 Thread 0x0000000019a97000 Implicit null exception at 0x0000000002aa2a96 to 0x0000000002aa2dd5
Event: 9.605 Thread 0x0000000019a97000 Implicit null exception at 0x0000000002a84a96 to 0x0000000002a84dc5
Event: 11.814 Thread 0x0000000019acb800 Exception <a 'java/lang/OutOfMemoryError'> (0x00000000d66bd2e8) thrown at [C:\re\workspace\8-2-build-windows-amd64-cygwin\jdk8u91\6644\hotspot\src\share\vm\prims\jni.cpp, line 735]

Events (10 events):
Event: 11.815 Executing VM operation: RevokeBias done
Event: 11.815 Executing VM operation: RevokeBias
Event: 11.815 Executing VM operation: RevokeBias done
Event: 11.815 Executing VM operation: RevokeBias
Event: 11.815 Executing VM operation: RevokeBias done
Event: 11.816 Executing VM operation: RevokeBias
Event: 11.817 Executing VM operation: RevokeBias done
Event: 11.817 Executing VM operation: RevokeBias
Event: 11.817 Executing VM operation: RevokeBias done
Event: 11.818 Executing VM operation: RevokeBias


Dynamic libraries:
0x00007ff713fe0000 - 0x00007ff714017000 	C:\Program Files\Java\jdk1.8.0_91\bin\java.exe
0x00007ff96de80000 - 0x00007ff96e051000 	C:\WINDOWS\SYSTEM32\ntdll.dll
0x00007ff96d8a0000 - 0x00007ff96d94b000 	C:\WINDOWS\System32\KERNEL32.DLL
0x00007ff96a3d0000 - 0x00007ff96a5ed000 	C:\WINDOWS\System32\KERNELBASE.dll
0x00007ff96dd30000 - 0x00007ff96ddd2000 	C:\WINDOWS\System32\ADVAPI32.dll
0x00007ff96b9e0000 - 0x00007ff96ba7e000 	C:\WINDOWS\System32\msvcrt.dll
0x00007ff96b550000 - 0x00007ff96b5a9000 	C:\WINDOWS\System32\sechost.dll
0x00007ff96bb10000 - 0x00007ff96bc31000 	C:\WINDOWS\System32\RPCRT4.dll
0x00007ff96bd00000 - 0x00007ff96be65000 	C:\WINDOWS\System32\USER32.dll
0x00007ff96b3f0000 - 0x00007ff96b40e000 	C:\WINDOWS\System32\win32u.dll
0x00007ff96bcc0000 - 0x00007ff96bcf4000 	C:\WINDOWS\System32\GDI32.dll
0x00007ff96a6a0000 - 0x00007ff96a822000 	C:\WINDOWS\System32\gdi32full.dll
0x00007ff966ae0000 - 0x00007ff966d59000 	C:\WINDOWS\WinSxS\amd64_microsoft.windows.common-controls_6595b64144ccf1df_6.0.14393.0_none_2d0f50fcbdb171b8\COMCTL32.dll
0x00007ff96d960000 - 0x00007ff96dc27000 	C:\WINDOWS\System32\combase.dll
0x00007ff96af10000 - 0x00007ff96b005000 	C:\WINDOWS\System32\ucrtbase.dll
0x00007ff96b160000 - 0x00007ff96b1ca000 	C:\WINDOWS\System32\bcryptPrimitives.dll
0x00007ff96ba80000 - 0x00007ff96baae000 	C:\WINDOWS\System32\IMM32.DLL
0x000000006f550000 - 0x000000006f622000 	C:\Program Files\Java\jdk1.8.0_91\jre\bin\msvcr100.dll
0x000000006e0c0000 - 0x000000006e953000 	C:\Program Files\Java\jdk1.8.0_91\jre\bin\server\jvm.dll
0x00007ff96b4e0000 - 0x00007ff96b4e8000 	C:\WINDOWS\System32\PSAPI.DLL
0x00007ff9678a0000 - 0x00007ff9678a9000 	C:\WINDOWS\SYSTEM32\WSOCK32.dll
0x00007ff96bc50000 - 0x00007ff96bcba000 	C:\WINDOWS\System32\WS2_32.dll
0x00007ff968600000 - 0x00007ff968623000 	C:\WINDOWS\SYSTEM32\WINMM.dll
0x00007ff966ab0000 - 0x00007ff966aba000 	C:\WINDOWS\SYSTEM32\VERSION.dll
0x00007ff968300000 - 0x00007ff96832b000 	C:\WINDOWS\SYSTEM32\WINMMBASE.dll
0x00007ff96b1d0000 - 0x00007ff96b212000 	C:\WINDOWS\System32\cfgmgr32.dll
0x000000006f7c0000 - 0x000000006f7cf000 	C:\Program Files\Java\jdk1.8.0_91\jre\bin\verify.dll
0x000000006e090000 - 0x000000006e0b9000 	C:\Program Files\Java\jdk1.8.0_91\jre\bin\java.dll
0x000000006e070000 - 0x000000006e086000 	C:\Program Files\Java\jdk1.8.0_91\jre\bin\zip.dll
0x00007ff96c110000 - 0x00007ff96d618000 	C:\WINDOWS\System32\SHELL32.dll
0x00007ff96a830000 - 0x00007ff96af0a000 	C:\WINDOWS\System32\windows.storage.dll
0x00007ff96a2f0000 - 0x00007ff96a33c000 	C:\WINDOWS\System32\powrprof.dll
0x00007ff96b480000 - 0x00007ff96b4d2000 	C:\WINDOWS\System32\shlwapi.dll
0x00007ff96a2e0000 - 0x00007ff96a2ef000 	C:\WINDOWS\System32\kernel.appcore.dll
0x00007ff96b0b0000 - 0x00007ff96b159000 	C:\WINDOWS\System32\shcore.dll
0x00007ff96a350000 - 0x00007ff96a364000 	C:\WINDOWS\System32\profapi.dll
0x000000006de90000 - 0x000000006e028000 	C:\Program Files\Java\jdk1.8.0_91\jre\bin\awt.dll
0x00007ff96d620000 - 0x00007ff96d6df000 	C:\WINDOWS\System32\OLEAUT32.dll
0x00007ff96b010000 - 0x00007ff96b0ac000 	C:\WINDOWS\System32\msvcp_win.dll
0x00007ff968890000 - 0x00007ff96890a000 	C:\WINDOWS\SYSTEM32\apphelp.dll
0x00007ff968ad0000 - 0x00007ff968b65000 	C:\WINDOWS\system32\uxtheme.dll
0x00007ff96bfb0000 - 0x00007ff96c10b000 	C:\WINDOWS\System32\MSCTF.dll
0x00007ff967e30000 - 0x00007ff967e56000 	C:\WINDOWS\system32\dwmapi.dll
0x00007ff96be70000 - 0x00007ff96bfa7000 	C:\WINDOWS\System32\ole32.dll
0x000000006de40000 - 0x000000006de87000 	C:\Program Files\Java\jdk1.8.0_91\jre\bin\fontmanager.dll
0x000000006e050000 - 0x000000006e06a000 	C:\Program Files\Java\jdk1.8.0_91\jre\bin\net.dll
0x00007ff969950000 - 0x00007ff9699ac000 	C:\WINDOWS\system32\mswsock.dll
0x000000006e030000 - 0x000000006e041000 	C:\Program Files\Java\jdk1.8.0_91\jre\bin\nio.dll

VM Arguments:
java_command: C:\Users\Lucas\Documents\MaterialCodigoAprendizaje\2DAM\ProgramacionServiciosProcesos\Editor\dist\DocumentEditor.jar
java_class_path (initial): C:\Users\Lucas\Documents\MaterialCodigoAprendizaje\2DAM\ProgramacionServiciosProcesos\Editor\dist\DocumentEditor.jar
Launcher Type: SUN_STANDARD

Environment Variables:
PATH=C:\ProgramData\Oracle\Java\javapath;C:\Program Files (x86)\Intel\iCLS Client\;C:\Program Files\Intel\iCLS Client\;C:\Windows\system32;C:\Windows;C:\Windows\System32\Wbem;C:\Windows\System32\WindowsPowerShell\v1.0\;C:\Program Files (x86)\NVIDIA Corporation\PhysX\Common;C:\Program Files (x86)\Intel\Intel(R) Management Engine Components\DAL;C:\Program Files\Intel\Intel(R) Management Engine Components\DAL;C:\Program Files (x86)\Intel\Intel(R) Management Engine Components\IPT;C:\Program Files\Intel\Intel(R) Management Engine Components\IPT;C:\Program Files (x86)\Skype\Phone\;C:\Program Files\Git\cmd;C:\WINDOWS\system32;C:\WINDOWS;C:\WINDOWS\System32\Wbem;C:\WINDOWS\System32\WindowsPowerShell\v1.0\;C:\Users\Lucas\AppData\Local\atom\bin;%USERPROFILE%\AppData\Local\Microsoft\WindowsApps;
USERNAME=Lucas
OS=Windows_NT
PROCESSOR_IDENTIFIER=Intel64 Family 6 Model 94 Stepping 3, GenuineIntel



---------------  S Y S T E M  ---------------

OS: Windows 10.0 , 64 bit Build 14393 (10.0.14393.0)

CPU:total 8 (4 cores per cpu, 2 threads per core) family 6 model 94 stepping 3, cmov, cx8, fxsr, mmx, sse, sse2, sse3, ssse3, sse4.1, sse4.2, popcnt, avx, avx2, aes, clmul, erms, rtm, 3dnowpref, lzcnt, ht, tsc, tscinvbit, bmi1, bmi2, adx

Memory: 4k page, physical 8281880k(394612k free), swap 33447704k(238412k free)

vm_info: Java HotSpot(TM) 64-Bit Server VM (25.91-b14) for windows-amd64 JRE (1.8.0_91-b14), built on Apr  1 2016 00:58:32 by "java_re" with MS VC++ 10.0 (VS2010)

time: Thu Oct 06 09:33:55 2016
elapsed time: 11 seconds (0d 0h 0m 11s)

