#
# There is insufficient memory for the Java Runtime Environment to continue.
# Native memory allocation (malloc) failed to allocate 32744 bytes for ChunkPool::allocate
# Possible reasons:
#   The system is out of physical RAM or swap space
#   In 32 bit mode, the process size limit was hit
# Possible solutions:
#   Reduce memory load on the system
#   Increase physical memory or swap space
#   Check if swap backing store is full
#   Use 64 bit Java on a 64 bit OS
#   Decrease Java heap size (-Xmx/-Xms)
#   Decrease number of Java threads
#   Decrease Java thread stack sizes (-Xss)
#   Set larger code cache with -XX:ReservedCodeCacheSize=
# This output file may be truncated or incomplete.
#
#  Out of Memory Error (allocation.cpp:273), pid=19008, tid=14696
#
# JRE version: Java(TM) SE Runtime Environment (8.0_91-b14) (build 1.8.0_91-b14)
# Java VM: Java HotSpot(TM) 64-Bit Server VM (25.91-b14 mixed mode windows-amd64 compressed oops)
# Failed to write core dump. Minidumps are not enabled by default on client versions of Windows
#

---------------  T H R E A D  ---------------

Current thread (0x0000000019fc8000):  JavaThread "C1 CompilerThread3" daemon [_thread_in_native, id=14696, stack(0x000000001aa60000,0x000000001ab60000)]

Stack: [0x000000001aa60000,0x000000001ab60000]
[error occurred during error reporting (printing stack bounds), id 0xc0000005]

Native frames: (J=compiled Java code, j=interpreted, Vv=VM code, C=native code)


Current CompileTask:
C1:  18428  740       3       javax.swing.UIDefaults$TextAndMnemonicHashMap::get (358 bytes)


---------------  P R O C E S S  ---------------

Java Threads: ( => current thread )
  0x000000001a0c4000 JavaThread "TimerQueue" daemon [_thread_blocked, id=7028, stack(0x000000001d600000,0x000000001d700000)]
  0x000000001a0c3800 JavaThread "SwingWorker-pool-1356602904-thread-1" [_thread_blocked, id=21184, stack(0x000000001d500000,0x000000001d600000)]
  0x000000001a141800 JavaThread "Image Fetcher 1" daemon [_thread_blocked, id=31268, stack(0x000000001c1a0000,0x000000001c2a0000)]
  0x0000000002fa0800 JavaThread "DestroyJavaVM" [_thread_blocked, id=7156, stack(0x0000000002e80000,0x0000000002f80000)]
  0x000000001a2e9000 JavaThread "AWT-EventQueue-0" [_thread_in_Java, id=19352, stack(0x000000001bda0000,0x000000001bea0000)]
  0x000000001a2e6000 JavaThread "AWT-Windows" daemon [_thread_in_native, id=26300, stack(0x000000001bb50000,0x000000001bc50000)]
  0x000000001a2df800 JavaThread "AWT-Shutdown" [_thread_blocked, id=13352, stack(0x000000001ba50000,0x000000001bb50000)]
  0x000000001a2de800 JavaThread "Java2D Disposer" daemon [_thread_blocked, id=12404, stack(0x000000001b950000,0x000000001ba50000)]
  0x0000000019fd5000 JavaThread "Service Thread" daemon [_thread_blocked, id=19592, stack(0x000000001ab60000,0x000000001ac60000)]
=>0x0000000019fc8000 JavaThread "C1 CompilerThread3" daemon [_thread_in_native, id=14696, stack(0x000000001aa60000,0x000000001ab60000)]
  0x0000000019fc4800 JavaThread "C2 CompilerThread2" daemon [_thread_blocked, id=7996, stack(0x000000001a960000,0x000000001aa60000)]
  0x0000000019f6a000 JavaThread "C2 CompilerThread1" daemon [_thread_blocked, id=22088, stack(0x000000001a860000,0x000000001a960000)]
  0x0000000019f68000 JavaThread "C2 CompilerThread0" daemon [_thread_in_native, id=15912, stack(0x000000001a760000,0x000000001a860000)]
  0x0000000019f65800 JavaThread "Attach Listener" daemon [_thread_blocked, id=28928, stack(0x000000001a660000,0x000000001a760000)]
  0x0000000019f64000 JavaThread "Signal Dispatcher" daemon [_thread_blocked, id=7884, stack(0x000000001a560000,0x000000001a660000)]
  0x0000000003097000 JavaThread "Finalizer" daemon [_thread_blocked, id=28956, stack(0x000000001a340000,0x000000001a440000)]
  0x000000001805d800 JavaThread "Reference Handler" daemon [_thread_blocked, id=7160, stack(0x0000000019e40000,0x0000000019f40000)]

Other Threads:
  0x0000000018059800 VMThread [stack: 0x0000000019d40000,0x0000000019e40000] [id=29268]
  0x0000000019fd1000 WatcherThread [stack: 0x000000001ac60000,0x000000001ad60000] [id=25312]

VM state:not at safepoint (normal execution)

VM Mutex/Monitor currently owned by a thread: None

Heap:
 PSYoungGen      total 38400K, used 9351K [0x00000000d5e00000, 0x00000000d8880000, 0x0000000100000000)
  eden space 33280K, 28% used [0x00000000d5e00000,0x00000000d6721f50,0x00000000d7e80000)
  from space 5120K, 0% used [0x00000000d7e80000,0x00000000d7e80000,0x00000000d8380000)
  to   space 5120K, 0% used [0x00000000d8380000,0x00000000d8380000,0x00000000d8880000)
 ParOldGen       total 36352K, used 2604K [0x0000000081a00000, 0x0000000083d80000, 0x00000000d5e00000)
  object space 36352K, 7% used [0x0000000081a00000,0x0000000081c8b1d8,0x0000000083d80000)
 Metaspace       used 14172K, capacity 14364K, committed 14592K, reserved 1064960K
  class space    used 1860K, capacity 1931K, committed 2048K, reserved 1048576K

Card table byte_map: [0x0000000012460000,0x0000000012860000] byte_map_base: 0x0000000012053000

Marking Bits: (ParMarkBitMap*) 0x000000006e8d2f70
 Begin Bits: [0x0000000013310000, 0x00000000152a8000)
 End Bits:   [0x00000000152a8000, 0x0000000017240000)

Polling page: 0x0000000002e60000

CodeCache: size=245760Kb used=2776Kb max_used=2790Kb free=242983Kb
 bounds [0x00000000030a0000, 0x0000000003360000, 0x00000000120a0000]
 total_blobs=1249 nmethods=759 adapters=403
 compilation: enabled

Compilation events (10 events):
Event: 16.846 Thread 0x0000000019fc8000 nmethod 736 0x0000000003346390 code [0x0000000003346520, 0x0000000003346948]
Event: 17.712 Thread 0x0000000019fc8000  737       1       sun.swing.MenuItemLayoutHelper$RectSize::access$100 (5 bytes)
Event: 17.712 Thread 0x0000000019fc8000 nmethod 737 0x0000000003346a90 code [0x0000000003346be0, 0x0000000003346cd0]
Event: 17.713 Thread 0x0000000019fc8000  738       1       sun.swing.MenuItemLayoutHelper$RectSize::access$300 (5 bytes)
Event: 17.713 Thread 0x0000000019fc8000 nmethod 738 0x0000000003346d50 code [0x0000000003346ea0, 0x0000000003346f90]
Event: 17.714 Thread 0x0000000019fc8000  739       3       org.jdesktop.layout.GroupLayout$Spring::constrain (8 bytes)
Event: 17.714 Thread 0x0000000019fc8000 nmethod 739 0x0000000003347010 code [0x0000000003347180, 0x0000000003347390]
Event: 17.714 Thread 0x0000000019fc8000  740       3       javax.swing.UIDefaults$TextAndMnemonicHashMap::get (358 bytes)
Event: 17.715 Thread 0x0000000019f6a000  745       4       java.nio.ByteBufferAsCharBufferB::get (16 bytes)
Event: 17.717 Thread 0x0000000019f6a000 nmethod 745 0x000000000334a190 code [0x000000000334a2e0, 0x000000000334a438]

GC Heap History (0 events):
No events

Deoptimization events (7 events):
Event: 8.749 Thread 0x000000001a2e9000 Uncommon trap: reason=unstable_if action=reinterpret pc=0x00000000032b73d4 method=java.lang.AbstractStringBuilder.append(Ljava/lang/String;)Ljava/lang/AbstractStringBuilder; @ 1
Event: 8.750 Thread 0x000000001a2e9000 Uncommon trap: reason=unstable_if action=reinterpret pc=0x00000000032a735c method=java.lang.AbstractStringBuilder.append(Ljava/lang/String;)Ljava/lang/AbstractStringBuilder; @ 1
Event: 14.594 Thread 0x000000001a2e6000 Uncommon trap: reason=class_check action=maybe_recompile pc=0x0000000003316174 method=java.util.HashMap.putVal(ILjava/lang/Object;Ljava/lang/Object;ZZ)Ljava/lang/Object; @ 203
Event: 14.594 Thread 0x000000001a2e6000 Uncommon trap: reason=bimorphic action=maybe_recompile pc=0x0000000003316190 method=java.util.HashMap.putVal(ILjava/lang/Object;Ljava/lang/Object;ZZ)Ljava/lang/Object; @ 91
Event: 14.594 Thread 0x000000001a2e6000 Uncommon trap: reason=class_check action=maybe_recompile pc=0x0000000003316174 method=java.util.HashMap.putVal(ILjava/lang/Object;Ljava/lang/Object;ZZ)Ljava/lang/Object; @ 203
Event: 14.594 Thread 0x000000001a2e6000 Uncommon trap: reason=class_check action=maybe_recompile pc=0x0000000003316174 method=java.util.HashMap.putVal(ILjava/lang/Object;Ljava/lang/Object;ZZ)Ljava/lang/Object; @ 203
Event: 14.594 Thread 0x000000001a2e6000 Uncommon trap: reason=bimorphic action=maybe_recompile pc=0x0000000003316190 method=java.util.HashMap.putVal(ILjava/lang/Object;Ljava/lang/Object;ZZ)Ljava/lang/Object; @ 91

Internal exceptions (10 events):
Event: 7.847 Thread 0x000000001a2e9000 Exception <a 'java/lang/ArrayIndexOutOfBoundsException'> (0x00000000d6821478) thrown at [C:\re\workspace\8-2-build-windows-amd64-cygwin\jdk8u91\6644\hotspot\src\share\vm\runtime\sharedRuntime.cpp, line 605]
Event: 7.848 Thread 0x000000001a2e9000 Exception <a 'java/lang/ArrayIndexOutOfBoundsException'> (0x00000000d683bd00) thrown at [C:\re\workspace\8-2-build-windows-amd64-cygwin\jdk8u91\6644\hotspot\src\share\vm\runtime\sharedRuntime.cpp, line 605]
Event: 7.856 Thread 0x000000001a2e9000 Exception <a 'java/lang/ClassNotFoundException': javax/swing/AbstractButtonCustomizer> (0x00000000d6895ea0) thrown at [C:\re\workspace\8-2-build-windows-amd64-cygwin\jdk8u91\6644\hotspot\src\share\vm\classfile\systemDictionary.cpp, line 210]
Event: 7.863 Thread 0x000000001a2e9000 Exception <a 'java/lang/ClassNotFoundException': javax/swing/JMenuItemCustomizer> (0x00000000d6901600) thrown at [C:\re\workspace\8-2-build-windows-amd64-cygwin\jdk8u91\6644\hotspot\src\share\vm\classfile\systemDictionary.cpp, line 210]
Event: 7.868 Thread 0x000000001a2e9000 Exception <a 'java/lang/ClassNotFoundException': javax/swing/JMenuCustomizer> (0x00000000d693fa80) thrown at [C:\re\workspace\8-2-build-windows-amd64-cygwin\jdk8u91\6644\hotspot\src\share\vm\classfile\systemDictionary.cpp, line 210]
Event: 8.229 Thread 0x000000001a2e9000 Exception <a 'java/lang/ClassNotFoundException': javax/swing/JButtonBeanInfo> (0x00000000d69ae618) thrown at [C:\re\workspace\8-2-build-windows-amd64-cygwin\jdk8u91\6644\hotspot\src\share\vm\classfile\systemDictionary.cpp, line 210]
Event: 8.229 Thread 0x000000001a2e9000 Exception <a 'java/lang/ClassNotFoundException': javax/swing/JButtonCustomizer> (0x00000000d69afa70) thrown at [C:\re\workspace\8-2-build-windows-amd64-cygwin\jdk8u91\6644\hotspot\src\share\vm\classfile\systemDictionary.cpp, line 210]
Event: 8.749 Thread 0x000000001a2e9000 Implicit null exception at 0x00000000032b7059 to 0x00000000032b73bd
Event: 8.750 Thread 0x000000001a2e9000 Implicit null exception at 0x00000000032a7016 to 0x00000000032a7345
Event: 12.102 Thread 0x000000001b1ee000 Exception <a 'java/lang/OutOfMemoryError'> (0x00000000d664b928) thrown at [C:\re\workspace\8-2-build-windows-amd64-cygwin\jdk8u91\6644\hotspot\src\share\vm\prims\jni.cpp, line 735]

Events (10 events):
Event: 17.470 Executing VM operation: RevokeBias
Event: 17.470 Executing VM operation: RevokeBias done
Event: 17.717 loading class javax/swing/text/SegmentCache
Event: 17.718 loading class javax/swing/text/SegmentCache done
Event: 17.718 loading class javax/swing/text/SegmentCache$CachedSegment
Event: 17.718 loading class javax/swing/text/Segment
Event: 17.718 loading class javax/swing/text/Segment done
Event: 17.718 loading class javax/swing/text/SegmentCache$CachedSegment done
Event: 17.718 loading class javax/swing/text/Utilities
Event: 17.718 loading class javax/swing/text/Utilities done


Dynamic libraries:
0x00007ff713fe0000 - 0x00007ff714017000 	C:\Program Files\Java\jdk1.8.0_91\bin\java.exe
0x00007ff96de80000 - 0x00007ff96e051000 	C:\WINDOWS\SYSTEM32\ntdll.dll
0x00007ff96d8a0000 - 0x00007ff96d94b000 	C:\WINDOWS\System32\KERNEL32.DLL
0x00007ff96a3d0000 - 0x00007ff96a5ed000 	C:\WINDOWS\System32\KERNELBASE.dll
0x00007ff96dd30000 - 0x00007ff96ddd2000 	C:\WINDOWS\System32\ADVAPI32.dll
0x00007ff96b9e0000 - 0x00007ff96ba7e000 	C:\WINDOWS\System32\msvcrt.dll
0x00007ff96b550000 - 0x00007ff96b5a9000 	C:\WINDOWS\System32\sechost.dll
0x00007ff96bb10000 - 0x00007ff96bc31000 	C:\WINDOWS\System32\RPCRT4.dll
0x00007ff96bd00000 - 0x00007ff96be65000 	C:\WINDOWS\System32\USER32.dll
0x00007ff96b3f0000 - 0x00007ff96b40e000 	C:\WINDOWS\System32\win32u.dll
0x00007ff96bcc0000 - 0x00007ff96bcf4000 	C:\WINDOWS\System32\GDI32.dll
0x00007ff96a6a0000 - 0x00007ff96a822000 	C:\WINDOWS\System32\gdi32full.dll
0x00007ff966ae0000 - 0x00007ff966d59000 	C:\WINDOWS\WinSxS\amd64_microsoft.windows.common-controls_6595b64144ccf1df_6.0.14393.0_none_2d0f50fcbdb171b8\COMCTL32.dll
0x00007ff96d960000 - 0x00007ff96dc27000 	C:\WINDOWS\System32\combase.dll
0x00007ff96af10000 - 0x00007ff96b005000 	C:\WINDOWS\System32\ucrtbase.dll
0x00007ff96b160000 - 0x00007ff96b1ca000 	C:\WINDOWS\System32\bcryptPrimitives.dll
0x00007ff96ba80000 - 0x00007ff96baae000 	C:\WINDOWS\System32\IMM32.DLL
0x000000006f550000 - 0x000000006f622000 	C:\Program Files\Java\jdk1.8.0_91\jre\bin\msvcr100.dll
0x000000006e0c0000 - 0x000000006e953000 	C:\Program Files\Java\jdk1.8.0_91\jre\bin\server\jvm.dll
0x00007ff96b4e0000 - 0x00007ff96b4e8000 	C:\WINDOWS\System32\PSAPI.DLL
0x00007ff9678a0000 - 0x00007ff9678a9000 	C:\WINDOWS\SYSTEM32\WSOCK32.dll
0x00007ff96bc50000 - 0x00007ff96bcba000 	C:\WINDOWS\System32\WS2_32.dll
0x00007ff968600000 - 0x00007ff968623000 	C:\WINDOWS\SYSTEM32\WINMM.dll
0x00007ff966ab0000 - 0x00007ff966aba000 	C:\WINDOWS\SYSTEM32\VERSION.dll
0x0000000002df0000 - 0x0000000002e1b000 	C:\WINDOWS\SYSTEM32\WINMMBASE.dll
0x00007ff96b1d0000 - 0x00007ff96b212000 	C:\WINDOWS\System32\cfgmgr32.dll
0x000000006f7c0000 - 0x000000006f7cf000 	C:\Program Files\Java\jdk1.8.0_91\jre\bin\verify.dll
0x000000006e090000 - 0x000000006e0b9000 	C:\Program Files\Java\jdk1.8.0_91\jre\bin\java.dll
0x000000006e070000 - 0x000000006e086000 	C:\Program Files\Java\jdk1.8.0_91\jre\bin\zip.dll
0x00007ff96c110000 - 0x00007ff96d618000 	C:\WINDOWS\System32\SHELL32.dll
0x00007ff96a830000 - 0x00007ff96af0a000 	C:\WINDOWS\System32\windows.storage.dll
0x00007ff96a2f0000 - 0x00007ff96a33c000 	C:\WINDOWS\System32\powrprof.dll
0x00007ff96b480000 - 0x00007ff96b4d2000 	C:\WINDOWS\System32\shlwapi.dll
0x00007ff96a2e0000 - 0x00007ff96a2ef000 	C:\WINDOWS\System32\kernel.appcore.dll
0x00007ff96b0b0000 - 0x00007ff96b159000 	C:\WINDOWS\System32\shcore.dll
0x00007ff96a350000 - 0x00007ff96a364000 	C:\WINDOWS\System32\profapi.dll
0x000000006de90000 - 0x000000006e028000 	C:\Program Files\Java\jdk1.8.0_91\jre\bin\awt.dll
0x00007ff96d620000 - 0x00007ff96d6df000 	C:\WINDOWS\System32\OLEAUT32.dll
0x00007ff96b010000 - 0x00007ff96b0ac000 	C:\WINDOWS\System32\msvcp_win.dll
0x00007ff968890000 - 0x00007ff96890a000 	C:\WINDOWS\SYSTEM32\apphelp.dll
0x00007ff968ad0000 - 0x00007ff968b65000 	C:\WINDOWS\system32\uxtheme.dll
0x00007ff96bfb0000 - 0x00007ff96c10b000 	C:\WINDOWS\System32\MSCTF.dll
0x00007ff967e30000 - 0x00007ff967e56000 	C:\WINDOWS\system32\dwmapi.dll
0x00007ff96be70000 - 0x00007ff96bfa7000 	C:\WINDOWS\System32\ole32.dll
0x000000006de40000 - 0x000000006de87000 	C:\Program Files\Java\jdk1.8.0_91\jre\bin\fontmanager.dll
0x000000006e050000 - 0x000000006e06a000 	C:\Program Files\Java\jdk1.8.0_91\jre\bin\net.dll
0x00007ff969950000 - 0x00007ff9699ac000 	C:\WINDOWS\system32\mswsock.dll
0x000000006e030000 - 0x000000006e041000 	C:\Program Files\Java\jdk1.8.0_91\jre\bin\nio.dll
0x00007ff96dde0000 - 0x00007ff96de7f000 	C:\WINDOWS\System32\clbcatq.dll
0x00007ff966150000 - 0x00007ff9662f8000 	C:\WINDOWS\SYSTEM32\WindowsCodecs.dll
0x00007ff95b4e0000 - 0x00007ff95b529000 	C:\WINDOWS\system32\dataexchange.dll
0x00007ff967b70000 - 0x00007ff967e26000 	C:\WINDOWS\system32\d3d11.dll
0x00007ff9681a0000 - 0x00007ff9682f1000 	C:\WINDOWS\system32\dcomp.dll
0x00007ff969270000 - 0x00007ff96930f000 	C:\WINDOWS\system32\dxgi.dll
0x00007ff968d10000 - 0x00007ff968e2c000 	C:\WINDOWS\system32\twinapi.appcore.dll
0x00007ff969fe0000 - 0x00007ff96a00b000 	C:\WINDOWS\system32\bcrypt.dll
0x000000006ddf0000 - 0x000000006de32000 	C:\Program Files\Java\jdk1.8.0_91\jre\bin\t2k.dll

VM Arguments:
java_command: C:\Users\Lucas\Documents\MaterialCodigoAprendizaje\2DAM\ProgramacionServiciosProcesos\Editor\dist\DocumentEditor.jar
java_class_path (initial): C:\Users\Lucas\Documents\MaterialCodigoAprendizaje\2DAM\ProgramacionServiciosProcesos\Editor\dist\DocumentEditor.jar
Launcher Type: SUN_STANDARD

Environment Variables:
PATH=C:\ProgramData\Oracle\Java\javapath;C:\Program Files (x86)\Intel\iCLS Client\;C:\Program Files\Intel\iCLS Client\;C:\Windows\system32;C:\Windows;C:\Windows\System32\Wbem;C:\Windows\System32\WindowsPowerShell\v1.0\;C:\Program Files (x86)\NVIDIA Corporation\PhysX\Common;C:\Program Files (x86)\Intel\Intel(R) Management Engine Components\DAL;C:\Program Files\Intel\Intel(R) Management Engine Components\DAL;C:\Program Files (x86)\Intel\Intel(R) Management Engine Components\IPT;C:\Program Files\Intel\Intel(R) Management Engine Components\IPT;C:\Program Files (x86)\Skype\Phone\;C:\Program Files\Git\cmd;C:\WINDOWS\system32;C:\WINDOWS;C:\WINDOWS\System32\Wbem;C:\WINDOWS\System32\WindowsPowerShell\v1.0\;C:\Users\Lucas\AppData\Local\atom\bin;%USERPROFILE%\AppData\Local\Microsoft\WindowsApps;
USERNAME=Lucas
OS=Windows_NT
PROCESSOR_IDENTIFIER=Intel64 Family 6 Model 94 Stepping 3, GenuineIntel



---------------  S Y S T E M  ---------------

OS: Windows 10.0 , 64 bit Build 14393 (10.0.14393.0)

CPU:total 8 (4 cores per cpu, 2 threads per core) family 6 model 94 stepping 3, cmov, cx8, fxsr, mmx, sse, sse2, sse3, ssse3, sse4.1, sse4.2, popcnt, avx, avx2, aes, clmul, erms, rtm, 3dnowpref, lzcnt, ht, tsc, tscinvbit, bmi1, bmi2, adx

Memory: 4k page, physical 8281880k(1041564k free), swap 33447704k(455784k free)

vm_info: Java HotSpot(TM) 64-Bit Server VM (25.91-b14) for windows-amd64 JRE (1.8.0_91-b14), built on Apr  1 2016 00:58:32 by "java_re" with MS VC++ 10.0 (VS2010)

time: Thu Oct 06 09:34:14 2016
elapsed time: 18 seconds (0d 0h 0m 18s)

