#
# A fatal error has been detected by the Java Runtime Environment:
#
#  Internal Error (0xc06d007e), pid=17720, tid=30220
#
# JRE version:  (8.0_91-b14) (build )
# Java VM: Java HotSpot(TM) 64-Bit Server VM (25.91-b14 mixed mode windows-amd64 compressed oops)
# Problematic frame:
# C  [KERNELBASE.dll+0x17788]
#
# Failed to write core dump. Minidumps are not enabled by default on client versions of Windows
#
# If you would like to submit a bug report, please visit:
#   http://bugreport.java.com/bugreport/crash.jsp
# The crash happened outside the Java Virtual Machine in native code.
# See problematic frame for where to report the bug.
#

---------------  T H R E A D  ---------------

Current thread (0x0000000002f20800):  JavaThread "main" [_thread_in_native, id=30220, stack(0x0000000002c80000,0x0000000002d80000)]

siginfo: ExceptionCode=0xc06d007e, ExceptionInformation=0x0000000002d7e6f0 

Registers:
RAX=0x00000000010ea1e0, RBX=0x0000000000000000, RCX=0x00000000001a000e, RDX=0x0000000000000007
RSP=0x0000000002d7e5f0, RBP=0x0000000002d7e748, RSI=0x000000006e0ad874, RDI=0x0000000000000000
R8 =0x0000000000000000, R9 =0x0000000000000006, R10=0x00007ff902000002, R11=0x0000000000000000
R12=0x0000000000000001, R13=0x000000006e0b5780, R14=0x000000006e0b5510, R15=0x000000006e0ad900
RIP=0x00007ff96a3e7788, EFLAGS=0x0000000000000202

Top of Stack: (sp=0x0000000002d7e5f0)
0x0000000002d7e5f0:   0000000000000000 0000000000000000
0x0000000002d7e600:   000000006e0ad874 0000000000000000
0x0000000002d7e610:   00000000c06d007e 0000000000000000
0x0000000002d7e620:   00007ff96a3e7788 00007ff900000001
0x0000000002d7e630:   0000000002d7e6f0 00000000010ee510
0x0000000002d7e640:   0000000000000000 0000000000000000
0x0000000002d7e650:   0000000000000000 00007ff96a3f572f
0x0000000002d7e660:   005c003200000000 000000006e0ad874
0x0000000002d7e670:   0000181e293d7439 0000000000000000
0x0000000002d7e680:   0000000000000000 0000000000000000
0x0000000002d7e690:   000000006e0acb40 00007ff96a43b7e9
0x0000000002d7e6a0:   0000000000000000 000000006f5a4e7e
0x0000000002d7e6b0:   0000e8573c119870 000000006f575695
0x0000000002d7e6c0:   0000000000000000 000000006e0a8887
0x0000000002d7e6d0:   0000000000000000 000000006e0ad874
0x0000000002d7e6e0:   0000000000000001 000000006f5a38a8 

Instructions: (pc=0x00007ff96a3e7788)
0x00007ff96a3e7768:   49 8b d1 44 0f 47 c0 44 89 44 24 38 49 c1 e0 03
0x00007ff96a3e7778:   e8 57 54 06 00 48 8d 4c 24 20 ff 15 b0 08 13 00
0x00007ff96a3e7788:   48 8b 8c 24 c0 00 00 00 48 33 cc e8 e8 19 06 00
0x00007ff96a3e7798:   48 81 c4 d8 00 00 00 c3 83 64 24 38 00 eb d6 cc 


Register to memory mapping:

RAX=0x00000000010ea1e0 is an unknown value
RBX=0x0000000000000000 is an unknown value
RCX=0x00000000001a000e is an unknown value
RDX=0x0000000000000007 is an unknown value
RSP=0x0000000002d7e5f0 is pointing into the stack for thread: 0x0000000002f20800
RBP=0x0000000002d7e748 is pointing into the stack for thread: 0x0000000002f20800
RSI=0x000000006e0ad874 is an unknown value
RDI=0x0000000000000000 is an unknown value
R8 =0x0000000000000000 is an unknown value
R9 =0x0000000000000006 is an unknown value
R10=0x00007ff902000002 is an unknown value
R11=0x0000000000000000 is an unknown value
R12=0x0000000000000001 is an unknown value
R13=0x000000006e0b5780 is an unknown value
R14=0x000000006e0b5510 is an unknown value
R15=0x000000006e0ad900 is an unknown value


Stack: [0x0000000002c80000,0x0000000002d80000],  sp=0x0000000002d7e5f0,  free space=1017k
Native frames: (J=compiled Java code, j=interpreted, Vv=VM code, C=native code)
C  [KERNELBASE.dll+0x17788]

Java frames: (J=compiled Java code, j=interpreted, Vv=VM code)
j  java.lang.System.initProperties(Ljava/util/Properties;)Ljava/util/Properties;+0
j  java.lang.System.initializeSystemClass()V+13
v  ~StubRoutines::call_stub

---------------  P R O C E S S  ---------------

Java Threads: ( => current thread )
  0x0000000003017000 JavaThread "Finalizer" daemon [_thread_blocked, id=25680, stack(0x000000001a280000,0x000000001a380000)]
  0x0000000017fad800 JavaThread "Reference Handler" daemon [_thread_blocked, id=31096, stack(0x0000000019d80000,0x0000000019e80000)]
=>0x0000000002f20800 JavaThread "main" [_thread_in_native, id=30220, stack(0x0000000002c80000,0x0000000002d80000)]

Other Threads:
  0x0000000017fa9000 VMThread [stack: 0x0000000019c80000,0x0000000019d80000] [id=31836]

VM state:not at safepoint (normal execution)

VM Mutex/Monitor currently owned by a thread: None

Heap:
 PSYoungGen      total 38400K, used 665K [0x00000000d5e00000, 0x00000000d8880000, 0x0000000100000000)
  eden space 33280K, 2% used [0x00000000d5e00000,0x00000000d5ea6670,0x00000000d7e80000)
  from space 5120K, 0% used [0x00000000d8380000,0x00000000d8380000,0x00000000d8880000)
  to   space 5120K, 0% used [0x00000000d7e80000,0x00000000d7e80000,0x00000000d8380000)
 ParOldGen       total 87552K, used 0K [0x0000000081a00000, 0x0000000086f80000, 0x00000000d5e00000)
  object space 87552K, 0% used [0x0000000081a00000,0x0000000081a00000,0x0000000086f80000)
 Metaspace       used 1097K, capacity 4480K, committed 4480K, reserved 1056768K
  class space    used 116K, capacity 384K, committed 384K, reserved 1048576K

Card table byte_map: [0x00000000123e0000,0x00000000127e0000] byte_map_base: 0x0000000011fd3000

Marking Bits: (ParMarkBitMap*) 0x000000006e8d2f70
 Begin Bits: [0x0000000013290000, 0x0000000015228000)
 End Bits:   [0x0000000015228000, 0x00000000171c0000)

Polling page: 0x0000000001380000

CodeCache: size=245760Kb used=404Kb max_used=404Kb free=245355Kb
 bounds [0x0000000003020000, 0x0000000003290000, 0x0000000012020000]
 total_blobs=103 nmethods=0 adapters=77
 compilation: enabled

Compilation events (0 events):
No events

GC Heap History (0 events):
No events

Deoptimization events (0 events):
No events

Internal exceptions (2 events):
Event: 3.072 Thread 0x0000000002f20800 Exception <a 'java/lang/NoSuchMethodError': Method sun.misc.Unsafe.defineClass(Ljava/lang/String;[BII)Ljava/lang/Class; name or signature does not match> (0x00000000d5e07cc0) thrown at [C:\re\workspace\8-2-build-windows-amd64-cygwin\jdk8u91\6644\hotspot\sr
Event: 3.072 Thread 0x0000000002f20800 Exception <a 'java/lang/NoSuchMethodError': Method sun.misc.Unsafe.prefetchRead(Ljava/lang/Object;J)V name or signature does not match> (0x00000000d5e07fa8) thrown at [C:\re\workspace\8-2-build-windows-amd64-cygwin\jdk8u91\6644\hotspot\src\share\vm\prims\j

Events (10 events):
Event: 3.073 loading class java/util/HashMap$Node done
Event: 3.073 loading class sun/misc/VM
Event: 3.074 loading class sun/misc/VM done
Event: 3.074 loading class java/util/Hashtable$Entry
Event: 3.074 loading class java/util/Hashtable$Entry done
Event: 3.074 loading class java/lang/Math
Event: 3.074 loading class java/lang/Math done
Event: 3.074 loading class java/lang/ref/Finalizer$FinalizerThread
Event: 3.074 loading class java/lang/ref/Finalizer$FinalizerThread done
Event: 3.075 Thread 0x0000000003017000 Thread added: 0x0000000003017000


Dynamic libraries:
0x00007ff713fe0000 - 0x00007ff714017000 	C:\Program Files\Java\jdk1.8.0_91\bin\java.exe
0x00007ff96de80000 - 0x00007ff96e051000 	C:\WINDOWS\SYSTEM32\ntdll.dll
0x00007ff96d8a0000 - 0x00007ff96d94b000 	C:\WINDOWS\System32\KERNEL32.DLL
0x00007ff96a3d0000 - 0x00007ff96a5ed000 	C:\WINDOWS\System32\KERNELBASE.dll
0x00007ff96dd30000 - 0x00007ff96ddd2000 	C:\WINDOWS\System32\ADVAPI32.dll
0x00007ff96b9e0000 - 0x00007ff96ba7e000 	C:\WINDOWS\System32\msvcrt.dll
0x00007ff96b550000 - 0x00007ff96b5a9000 	C:\WINDOWS\System32\sechost.dll
0x00007ff96bb10000 - 0x00007ff96bc31000 	C:\WINDOWS\System32\RPCRT4.dll
0x00007ff96bd00000 - 0x00007ff96be65000 	C:\WINDOWS\System32\USER32.dll
0x00007ff96b3f0000 - 0x00007ff96b40e000 	C:\WINDOWS\System32\win32u.dll
0x00007ff96bcc0000 - 0x00007ff96bcf4000 	C:\WINDOWS\System32\GDI32.dll
0x00007ff96a6a0000 - 0x00007ff96a822000 	C:\WINDOWS\System32\gdi32full.dll
0x00007ff966ae0000 - 0x00007ff966d59000 	C:\WINDOWS\WinSxS\amd64_microsoft.windows.common-controls_6595b64144ccf1df_6.0.14393.0_none_2d0f50fcbdb171b8\COMCTL32.dll
0x00007ff96d960000 - 0x00007ff96dc27000 	C:\WINDOWS\System32\combase.dll
0x00007ff96af10000 - 0x00007ff96b005000 	C:\WINDOWS\System32\ucrtbase.dll
0x00007ff96b160000 - 0x00007ff96b1ca000 	C:\WINDOWS\System32\bcryptPrimitives.dll
0x00007ff96ba80000 - 0x00007ff96baae000 	C:\WINDOWS\System32\IMM32.DLL
0x000000006f550000 - 0x000000006f622000 	C:\Program Files\Java\jdk1.8.0_91\jre\bin\msvcr100.dll
0x000000006e0c0000 - 0x000000006e953000 	C:\Program Files\Java\jdk1.8.0_91\jre\bin\server\jvm.dll
0x00007ff96b4e0000 - 0x00007ff96b4e8000 	C:\WINDOWS\System32\PSAPI.DLL
0x00007ff9678a0000 - 0x00007ff9678a9000 	C:\WINDOWS\SYSTEM32\WSOCK32.dll
0x00007ff96bc50000 - 0x00007ff96bcba000 	C:\WINDOWS\System32\WS2_32.dll
0x00007ff968600000 - 0x00007ff968623000 	C:\WINDOWS\SYSTEM32\WINMM.dll
0x00007ff966ab0000 - 0x00007ff966aba000 	C:\WINDOWS\SYSTEM32\VERSION.dll
0x00007ff968300000 - 0x00007ff96832b000 	C:\WINDOWS\SYSTEM32\WINMMBASE.dll
0x00007ff96b1d0000 - 0x00007ff96b212000 	C:\WINDOWS\System32\cfgmgr32.dll
0x000000006f7c0000 - 0x000000006f7cf000 	C:\Program Files\Java\jdk1.8.0_91\jre\bin\verify.dll
0x000000006e090000 - 0x000000006e0b9000 	C:\Program Files\Java\jdk1.8.0_91\jre\bin\java.dll
0x000000006e070000 - 0x000000006e086000 	C:\Program Files\Java\jdk1.8.0_91\jre\bin\zip.dll

VM Arguments:
java_command: C:\Users\Lucas\Documents\MaterialCodigoAprendizaje\2DAM\ProgramacionServiciosProcesos\Editor\dist\DocumentEditor.jar
java_class_path (initial): C:\Users\Lucas\Documents\MaterialCodigoAprendizaje\2DAM\ProgramacionServiciosProcesos\Editor\dist\DocumentEditor.jar
Launcher Type: SUN_STANDARD

Environment Variables:
PATH=C:\ProgramData\Oracle\Java\javapath;C:\Program Files (x86)\Intel\iCLS Client\;C:\Program Files\Intel\iCLS Client\;C:\Windows\system32;C:\Windows;C:\Windows\System32\Wbem;C:\Windows\System32\WindowsPowerShell\v1.0\;C:\Program Files (x86)\NVIDIA Corporation\PhysX\Common;C:\Program Files (x86)\Intel\Intel(R) Management Engine Components\DAL;C:\Program Files\Intel\Intel(R) Management Engine Components\DAL;C:\Program Files (x86)\Intel\Intel(R) Management Engine Components\IPT;C:\Program Files\Intel\Intel(R) Management Engine Components\IPT;C:\Program Files (x86)\Skype\Phone\;C:\Program Files\Git\cmd;C:\WINDOWS\system32;C:\WINDOWS;C:\WINDOWS\System32\Wbem;C:\WINDOWS\System32\WindowsPowerShell\v1.0\;C:\Users\Lucas\AppData\Local\atom\bin;%USERPROFILE%\AppData\Local\Microsoft\WindowsApps;
USERNAME=Lucas
OS=Windows_NT
PROCESSOR_IDENTIFIER=Intel64 Family 6 Model 94 Stepping 3, GenuineIntel



---------------  S Y S T E M  ---------------

OS: Windows 10.0 , 64 bit Build 14393 (10.0.14393.0)

CPU:total 8 (4 cores per cpu, 2 threads per core) family 6 model 94 stepping 3, cmov, cx8, fxsr, mmx, sse, sse2, sse3, ssse3, sse4.1, sse4.2, popcnt, avx, avx2, aes, clmul, erms, rtm, 3dnowpref, lzcnt, ht, tsc, tscinvbit, bmi1, bmi2, adx

Memory: 4k page, physical 8281880k(378700k free), swap 33447704k(11412k free)

vm_info: Java HotSpot(TM) 64-Bit Server VM (25.91-b14) for windows-amd64 JRE (1.8.0_91-b14), built on Apr  1 2016 00:58:32 by "java_re" with MS VC++ 10.0 (VS2010)

time: Thu Oct 06 09:33:55 2016
elapsed time: 3 seconds (0d 0h 0m 3s)

