#
# There is insufficient memory for the Java Runtime Environment to continue.
# Native memory allocation (malloc) failed to allocate 32744 bytes for ChunkPool::allocate
# Possible reasons:
#   The system is out of physical RAM or swap space
#   In 32 bit mode, the process size limit was hit
# Possible solutions:
#   Reduce memory load on the system
#   Increase physical memory or swap space
#   Check if swap backing store is full
#   Use 64 bit Java on a 64 bit OS
#   Decrease Java heap size (-Xmx/-Xms)
#   Decrease number of Java threads
#   Decrease Java thread stack sizes (-Xss)
#   Set larger code cache with -XX:ReservedCodeCacheSize=
# This output file may be truncated or incomplete.
#
#  Out of Memory Error (allocation.cpp:273), pid=2868, tid=17244
#
# JRE version: Java(TM) SE Runtime Environment (8.0_91-b14) (build 1.8.0_91-b14)
# Java VM: Java HotSpot(TM) 64-Bit Server VM (25.91-b14 mixed mode windows-amd64 compressed oops)
# Failed to write core dump. Minidumps are not enabled by default on client versions of Windows
#

---------------  T H R E A D  ---------------

Current thread (0x0000000002a40800):  JavaThread "main" [_thread_in_native, id=17244, stack(0x0000000002800000,0x0000000002900000)]

Stack: [0x0000000002800000,0x0000000002900000]
[error occurred during error reporting (printing stack bounds), id 0xc0000005]

Native frames: (J=compiled Java code, j=interpreted, Vv=VM code, C=native code)

Java frames: (J=compiled Java code, j=interpreted, Vv=VM code)
j  java.util.jar.JarFile.getManifestFromReference()Ljava/util/jar/Manifest;+72
j  java.util.jar.JarFile.getManifest()Ljava/util/jar/Manifest;+1
j  sun.launcher.LauncherHelper.getMainClassFromJar(Ljava/lang/String;)Ljava/lang/String;+14
j  sun.launcher.LauncherHelper.checkAndLoadMain(ZILjava/lang/String;)Ljava/lang/Class;+38
v  ~StubRoutines::call_stub

---------------  P R O C E S S  ---------------

Java Threads: ( => current thread )
  0x0000000019a58000 JavaThread "Service Thread" daemon [_thread_blocked, id=15132, stack(0x000000001a5d0000,0x000000001a6d0000)]
  0x0000000019a4b800 JavaThread "C1 CompilerThread3" daemon [_thread_blocked, id=13856, stack(0x000000001a4d0000,0x000000001a5d0000)]
  0x0000000019a44800 JavaThread "C2 CompilerThread2" daemon [_thread_blocked, id=26892, stack(0x000000001a3d0000,0x000000001a4d0000)]
  0x00000000199ea000 JavaThread "C2 CompilerThread1" daemon [_thread_blocked, id=23804, stack(0x000000001a2d0000,0x000000001a3d0000)]
  0x00000000199e8000 JavaThread "C2 CompilerThread0" daemon [_thread_blocked, id=23360, stack(0x000000001a1d0000,0x000000001a2d0000)]
  0x00000000199e5800 JavaThread "Attach Listener" daemon [_thread_blocked, id=23356, stack(0x000000001a0d0000,0x000000001a1d0000)]
  0x00000000199e4000 JavaThread "Signal Dispatcher" daemon [_thread_blocked, id=23352, stack(0x0000000019fd0000,0x000000001a0d0000)]
  0x0000000002b37000 JavaThread "Finalizer" daemon [_thread_blocked, id=21912, stack(0x0000000019dc0000,0x0000000019ec0000)]
  0x0000000017acd800 JavaThread "Reference Handler" daemon [_thread_blocked, id=21040, stack(0x00000000198c0000,0x00000000199c0000)]
=>0x0000000002a40800 JavaThread "main" [_thread_in_native, id=17244, stack(0x0000000002800000,0x0000000002900000)]

Other Threads:
  0x0000000017ac9000 VMThread [stack: 0x00000000197c0000,0x00000000198c0000] [id=19632]
  0x0000000019a55800 WatcherThread [stack: 0x000000001a6d0000,0x000000001a7d0000] [id=19160]

VM state:not at safepoint (normal execution)

VM Mutex/Monitor currently owned by a thread: None

Heap:
 PSYoungGen      total 38400K, used 665K [0x00000000d5e00000, 0x00000000d8880000, 0x0000000100000000)
  eden space 33280K, 2% used [0x00000000d5e00000,0x00000000d5ea6670,0x00000000d7e80000)
  from space 5120K, 0% used [0x00000000d8380000,0x00000000d8380000,0x00000000d8880000)
  to   space 5120K, 0% used [0x00000000d7e80000,0x00000000d7e80000,0x00000000d8380000)
 ParOldGen       total 87552K, used 0K [0x0000000081a00000, 0x0000000086f80000, 0x00000000d5e00000)
  object space 87552K, 0% used [0x0000000081a00000,0x0000000081a00000,0x0000000086f80000)
 Metaspace       used 2533K, capacity 4480K, committed 4480K, reserved 1056768K
  class space    used 279K, capacity 384K, committed 384K, reserved 1048576K

Card table byte_map: [0x0000000011f00000,0x0000000012300000] byte_map_base: 0x0000000011af3000

Marking Bits: (ParMarkBitMap*) 0x000000006e8d2f70
 Begin Bits: [0x0000000012db0000, 0x0000000014d48000)
 End Bits:   [0x0000000014d48000, 0x0000000016ce0000)

Polling page: 0x0000000000d20000

CodeCache: size=245760Kb used=1081Kb max_used=1081Kb free=244678Kb
 bounds [0x0000000002b40000, 0x0000000002db0000, 0x0000000011b40000]
 total_blobs=246 nmethods=15 adapters=145
 compilation: enabled

Compilation events (10 events):
Event: 5.271 Thread 0x0000000019a4b800 nmethod 1 0x0000000002c4b150 code [0x0000000002c4b2c0, 0x0000000002c4b4f8]
Event: 5.271 Thread 0x0000000019a4b800    3       3       java.lang.CharacterDataLatin1::toLowerCase (39 bytes)
Event: 5.271 Thread 0x0000000019a4b800 nmethod 3 0x0000000002c4b5d0 code [0x0000000002c4b740, 0x0000000002c4b9b0]
Event: 5.271 Thread 0x0000000019a4b800   11       3       java.lang.Math::min (11 bytes)
Event: 5.271 Thread 0x0000000019a4b800 nmethod 11 0x0000000002c4bb10 code [0x0000000002c4bc60, 0x0000000002c4bdf0]
Event: 9.425 Thread 0x0000000019a4b800   12       3       sun.nio.cs.SingleByte$Decoder::decode (11 bytes)
Event: 9.425 Thread 0x0000000019a4b800 nmethod 12 0x0000000002c4c450 code [0x0000000002c4c5a0, 0x0000000002c4c730]
Event: 9.428 Thread 0x0000000019a4b800   13       3       java.lang.String::equals (81 bytes)
Event: 9.428 Thread 0x0000000019a4b800 nmethod 13 0x0000000002c4cc10 code [0x0000000002c4cda0, 0x0000000002c4d2f0]
Event: 9.434 Thread 0x0000000019a4b800   14       3       java.util.jar.Attributes$Name::isValid (32 bytes)

GC Heap History (0 events):
No events

Deoptimization events (0 events):
No events

Internal exceptions (2 events):
Event: 1.402 Thread 0x0000000002a40800 Exception <a 'java/lang/NoSuchMethodError': Method sun.misc.Unsafe.defineClass(Ljava/lang/String;[BII)Ljava/lang/Class; name or signature does not match> (0x00000000d5e07cc0) thrown at [C:\re\workspace\8-2-build-windows-amd64-cygwin\jdk8u91\6644\hotspot\sr¹1*Bmö?
Event: 1.402 Thread 0x0000000002a40800 Exception <a 'java/lang/NoSuchMethodError': Method sun.misc.Unsafe.prefetchRead(Ljava/lang/Object;J)V name or signature does not match> (0x00000000d5e07fa8) thrown at [C:\re\workspace\8-2-build-windows-amd64-cygwin\jdk8u91\6644\hotspot\src\share\vm\prims\j

Events (10 events):
Event: 9.433 loading class java/util/jar/Attributes done
Event: 9.433 loading class java/util/jar/Manifest$FastInputStream
Event: 9.433 loading class java/util/jar/Manifest$FastInputStream done
Event: 9.433 loading class sun/nio/cs/UTF_8$Decoder
Event: 9.434 loading class sun/nio/cs/UTF_8$Decoder done
Event: 9.434 loading class java/util/jar/Attributes$Name
Event: 9.434 loading class java/util/jar/Attributes$Name done
Event: 9.434 loading class sun/misc/ASCIICaseInsensitiveComparator
Event: 9.434 loading class sun/misc/ASCIICaseInsensitiveComparator done
Event: 9.434 loading class java/util/jar/JarVerifier


Dynamic libraries:
0x00007ff713fe0000 - 0x00007ff714017000 	C:\Program Files\Java\jdk1.8.0_91\bin\java.exe
0x00007ff96de80000 - 0x00007ff96e051000 	C:\WINDOWS\SYSTEM32\ntdll.dll
0x00007ff96d8a0000 - 0x00007ff96d94b000 	C:\WINDOWS\System32\KERNEL32.DLL
0x00007ff96a3d0000 - 0x00007ff96a5ed000 	C:\WINDOWS\System32\KERNELBASE.dll
0x00007ff96dd30000 - 0x00007ff96ddd2000 	C:\WINDOWS\System32\ADVAPI32.dll
0x00007ff96b9e0000 - 0x00007ff96ba7e000 	C:\WINDOWS\System32\msvcrt.dll
0x00007ff96b550000 - 0x00007ff96b5a9000 	C:\WINDOWS\System32\sechost.dll
0x00007ff96bb10000 - 0x00007ff96bc31000 	C:\WINDOWS\System32\RPCRT4.dll
0x00007ff96bd00000 - 0x00007ff96be65000 	C:\WINDOWS\System32\USER32.dll
0x00007ff96b3f0000 - 0x00007ff96b40e000 	C:\WINDOWS\System32\win32u.dll
0x00007ff96bcc0000 - 0x00007ff96bcf4000 	C:\WINDOWS\System32\GDI32.dll
0x00007ff96a6a0000 - 0x00007ff96a822000 	C:\WINDOWS\System32\gdi32full.dll
0x00007ff966ae0000 - 0x00007ff966d59000 	C:\WINDOWS\WinSxS\amd64_microsoft.windows.common-controls_6595b64144ccf1df_6.0.14393.0_none_2d0f50fcbdb171b8\COMCTL32.dll
0x00007ff96d960000 - 0x00007ff96dc27000 	C:\WINDOWS\System32\combase.dll
0x00007ff96af10000 - 0x00007ff96b005000 	C:\WINDOWS\System32\ucrtbase.dll
0x00007ff96b160000 - 0x00007ff96b1ca000 	C:\WINDOWS\System32\bcryptPrimitives.dll
0x00007ff96ba80000 - 0x00007ff96baae000 	C:\WINDOWS\System32\IMM32.DLL
0x000000006f550000 - 0x000000006f622000 	C:\Program Files\Java\jdk1.8.0_91\jre\bin\msvcr100.dll
0x000000006e0c0000 - 0x000000006e953000 	C:\Program Files\Java\jdk1.8.0_91\jre\bin\server\jvm.dll
0x00007ff96b4e0000 - 0x00007ff96b4e8000 	C:\WINDOWS\System32\PSAPI.DLL
0x00007ff9678a0000 - 0x00007ff9678a9000 	C:\WINDOWS\SYSTEM32\WSOCK32.dll
0x00007ff96bc50000 - 0x00007ff96bcba000 	C:\WINDOWS\System32\WS2_32.dll
0x00007ff968600000 - 0x00007ff968623000 	C:\WINDOWS\SYSTEM32\WINMM.dll
0x00007ff966ab0000 - 0x00007ff966aba000 	C:\WINDOWS\SYSTEM32\VERSION.dll
0x00007ff968300000 - 0x00007ff96832b000 	C:\WINDOWS\SYSTEM32\WINMMBASE.dll
0x00007ff96b1d0000 - 0x00007ff96b212000 	C:\WINDOWS\System32\cfgmgr32.dll
0x000000006f7c0000 - 0x000000006f7cf000 	C:\Program Files\Java\jdk1.8.0_91\jre\bin\verify.dll
0x000000006e090000 - 0x000000006e0b9000 	C:\Program Files\Java\jdk1.8.0_91\jre\bin\java.dll
0x000000006e070000 - 0x000000006e086000 	C:\Program Files\Java\jdk1.8.0_91\jre\bin\zip.dll
0x00007ff96c110000 - 0x00007ff96d618000 	C:\WINDOWS\System32\SHELL32.dll
0x00007ff96a830000 - 0x00007ff96af0a000 	C:\WINDOWS\System32\windows.storage.dll
0x00007ff96a2f0000 - 0x00007ff96a33c000 	C:\WINDOWS\System32\powrprof.dll
0x00007ff96b480000 - 0x00007ff96b4d2000 	C:\WINDOWS\System32\shlwapi.dll
0x00007ff96a2e0000 - 0x00007ff96a2ef000 	C:\WINDOWS\System32\kernel.appcore.dll
0x00007ff96b0b0000 - 0x00007ff96b159000 	C:\WINDOWS\System32\shcore.dll
0x00007ff96a350000 - 0x00007ff96a364000 	C:\WINDOWS\System32\profapi.dll

VM Arguments:
java_command: C:\Users\Lucas\Documents\MaterialCodigoAprendizaje\2DAM\ProgramacionServiciosProcesos\Editor\dist\DocumentEditor.jar
java_class_path (initial): C:\Users\Lucas\Documents\MaterialCodigoAprendizaje\2DAM\ProgramacionServiciosProcesos\Editor\dist\DocumentEditor.jar
Launcher Type: SUN_STANDARD

Environment Variables:
PATH=C:\ProgramData\Oracle\Java\javapath;C:\Program Files (x86)\Intel\iCLS Client\;C:\Program Files\Intel\iCLS Client\;C:\Windows\system32;C:\Windows;C:\Windows\System32\Wbem;C:\Windows\System32\WindowsPowerShell\v1.0\;C:\Program Files (x86)\NVIDIA Corporation\PhysX\Common;C:\Program Files (x86)\Intel\Intel(R) Management Engine Components\DAL;C:\Program Files\Intel\Intel(R) Management Engine Components\DAL;C:\Program Files (x86)\Intel\Intel(R) Management Engine Components\IPT;C:\Program Files\Intel\Intel(R) Management Engine Components\IPT;C:\Program Files (x86)\Skype\Phone\;C:\Program Files\Git\cmd;C:\WINDOWS\system32;C:\WINDOWS;C:\WINDOWS\System32\Wbem;C:\WINDOWS\System32\WindowsPowerShell\v1.0\;C:\Users\Lucas\AppData\Local\atom\bin;%USERPROFILE%\AppData\Local\Microsoft\WindowsApps;
USERNAME=Lucas
OS=Windows_NT
PROCESSOR_IDENTIFIER=Intel64 Family 6 Model 94 Stepping 3, GenuineIntel



---------------  S Y S T E M  ---------------

OS: Windows 10.0 , 64 bit Build 14393 (10.0.14393.0)

CPU:total 8 (4 cores per cpu, 2 threads per core) family 6 model 94 stepping 3, cmov, cx8, fxsr, mmx, sse, sse2, sse3, ssse3, sse4.1, sse4.2, popcnt, avx, avx2, aes, clmul, erms, rtm, 3dnowpref, lzcnt, ht, tsc, tscinvbit, bmi1, bmi2, adx

Memory: 4k page, physical 8281880k(388900k free), swap 33447704k(568k free)

vm_info: Java HotSpot(TM) 64-Bit Server VM (25.91-b14) for windows-amd64 JRE (1.8.0_91-b14), built on Apr  1 2016 00:58:32 by "java_re" with MS VC++ 10.0 (VS2010)

time: Thu Oct 06 09:33:55 2016
elapsed time: 9 seconds (0d 0h 0m 9s)

