#
# There is insufficient memory for the Java Runtime Environment to continue.
# Native memory allocation (malloc) failed to allocate 32744 bytes for ChunkPool::allocate
# Possible reasons:
#   The system is out of physical RAM or swap space
#   In 32 bit mode, the process size limit was hit
# Possible solutions:
#   Reduce memory load on the system
#   Increase physical memory or swap space
#   Check if swap backing store is full
#   Use 64 bit Java on a 64 bit OS
#   Decrease Java heap size (-Xmx/-Xms)
#   Decrease number of Java threads
#   Decrease Java thread stack sizes (-Xss)
#   Set larger code cache with -XX:ReservedCodeCacheSize=
# This output file may be truncated or incomplete.
#
#  Out of Memory Error (allocation.cpp:273), pid=31548, tid=9284
#
# JRE version: Java(TM) SE Runtime Environment (8.0_91-b14) (build 1.8.0_91-b14)
# Java VM: Java HotSpot(TM) 64-Bit Server VM (25.91-b14 mixed mode windows-amd64 compressed oops)
# Failed to write core dump. Minidumps are not enabled by default on client versions of Windows
#

---------------  T H R E A D  ---------------

Current thread (0x0000000019e28000):  JavaThread "C1 CompilerThread3" daemon [_thread_in_native, id=9284, stack(0x000000001a8c0000,0x000000001a9c0000)]

Stack: [0x000000001a8c0000,0x000000001a9c0000]
[error occurred during error reporting (printing stack bounds), id 0xc0000005]

Native frames: (J=compiled Java code, j=interpreted, Vv=VM code, C=native code)


Current CompileTask:
C1:  12599  692   !   3       sun.awt.image.ImageRepresentation::setPixels (535 bytes)


---------------  P R O C E S S  ---------------

Java Threads: ( => current thread )
  0x000000001b259800 JavaThread "Image Fetcher 1" daemon [_thread_blocked, id=8312, stack(0x000000001c010000,0x000000001c110000)]
  0x0000000002e00800 JavaThread "DestroyJavaVM" [_thread_blocked, id=32428, stack(0x0000000002d00000,0x0000000002e00000)]
  0x000000001b047000 JavaThread "AWT-EventQueue-0" [_thread_blocked, id=22036, stack(0x000000001bbd0000,0x000000001bcd0000)]
  0x000000001aff3000 JavaThread "AWT-Windows" daemon [_thread_in_native, id=18916, stack(0x000000001b9b0000,0x000000001bab0000)]
  0x000000001afec800 JavaThread "AWT-Shutdown" [_thread_blocked, id=31308, stack(0x000000001b8b0000,0x000000001b9b0000)]
  0x000000001afeb800 JavaThread "Java2D Disposer" daemon [_thread_blocked, id=15116, stack(0x000000001b7b0000,0x000000001b8b0000)]
  0x0000000019e35000 JavaThread "Service Thread" daemon [_thread_blocked, id=4540, stack(0x000000001a9c0000,0x000000001aac0000)]
=>0x0000000019e28000 JavaThread "C1 CompilerThread3" daemon [_thread_in_native, id=9284, stack(0x000000001a8c0000,0x000000001a9c0000)]
  0x0000000019e24800 JavaThread "C2 CompilerThread2" daemon [_thread_blocked, id=10004, stack(0x000000001a7c0000,0x000000001a8c0000)]
  0x0000000019dca000 JavaThread "C2 CompilerThread1" daemon [_thread_blocked, id=16820, stack(0x000000001a6c0000,0x000000001a7c0000)]
  0x0000000019dc8000 JavaThread "C2 CompilerThread0" daemon [_thread_blocked, id=30180, stack(0x000000001a5c0000,0x000000001a6c0000)]
  0x0000000019dc5800 JavaThread "Attach Listener" daemon [_thread_blocked, id=22968, stack(0x000000001a4c0000,0x000000001a5c0000)]
  0x0000000019dc4000 JavaThread "Signal Dispatcher" daemon [_thread_blocked, id=16892, stack(0x000000001a3c0000,0x000000001a4c0000)]
  0x0000000002ef7000 JavaThread "Finalizer" daemon [_thread_blocked, id=17908, stack(0x000000001a1a0000,0x000000001a2a0000)]
  0x0000000017ebd800 JavaThread "Reference Handler" daemon [_thread_blocked, id=31132, stack(0x0000000019ca0000,0x0000000019da0000)]

Other Threads:
  0x0000000017eb9800 VMThread [stack: 0x0000000019ba0000,0x0000000019ca0000] [id=30692]
  0x0000000019e31000 WatcherThread [stack: 0x000000001aac0000,0x000000001abc0000] [id=20128]

VM state:not at safepoint (normal execution)

VM Mutex/Monitor currently owned by a thread: None

Heap:
 PSYoungGen      total 38400K, used 12663K [0x00000000d5e00000, 0x00000000d8880000, 0x0000000100000000)
  eden space 33280K, 38% used [0x00000000d5e00000,0x00000000d6a5dd48,0x00000000d7e80000)
  from space 5120K, 0% used [0x00000000d8380000,0x00000000d8380000,0x00000000d8880000)
  to   space 5120K, 0% used [0x00000000d7e80000,0x00000000d7e80000,0x00000000d8380000)
 ParOldGen       total 87552K, used 0K [0x0000000081a00000, 0x0000000086f80000, 0x00000000d5e00000)
  object space 87552K, 0% used [0x0000000081a00000,0x0000000081a00000,0x0000000086f80000)
 Metaspace       used 11908K, capacity 12094K, committed 12160K, reserved 1060864K
  class space    used 1541K, capacity 1606K, committed 1664K, reserved 1048576K

Card table byte_map: [0x00000000122c0000,0x00000000126c0000] byte_map_base: 0x0000000011eb3000

Marking Bits: (ParMarkBitMap*) 0x000000006e8d2f70
 Begin Bits: [0x0000000013170000, 0x0000000015108000)
 End Bits:   [0x0000000015108000, 0x00000000170a0000)

Polling page: 0x0000000002b70000

CodeCache: size=245760Kb used=2639Kb max_used=2639Kb free=243121Kb
 bounds [0x0000000002f00000, 0x00000000031a0000, 0x0000000011f00000]
 total_blobs=1130 nmethods=679 adapters=363
 compilation: enabled

Compilation events (10 events):
Event: 12.307 Thread 0x0000000019e28000 nmethod 687 0x000000000318d050 code [0x000000000318d1c0, 0x000000000318d5e8]
Event: 12.308 Thread 0x0000000019e28000  688       3       sun.awt.image.PNGImageDecoder::need (118 bytes)
Event: 12.309 Thread 0x0000000019e28000 nmethod 688 0x000000000318c910 code [0x000000000318caa0, 0x000000000318cf68]
Event: 12.314 Thread 0x0000000019e28000  689       3       sun.nio.cs.SingleByte$Encoder::encode (32 bytes)
Event: 12.314 Thread 0x0000000019e28000 nmethod 689 0x000000000318c450 code [0x000000000318c5c0, 0x000000000318c7d0]
Event: 12.594 Thread 0x0000000019e28000  690       3       sun.awt.image.IntegerInterleavedRaster::setDataElements (137 bytes)
Event: 12.595 Thread 0x0000000019e28000 nmethod 690 0x000000000318b750 code [0x000000000318b900, 0x000000000318c0f8]
Event: 12.595 Thread 0x0000000019e28000  691       3       sun.awt.image.SunWritableRaster::markDirty (8 bytes)
Event: 12.595 Thread 0x0000000019e28000 nmethod 691 0x00000000031952d0 code [0x0000000003195440, 0x0000000003195690]
Event: 12.595 Thread 0x0000000019e28000  692   !   3       sun.awt.image.ImageRepresentation::setPixels (535 bytes)

GC Heap History (0 events):
No events

Deoptimization events (2 events):
Event: 8.833 Thread 0x000000001b047000 Uncommon trap: reason=unstable_if action=reinterpret pc=0x000000000311ceb8 method=java.lang.AbstractStringBuilder.append(Ljava/lang/String;)Ljava/lang/AbstractStringBuilder; @ 1
Event: 8.834 Thread 0x000000001b047000 Uncommon trap: reason=unstable_if action=reinterpret pc=0x0000000003108d1c method=java.lang.AbstractStringBuilder.append(Ljava/lang/String;)Ljava/lang/AbstractStringBuilder; @ 1

Internal exceptions (10 events):
Event: 7.493 Thread 0x000000001b047000 Exception <a 'java/lang/ArrayIndexOutOfBoundsException'> (0x00000000d677b708) thrown at [C:\re\workspace\8-2-build-windows-amd64-cygwin\jdk8u91\6644\hotspot\src\share\vm\runtime\sharedRuntime.cpp, line 605]
Event: 7.494 Thread 0x000000001b047000 Exception <a 'java/lang/ArrayIndexOutOfBoundsException'> (0x00000000d6795f58) thrown at [C:\re\workspace\8-2-build-windows-amd64-cygwin\jdk8u91\6644\hotspot\src\share\vm\runtime\sharedRuntime.cpp, line 605]
Event: 7.501 Thread 0x000000001b047000 Exception <a 'java/lang/ClassNotFoundException': javax/swing/AbstractButtonCustomizer> (0x00000000d67f00f8) thrown at [C:\re\workspace\8-2-build-windows-amd64-cygwin\jdk8u91\6644\hotspot\src\share\vm\classfile\systemDictionary.cpp, line 210]
Event: 7.636 Thread 0x000000001b047000 Exception <a 'java/lang/ClassNotFoundException': javax/swing/JMenuItemCustomizer> (0x00000000d685b828) thrown at [C:\re\workspace\8-2-build-windows-amd64-cygwin\jdk8u91\6644\hotspot\src\share\vm\classfile\systemDictionary.cpp, line 210]
Event: 7.644 Thread 0x000000001b047000 Exception <a 'java/lang/ClassNotFoundException': javax/swing/JMenuCustomizer> (0x00000000d6899bb8) thrown at [C:\re\workspace\8-2-build-windows-amd64-cygwin\jdk8u91\6644\hotspot\src\share\vm\classfile\systemDictionary.cpp, line 210]
Event: 7.663 Thread 0x000000001b047000 Exception <a 'java/lang/ClassNotFoundException': javax/swing/JButtonBeanInfo> (0x00000000d6908730) thrown at [C:\re\workspace\8-2-build-windows-amd64-cygwin\jdk8u91\6644\hotspot\src\share\vm\classfile\systemDictionary.cpp, line 210]
Event: 7.663 Thread 0x000000001b047000 Exception <a 'java/lang/ClassNotFoundException': javax/swing/JButtonCustomizer> (0x00000000d6909b88) thrown at [C:\re\workspace\8-2-build-windows-amd64-cygwin\jdk8u91\6644\hotspot\src\share\vm\classfile\systemDictionary.cpp, line 210]
Event: 8.833 Thread 0x000000001b047000 Implicit null exception at 0x000000000311cb17 to 0x000000000311cea1
Event: 8.834 Thread 0x000000001b047000 Implicit null exception at 0x00000000031089d6 to 0x0000000003108d05
Event: 12.308 Thread 0x000000001b0de800 Exception <a 'java/lang/OutOfMemoryError'> (0x00000000d6669d08) thrown at [C:\re\workspace\8-2-build-windows-amd64-cygwin\jdk8u91\6644\hotspot\src\share\vm\prims\jni.cpp, line 735]

Events (10 events):
Event: 12.314 Executing VM operation: RevokeBias
Event: 12.314 loading class java/util/IdentityHashMap$KeySet done
Event: 12.314 Executing VM operation: RevokeBias done
Event: 12.315 Executing VM operation: RevokeBias
Event: 12.469 Executing VM operation: RevokeBias done
Event: 12.495 Executing VM operation: RevokeBias
Event: 12.495 Executing VM operation: RevokeBias done
Event: 12.549 Thread 0x000000001b0de800 Thread exited: 0x000000001b0de800
Event: 12.592 Executing VM operation: RevokeBias
Event: 12.592 Executing VM operation: RevokeBias done


Dynamic libraries:
0x00007ff713fe0000 - 0x00007ff714017000 	C:\Program Files\Java\jdk1.8.0_91\bin\java.exe
0x00007ff96de80000 - 0x00007ff96e051000 	C:\WINDOWS\SYSTEM32\ntdll.dll
0x00007ff96d8a0000 - 0x00007ff96d94b000 	C:\WINDOWS\System32\KERNEL32.DLL
0x00007ff96a3d0000 - 0x00007ff96a5ed000 	C:\WINDOWS\System32\KERNELBASE.dll
0x00007ff96dd30000 - 0x00007ff96ddd2000 	C:\WINDOWS\System32\ADVAPI32.dll
0x00007ff96b9e0000 - 0x00007ff96ba7e000 	C:\WINDOWS\System32\msvcrt.dll
0x00007ff96b550000 - 0x00007ff96b5a9000 	C:\WINDOWS\System32\sechost.dll
0x00007ff96bb10000 - 0x00007ff96bc31000 	C:\WINDOWS\System32\RPCRT4.dll
0x00007ff96bd00000 - 0x00007ff96be65000 	C:\WINDOWS\System32\USER32.dll
0x00007ff96b3f0000 - 0x00007ff96b40e000 	C:\WINDOWS\System32\win32u.dll
0x00007ff96bcc0000 - 0x00007ff96bcf4000 	C:\WINDOWS\System32\GDI32.dll
0x00007ff96a6a0000 - 0x00007ff96a822000 	C:\WINDOWS\System32\gdi32full.dll
0x00007ff966ae0000 - 0x00007ff966d59000 	C:\WINDOWS\WinSxS\amd64_microsoft.windows.common-controls_6595b64144ccf1df_6.0.14393.0_none_2d0f50fcbdb171b8\COMCTL32.dll
0x00007ff96d960000 - 0x00007ff96dc27000 	C:\WINDOWS\System32\combase.dll
0x00007ff96af10000 - 0x00007ff96b005000 	C:\WINDOWS\System32\ucrtbase.dll
0x00007ff96b160000 - 0x00007ff96b1ca000 	C:\WINDOWS\System32\bcryptPrimitives.dll
0x00007ff96ba80000 - 0x00007ff96baae000 	C:\WINDOWS\System32\IMM32.DLL
0x000000006f550000 - 0x000000006f622000 	C:\Program Files\Java\jdk1.8.0_91\jre\bin\msvcr100.dll
0x000000006e0c0000 - 0x000000006e953000 	C:\Program Files\Java\jdk1.8.0_91\jre\bin\server\jvm.dll
0x00007ff96b4e0000 - 0x00007ff96b4e8000 	C:\WINDOWS\System32\PSAPI.DLL
0x00007ff9678a0000 - 0x00007ff9678a9000 	C:\WINDOWS\SYSTEM32\WSOCK32.dll
0x00007ff96bc50000 - 0x00007ff96bcba000 	C:\WINDOWS\System32\WS2_32.dll
0x00007ff968600000 - 0x00007ff968623000 	C:\WINDOWS\SYSTEM32\WINMM.dll
0x00007ff966ab0000 - 0x00007ff966aba000 	C:\WINDOWS\SYSTEM32\VERSION.dll
0x00007ff968300000 - 0x00007ff96832b000 	C:\WINDOWS\SYSTEM32\WINMMBASE.dll
0x00007ff96b1d0000 - 0x00007ff96b212000 	C:\WINDOWS\System32\cfgmgr32.dll
0x000000006f7c0000 - 0x000000006f7cf000 	C:\Program Files\Java\jdk1.8.0_91\jre\bin\verify.dll
0x000000006e090000 - 0x000000006e0b9000 	C:\Program Files\Java\jdk1.8.0_91\jre\bin\java.dll
0x000000006e070000 - 0x000000006e086000 	C:\Program Files\Java\jdk1.8.0_91\jre\bin\zip.dll
0x00007ff96c110000 - 0x00007ff96d618000 	C:\WINDOWS\System32\SHELL32.dll
0x00007ff96a830000 - 0x00007ff96af0a000 	C:\WINDOWS\System32\windows.storage.dll
0x00007ff96a2f0000 - 0x00007ff96a33c000 	C:\WINDOWS\System32\powrprof.dll
0x00007ff96b480000 - 0x00007ff96b4d2000 	C:\WINDOWS\System32\shlwapi.dll
0x00007ff96a2e0000 - 0x00007ff96a2ef000 	C:\WINDOWS\System32\kernel.appcore.dll
0x00007ff96b0b0000 - 0x00007ff96b159000 	C:\WINDOWS\System32\shcore.dll
0x00007ff96a350000 - 0x00007ff96a364000 	C:\WINDOWS\System32\profapi.dll
0x000000006de90000 - 0x000000006e028000 	C:\Program Files\Java\jdk1.8.0_91\jre\bin\awt.dll
0x00007ff96d620000 - 0x00007ff96d6df000 	C:\WINDOWS\System32\OLEAUT32.dll
0x00007ff96b010000 - 0x00007ff96b0ac000 	C:\WINDOWS\System32\msvcp_win.dll
0x00007ff968890000 - 0x00007ff96890a000 	C:\WINDOWS\SYSTEM32\apphelp.dll
0x00007ff968ad0000 - 0x00007ff968b65000 	C:\WINDOWS\system32\uxtheme.dll
0x00007ff96bfb0000 - 0x00007ff96c10b000 	C:\WINDOWS\System32\MSCTF.dll
0x00007ff967e30000 - 0x00007ff967e56000 	C:\WINDOWS\system32\dwmapi.dll
0x00007ff96be70000 - 0x00007ff96bfa7000 	C:\WINDOWS\System32\ole32.dll
0x000000006de40000 - 0x000000006de87000 	C:\Program Files\Java\jdk1.8.0_91\jre\bin\fontmanager.dll
0x000000006e050000 - 0x000000006e06a000 	C:\Program Files\Java\jdk1.8.0_91\jre\bin\net.dll
0x00007ff969950000 - 0x00007ff9699ac000 	C:\WINDOWS\system32\mswsock.dll
0x000000006e030000 - 0x000000006e041000 	C:\Program Files\Java\jdk1.8.0_91\jre\bin\nio.dll

VM Arguments:
java_command: C:\Users\Lucas\Documents\MaterialCodigoAprendizaje\2DAM\ProgramacionServiciosProcesos\Editor\dist\DocumentEditor.jar
java_class_path (initial): C:\Users\Lucas\Documents\MaterialCodigoAprendizaje\2DAM\ProgramacionServiciosProcesos\Editor\dist\DocumentEditor.jar
Launcher Type: SUN_STANDARD

Environment Variables:
PATH=C:\ProgramData\Oracle\Java\javapath;C:\Program Files (x86)\Intel\iCLS Client\;C:\Program Files\Intel\iCLS Client\;C:\Windows\system32;C:\Windows;C:\Windows\System32\Wbem;C:\Windows\System32\WindowsPowerShell\v1.0\;C:\Program Files (x86)\NVIDIA Corporation\PhysX\Common;C:\Program Files (x86)\Intel\Intel(R) Management Engine Components\DAL;C:\Program Files\Intel\Intel(R) Management Engine Components\DAL;C:\Program Files (x86)\Intel\Intel(R) Management Engine Components\IPT;C:\Program Files\Intel\Intel(R) Management Engine Components\IPT;C:\Program Files (x86)\Skype\Phone\;C:\Program Files\Git\cmd;C:\WINDOWS\system32;C:\WINDOWS;C:\WINDOWS\System32\Wbem;C:\WINDOWS\System32\WindowsPowerShell\v1.0\;C:\Users\Lucas\AppData\Local\atom\bin;%USERPROFILE%\AppData\Local\Microsoft\WindowsApps;
USERNAME=Lucas
OS=Windows_NT
PROCESSOR_IDENTIFIER=Intel64 Family 6 Model 94 Stepping 3, GenuineIntel



---------------  S Y S T E M  ---------------

OS: Windows 10.0 , 64 bit Build 14393 (10.0.14393.0)

CPU:total 8 (4 cores per cpu, 2 threads per core) family 6 model 94 stepping 3, cmov, cx8, fxsr, mmx, sse, sse2, sse3, ssse3, sse4.1, sse4.2, popcnt, avx, avx2, aes, clmul, erms, rtm, 3dnowpref, lzcnt, ht, tsc, tscinvbit, bmi1, bmi2, adx

Memory: 4k page, physical 8281880k(676792k free), swap 33447704k(31508k free)

vm_info: Java HotSpot(TM) 64-Bit Server VM (25.91-b14) for windows-amd64 JRE (1.8.0_91-b14), built on Apr  1 2016 00:58:32 by "java_re" with MS VC++ 10.0 (VS2010)

time: Thu Oct 06 09:34:11 2016
elapsed time: 12 seconds (0d 0h 0m 12s)

