#
# There is insufficient memory for the Java Runtime Environment to continue.
# Native memory allocation (malloc) failed to allocate 32744 bytes for ChunkPool::allocate
# Possible reasons:
#   The system is out of physical RAM or swap space
#   In 32 bit mode, the process size limit was hit
# Possible solutions:
#   Reduce memory load on the system
#   Increase physical memory or swap space
#   Check if swap backing store is full
#   Use 64 bit Java on a 64 bit OS
#   Decrease Java heap size (-Xmx/-Xms)
#   Decrease number of Java threads
#   Decrease Java thread stack sizes (-Xss)
#   Set larger code cache with -XX:ReservedCodeCacheSize=
# This output file may be truncated or incomplete.
#
#  Out of Memory Error (allocation.cpp:273), pid=3676, tid=18928
#
# JRE version: Java(TM) SE Runtime Environment (8.0_91-b14) (build 1.8.0_91-b14)
# Java VM: Java HotSpot(TM) 64-Bit Server VM (25.91-b14 mixed mode windows-amd64 compressed oops)
# Failed to write core dump. Minidumps are not enabled by default on client versions of Windows
#

---------------  T H R E A D  ---------------

Current thread (0x0000000019d24000):  JavaThread "C1 CompilerThread3" daemon [_thread_in_native, id=18928, stack(0x000000001a810000,0x000000001a910000)]

Stack: [0x000000001a810000,0x000000001a910000]
[error occurred during error reporting (printing stack bounds), id 0xc0000005]

Native frames: (J=compiled Java code, j=interpreted, Vv=VM code, C=native code)


Current CompileTask:
C1:   3293  163       3       jdk.internal.org.objectweb.asm.Frame::execute (2252 bytes)


---------------  P R O C E S S  ---------------

Java Threads: ( => current thread )
  0x0000000019d31800 JavaThread "Service Thread" daemon [_thread_new, id=18944, stack(0x0000000000000000,0x0000000000000000)]
=>0x0000000019d24000 JavaThread "C1 CompilerThread3" daemon [_thread_in_native, id=18928, stack(0x000000001a810000,0x000000001a910000)]
  0x0000000019d1d800 JavaThread "C2 CompilerThread2" daemon [_thread_in_native, id=18912, stack(0x000000001a710000,0x000000001a810000)]
  0x0000000019d1a000 JavaThread "C2 CompilerThread1" daemon [_thread_blocked, id=18876, stack(0x000000001a610000,0x000000001a710000)]
  0x0000000019d18000 JavaThread "C2 CompilerThread0" daemon [_thread_blocked, id=18816, stack(0x000000001a510000,0x000000001a610000)]
  0x0000000019d15800 JavaThread "Attach Listener" daemon [_thread_blocked, id=18812, stack(0x000000001a410000,0x000000001a510000)]
  0x0000000019d14000 JavaThread "Signal Dispatcher" daemon [_thread_blocked, id=18804, stack(0x000000001a310000,0x000000001a410000)]
  0x0000000002e47000 JavaThread "Finalizer" daemon [_thread_blocked, id=17884, stack(0x000000001a0f0000,0x000000001a1f0000)]
  0x0000000017e0d800 JavaThread "Reference Handler" daemon [_thread_blocked, id=17868, stack(0x0000000019bf0000,0x0000000019cf0000)]
  0x0000000002d50800 JavaThread "main" [_thread_in_Java, id=9496, stack(0x0000000002c30000,0x0000000002d30000)]

Other Threads:
  0x0000000017e09000 VMThread [stack: 0x0000000019af0000,0x0000000019bf0000] [id=1920]
  0x0000000019d4c800 WatcherThread [stack: 0x000000001aa10000,0x000000001ab10000] [id=19000]

VM state:not at safepoint (normal execution)

VM Mutex/Monitor currently owned by a thread: None

Heap:
 PSYoungGen      total 38400K, used 2676K [0x00000000d5e00000, 0x00000000d8880000, 0x0000000100000000)
  eden space 33280K, 8% used [0x00000000d5e00000,0x00000000d609d2e0,0x00000000d7e80000)
  from space 5120K, 0% used [0x00000000d8380000,0x00000000d8380000,0x00000000d8880000)
  to   space 5120K, 0% used [0x00000000d7e80000,0x00000000d7e80000,0x00000000d8380000)
 ParOldGen       total 87552K, used 0K [0x0000000081a00000, 0x0000000086f80000, 0x00000000d5e00000)
  object space 87552K, 0% used [0x0000000081a00000,0x0000000081a00000,0x0000000086f80000)
 Metaspace       used 4458K, capacity 4788K, committed 4992K, reserved 1056768K
  class space    used 498K, capacity 554K, committed 640K, reserved 1048576K

Card table byte_map: [0x0000000012210000,0x0000000012610000] byte_map_base: 0x0000000011e03000

Marking Bits: (ParMarkBitMap*) 0x000000006e8d2f70
 Begin Bits: [0x00000000130c0000, 0x0000000015058000)
 End Bits:   [0x0000000015058000, 0x0000000016ff0000)

Polling page: 0x0000000002c10000

CodeCache: size=245760Kb used=1315Kb max_used=1315Kb free=244444Kb
 bounds [0x0000000002e50000, 0x00000000030c0000, 0x0000000011e50000]
 total_blobs=430 nmethods=173 adapters=171
 compilation: enabled

Compilation events (10 events):
Event: 3.278 Thread 0x0000000019d24000  156       3       java.util.concurrent.ConcurrentHashMap::addCount (292 bytes)
Event: 3.280 Thread 0x0000000019d24000 nmethod 156 0x0000000002f92690 code [0x0000000002f928a0, 0x0000000002f933a8]
Event: 3.280 Thread 0x0000000019d24000  159       3       jdk.internal.org.objectweb.asm.Type::getArgumentsAndReturnSizes (151 bytes)
Event: 3.281 Thread 0x0000000019d24000 nmethod 159 0x0000000002f93790 code [0x0000000002f939c0, 0x0000000002f94758]
Event: 3.281 Thread 0x0000000019d24000  160       3       java.lang.invoke.InvokerBytecodeGenerator::isStaticallyNameable (116 bytes)
Event: 3.283 Thread 0x0000000019d24000 nmethod 160 0x0000000002f94c90 code [0x0000000002f95000, 0x0000000002f970d8]
Event: 3.283 Thread 0x0000000019d24000  169       3       java.lang.invoke.LambdaForm::argument (27 bytes)
Event: 3.283 Thread 0x0000000019d24000 nmethod 169 0x0000000002f909d0 code [0x0000000002f90b60, 0x0000000002f90ec8]
Event: 3.283 Thread 0x0000000019d24000  163       3       jdk.internal.org.objectweb.asm.Frame::execute (2252 bytes)
Event: 3.286 Thread 0x0000000019d1d800  179       4       jdk.internal.org.objectweb.asm.ByteVector::putUTF8 (142 bytes)

GC Heap History (0 events):
No events

Deoptimization events (0 events):
No events

Internal exceptions (9 events):
Event: 1.730 Thread 0x0000000002d50800 Exception <a 'java/lang/NoSuchMethodError': Method sun.misc.Unsafe.defineClass(Ljava/lang/String;[BII)Ljava/lang/Class; name or signature does not match> (0x00000000d5e07cc0) thrown at [C:\re\workspace\8-2-build-windows-amd64-cygwin\jdk8u91\6644\hotspot\srÛ~'ê”®û?
Event: 1.730 Thread 0x0000000002d50800 Exception <a 'java/lang/NoSuchMethodError': Method sun.misc.Unsafe.prefetchRead(Ljava/lang/Object;J)V name or signature does not match> (0x00000000d5e07fa8) thrown at [C:\re\workspace\8-2-build-windows-amd64-cygwin\jdk8u91\6644\hotspot\src\share\vm\prims\joF½ÅÏ@
Event: 2.351 Thread 0x0000000002d50800 Exception <a 'java/security/PrivilegedActionException'> (0x00000000d5ed1928) thrown at [C:\re\workspace\8-2-build-windows-amd64-cygwin\jdk8u91\6644\hotspot\src\share\vm\prims\jvm.cpp, line 1386]
Event: 2.351 Thread 0x0000000002d50800 Exception <a 'java/security/PrivilegedActionException'> (0x00000000d5ed1b38) thrown at [C:\re\workspace\8-2-build-windows-amd64-cygwin\jdk8u91\6644\hotspot\src\share\vm\prims\jvm.cpp, line 1386]
Event: 2.354 Thread 0x0000000002d50800 Exception <a 'java/security/PrivilegedActionException'> (0x00000000d5ed5980) thrown at [C:\re\workspace\8-2-build-windows-amd64-cygwin\jdk8u91\6644\hotspot\src\share\vm\prims\jvm.cpp, line 1386]
Event: 2.354 Thread 0x0000000002d50800 Exception <a 'java/security/PrivilegedActionException'> (0x00000000d5ed5b90) thrown at [C:\re\workspace\8-2-build-windows-amd64-cygwin\jdk8u91\6644\hotspot\src\share\vm\prims\jvm.cpp, line 1386]
Event: 3.179 Thread 0x0000000002d50800 Exception <a 'java/io/FileNotFoundException'> (0x00000000d5ed8ad0) thrown at [C:\re\workspace\8-2-build-windows-amd64-cygwin\jdk8u91\6644\hotspot\src\share\vm\prims\jni.cpp, line 709]
Event: 3.285 Thread 0x0000000002d50800 Exception <a 'java/lang/NoSuchFieldError': method resolution failed> (0x00000000d604cbb0) thrown at [C:\re\workspace\8-2-build-windows-amd64-cygwin\jdk8u91\6644\hotspot\src\share\vm\prims\methodHandles.cpp, line 1146]
Event: 3.287 Thread 0x0000000002d50800 Exception <a 'java/lang/NoSuchFieldError': method resolution failed> (0x00000000d6059f80) thrown at [C:\re\workspace\8-2-build-windows-amd64-cygwin\jdk8u91\6644\hotspot\src\share\vm\prims\methodHandles.cpp, line 1146]

Events (10 events):
Event: 3.260 loading class java/lang/invoke/WrongMethodTypeException
Event: 3.260 loading class java/lang/invoke/WrongMethodTypeException done
Event: 3.263 loading class java/lang/invoke/MethodHandleImpl$Lazy
Event: 3.263 loading class java/lang/invoke/MethodHandleImpl$Lazy done
Event: 3.264 loading class java/lang/invoke/MethodHandleImpl$IntrinsicMethodHandle
Event: 3.264 loading class java/lang/invoke/MethodHandleImpl$IntrinsicMethodHandle done
Event: 3.284 loading class java/lang/NoSuchFieldError
Event: 3.284 loading class java/lang/NoSuchFieldError done
Event: 3.285 loading class java/lang/IllegalAccessException
Event: 3.285 loading class java/lang/IllegalAccessException done


Dynamic libraries:
0x00007ff713fe0000 - 0x00007ff714017000 	C:\Program Files\Java\jdk1.8.0_91\bin\java.exe
0x00007ff96de80000 - 0x00007ff96e051000 	C:\WINDOWS\SYSTEM32\ntdll.dll
0x00007ff96d8a0000 - 0x00007ff96d94b000 	C:\WINDOWS\System32\KERNEL32.DLL
0x00007ff96a3d0000 - 0x00007ff96a5ed000 	C:\WINDOWS\System32\KERNELBASE.dll
0x00007ff96dd30000 - 0x00007ff96ddd2000 	C:\WINDOWS\System32\ADVAPI32.dll
0x00007ff96b9e0000 - 0x00007ff96ba7e000 	C:\WINDOWS\System32\msvcrt.dll
0x00007ff96b550000 - 0x00007ff96b5a9000 	C:\WINDOWS\System32\sechost.dll
0x00007ff96bb10000 - 0x00007ff96bc31000 	C:\WINDOWS\System32\RPCRT4.dll
0x00007ff96bd00000 - 0x00007ff96be65000 	C:\WINDOWS\System32\USER32.dll
0x00007ff96b3f0000 - 0x00007ff96b40e000 	C:\WINDOWS\System32\win32u.dll
0x00007ff96bcc0000 - 0x00007ff96bcf4000 	C:\WINDOWS\System32\GDI32.dll
0x00007ff96a6a0000 - 0x00007ff96a822000 	C:\WINDOWS\System32\gdi32full.dll
0x00007ff966ae0000 - 0x00007ff966d59000 	C:\WINDOWS\WinSxS\amd64_microsoft.windows.common-controls_6595b64144ccf1df_6.0.14393.0_none_2d0f50fcbdb171b8\COMCTL32.dll
0x00007ff96d960000 - 0x00007ff96dc27000 	C:\WINDOWS\System32\combase.dll
0x00007ff96af10000 - 0x00007ff96b005000 	C:\WINDOWS\System32\ucrtbase.dll
0x00007ff96b160000 - 0x00007ff96b1ca000 	C:\WINDOWS\System32\bcryptPrimitives.dll
0x00007ff96ba80000 - 0x00007ff96baae000 	C:\WINDOWS\System32\IMM32.DLL
0x000000006f550000 - 0x000000006f622000 	C:\Program Files\Java\jdk1.8.0_91\jre\bin\msvcr100.dll
0x000000006e0c0000 - 0x000000006e953000 	C:\Program Files\Java\jdk1.8.0_91\jre\bin\server\jvm.dll
0x00007ff96b4e0000 - 0x00007ff96b4e8000 	C:\WINDOWS\System32\PSAPI.DLL
0x00007ff9678a0000 - 0x00007ff9678a9000 	C:\WINDOWS\SYSTEM32\WSOCK32.dll
0x00007ff96bc50000 - 0x00007ff96bcba000 	C:\WINDOWS\System32\WS2_32.dll
0x00007ff968600000 - 0x00007ff968623000 	C:\WINDOWS\SYSTEM32\WINMM.dll
0x00007ff966ab0000 - 0x00007ff966aba000 	C:\WINDOWS\SYSTEM32\VERSION.dll
0x00007ff968300000 - 0x00007ff96832b000 	C:\WINDOWS\SYSTEM32\WINMMBASE.dll
0x00007ff96b1d0000 - 0x00007ff96b212000 	C:\WINDOWS\System32\cfgmgr32.dll
0x000000006f7c0000 - 0x000000006f7cf000 	C:\Program Files\Java\jdk1.8.0_91\jre\bin\verify.dll
0x000000006e090000 - 0x000000006e0b9000 	C:\Program Files\Java\jdk1.8.0_91\jre\bin\java.dll
0x000000006e070000 - 0x000000006e086000 	C:\Program Files\Java\jdk1.8.0_91\jre\bin\zip.dll
0x00007ff96c110000 - 0x00007ff96d618000 	C:\WINDOWS\System32\SHELL32.dll
0x00007ff96a830000 - 0x00007ff96af0a000 	C:\WINDOWS\System32\windows.storage.dll
0x00007ff96a2f0000 - 0x00007ff96a33c000 	C:\WINDOWS\System32\powrprof.dll
0x00007ff96b480000 - 0x00007ff96b4d2000 	C:\WINDOWS\System32\shlwapi.dll
0x00007ff96a2e0000 - 0x00007ff96a2ef000 	C:\WINDOWS\System32\kernel.appcore.dll
0x00007ff96b0b0000 - 0x00007ff96b159000 	C:\WINDOWS\System32\shcore.dll
0x00007ff96a350000 - 0x00007ff96a364000 	C:\WINDOWS\System32\profapi.dll
0x000000006de90000 - 0x000000006e028000 	C:\Program Files\Java\jdk1.8.0_91\jre\bin\awt.dll
0x00007ff96d620000 - 0x00007ff96d6df000 	C:\WINDOWS\System32\OLEAUT32.dll
0x00007ff96b010000 - 0x00007ff96b0ac000 	C:\WINDOWS\System32\msvcp_win.dll
0x00007ff968890000 - 0x00007ff96890a000 	C:\WINDOWS\SYSTEM32\apphelp.dll

VM Arguments:
java_command: C:\Users\Lucas\Documents\MaterialCodigoAprendizaje\2DAM\ProgramacionServiciosProcesos\Editor\dist\DocumentEditor.jar
java_class_path (initial): C:\Users\Lucas\Documents\MaterialCodigoAprendizaje\2DAM\ProgramacionServiciosProcesos\Editor\dist\DocumentEditor.jar
Launcher Type: SUN_STANDARD

Environment Variables:
PATH=C:\ProgramData\Oracle\Java\javapath;C:\Program Files (x86)\Intel\iCLS Client\;C:\Program Files\Intel\iCLS Client\;C:\Windows\system32;C:\Windows;C:\Windows\System32\Wbem;C:\Windows\System32\WindowsPowerShell\v1.0\;C:\Program Files (x86)\NVIDIA Corporation\PhysX\Common;C:\Program Files (x86)\Intel\Intel(R) Management Engine Components\DAL;C:\Program Files\Intel\Intel(R) Management Engine Components\DAL;C:\Program Files (x86)\Intel\Intel(R) Management Engine Components\IPT;C:\Program Files\Intel\Intel(R) Management Engine Components\IPT;C:\Program Files (x86)\Skype\Phone\;C:\Program Files\Git\cmd;C:\WINDOWS\system32;C:\WINDOWS;C:\WINDOWS\System32\Wbem;C:\WINDOWS\System32\WindowsPowerShell\v1.0\;C:\Users\Lucas\AppData\Local\atom\bin;%USERPROFILE%\AppData\Local\Microsoft\WindowsApps;
USERNAME=Lucas
OS=Windows_NT
PROCESSOR_IDENTIFIER=Intel64 Family 6 Model 94 Stepping 3, GenuineIntel



---------------  S Y S T E M  ---------------

OS: Windows 10.0 , 64 bit Build 14393 (10.0.14393.0)

CPU:total 8 (4 cores per cpu, 2 threads per core) family 6 model 94 stepping 3, cmov, cx8, fxsr, mmx, sse, sse2, sse3, ssse3, sse4.1, sse4.2, popcnt, avx, avx2, aes, clmul, erms, rtm, 3dnowpref, lzcnt, ht, tsc, tscinvbit, bmi1, bmi2, adx

Memory: 4k page, physical 8281880k(1948148k free), swap 33447704k(3860k free)

vm_info: Java HotSpot(TM) 64-Bit Server VM (25.91-b14) for windows-amd64 JRE (1.8.0_91-b14), built on Apr  1 2016 00:58:32 by "java_re" with MS VC++ 10.0 (VS2010)

time: Thu Oct 06 09:33:46 2016
elapsed time: 3 seconds (0d 0h 0m 3s)

