#
# There is insufficient memory for the Java Runtime Environment to continue.
# Native memory allocation (malloc) failed to allocate 32744 bytes for ChunkPool::allocate
# Possible reasons:
#   The system is out of physical RAM or swap space
#   In 32 bit mode, the process size limit was hit
# Possible solutions:
#   Reduce memory load on the system
#   Increase physical memory or swap space
#   Check if swap backing store is full
#   Use 64 bit Java on a 64 bit OS
#   Decrease Java heap size (-Xmx/-Xms)
#   Decrease number of Java threads
#   Decrease Java thread stack sizes (-Xss)
#   Set larger code cache with -XX:ReservedCodeCacheSize=
# This output file may be truncated or incomplete.
#
#  Out of Memory Error (allocation.cpp:273), pid=26464, tid=17552
#
# JRE version: Java(TM) SE Runtime Environment (8.0_91-b14) (build 1.8.0_91-b14)
# Java VM: Java HotSpot(TM) 64-Bit Server VM (25.91-b14 mixed mode windows-amd64 compressed oops)
# Failed to write core dump. Minidumps are not enabled by default on client versions of Windows
#

---------------  T H R E A D  ---------------

Current thread (0x0000000019918800):  JavaThread "C1 CompilerThread3" daemon [_thread_in_native, id=17552, stack(0x000000001a3f0000,0x000000001a4f0000)]

Stack: [0x000000001a3f0000,0x000000001a4f0000]
[error occurred during error reporting (printing stack bounds), id 0xc0000005]

Native frames: (J=compiled Java code, j=interpreted, Vv=VM code, C=native code)


Current CompileTask:
C1:  12983  599       3       java.lang.reflect.Modifier::toString (202 bytes)


---------------  P R O C E S S  ---------------

Java Threads: ( => current thread )
  0x0000000019c0d800 JavaThread "Image Fetcher 1" daemon [_thread_blocked, id=23504, stack(0x000000001b8b0000,0x000000001b9b0000)]
  0x0000000019bd3000 JavaThread "Image Fetcher 0" daemon [_thread_blocked, id=12500, stack(0x000000001b7b0000,0x000000001b8b0000)]
  0x0000000002960800 JavaThread "DestroyJavaVM" [_thread_blocked, id=28288, stack(0x0000000002770000,0x0000000002870000)]
  0x000000001ab48000 JavaThread "AWT-EventQueue-0" [_thread_in_Java, id=30576, stack(0x000000001b6b0000,0x000000001b7b0000)]
  0x000000001ab42000 JavaThread "AWT-Windows" daemon [_thread_in_native, id=8076, stack(0x000000001b4e0000,0x000000001b5e0000)]
  0x000000001ab3d800 JavaThread "AWT-Shutdown" [_thread_blocked, id=18796, stack(0x000000001b3e0000,0x000000001b4e0000)]
  0x000000001aae9000 JavaThread "Java2D Disposer" daemon [_thread_blocked, id=20236, stack(0x000000001b2e0000,0x000000001b3e0000)]
  0x000000001999e000 JavaThread "Service Thread" daemon [_thread_blocked, id=18268, stack(0x000000001a4f0000,0x000000001a5f0000)]
=>0x0000000019918800 JavaThread "C1 CompilerThread3" daemon [_thread_in_native, id=17552, stack(0x000000001a3f0000,0x000000001a4f0000)]
  0x0000000019912800 JavaThread "C2 CompilerThread2" daemon [_thread_in_native, id=17528, stack(0x000000001a2f0000,0x000000001a3f0000)]
  0x000000001990a000 JavaThread "C2 CompilerThread1" daemon [_thread_in_native, id=17524, stack(0x000000001a1f0000,0x000000001a2f0000)]
  0x0000000019907800 JavaThread "C2 CompilerThread0" daemon [_thread_in_native, id=17200, stack(0x000000001a0f0000,0x000000001a1f0000)]
  0x0000000019905000 JavaThread "Attach Listener" daemon [_thread_blocked, id=9004, stack(0x0000000019ff0000,0x000000001a0f0000)]
  0x0000000019904000 JavaThread "Signal Dispatcher" daemon [_thread_blocked, id=17612, stack(0x0000000019ef0000,0x0000000019ff0000)]
  0x0000000002a57000 JavaThread "Finalizer" daemon [_thread_blocked, id=29580, stack(0x0000000019ce0000,0x0000000019de0000)]
  0x00000000179ed800 JavaThread "Reference Handler" daemon [_thread_blocked, id=23244, stack(0x00000000197e0000,0x00000000198e0000)]

Other Threads:
  0x00000000179e9800 VMThread [stack: 0x00000000196e0000,0x00000000197e0000] [id=15564]
  0x00000000199c3000 WatcherThread [stack: 0x000000001a5f0000,0x000000001a6f0000] [id=18272]

VM state:not at safepoint (normal execution)

VM Mutex/Monitor currently owned by a thread: None

Heap:
 PSYoungGen      total 38400K, used 5103K [0x00000000d5e00000, 0x00000000da900000, 0x0000000100000000)
  eden space 33280K, 15% used [0x00000000d5e00000,0x00000000d62fbe40,0x00000000d7e80000)
  from space 5120K, 0% used [0x00000000d7e80000,0x00000000d7e80000,0x00000000d8380000)
  to   space 5120K, 0% used [0x00000000da400000,0x00000000da400000,0x00000000da900000)
 ParOldGen       total 50176K, used 1279K [0x0000000081a00000, 0x0000000084b00000, 0x00000000d5e00000)
  object space 50176K, 2% used [0x0000000081a00000,0x0000000081b3fe50,0x0000000084b00000)
 Metaspace       used 11529K, capacity 11742K, committed 11904K, reserved 1062912K
  class space    used 1494K, capacity 1574K, committed 1664K, reserved 1048576K

Card table byte_map: [0x0000000011e20000,0x0000000012220000] byte_map_base: 0x0000000011a13000

Marking Bits: (ParMarkBitMap*) 0x000000006e8d2f70
 Begin Bits: [0x0000000012cd0000, 0x0000000014c68000)
 End Bits:   [0x0000000014c68000, 0x0000000016c00000)

Polling page: 0x0000000002620000

CodeCache: size=245760Kb used=2304Kb max_used=2316Kb free=243455Kb
 bounds [0x0000000002a60000, 0x0000000002cd0000, 0x0000000011a60000]
 total_blobs=1039 nmethods=593 adapters=359
 compilation: enabled

Compilation events (10 events):
Event: 12.956 Thread 0x0000000019918800 nmethod 589 0x0000000002c9dd50 code [0x0000000002c9dea0, 0x0000000002c9e030]
Event: 12.956 Thread 0x0000000019907800  590 %     4       java.lang.Class$MethodArray::removeByNameAndDescriptor @ 2 (42 bytes)
Event: 12.956 Thread 0x0000000019918800  591       3       java.lang.Class::arrayContentsEq (70 bytes)
Event: 12.957 Thread 0x0000000019918800 nmethod 591 0x0000000002c9e090 code [0x0000000002c9e220, 0x0000000002c9e650]
Event: 12.957 Thread 0x000000001990a000  592 %     4       java.lang.Class$MethodArray::addIfNotPresent @ 2 (47 bytes)
Event: 12.958 Thread 0x0000000019918800  593       3       java.beans.MethodRef::set (58 bytes)
Event: 12.959 Thread 0x0000000019918800 nmethod 593 0x0000000002c9e7d0 code [0x0000000002c9e9c0, 0x0000000002c9f698]
Event: 12.959 Thread 0x0000000019918800  597  s    3       java.beans.MethodDescriptor::setParams (74 bytes)
Event: 12.960 Thread 0x0000000019918800 nmethod 597 0x0000000002c9fb50 code [0x0000000002c9fd40, 0x0000000002ca0908]
Event: 12.960 Thread 0x0000000019918800  599       3       java.lang.reflect.Modifier::toString (202 bytes)

GC Heap History (4 events):
Event: 7.507 GC heap before
{Heap before GC invocations=1 (full 0):
 PSYoungGen      total 38400K, used 6671K [0x00000000d5e00000, 0x00000000d8880000, 0x0000000100000000)
  eden space 33280K, 20% used [0x00000000d5e00000,0x00000000d6483c10,0x00000000d7e80000)
  from space 5120K, 0% used [0x00000000d8380000,0x00000000d8380000,0x00000000d8880000)
  to   space 5120K, 0% used [0x00000000d7e80000,0x00000000d7e80000,0x00000000d8380000)
 ParOldGen       total 87552K, used 0K [0x0000000081a00000, 0x0000000086f80000, 0x00000000d5e00000)
  object space 87552K, 0% used [0x0000000081a00000,0x0000000081a00000,0x0000000086f80000)
 Metaspace       used 8926K, capacity 9106K, committed 9216K, reserved 1060864K
  class space    used 1103K, capacity 1188K, committed 1280K, reserved 1048576K
Event: 7.787 GC heap after
Heap after GC invocations=1 (full 0):
 PSYoungGen      total 38400K, used 1344K [0x00000000d5e00000, 0x00000000da900000, 0x0000000100000000)
  eden space 33280K, 0% used [0x00000000d5e00000,0x00000000d5e00000,0x00000000d7e80000)
  from space 5120K, 26% used [0x00000000d7e80000,0x00000000d7fd0000,0x00000000d8380000)
  to   space 5120K, 0% used [0x00000000da400000,0x00000000da400000,0x00000000da900000)
 ParOldGen       total 87552K, used 8K [0x0000000081a00000, 0x0000000086f80000, 0x00000000d5e00000)
  object space 87552K, 0% used [0x0000000081a00000,0x0000000081a02000,0x0000000086f80000)
 Metaspace       used 8926K, capacity 9106K, committed 9216K, reserved 1060864K
  class space    used 1103K, capacity 1188K, committed 1280K, reserved 1048576K
}
Event: 7.787 GC heap before
{Heap before GC invocations=2 (full 1):
 PSYoungGen      total 38400K, used 1344K [0x00000000d5e00000, 0x00000000da900000, 0x0000000100000000)
  eden space 33280K, 0% used [0x00000000d5e00000,0x00000000d5e00000,0x00000000d7e80000)
  from space 5120K, 26% used [0x00000000d7e80000,0x00000000d7fd0000,0x00000000d8380000)
  to   space 5120K, 0% used [0x00000000da400000,0x00000000da400000,0x00000000da900000)
 ParOldGen       total 87552K, used 8K [0x0000000081a00000, 0x0000000086f80000, 0x00000000d5e00000)
  object space 87552K, 0% used [0x0000000081a00000,0x0000000081a02000,0x0000000086f80000)
 Metaspace       used 8926K, capacity 9106K, committed 9216K, reserved 1060864K
  class space    used 1103K, capacity 1188K, committed 1280K, reserved 1048576K
Event: 8.025 GC heap after
Heap after GC invocations=2 (full 1):
 PSYoungGen      total 38400K, used 0K [0x00000000d5e00000, 0x00000000da900000, 0x0000000100000000)
  eden space 33280K, 0% used [0x00000000d5e00000,0x00000000d5e00000,0x00000000d7e80000)
  from space 5120K, 0% used [0x00000000d7e80000,0x00000000d7e80000,0x00000000d8380000)
  to   space 5120K, 0% used [0x00000000da400000,0x00000000da400000,0x00000000da900000)
 ParOldGen       total 50176K, used 1279K [0x0000000081a00000, 0x0000000084b00000, 0x00000000d5e00000)
  object space 50176K, 2% used [0x0000000081a00000,0x0000000081b3fe50,0x0000000084b00000)
 Metaspace       used 8926K, capacity 9106K, committed 9216K, reserved 1058816K
  class space    used 1103K, capacity 1188K, committed 1280K, reserved 1048576K
}

Deoptimization events (0 events):
No events

Internal exceptions (10 events):
Event: 12.898 Thread 0x000000001ab48000 Exception <a 'java/lang/ArrayIndexOutOfBoundsException'> (0x00000000d60b85d0) thrown at [C:\re\workspace\8-2-build-windows-amd64-cygwin\jdk8u91\6644\hotspot\src\share\vm\runtime\sharedRuntime.cpp, line 605]
Event: 12.899 Thread 0x000000001ab48000 Exception <a 'java/lang/ArrayIndexOutOfBoundsException'> (0x00000000d60becc0) thrown at [C:\re\workspace\8-2-build-windows-amd64-cygwin\jdk8u91\6644\hotspot\src\share\vm\runtime\sharedRuntime.cpp, line 605]
Event: 12.900 Thread 0x000000001ab48000 Exception <a 'java/lang/ArrayIndexOutOfBoundsException'> (0x00000000d60cda00) thrown at [C:\re\workspace\8-2-build-windows-amd64-cygwin\jdk8u91\6644\hotspot\src\share\vm\runtime\sharedRuntime.cpp, line 605]
Event: 12.947 Thread 0x000000001ab48000 Exception <a 'java/lang/ClassNotFoundException': java/awt/ContainerCustomizer> (0x00000000d610b5b8) thrown at [C:\re\workspace\8-2-build-windows-amd64-cygwin\jdk8u91\6644\hotspot\src\share\vm\classfile\systemDictionary.cpp, line 210]
Event: 12.952 Thread 0x000000001ab48000 Exception <a 'java/lang/ArrayIndexOutOfBoundsException'> (0x00000000d61249a0) thrown at [C:\re\workspace\8-2-build-windows-amd64-cygwin\jdk8u91\6644\hotspot\src\share\vm\runtime\sharedRuntime.cpp, line 605]
Event: 12.952 Thread 0x000000001ab48000 Exception <a 'java/lang/ArrayIndexOutOfBoundsException'> (0x00000000d61287a0) thrown at [C:\re\workspace\8-2-build-windows-amd64-cygwin\jdk8u91\6644\hotspot\src\share\vm\runtime\sharedRuntime.cpp, line 605]
Event: 12.952 Thread 0x000000001ab48000 Exception <a 'java/lang/ArrayIndexOutOfBoundsException'> (0x00000000d6131060) thrown at [C:\re\workspace\8-2-build-windows-amd64-cygwin\jdk8u91\6644\hotspot\src\share\vm\runtime\sharedRuntime.cpp, line 605]
Event: 12.955 Thread 0x000000001ab48000 Exception <a 'java/lang/ClassNotFoundException': javax/swing/JComponentCustomizer> (0x00000000d6150ae8) thrown at [C:\re\workspace\8-2-build-windows-amd64-cygwin\jdk8u91\6644\hotspot\src\share\vm\classfile\systemDictionary.cpp, line 210]
Event: 12.958 Thread 0x000000001ab48000 Exception <a 'java/lang/ArrayIndexOutOfBoundsException'> (0x00000000d61719a8) thrown at [C:\re\workspace\8-2-build-windows-amd64-cygwin\jdk8u91\6644\hotspot\src\share\vm\runtime\sharedRuntime.cpp, line 605]
Event: 12.959 Thread 0x000000001ab48000 Exception <a 'java/lang/ArrayIndexOutOfBoundsException'> (0x00000000d618c230) thrown at [C:\re\workspace\8-2-build-windows-amd64-cygwin\jdk8u91\6644\hotspot\src\share\vm\runtime\sharedRuntime.cpp, line 605]

Events (10 events):
Event: 12.955 loading class javax/swing/JComponentCustomizer
Event: 12.955 loading class javax/swing/JComponentCustomizer done
Event: 12.955 loading class javax/swing/JComponentCustomizer
Event: 12.955 loading class javax/swing/JComponentCustomizer done
Event: 12.955 loading class javax/swing/JToolTip
Event: 12.955 loading class javax/swing/JToolTip done
Event: 12.955 loading class javax/swing/InputVerifier
Event: 12.955 loading class javax/swing/InputVerifier done
Event: 12.960 loading class javax/swing/event/AncestorEvent
Event: 12.960 loading class javax/swing/event/AncestorEvent done


Dynamic libraries:
0x00007ff713fe0000 - 0x00007ff714017000 	C:\Program Files\Java\jdk1.8.0_91\bin\java.exe
0x00007ff96de80000 - 0x00007ff96e051000 	C:\WINDOWS\SYSTEM32\ntdll.dll
0x00007ff96d8a0000 - 0x00007ff96d94b000 	C:\WINDOWS\System32\KERNEL32.DLL
0x00007ff96a3d0000 - 0x00007ff96a5ed000 	C:\WINDOWS\System32\KERNELBASE.dll
0x00007ff96dd30000 - 0x00007ff96ddd2000 	C:\WINDOWS\System32\ADVAPI32.dll
0x00007ff96b9e0000 - 0x00007ff96ba7e000 	C:\WINDOWS\System32\msvcrt.dll
0x00007ff96b550000 - 0x00007ff96b5a9000 	C:\WINDOWS\System32\sechost.dll
0x00007ff96bb10000 - 0x00007ff96bc31000 	C:\WINDOWS\System32\RPCRT4.dll
0x00007ff96bd00000 - 0x00007ff96be65000 	C:\WINDOWS\System32\USER32.dll
0x00007ff96b3f0000 - 0x00007ff96b40e000 	C:\WINDOWS\System32\win32u.dll
0x00007ff96bcc0000 - 0x00007ff96bcf4000 	C:\WINDOWS\System32\GDI32.dll
0x00007ff96a6a0000 - 0x00007ff96a822000 	C:\WINDOWS\System32\gdi32full.dll
0x00007ff966ae0000 - 0x00007ff966d59000 	C:\WINDOWS\WinSxS\amd64_microsoft.windows.common-controls_6595b64144ccf1df_6.0.14393.0_none_2d0f50fcbdb171b8\COMCTL32.dll
0x00007ff96d960000 - 0x00007ff96dc27000 	C:\WINDOWS\System32\combase.dll
0x00007ff96af10000 - 0x00007ff96b005000 	C:\WINDOWS\System32\ucrtbase.dll
0x00007ff96b160000 - 0x00007ff96b1ca000 	C:\WINDOWS\System32\bcryptPrimitives.dll
0x00007ff96ba80000 - 0x00007ff96baae000 	C:\WINDOWS\System32\IMM32.DLL
0x000000006f550000 - 0x000000006f622000 	C:\Program Files\Java\jdk1.8.0_91\jre\bin\msvcr100.dll
0x000000006e0c0000 - 0x000000006e953000 	C:\Program Files\Java\jdk1.8.0_91\jre\bin\server\jvm.dll
0x00007ff96b4e0000 - 0x00007ff96b4e8000 	C:\WINDOWS\System32\PSAPI.DLL
0x00007ff9678a0000 - 0x00007ff9678a9000 	C:\WINDOWS\SYSTEM32\WSOCK32.dll
0x00007ff96bc50000 - 0x00007ff96bcba000 	C:\WINDOWS\System32\WS2_32.dll
0x00007ff968600000 - 0x00007ff968623000 	C:\WINDOWS\SYSTEM32\WINMM.dll
0x00007ff966ab0000 - 0x00007ff966aba000 	C:\WINDOWS\SYSTEM32\VERSION.dll
0x00007ff968300000 - 0x00007ff96832b000 	C:\WINDOWS\SYSTEM32\WINMMBASE.dll
0x00007ff96b1d0000 - 0x00007ff96b212000 	C:\WINDOWS\System32\cfgmgr32.dll
0x000000006f7c0000 - 0x000000006f7cf000 	C:\Program Files\Java\jdk1.8.0_91\jre\bin\verify.dll
0x000000006e090000 - 0x000000006e0b9000 	C:\Program Files\Java\jdk1.8.0_91\jre\bin\java.dll
0x000000006e070000 - 0x000000006e086000 	C:\Program Files\Java\jdk1.8.0_91\jre\bin\zip.dll
0x00007ff96c110000 - 0x00007ff96d618000 	C:\WINDOWS\System32\SHELL32.dll
0x00007ff96a830000 - 0x00007ff96af0a000 	C:\WINDOWS\System32\windows.storage.dll
0x00007ff96a2f0000 - 0x00007ff96a33c000 	C:\WINDOWS\System32\powrprof.dll
0x00007ff96b480000 - 0x00007ff96b4d2000 	C:\WINDOWS\System32\shlwapi.dll
0x00007ff96a2e0000 - 0x00007ff96a2ef000 	C:\WINDOWS\System32\kernel.appcore.dll
0x00007ff96b0b0000 - 0x00007ff96b159000 	C:\WINDOWS\System32\shcore.dll
0x00007ff96a350000 - 0x00007ff96a364000 	C:\WINDOWS\System32\profapi.dll
0x000000006de90000 - 0x000000006e028000 	C:\Program Files\Java\jdk1.8.0_91\jre\bin\awt.dll
0x00007ff96d620000 - 0x00007ff96d6df000 	C:\WINDOWS\System32\OLEAUT32.dll
0x00007ff96b010000 - 0x00007ff96b0ac000 	C:\WINDOWS\System32\msvcp_win.dll
0x00007ff968890000 - 0x00007ff96890a000 	C:\WINDOWS\SYSTEM32\apphelp.dll
0x00007ff968ad0000 - 0x00007ff968b65000 	C:\WINDOWS\system32\uxtheme.dll
0x00007ff96bfb0000 - 0x00007ff96c10b000 	C:\WINDOWS\System32\MSCTF.dll
0x00007ff967e30000 - 0x00007ff967e56000 	C:\WINDOWS\system32\dwmapi.dll
0x00007ff96be70000 - 0x00007ff96bfa7000 	C:\WINDOWS\System32\ole32.dll
0x000000006de40000 - 0x000000006de87000 	C:\Program Files\Java\jdk1.8.0_91\jre\bin\fontmanager.dll
0x000000006e050000 - 0x000000006e06a000 	C:\Program Files\Java\jdk1.8.0_91\jre\bin\net.dll
0x00007ff969950000 - 0x00007ff9699ac000 	C:\WINDOWS\system32\mswsock.dll
0x000000006e030000 - 0x000000006e041000 	C:\Program Files\Java\jdk1.8.0_91\jre\bin\nio.dll

VM Arguments:
java_command: C:\Users\Lucas\Documents\MaterialCodigoAprendizaje\2DAM\ProgramacionServiciosProcesos\Editor\dist\DocumentEditor.jar
java_class_path (initial): C:\Users\Lucas\Documents\MaterialCodigoAprendizaje\2DAM\ProgramacionServiciosProcesos\Editor\dist\DocumentEditor.jar
Launcher Type: SUN_STANDARD

Environment Variables:
PATH=C:\ProgramData\Oracle\Java\javapath;C:\Program Files (x86)\Intel\iCLS Client\;C:\Program Files\Intel\iCLS Client\;C:\Windows\system32;C:\Windows;C:\Windows\System32\Wbem;C:\Windows\System32\WindowsPowerShell\v1.0\;C:\Program Files (x86)\NVIDIA Corporation\PhysX\Common;C:\Program Files (x86)\Intel\Intel(R) Management Engine Components\DAL;C:\Program Files\Intel\Intel(R) Management Engine Components\DAL;C:\Program Files (x86)\Intel\Intel(R) Management Engine Components\IPT;C:\Program Files\Intel\Intel(R) Management Engine Components\IPT;C:\Program Files (x86)\Skype\Phone\;C:\Program Files\Git\cmd;C:\WINDOWS\system32;C:\WINDOWS;C:\WINDOWS\System32\Wbem;C:\WINDOWS\System32\WindowsPowerShell\v1.0\;C:\Users\Lucas\AppData\Local\atom\bin;%USERPROFILE%\AppData\Local\Microsoft\WindowsApps;
USERNAME=Lucas
OS=Windows_NT
PROCESSOR_IDENTIFIER=Intel64 Family 6 Model 94 Stepping 3, GenuineIntel



---------------  S Y S T E M  ---------------

OS: Windows 10.0 , 64 bit Build 14393 (10.0.14393.0)

CPU:total 8 (4 cores per cpu, 2 threads per core) family 6 model 94 stepping 3, cmov, cx8, fxsr, mmx, sse, sse2, sse3, ssse3, sse4.1, sse4.2, popcnt, avx, avx2, aes, clmul, erms, rtm, 3dnowpref, lzcnt, ht, tsc, tscinvbit, bmi1, bmi2, adx

Memory: 4k page, physical 8281880k(885516k free), swap 33447704k(296k free)

vm_info: Java HotSpot(TM) 64-Bit Server VM (25.91-b14) for windows-amd64 JRE (1.8.0_91-b14), built on Apr  1 2016 00:58:32 by "java_re" with MS VC++ 10.0 (VS2010)

time: Thu Oct 06 09:34:07 2016
elapsed time: 12 seconds (0d 0h 0m 12s)

