#
# There is insufficient memory for the Java Runtime Environment to continue.
# Native memory allocation (malloc) failed to allocate 499056 bytes for Chunk::new
# Possible reasons:
#   The system is out of physical RAM or swap space
#   In 32 bit mode, the process size limit was hit
# Possible solutions:
#   Reduce memory load on the system
#   Increase physical memory or swap space
#   Check if swap backing store is full
#   Use 64 bit Java on a 64 bit OS
#   Decrease Java heap size (-Xmx/-Xms)
#   Decrease number of Java threads
#   Decrease Java thread stack sizes (-Xss)
#   Set larger code cache with -XX:ReservedCodeCacheSize=
# This output file may be truncated or incomplete.
#
#  Out of Memory Error (allocation.cpp:390), pid=13720, tid=16056
#
# JRE version: Java(TM) SE Runtime Environment (8.0_91-b14) (build 1.8.0_91-b14)
# Java VM: Java HotSpot(TM) 64-Bit Server VM (25.91-b14 mixed mode windows-amd64 compressed oops)
# Failed to write core dump. Minidumps are not enabled by default on client versions of Windows
#

---------------  T H R E A D  ---------------

Current thread (0x000000001a018000):  JavaThread "C2 CompilerThread0" daemon [_thread_in_native, id=16056, stack(0x000000001a810000,0x000000001a910000)]

Stack: [0x000000001a810000,0x000000001a910000]
[error occurred during error reporting (printing stack bounds), id 0xc0000005]

Native frames: (J=compiled Java code, j=interpreted, Vv=VM code, C=native code)


Current CompileTask:
C2:  29095  942       4       java.awt.datatransfer.MimeTypeParameterList::parse (451 bytes)


---------------  P R O C E S S  ---------------

Java Threads: ( => current thread )
  0x000000001b6de000 JavaThread "Image Fetcher 0" daemon [_thread_blocked, id=21688, stack(0x000000001cb60000,0x000000001cc60000)]
  0x000000001b55c800 JavaThread "TimerQueue" daemon [_thread_blocked, id=21704, stack(0x000000001ca60000,0x000000001cb60000)]
  0x000000001b55b800 JavaThread "SwingWorker-pool-1308530194-thread-1" [_thread_blocked, id=29988, stack(0x000000001c960000,0x000000001ca60000)]
  0x0000000003050800 JavaThread "DestroyJavaVM" [_thread_blocked, id=19052, stack(0x0000000002f20000,0x0000000003020000)]
  0x000000001b21d000 JavaThread "AWT-EventQueue-0" [_thread_blocked, id=25264, stack(0x000000001be20000,0x000000001bf20000)]
  0x000000001b21c800 JavaThread "AWT-Windows" daemon [_thread_in_native, id=32028, stack(0x000000001bc00000,0x000000001bd00000)]
  0x000000001b22e000 JavaThread "AWT-Shutdown" [_thread_blocked, id=30044, stack(0x000000001bb00000,0x000000001bc00000)]
  0x000000001b22d000 JavaThread "Java2D Disposer" daemon [_thread_blocked, id=29692, stack(0x000000001ba00000,0x000000001bb00000)]
  0x000000001a031800 JavaThread "Service Thread" daemon [_thread_blocked, id=20716, stack(0x000000001ac10000,0x000000001ad10000)]
  0x000000001a024000 JavaThread "C1 CompilerThread3" daemon [_thread_blocked, id=20704, stack(0x000000001ab10000,0x000000001ac10000)]
  0x000000001a01d800 JavaThread "C2 CompilerThread2" daemon [_thread_in_native, id=20700, stack(0x000000001aa10000,0x000000001ab10000)]
  0x000000001a01a000 JavaThread "C2 CompilerThread1" daemon [_thread_blocked, id=16024, stack(0x000000001a910000,0x000000001aa10000)]
=>0x000000001a018000 JavaThread "C2 CompilerThread0" daemon [_thread_in_native, id=16056, stack(0x000000001a810000,0x000000001a910000)]
  0x000000001a015800 JavaThread "Attach Listener" daemon [_thread_blocked, id=20692, stack(0x000000001a710000,0x000000001a810000)]
  0x000000001a014000 JavaThread "Signal Dispatcher" daemon [_thread_blocked, id=20688, stack(0x000000001a610000,0x000000001a710000)]
  0x0000000003147000 JavaThread "Finalizer" daemon [_thread_blocked, id=25208, stack(0x000000001a3f0000,0x000000001a4f0000)]
  0x000000001810d800 JavaThread "Reference Handler" daemon [_thread_blocked, id=25108, stack(0x0000000019ef0000,0x0000000019ff0000)]

Other Threads:
  0x0000000018109000 VMThread [stack: 0x0000000019df0000,0x0000000019ef0000] [id=21780]
  0x000000001a04c800 WatcherThread [stack: 0x000000001ad10000,0x000000001ae10000] [id=27772]

VM state:not at safepoint (normal execution)

VM Mutex/Monitor currently owned by a thread: None

Heap:
 PSYoungGen      total 38400K, used 22858K [0x00000000d5e00000, 0x00000000d8880000, 0x0000000100000000)
  eden space 33280K, 68% used [0x00000000d5e00000,0x00000000d7452928,0x00000000d7e80000)
  from space 5120K, 0% used [0x00000000d8380000,0x00000000d8380000,0x00000000d8880000)
  to   space 5120K, 0% used [0x00000000d7e80000,0x00000000d7e80000,0x00000000d8380000)
 ParOldGen       total 87552K, used 0K [0x0000000081a00000, 0x0000000086f80000, 0x00000000d5e00000)
  object space 87552K, 0% used [0x0000000081a00000,0x0000000081a00000,0x0000000086f80000)
 Metaspace       used 14424K, capacity 14646K, committed 14848K, reserved 1062912K
  class space    used 1874K, capacity 1934K, committed 2048K, reserved 1048576K

Card table byte_map: [0x0000000012510000,0x0000000012910000] byte_map_base: 0x0000000012103000

Marking Bits: (ParMarkBitMap*) 0x000000006e8d2f70
 Begin Bits: [0x00000000133c0000, 0x0000000015358000)
 End Bits:   [0x0000000015358000, 0x00000000172f0000)

Polling page: 0x0000000002ec0000

CodeCache: size=245760Kb used=3427Kb max_used=3427Kb free=242332Kb
 bounds [0x0000000003150000, 0x00000000034b0000, 0x0000000012150000]
 total_blobs=1479 nmethods=988 adapters=404
 compilation: enabled

Compilation events (10 events):
Event: 28.104 Thread 0x000000001a024000 nmethod 927 0x0000000003482ad0 code [0x0000000003482d60, 0x00000000034840b8]
Event: 28.104 Thread 0x000000001a024000  939       3       java.util.LinkedHashMap::afterNodeAccess (116 bytes)
Event: 28.105 Thread 0x000000001a024000 nmethod 939 0x0000000003484b10 code [0x0000000003484c80, 0x0000000003485130]
Event: 28.107 Thread 0x000000001a024000  945       3       java.awt.datatransfer.MimeTypeParameterList::unquote (83 bytes)
Event: 28.108 Thread 0x000000001a024000 nmethod 945 0x0000000003485290 code [0x00000000034854c0, 0x0000000003486438]
Event: 28.108 Thread 0x000000001a024000  946       3       java.util.TreeMap$KeyIterator::next (8 bytes)
Event: 28.108 Thread 0x000000001a024000 nmethod 946 0x0000000003486d90 code [0x0000000003486f00, 0x0000000003487108]
Event: 28.109 Thread 0x000000001a01a000  947       4       java.util.HashSet::add (20 bytes)
Event: 28.113 Thread 0x000000001a01d800 nmethod 944 0x0000000003488350 code [0x00000000034884e0, 0x0000000003488a38]
Event: 28.114 Thread 0x000000001a01d800  948  s    4       java.util.Hashtable::put (104 bytes)

GC Heap History (0 events):
No events

Deoptimization events (10 events):
Event: 25.683 Thread 0x000000001b21d000 Uncommon trap: reason=unstable_if action=reinterpret pc=0x00000000033adb60 method=java.lang.reflect.Method.isDefault()Z @ 19
Event: 27.481 Thread 0x000000001b21d000 Uncommon trap: reason=class_check action=maybe_recompile pc=0x00000000032f9668 method=java.lang.String.equals(Ljava/lang/Object;)Z @ 8
Event: 27.481 Thread 0x000000001b21d000 Uncommon trap: reason=class_check action=maybe_recompile pc=0x00000000032f9668 method=java.lang.String.equals(Ljava/lang/Object;)Z @ 8
Event: 27.481 Thread 0x000000001b21d000 Uncommon trap: reason=class_check action=maybe_recompile pc=0x00000000032f9668 method=java.lang.String.equals(Ljava/lang/Object;)Z @ 8
Event: 27.481 Thread 0x000000001b21d000 Uncommon trap: reason=class_check action=maybe_recompile pc=0x00000000032f9668 method=java.lang.String.equals(Ljava/lang/Object;)Z @ 8
Event: 28.058 Thread 0x000000001b21d000 Uncommon trap: reason=bimorphic action=maybe_recompile pc=0x00000000033cbb90 method=java.util.HashMap.putVal(ILjava/lang/Object;Ljava/lang/Object;ZZ)Ljava/lang/Object; @ 91
Event: 28.061 Thread 0x000000001b21d000 Uncommon trap: reason=bimorphic action=maybe_recompile pc=0x00000000033cbb90 method=java.util.HashMap.putVal(ILjava/lang/Object;Ljava/lang/Object;ZZ)Ljava/lang/Object; @ 91
Event: 28.062 Thread 0x000000001b21d000 Uncommon trap: reason=unstable_if action=reinterpret pc=0x0000000003371dd8 method=java.util.HashMap.getNode(ILjava/lang/Object;)Ljava/util/HashMap$Node; @ 129
Event: 28.062 Thread 0x000000001b21d000 Uncommon trap: reason=bimorphic action=maybe_recompile pc=0x00000000033ca8b8 method=java.util.HashMap.putVal(ILjava/lang/Object;Ljava/lang/Object;ZZ)Ljava/lang/Object; @ 91
Event: 28.071 Thread 0x000000001b21d000 Uncommon trap: reason=unstable_if action=reinterpret pc=0x000000000335c064 method=java.util.HashMap.getNode(ILjava/lang/Object;)Ljava/util/HashMap$Node; @ 129

Internal exceptions (10 events):
Event: 15.193 Thread 0x000000001b21d000 Exception <a 'java/lang/ClassNotFoundException': javax/swing/JComponentCustomizer> (0x00000000d67feae0) thrown at [C:\re\workspace\8-2-build-windows-amd64-cygwin\jdk8u91\6644\hotspot\src\share\vm\classfile\systemDictionary.cpp, line 210]
Event: 15.195 Thread 0x000000001b21d000 Exception <a 'java/lang/ArrayIndexOutOfBoundsException'> (0x00000000d681a2d0) thrown at [C:\re\workspace\8-2-build-windows-amd64-cygwin\jdk8u91\6644\hotspot\src\share\vm\runtime\sharedRuntime.cpp, line 605]
Event: 15.196 Thread 0x000000001b21d000 Exception <a 'java/lang/ArrayIndexOutOfBoundsException'> (0x00000000d6829b78) thrown at [C:\re\workspace\8-2-build-windows-amd64-cygwin\jdk8u91\6644\hotspot\src\share\vm\runtime\sharedRuntime.cpp, line 605]
Event: 15.206 Thread 0x000000001b21d000 Exception <a 'java/lang/ClassNotFoundException': javax/swing/AbstractButtonCustomizer> (0x00000000d6894740) thrown at [C:\re\workspace\8-2-build-windows-amd64-cygwin\jdk8u91\6644\hotspot\src\share\vm\classfile\systemDictionary.cpp, line 210]
Event: 15.261 Thread 0x000000001b21d000 Exception <a 'java/lang/ClassNotFoundException': javax/swing/JMenuItemCustomizer> (0x00000000d68ffea8) thrown at [C:\re\workspace\8-2-build-windows-amd64-cygwin\jdk8u91\6644\hotspot\src\share\vm\classfile\systemDictionary.cpp, line 210]
Event: 15.266 Thread 0x000000001b21d000 Exception <a 'java/lang/ClassNotFoundException': javax/swing/JMenuCustomizer> (0x00000000d693e370) thrown at [C:\re\workspace\8-2-build-windows-amd64-cygwin\jdk8u91\6644\hotspot\src\share\vm\classfile\systemDictionary.cpp, line 210]
Event: 15.309 Thread 0x000000001b21d000 Exception <a 'java/lang/ClassNotFoundException': javax/swing/JButtonBeanInfo> (0x00000000d69aced8) thrown at [C:\re\workspace\8-2-build-windows-amd64-cygwin\jdk8u91\6644\hotspot\src\share\vm\classfile\systemDictionary.cpp, line 210]
Event: 15.309 Thread 0x000000001b21d000 Exception <a 'java/lang/ClassNotFoundException': javax/swing/JButtonCustomizer> (0x00000000d69ae330) thrown at [C:\re\workspace\8-2-build-windows-amd64-cygwin\jdk8u91\6644\hotspot\src\share\vm\classfile\systemDictionary.cpp, line 210]
Event: 17.287 Thread 0x000000001b21d000 Implicit null exception at 0x000000000336f2d9 to 0x000000000336f63d
Event: 17.288 Thread 0x000000001b21d000 Implicit null exception at 0x000000000335fa99 to 0x000000000335fdfd

Events (10 events):
Event: 28.061 Thread 0x000000001b21d000 DEOPT UNPACKING pc=0x000000000319582a sp=0x000000001bf1cbc0 mode 2
Event: 28.062 Thread 0x000000001b21d000 Uncommon trap: trap_request=0xffffff65 fr.pc=0x0000000003371dd8
Event: 28.062 Thread 0x000000001b21d000 DEOPT PACKING pc=0x0000000003371dd8 sp=0x000000001bf1cd20
Event: 28.062 Thread 0x000000001b21d000 DEOPT UNPACKING pc=0x000000000319582a sp=0x000000001bf1cc40 mode 2
Event: 28.062 Thread 0x000000001b21d000 Uncommon trap: trap_request=0xffffffc6 fr.pc=0x00000000033ca8b8
Event: 28.062 Thread 0x000000001b21d000 DEOPT PACKING pc=0x00000000033ca8b8 sp=0x000000001bf1cc60
Event: 28.062 Thread 0x000000001b21d000 DEOPT UNPACKING pc=0x000000000319582a sp=0x000000001bf1cc08 mode 2
Event: 28.071 Thread 0x000000001b21d000 Uncommon trap: trap_request=0xffffff65 fr.pc=0x000000000335c064
Event: 28.075 Thread 0x000000001b21d000 DEOPT PACKING pc=0x000000000335c064 sp=0x000000001bf1ccb0
Event: 28.075 Thread 0x000000001b21d000 DEOPT UNPACKING pc=0x000000000319582a sp=0x000000001bf1cc40 mode 2


Dynamic libraries:
0x00007ff713fe0000 - 0x00007ff714017000 	C:\Program Files\Java\jdk1.8.0_91\bin\java.exe
0x00007ff96de80000 - 0x00007ff96e051000 	C:\WINDOWS\SYSTEM32\ntdll.dll
0x00007ff96d8a0000 - 0x00007ff96d94b000 	C:\WINDOWS\System32\KERNEL32.DLL
0x00007ff96a3d0000 - 0x00007ff96a5ed000 	C:\WINDOWS\System32\KERNELBASE.dll
0x00007ff96dd30000 - 0x00007ff96ddd2000 	C:\WINDOWS\System32\ADVAPI32.dll
0x00007ff96b9e0000 - 0x00007ff96ba7e000 	C:\WINDOWS\System32\msvcrt.dll
0x00007ff96b550000 - 0x00007ff96b5a9000 	C:\WINDOWS\System32\sechost.dll
0x00007ff96bb10000 - 0x00007ff96bc31000 	C:\WINDOWS\System32\RPCRT4.dll
0x00007ff96bd00000 - 0x00007ff96be65000 	C:\WINDOWS\System32\USER32.dll
0x00007ff96b3f0000 - 0x00007ff96b40e000 	C:\WINDOWS\System32\win32u.dll
0x00007ff96bcc0000 - 0x00007ff96bcf4000 	C:\WINDOWS\System32\GDI32.dll
0x00007ff96a6a0000 - 0x00007ff96a822000 	C:\WINDOWS\System32\gdi32full.dll
0x00007ff966ae0000 - 0x00007ff966d59000 	C:\WINDOWS\WinSxS\amd64_microsoft.windows.common-controls_6595b64144ccf1df_6.0.14393.0_none_2d0f50fcbdb171b8\COMCTL32.dll
0x00007ff96d960000 - 0x00007ff96dc27000 	C:\WINDOWS\System32\combase.dll
0x00007ff96af10000 - 0x00007ff96b005000 	C:\WINDOWS\System32\ucrtbase.dll
0x00007ff96b160000 - 0x00007ff96b1ca000 	C:\WINDOWS\System32\bcryptPrimitives.dll
0x00007ff96ba80000 - 0x00007ff96baae000 	C:\WINDOWS\System32\IMM32.DLL
0x000000006f550000 - 0x000000006f622000 	C:\Program Files\Java\jdk1.8.0_91\jre\bin\msvcr100.dll
0x000000006e0c0000 - 0x000000006e953000 	C:\Program Files\Java\jdk1.8.0_91\jre\bin\server\jvm.dll
0x00007ff96b4e0000 - 0x00007ff96b4e8000 	C:\WINDOWS\System32\PSAPI.DLL
0x00007ff9678a0000 - 0x00007ff9678a9000 	C:\WINDOWS\SYSTEM32\WSOCK32.dll
0x00007ff968600000 - 0x00007ff968623000 	C:\WINDOWS\SYSTEM32\WINMM.dll
0x00007ff96bc50000 - 0x00007ff96bcba000 	C:\WINDOWS\System32\WS2_32.dll
0x00007ff966ab0000 - 0x00007ff966aba000 	C:\WINDOWS\SYSTEM32\VERSION.dll
0x00007ff968300000 - 0x00007ff96832b000 	C:\WINDOWS\SYSTEM32\WINMMBASE.dll
0x00007ff96b1d0000 - 0x00007ff96b212000 	C:\WINDOWS\System32\cfgmgr32.dll
0x000000006f7c0000 - 0x000000006f7cf000 	C:\Program Files\Java\jdk1.8.0_91\jre\bin\verify.dll
0x000000006e090000 - 0x000000006e0b9000 	C:\Program Files\Java\jdk1.8.0_91\jre\bin\java.dll
0x000000006e070000 - 0x000000006e086000 	C:\Program Files\Java\jdk1.8.0_91\jre\bin\zip.dll
0x00007ff96c110000 - 0x00007ff96d618000 	C:\WINDOWS\System32\SHELL32.dll
0x00007ff96a830000 - 0x00007ff96af0a000 	C:\WINDOWS\System32\windows.storage.dll
0x00007ff96a2f0000 - 0x00007ff96a33c000 	C:\WINDOWS\System32\powrprof.dll
0x00007ff96b480000 - 0x00007ff96b4d2000 	C:\WINDOWS\System32\shlwapi.dll
0x00007ff96a2e0000 - 0x00007ff96a2ef000 	C:\WINDOWS\System32\kernel.appcore.dll
0x00007ff96b0b0000 - 0x00007ff96b159000 	C:\WINDOWS\System32\shcore.dll
0x00007ff96a350000 - 0x00007ff96a364000 	C:\WINDOWS\System32\profapi.dll
0x000000006de90000 - 0x000000006e028000 	C:\Program Files\Java\jdk1.8.0_91\jre\bin\awt.dll
0x00007ff96d620000 - 0x00007ff96d6df000 	C:\WINDOWS\System32\OLEAUT32.dll
0x00007ff96b010000 - 0x00007ff96b0ac000 	C:\WINDOWS\System32\msvcp_win.dll
0x00007ff968890000 - 0x00007ff96890a000 	C:\WINDOWS\SYSTEM32\apphelp.dll
0x00007ff968ad0000 - 0x00007ff968b65000 	C:\WINDOWS\system32\uxtheme.dll
0x00007ff96bfb0000 - 0x00007ff96c10b000 	C:\WINDOWS\System32\MSCTF.dll
0x00007ff967e30000 - 0x00007ff967e56000 	C:\WINDOWS\system32\dwmapi.dll
0x00007ff96be70000 - 0x00007ff96bfa7000 	C:\WINDOWS\System32\ole32.dll
0x000000006de40000 - 0x000000006de87000 	C:\Program Files\Java\jdk1.8.0_91\jre\bin\fontmanager.dll
0x000000006e050000 - 0x000000006e06a000 	C:\Program Files\Java\jdk1.8.0_91\jre\bin\net.dll
0x00007ff969950000 - 0x00007ff9699ac000 	C:\WINDOWS\system32\mswsock.dll
0x000000006e030000 - 0x000000006e041000 	C:\Program Files\Java\jdk1.8.0_91\jre\bin\nio.dll
0x00007ff96dde0000 - 0x00007ff96de7f000 	C:\WINDOWS\System32\clbcatq.dll
0x00007ff966150000 - 0x00007ff9662f8000 	C:\WINDOWS\SYSTEM32\WindowsCodecs.dll
0x00007ff95b4e0000 - 0x00007ff95b529000 	C:\WINDOWS\system32\dataexchange.dll
0x00007ff967b70000 - 0x00007ff967e26000 	C:\WINDOWS\system32\d3d11.dll
0x00007ff9681a0000 - 0x00007ff9682f1000 	C:\WINDOWS\system32\dcomp.dll
0x00007ff969270000 - 0x00007ff96930f000 	C:\WINDOWS\system32\dxgi.dll
0x00007ff968d10000 - 0x00007ff968e2c000 	C:\WINDOWS\system32\twinapi.appcore.dll
0x00007ff969fe0000 - 0x00007ff96a00b000 	C:\WINDOWS\system32\bcrypt.dll
0x000000006ddf0000 - 0x000000006de32000 	C:\Program Files\Java\jdk1.8.0_91\jre\bin\t2k.dll

VM Arguments:
java_command: C:\Users\Lucas\Documents\MaterialCodigoAprendizaje\2DAM\ProgramacionServiciosProcesos\Editor\dist\DocumentEditor.jar
java_class_path (initial): C:\Users\Lucas\Documents\MaterialCodigoAprendizaje\2DAM\ProgramacionServiciosProcesos\Editor\dist\DocumentEditor.jar
Launcher Type: SUN_STANDARD

Environment Variables:
PATH=C:\ProgramData\Oracle\Java\javapath;C:\Program Files (x86)\Intel\iCLS Client\;C:\Program Files\Intel\iCLS Client\;C:\Windows\system32;C:\Windows;C:\Windows\System32\Wbem;C:\Windows\System32\WindowsPowerShell\v1.0\;C:\Program Files (x86)\NVIDIA Corporation\PhysX\Common;C:\Program Files (x86)\Intel\Intel(R) Management Engine Components\DAL;C:\Program Files\Intel\Intel(R) Management Engine Components\DAL;C:\Program Files (x86)\Intel\Intel(R) Management Engine Components\IPT;C:\Program Files\Intel\Intel(R) Management Engine Components\IPT;C:\Program Files (x86)\Skype\Phone\;C:\Program Files\Git\cmd;C:\WINDOWS\system32;C:\WINDOWS;C:\WINDOWS\System32\Wbem;C:\WINDOWS\System32\WindowsPowerShell\v1.0\;C:\Users\Lucas\AppData\Local\atom\bin;%USERPROFILE%\AppData\Local\Microsoft\WindowsApps;
USERNAME=Lucas
OS=Windows_NT
PROCESSOR_IDENTIFIER=Intel64 Family 6 Model 94 Stepping 3, GenuineIntel



---------------  S Y S T E M  ---------------

OS: Windows 10.0 , 64 bit Build 14393 (10.0.14393.0)

CPU:total 8 (4 cores per cpu, 2 threads per core) family 6 model 94 stepping 3, cmov, cx8, fxsr, mmx, sse, sse2, sse3, ssse3, sse4.1, sse4.2, popcnt, avx, avx2, aes, clmul, erms, rtm, 3dnowpref, lzcnt, ht, tsc, tscinvbit, bmi1, bmi2, adx

Memory: 4k page, physical 8281880k(1145084k free), swap 33447704k(2204568k free)

vm_info: Java HotSpot(TM) 64-Bit Server VM (25.91-b14) for windows-amd64 JRE (1.8.0_91-b14), built on Apr  1 2016 00:58:32 by "java_re" with MS VC++ 10.0 (VS2010)

time: Thu Oct 06 09:34:14 2016
elapsed time: 29 seconds (0d 0h 0m 29s)

