#
# A fatal error has been detected by the Java Runtime Environment:
#
#  EXCEPTION_ACCESS_VIOLATION (0xc0000005) at pc=0x000000006e2d2177, pid=4716, tid=30140
#
# JRE version: Java(TM) SE Runtime Environment (8.0_91-b14) (build 1.8.0_91-b14)
# Java VM: Java HotSpot(TM) 64-Bit Server VM (25.91-b14 mixed mode windows-amd64 compressed oops)
# Problematic frame:
# V  [jvm.dll+0x212177]
#
# Failed to write core dump. Minidumps are not enabled by default on client versions of Windows
#
# If you would like to submit a bug report, please visit:
#   http://bugreport.java.com/bugreport/crash.jsp
#

---------------  T H R E A D  ---------------

Current thread (0x000000001b6fa800):  JavaThread "TimerQueue" daemon [_thread_in_vm, id=30140, stack(0x000000001d020000,0x000000001d120000)]

siginfo: ExceptionCode=0xc0000005, writing address 0x000000001d11a1e0

Registers:
RAX=0x000000001d11a1e0, RBX=0x0000000000000006, RCX=0x0000000000005000, RDX=0x0000000000000006
RSP=0x000000001d11f1e0, RBP=0x0000000000000000, RSI=0x000000001d11f1e0, RDI=0x0000000000000006
R8 =0x0000000000000006, R9 =0x000000001b4a9110, R10=0x000000001789d3f8, R11=0x000000001d02a148
R12=0x000000001b4a9110, R13=0x000000001b6fa800, R14=0x000000001d11f2a8, R15=0x000000001789d3f8
RIP=0x000000006e2d2177, EFLAGS=0x0000000000010202

Top of Stack: (sp=0x000000001d11f1e0)
0x000000001d11f1e0:   0000000000000002 00007ff96de80000
0x000000001d11f1f0:   000000001b6fa800 000000001b4a9110
0x000000001d11f200:   00000000ffffffff 000000006e2d30a7
0x000000001d11f210:   000000001d11f310 000000001789d3f8
0x000000001d11f220:   000000001b6fa800 000000006e17f913
0x000000001d11f230:   000000001d11f270 000000001b6fa800
0x000000001d11f240:   000000001d11f300 000000001b6fa800
0x000000001d11f250:   000000001789d3f8 000000001b6fa800
0x000000001d11f260:   00000000032e3200 000000001b6fa800
0x000000001d11f270:   000000001789d3f8 000000001b6fa800
0x000000001d11f280:   000000001789d3f8 000000001b6fa800
0x000000001d11f290:   0000000000000001 000000001789d3f8
0x000000001d11f2a0:   000000001b6fa800 000000001a4c1070
0x000000001d11f2b0:   000000001b6fa800 000000006e180dfd
0x000000001d11f2c0:   000000001d11f5c8 00000001000069a0
0x000000001d11f2d0:   00000001000069a0 00007ff96be972c8 

Instructions: (pc=0x000000006e2d2177)
0x000000006e2d2157:   48 89 6c 24 30 33 ed 66 90 e8 db 37 08 00 ff c3
0x000000006e2d2167:   48 63 c8 48 8b c6 48 0f af cf 48 ff c7 48 2b c1
0x000000006e2d2177:   89 28 48 63 c3 48 3b 05 1d b5 58 00 7e db 48 8b
0x000000006e2d2187:   6c 24 30 48 8b 5c 24 38 48 8b 74 24 40 48 83 c4 


Register to memory mapping:

RAX=0x000000001d11a1e0 is pointing into the stack for thread: 0x000000001b6fa800
RBX=0x0000000000000006 is an unknown value
RCX=0x0000000000005000 is an unknown value
RDX=0x0000000000000006 is an unknown value
RSP=0x000000001d11f1e0 is pointing into the stack for thread: 0x000000001b6fa800
RBP=0x0000000000000000 is an unknown value
RSI=0x000000001d11f1e0 is pointing into the stack for thread: 0x000000001b6fa800
RDI=0x0000000000000006 is an unknown value
R8 =0x0000000000000006 is an unknown value
R9 =0x000000001b4a9110 is an unknown value
R10={method} {0x000000001789d400} 'run' '()V' in 'java/lang/Thread'
R11=0x000000001d02a148 is pointing into the stack for thread: 0x000000001b6fa800
R12=0x000000001b4a9110 is an unknown value
R13=0x000000001b6fa800 is a thread
R14=0x000000001d11f2a8 is pointing into the stack for thread: 0x000000001b6fa800
R15={method} {0x000000001789d400} 'run' '()V' in 'java/lang/Thread'


Stack: [0x000000001d020000,0x000000001d120000],  sp=0x000000001d11f1e0,  free space=1020k
Native frames: (J=compiled Java code, j=interpreted, Vv=VM code, C=native code)


---------------  P R O C E S S  ---------------

Java Threads: ( => current thread )
=>0x000000001b6fa800 JavaThread "TimerQueue" daemon [_thread_in_vm, id=30140, stack(0x000000001d020000,0x000000001d120000)]
  0x000000001b6cd800 JavaThread "SwingWorker-pool-1356602904-thread-1" [_thread_blocked, id=30312, stack(0x000000001cf20000,0x000000001d020000)]
  0x000000001b3fa800 JavaThread "Image Fetcher 0" daemon [_thread_blocked, id=15232, stack(0x000000001c2b0000,0x000000001c3b0000)]
  0x00000000031d0800 JavaThread "DestroyJavaVM" [_thread_blocked, id=10092, stack(0x0000000003080000,0x0000000003180000)]
  0x000000001a4ed800 JavaThread "AWT-EventQueue-0" [_thread_blocked, id=12788, stack(0x000000001bfb0000,0x000000001c0b0000)]
  0x000000001a4e8800 JavaThread "AWT-Windows" daemon [_thread_blocked, id=20728, stack(0x000000001bd30000,0x000000001be30000)]
  0x000000001a4e4800 JavaThread "AWT-Shutdown" [_thread_blocked, id=18604, stack(0x000000001bc30000,0x000000001bd30000)]
  0x000000001a4e3800 JavaThread "Java2D Disposer" daemon [_thread_blocked, id=18600, stack(0x000000001bb30000,0x000000001bc30000)]
  0x000000001a1c5000 JavaThread "Service Thread" daemon [_thread_blocked, id=10756, stack(0x000000001ad40000,0x000000001ae40000)]
  0x000000001a1b8000 JavaThread "C1 CompilerThread3" daemon [_thread_blocked, id=4508, stack(0x000000001ac40000,0x000000001ad40000)]
  0x000000001a1b4800 JavaThread "C2 CompilerThread2" daemon [_thread_blocked, id=13624, stack(0x000000001ab40000,0x000000001ac40000)]
  0x000000001a15a800 JavaThread "C2 CompilerThread1" daemon [_thread_blocked, id=11640, stack(0x000000001aa40000,0x000000001ab40000)]
  0x000000001a158000 JavaThread "C2 CompilerThread0" daemon [_thread_blocked, id=9436, stack(0x000000001a940000,0x000000001aa40000)]
  0x000000001a155800 JavaThread "Attach Listener" daemon [_thread_blocked, id=7012, stack(0x000000001a840000,0x000000001a940000)]
  0x000000001a154000 JavaThread "Signal Dispatcher" daemon [_thread_blocked, id=7320, stack(0x000000001a740000,0x000000001a840000)]
  0x00000000032c7000 JavaThread "Finalizer" daemon [_thread_blocked, id=11772, stack(0x000000001a530000,0x000000001a630000)]
  0x000000001825d800 JavaThread "Reference Handler" daemon [_thread_blocked, id=3552, stack(0x000000001a030000,0x000000001a130000)]

Other Threads:
  0x0000000018259000 VMThread [stack: 0x0000000019f30000,0x000000001a030000] [id=12836]
  0x000000001a1c1800 WatcherThread [stack: 0x000000001ae40000,0x000000001af40000] [id=15528]

VM state:synchronizing (normal execution)

VM Mutex/Monitor currently owned by a thread:  ([mutex/lock_event])
[0x00000000031cbd40] Threads_lock - owner thread: 0x0000000018259000

Heap:
 PSYoungGen      total 38400K, used 15586K [0x00000000d5e00000, 0x00000000d8880000, 0x0000000100000000)
  eden space 33280K, 46% used [0x00000000d5e00000,0x00000000d6d389e0,0x00000000d7e80000)
  from space 5120K, 0% used [0x00000000d8380000,0x00000000d8380000,0x00000000d8880000)
  to   space 5120K, 0% used [0x00000000d7e80000,0x00000000d7e80000,0x00000000d8380000)
 ParOldGen       total 87552K, used 0K [0x0000000081a00000, 0x0000000086f80000, 0x00000000d5e00000)
  object space 87552K, 0% used [0x0000000081a00000,0x0000000081a00000,0x0000000086f80000)
 Metaspace       used 13919K, capacity 14138K, committed 14208K, reserved 1060864K
  class space    used 1826K, capacity 1898K, committed 1920K, reserved 1048576K

Card table byte_map: [0x0000000012690000,0x0000000012a90000] byte_map_base: 0x0000000012283000

Marking Bits: (ParMarkBitMap*) 0x000000006e8d2f70
 Begin Bits: [0x0000000013540000, 0x00000000154d8000)
 End Bits:   [0x00000000154d8000, 0x0000000017470000)

Polling page: 0x0000000002e80000

CodeCache: size=245760Kb used=2933Kb max_used=2933Kb free=242826Kb
 bounds [0x00000000032d0000, 0x00000000035c0000, 0x00000000122d0000]
 total_blobs=1289 nmethods=806 adapters=396
 compilation: enabled

Compilation events (10 events):
Event: 18.349 Thread 0x000000001a1b8000 nmethod 811 0x00000000035ab7d0 code [0x00000000035aba80, 0x00000000035acd98]
Event: 18.349 Thread 0x000000001a1b8000  812       3       java.util.WeakHashMap::put (162 bytes)
Event: 18.350 Thread 0x000000001a1b8000 nmethod 812 0x00000000035ad2d0 code [0x00000000035ad500, 0x00000000035ae398]
Event: 18.350 Thread 0x000000001a1b8000  813       3       java.util.WeakHashMap$Entry::<init> (24 bytes)
Event: 18.351 Thread 0x000000001a1b8000 nmethod 813 0x00000000035a8810 code [0x00000000035a8980, 0x00000000035a8cb0]
Event: 18.352 Thread 0x000000001a1b8000  814       3       java.awt.image.DirectColorModel::getsRGBComponentFromsRGB (107 bytes)
Event: 18.352 Thread 0x000000001a1b8000 nmethod 814 0x00000000035aea50 code [0x00000000035aec20, 0x00000000035af030]
Event: 18.353 Thread 0x000000001a1b8000  815       3       java.awt.image.DirectColorModel::getRGB (105 bytes)
Event: 18.353 Thread 0x000000001a1b8000 nmethod 815 0x00000000035af2d0 code [0x00000000035af520, 0x00000000035afeb8]
Event: 18.353 Thread 0x000000001a1b8000  816       3       java.awt.image.DirectColorModel::getAlpha (54 bytes)

GC Heap History (0 events):
No events

Deoptimization events (10 events):
Event: 14.502 Thread 0x000000001a4e8800 Uncommon trap: reason=class_check action=maybe_recompile pc=0x000000000353f334 method=java.util.HashMap.putVal(ILjava/lang/Object;Ljava/lang/Object;ZZ)Ljava/lang/Object; @ 203
Event: 14.502 Thread 0x000000001a4e8800 Uncommon trap: reason=bimorphic action=maybe_recompile pc=0x000000000353f350 method=java.util.HashMap.putVal(ILjava/lang/Object;Ljava/lang/Object;ZZ)Ljava/lang/Object; @ 91
Event: 14.502 Thread 0x000000001a4e8800 Uncommon trap: reason=class_check action=maybe_recompile pc=0x000000000353f334 method=java.util.HashMap.putVal(ILjava/lang/Object;Ljava/lang/Object;ZZ)Ljava/lang/Object; @ 203
Event: 14.502 Thread 0x000000001a4e8800 Uncommon trap: reason=class_check action=maybe_recompile pc=0x000000000353f334 method=java.util.HashMap.putVal(ILjava/lang/Object;Ljava/lang/Object;ZZ)Ljava/lang/Object; @ 203
Event: 14.502 Thread 0x000000001a4e8800 Uncommon trap: reason=bimorphic action=maybe_recompile pc=0x000000000353f350 method=java.util.HashMap.putVal(ILjava/lang/Object;Ljava/lang/Object;ZZ)Ljava/lang/Object; @ 91
Event: 16.863 Thread 0x000000001a4ed800 Uncommon trap: reason=unstable_if action=reinterpret pc=0x000000000353af5c method=java.lang.reflect.Method.isDefault()Z @ 19
Event: 16.878 Thread 0x000000001a4ed800 Uncommon trap: reason=class_check action=maybe_recompile pc=0x0000000003480e28 method=java.lang.String.equals(Ljava/lang/Object;)Z @ 8
Event: 16.878 Thread 0x000000001a4ed800 Uncommon trap: reason=class_check action=maybe_recompile pc=0x0000000003480e28 method=java.lang.String.equals(Ljava/lang/Object;)Z @ 8
Event: 16.878 Thread 0x000000001a4ed800 Uncommon trap: reason=class_check action=maybe_recompile pc=0x0000000003480e28 method=java.lang.String.equals(Ljava/lang/Object;)Z @ 8
Event: 16.878 Thread 0x000000001a4ed800 Uncommon trap: reason=class_check action=maybe_recompile pc=0x0000000003480e28 method=java.lang.String.equals(Ljava/lang/Object;)Z @ 8

Internal exceptions (10 events):
Event: 10.907 Thread 0x000000001a4ed800 Exception <a 'java/lang/ClassNotFoundException': javax/swing/JComponentCustomizer> (0x00000000d67593b0) thrown at [C:\re\workspace\8-2-build-windows-amd64-cygwin\jdk8u91\6644\hotspot\src\share\vm\classfile\systemDictionary.cpp, line 210]
Event: 10.912 Thread 0x000000001a4ed800 Exception <a 'java/lang/ArrayIndexOutOfBoundsException'> (0x00000000d6774a08) thrown at [C:\re\workspace\8-2-build-windows-amd64-cygwin\jdk8u91\6644\hotspot\src\share\vm\runtime\sharedRuntime.cpp, line 605]
Event: 10.913 Thread 0x000000001a4ed800 Exception <a 'java/lang/ArrayIndexOutOfBoundsException'> (0x00000000d6784170) thrown at [C:\re\workspace\8-2-build-windows-amd64-cygwin\jdk8u91\6644\hotspot\src\share\vm\runtime\sharedRuntime.cpp, line 605]
Event: 10.919 Thread 0x000000001a4ed800 Exception <a 'java/lang/ClassNotFoundException': javax/swing/AbstractButtonCustomizer> (0x00000000d67eed40) thrown at [C:\re\workspace\8-2-build-windows-amd64-cygwin\jdk8u91\6644\hotspot\src\share\vm\classfile\systemDictionary.cpp, line 210]
Event: 10.927 Thread 0x000000001a4ed800 Exception <a 'java/lang/ClassNotFoundException': javax/swing/JMenuItemCustomizer> (0x00000000d685a4f0) thrown at [C:\re\workspace\8-2-build-windows-amd64-cygwin\jdk8u91\6644\hotspot\src\share\vm\classfile\systemDictionary.cpp, line 210]
Event: 10.932 Thread 0x000000001a4ed800 Exception <a 'java/lang/ClassNotFoundException': javax/swing/JMenuCustomizer> (0x00000000d6898870) thrown at [C:\re\workspace\8-2-build-windows-amd64-cygwin\jdk8u91\6644\hotspot\src\share\vm\classfile\systemDictionary.cpp, line 210]
Event: 10.962 Thread 0x000000001a4ed800 Exception <a 'java/lang/ClassNotFoundException': javax/swing/JButtonBeanInfo> (0x00000000d6907498) thrown at [C:\re\workspace\8-2-build-windows-amd64-cygwin\jdk8u91\6644\hotspot\src\share\vm\classfile\systemDictionary.cpp, line 210]
Event: 10.962 Thread 0x000000001a4ed800 Exception <a 'java/lang/ClassNotFoundException': javax/swing/JButtonCustomizer> (0x00000000d69088f0) thrown at [C:\re\workspace\8-2-build-windows-amd64-cygwin\jdk8u91\6644\hotspot\src\share\vm\classfile\systemDictionary.cpp, line 210]
Event: 12.881 Thread 0x000000001a4ed800 Implicit null exception at 0x00000000034f3a94 to 0x00000000034f3ded
Event: 12.881 Thread 0x000000001a4ed800 Implicit null exception at 0x00000000034dce56 to 0x00000000034dd185

Events (10 events):
Event: 18.351 loading class java/util/PriorityQueue done
Event: 18.351 loading class javax/swing/TimerQueue$1
Event: 18.351 loading class javax/swing/TimerQueue$1 done
Event: 18.351 Thread 0x000000001b6fa800 Thread added: 0x000000001b6fa800
Event: 18.351 loading class javax/swing/TimerQueue$DelayedTimer
Event: 18.351 loading class java/util/concurrent/Delayed
Event: 18.351 loading class java/util/concurrent/Delayed done
Event: 18.351 loading class javax/swing/TimerQueue$DelayedTimer done
Event: 18.353 Executing VM operation: RevokeBias
Event: 19.286 Executing VM operation: RevokeBias done


Dynamic libraries:
0x00007ff713fe0000 - 0x00007ff714017000 	C:\Program Files\Java\jdk1.8.0_91\bin\java.exe
0x00007ff96de80000 - 0x00007ff96e051000 	C:\WINDOWS\SYSTEM32\ntdll.dll
0x00007ff96d8a0000 - 0x00007ff96d94b000 	C:\WINDOWS\System32\KERNEL32.DLL
0x00007ff96a3d0000 - 0x00007ff96a5ed000 	C:\WINDOWS\System32\KERNELBASE.dll
0x00007ff96dd30000 - 0x00007ff96ddd2000 	C:\WINDOWS\System32\ADVAPI32.dll
0x00007ff96b9e0000 - 0x00007ff96ba7e000 	C:\WINDOWS\System32\msvcrt.dll
0x00007ff96b550000 - 0x00007ff96b5a9000 	C:\WINDOWS\System32\sechost.dll
0x00007ff96bb10000 - 0x00007ff96bc31000 	C:\WINDOWS\System32\RPCRT4.dll
0x00007ff96bd00000 - 0x00007ff96be65000 	C:\WINDOWS\System32\USER32.dll
0x00007ff96b3f0000 - 0x00007ff96b40e000 	C:\WINDOWS\System32\win32u.dll
0x00007ff96bcc0000 - 0x00007ff96bcf4000 	C:\WINDOWS\System32\GDI32.dll
0x00007ff96a6a0000 - 0x00007ff96a822000 	C:\WINDOWS\System32\gdi32full.dll
0x00007ff966ae0000 - 0x00007ff966d59000 	C:\WINDOWS\WinSxS\amd64_microsoft.windows.common-controls_6595b64144ccf1df_6.0.14393.0_none_2d0f50fcbdb171b8\COMCTL32.dll
0x00007ff96d960000 - 0x00007ff96dc27000 	C:\WINDOWS\System32\combase.dll
0x00007ff96af10000 - 0x00007ff96b005000 	C:\WINDOWS\System32\ucrtbase.dll
0x00007ff96b160000 - 0x00007ff96b1ca000 	C:\WINDOWS\System32\bcryptPrimitives.dll
0x00007ff96ba80000 - 0x00007ff96baae000 	C:\WINDOWS\System32\IMM32.DLL
0x000000006f550000 - 0x000000006f622000 	C:\Program Files\Java\jdk1.8.0_91\jre\bin\msvcr100.dll
0x000000006e0c0000 - 0x000000006e953000 	C:\Program Files\Java\jdk1.8.0_91\jre\bin\server\jvm.dll
0x00007ff96b4e0000 - 0x00007ff96b4e8000 	C:\WINDOWS\System32\PSAPI.DLL
0x00007ff9678a0000 - 0x00007ff9678a9000 	C:\WINDOWS\SYSTEM32\WSOCK32.dll
0x00007ff96bc50000 - 0x00007ff96bcba000 	C:\WINDOWS\System32\WS2_32.dll
0x00007ff968600000 - 0x00007ff968623000 	C:\WINDOWS\SYSTEM32\WINMM.dll
0x00007ff966ab0000 - 0x00007ff966aba000 	C:\WINDOWS\SYSTEM32\VERSION.dll
0x00007ff968300000 - 0x00007ff96832b000 	C:\WINDOWS\SYSTEM32\WINMMBASE.dll
0x00007ff96b1d0000 - 0x00007ff96b212000 	C:\WINDOWS\System32\cfgmgr32.dll
0x000000006f7c0000 - 0x000000006f7cf000 	C:\Program Files\Java\jdk1.8.0_91\jre\bin\verify.dll
0x000000006e090000 - 0x000000006e0b9000 	C:\Program Files\Java\jdk1.8.0_91\jre\bin\java.dll
0x000000006e070000 - 0x000000006e086000 	C:\Program Files\Java\jdk1.8.0_91\jre\bin\zip.dll
0x00007ff96c110000 - 0x00007ff96d618000 	C:\WINDOWS\System32\SHELL32.dll
0x00007ff96a830000 - 0x00007ff96af0a000 	C:\WINDOWS\System32\windows.storage.dll
0x00007ff96a2f0000 - 0x00007ff96a33c000 	C:\WINDOWS\System32\powrprof.dll
0x00007ff96b480000 - 0x00007ff96b4d2000 	C:\WINDOWS\System32\shlwapi.dll
0x00007ff96a2e0000 - 0x00007ff96a2ef000 	C:\WINDOWS\System32\kernel.appcore.dll
0x00007ff96b0b0000 - 0x00007ff96b159000 	C:\WINDOWS\System32\shcore.dll
0x00007ff96a350000 - 0x00007ff96a364000 	C:\WINDOWS\System32\profapi.dll
0x000000006de90000 - 0x000000006e028000 	C:\Program Files\Java\jdk1.8.0_91\jre\bin\awt.dll
0x00007ff96d620000 - 0x00007ff96d6df000 	C:\WINDOWS\System32\OLEAUT32.dll
0x00007ff96b010000 - 0x00007ff96b0ac000 	C:\WINDOWS\System32\msvcp_win.dll
0x00007ff968890000 - 0x00007ff96890a000 	C:\WINDOWS\SYSTEM32\apphelp.dll
0x00007ff968ad0000 - 0x00007ff968b65000 	C:\WINDOWS\system32\uxtheme.dll
0x00007ff96bfb0000 - 0x00007ff96c10b000 	C:\WINDOWS\System32\MSCTF.dll
0x00007ff967e30000 - 0x00007ff967e56000 	C:\WINDOWS\system32\dwmapi.dll
0x00007ff96be70000 - 0x00007ff96bfa7000 	C:\WINDOWS\System32\ole32.dll
0x000000006de40000 - 0x000000006de87000 	C:\Program Files\Java\jdk1.8.0_91\jre\bin\fontmanager.dll
0x000000006e050000 - 0x000000006e06a000 	C:\Program Files\Java\jdk1.8.0_91\jre\bin\net.dll
0x00007ff969950000 - 0x00007ff9699ac000 	C:\WINDOWS\system32\mswsock.dll
0x000000006e030000 - 0x000000006e041000 	C:\Program Files\Java\jdk1.8.0_91\jre\bin\nio.dll
0x00007ff96dde0000 - 0x00007ff96de7f000 	C:\WINDOWS\System32\clbcatq.dll
0x00007ff966150000 - 0x00007ff9662f8000 	C:\WINDOWS\SYSTEM32\WindowsCodecs.dll
0x00007ff95b4e0000 - 0x00007ff95b529000 	C:\WINDOWS\system32\dataexchange.dll
0x00007ff967b70000 - 0x00007ff967e26000 	C:\WINDOWS\system32\d3d11.dll
0x00007ff9681a0000 - 0x00007ff9682f1000 	C:\WINDOWS\system32\dcomp.dll
0x00007ff969270000 - 0x00007ff96930f000 	C:\WINDOWS\system32\dxgi.dll
0x00007ff968d10000 - 0x00007ff968e2c000 	C:\WINDOWS\system32\twinapi.appcore.dll
0x00007ff969fe0000 - 0x00007ff96a00b000 	C:\WINDOWS\system32\bcrypt.dll
0x000000006ddf0000 - 0x000000006de32000 	C:\Program Files\Java\jdk1.8.0_91\jre\bin\t2k.dll

VM Arguments:
java_command: C:\Users\Lucas\Documents\MaterialCodigoAprendizaje\2DAM\ProgramacionServiciosProcesos\Editor\dist\DocumentEditor.jar
java_class_path (initial): C:\Users\Lucas\Documents\MaterialCodigoAprendizaje\2DAM\ProgramacionServiciosProcesos\Editor\dist\DocumentEditor.jar
Launcher Type: SUN_STANDARD

Environment Variables:
PATH=C:\ProgramData\Oracle\Java\javapath;C:\Program Files (x86)\Intel\iCLS Client\;C:\Program Files\Intel\iCLS Client\;C:\Windows\system32;C:\Windows;C:\Windows\System32\Wbem;C:\Windows\System32\WindowsPowerShell\v1.0\;C:\Program Files (x86)\NVIDIA Corporation\PhysX\Common;C:\Program Files (x86)\Intel\Intel(R) Management Engine Components\DAL;C:\Program Files\Intel\Intel(R) Management Engine Components\DAL;C:\Program Files (x86)\Intel\Intel(R) Management Engine Components\IPT;C:\Program Files\Intel\Intel(R) Management Engine Components\IPT;C:\Program Files (x86)\Skype\Phone\;C:\Program Files\Git\cmd;C:\WINDOWS\system32;C:\WINDOWS;C:\WINDOWS\System32\Wbem;C:\WINDOWS\System32\WindowsPowerShell\v1.0\;C:\Users\Lucas\AppData\Local\atom\bin;%USERPROFILE%\AppData\Local\Microsoft\WindowsApps;
USERNAME=Lucas
OS=Windows_NT
PROCESSOR_IDENTIFIER=Intel64 Family 6 Model 94 Stepping 3, GenuineIntel



---------------  S Y S T E M  ---------------

OS: Windows 10.0 , 64 bit Build 14393 (10.0.14393.0)

CPU:total 8 (4 cores per cpu, 2 threads per core) family 6 model 94 stepping 3, cmov, cx8, fxsr, mmx, sse, sse2, sse3, ssse3, sse4.1, sse4.2, popcnt, avx, avx2, aes, clmul, erms, rtm, 3dnowpref, lzcnt, ht, tsc, tscinvbit, bmi1, bmi2, adx

Memory: 4k page, physical 8281880k(1537040k free), swap 33447704k(411676k free)

vm_info: Java HotSpot(TM) 64-Bit Server VM (25.91-b14) for windows-amd64 JRE (1.8.0_91-b14), built on Apr  1 2016 00:58:32 by "java_re" with MS VC++ 10.0 (VS2010)

time: Thu Oct 06 09:34:02 2016
elapsed time: 19 seconds (0d 0h 0m 19s)

