#
# There is insufficient memory for the Java Runtime Environment to continue.
# Native memory allocation (malloc) failed to allocate 50016 bytes for Chunk::new
# Possible reasons:
#   The system is out of physical RAM or swap space
#   In 32 bit mode, the process size limit was hit
# Possible solutions:
#   Reduce memory load on the system
#   Increase physical memory or swap space
#   Check if swap backing store is full
#   Use 64 bit Java on a 64 bit OS
#   Decrease Java heap size (-Xmx/-Xms)
#   Decrease number of Java threads
#   Decrease Java thread stack sizes (-Xss)
#   Set larger code cache with -XX:ReservedCodeCacheSize=
# This output file may be truncated or incomplete.
#
#  Out of Memory Error (allocation.cpp:390), pid=6684, tid=24800
#
# JRE version: Java(TM) SE Runtime Environment (8.0_91-b14) (build 1.8.0_91-b14)
# Java VM: Java HotSpot(TM) 64-Bit Server VM (25.91-b14 mixed mode windows-amd64 compressed oops)
# Failed to write core dump. Minidumps are not enabled by default on client versions of Windows
#

---------------  T H R E A D  ---------------

Current thread (0x0000000019828000):  JavaThread "C2 CompilerThread0" daemon [_thread_in_native, id=24800, stack(0x000000001a020000,0x000000001a120000)]

Stack: [0x000000001a020000,0x000000001a120000]
[error occurred during error reporting (printing stack bounds), id 0xc0000005]

Native frames: (J=compiled Java code, j=interpreted, Vv=VM code, C=native code)


Current CompileTask:
C2:   2759  249       4       java.lang.String::equals (81 bytes)


---------------  P R O C E S S  ---------------

Java Threads: ( => current thread )
  0x000000000289d800 JavaThread "DestroyJavaVM" [_thread_blocked, id=18172, stack(0x0000000002750000,0x0000000002850000)]
  0x0000000019841800 JavaThread "Service Thread" daemon [_thread_blocked, id=920, stack(0x000000001a420000,0x000000001a520000)]
  0x0000000019834000 JavaThread "C1 CompilerThread3" daemon [_thread_blocked, id=26584, stack(0x000000001a320000,0x000000001a420000)]
  0x000000001982d800 JavaThread "C2 CompilerThread2" daemon [_thread_blocked, id=30600, stack(0x000000001a220000,0x000000001a320000)]
  0x000000001982a000 JavaThread "C2 CompilerThread1" daemon [_thread_blocked, id=31556, stack(0x000000001a120000,0x000000001a220000)]
=>0x0000000019828000 JavaThread "C2 CompilerThread0" daemon [_thread_in_native, id=24800, stack(0x000000001a020000,0x000000001a120000)]
  0x0000000019825800 JavaThread "Attach Listener" daemon [_thread_blocked, id=30464, stack(0x0000000019f20000,0x000000001a020000)]
  0x0000000019824000 JavaThread "Signal Dispatcher" daemon [_thread_blocked, id=27596, stack(0x0000000019e20000,0x0000000019f20000)]
  0x0000000002997000 JavaThread "Finalizer" daemon [_thread_blocked, id=14168, stack(0x0000000019c00000,0x0000000019d00000)]
  0x000000001792d800 JavaThread "Reference Handler" daemon [_thread_blocked, id=7420, stack(0x0000000019700000,0x0000000019800000)]

Other Threads:
  0x0000000017929800 VMThread [stack: 0x0000000019600000,0x0000000019700000] [id=32176]
  0x00000000198ab000 WatcherThread [stack: 0x000000001a520000,0x000000001a620000] [id=12168]

VM state:not at safepoint (normal execution)

VM Mutex/Monitor currently owned by a thread: None

Heap:
 PSYoungGen      total 38400K, used 4009K [0x00000000d5e00000, 0x00000000d8880000, 0x0000000100000000)
  eden space 33280K, 12% used [0x00000000d5e00000,0x00000000d61ea470,0x00000000d7e80000)
  from space 5120K, 0% used [0x00000000d8380000,0x00000000d8380000,0x00000000d8880000)
  to   space 5120K, 0% used [0x00000000d7e80000,0x00000000d7e80000,0x00000000d8380000)
 ParOldGen       total 87552K, used 0K [0x0000000081a00000, 0x0000000086f80000, 0x00000000d5e00000)
  object space 87552K, 0% used [0x0000000081a00000,0x0000000081a00000,0x0000000086f80000)
 Metaspace       used 4814K, capacity 4926K, committed 4992K, reserved 1056768K
  class space    used 535K, capacity 599K, committed 640K, reserved 1048576K

Card table byte_map: [0x0000000011d60000,0x0000000012160000] byte_map_base: 0x0000000011953000

Marking Bits: (ParMarkBitMap*) 0x000000006e8d2f70
 Begin Bits: [0x0000000012c10000, 0x0000000014ba8000)
 End Bits:   [0x0000000014ba8000, 0x0000000016b40000)

Polling page: 0x0000000000eb0000

CodeCache: size=245760Kb used=1571Kb max_used=1571Kb free=244188Kb
 bounds [0x00000000029a0000, 0x0000000002c10000, 0x00000000119a0000]
 total_blobs=525 nmethods=265 adapters=173
 compilation: enabled

Compilation events (10 events):
Event: 1.926 Thread 0x0000000019834000  247       3       jdk.internal.org.objectweb.asm.Type::getDescriptor (18 bytes)
Event: 1.926 Thread 0x0000000019828000  249       4       java.lang.String::equals (81 bytes)
Event: 1.927 Thread 0x0000000019834000 nmethod 247 0x0000000002b1f690 code [0x0000000002b1f820, 0x0000000002b1fc78]
Event: 1.927 Thread 0x0000000019834000  248       3       java.lang.StringBuffer::<init> (7 bytes)
Event: 1.927 Thread 0x0000000019834000 nmethod 248 0x0000000002b1fe50 code [0x0000000002b1ffc0, 0x0000000002b20270]
Event: 1.927 Thread 0x0000000019834000  244       3       java.lang.invoke.MethodType$ConcurrentWeakInternSet$WeakEntry::equals (49 bytes)
Event: 1.927 Thread 0x0000000019834000 nmethod 244 0x0000000002b20390 code [0x0000000002b20520, 0x0000000002b20b88]
Event: 1.927 Thread 0x0000000019834000  245       3       java.lang.invoke.InvokerBytecodeGenerator::emitPushArgument (28 bytes)
Event: 1.928 Thread 0x0000000019834000 nmethod 245 0x0000000002b20c90 code [0x0000000002b20e20, 0x0000000002b21318]
Event: 1.928 Thread 0x0000000019834000  246       3       java.lang.invoke.InvokerBytecodeGenerator::emitPushArgument (120 bytes)

GC Heap History (0 events):
No events

Deoptimization events (0 events):
No events

Internal exceptions (9 events):
Event: 0.393 Thread 0x000000000289d800 Exception <a 'java/lang/NoSuchMethodError': Method sun.misc.Unsafe.defineClass(Ljava/lang/String;[BII)Ljava/lang/Class; name or signature does not match> (0x00000000d5e07cc0) thrown at [C:\re\workspace\8-2-build-windows-amd64-cygwin\jdk8u91\6644\hotspot\srT=ak!Ÿ?
Event: 0.393 Thread 0x000000000289d800 Exception <a 'java/lang/NoSuchMethodError': Method sun.misc.Unsafe.prefetchRead(Ljava/lang/Object;J)V name or signature does not match> (0x00000000d5e07fa8) thrown at [C:\re\workspace\8-2-build-windows-amd64-cygwin\jdk8u91\6644\hotspot\src\share\vm\prims\jêA∞‰ó?Í?
Event: 0.820 Thread 0x000000000289d800 Exception <a 'java/security/PrivilegedActionException'> (0x00000000d5f77fa0) thrown at [C:\re\workspace\8-2-build-windows-amd64-cygwin\jdk8u91\6644\hotspot\src\share\vm\prims\jvm.cpp, line 1386]
Event: 0.820 Thread 0x000000000289d800 Exception <a 'java/security/PrivilegedActionException'> (0x00000000d5f781b0) thrown at [C:\re\workspace\8-2-build-windows-amd64-cygwin\jdk8u91\6644\hotspot\src\share\vm\prims\jvm.cpp, line 1386]
Event: 0.821 Thread 0x000000000289d800 Exception <a 'java/security/PrivilegedActionException'> (0x00000000d5f7bff8) thrown at [C:\re\workspace\8-2-build-windows-amd64-cygwin\jdk8u91\6644\hotspot\src\share\vm\prims\jvm.cpp, line 1386]
Event: 0.821 Thread 0x000000000289d800 Exception <a 'java/security/PrivilegedActionException'> (0x00000000d5f7c208) thrown at [C:\re\workspace\8-2-build-windows-amd64-cygwin\jdk8u91\6644\hotspot\src\share\vm\prims\jvm.cpp, line 1386]
Event: 1.500 Thread 0x000000000289d800 Exception <a 'java/io/FileNotFoundException'> (0x00000000d5f7f148) thrown at [C:\re\workspace\8-2-build-windows-amd64-cygwin\jdk8u91\6644\hotspot\src\share\vm\prims\jni.cpp, line 709]
Event: 1.774 Thread 0x000000000289d800 Exception <a 'java/lang/NoSuchFieldError': method resolution failed> (0x00000000d604cdb0) thrown at [C:\re\workspace\8-2-build-windows-amd64-cygwin\jdk8u91\6644\hotspot\src\share\vm\prims\methodHandles.cpp, line 1146]
Event: 1.777 Thread 0x000000000289d800 Exception <a 'java/lang/NoSuchFieldError': method resolution failed> (0x00000000d605a180) thrown at [C:\re\workspace\8-2-build-windows-amd64-cygwin\jdk8u91\6644\hotspot\src\share\vm\prims\methodHandles.cpp, line 1146]

Events (10 events):
Event: 1.781 loading class java/lang/invoke/LambdaFormEditor$Transform$Kind done
Event: 1.781 loading class java/lang/invoke/LambdaFormEditor$Transform
Event: 1.781 loading class java/lang/invoke/LambdaFormEditor$Transform done
Event: 1.781 loading class java/lang/invoke/LambdaFormBuffer
Event: 1.781 loading class java/lang/invoke/LambdaFormBuffer done
Event: 1.787 loading class jdk/internal/org/objectweb/asm/FieldWriter
Event: 1.787 loading class jdk/internal/org/objectweb/asm/FieldVisitor
Event: 1.787 loading class jdk/internal/org/objectweb/asm/FieldVisitor done
Event: 1.787 loading class jdk/internal/org/objectweb/asm/FieldWriter done
Event: 1.928 loading class java/lang/invoke/InnerClassLambdaMetafactory


Dynamic libraries:
0x00007ff713fe0000 - 0x00007ff714017000 	C:\Program Files\Java\jdk1.8.0_91\bin\java.exe
0x00007ff96de80000 - 0x00007ff96e051000 	C:\WINDOWS\SYSTEM32\ntdll.dll
0x00007ff96d8a0000 - 0x00007ff96d94b000 	C:\WINDOWS\System32\KERNEL32.DLL
0x00007ff96a3d0000 - 0x00007ff96a5ed000 	C:\WINDOWS\System32\KERNELBASE.dll
0x00007ff96dd30000 - 0x00007ff96ddd2000 	C:\WINDOWS\System32\ADVAPI32.dll
0x00007ff96b9e0000 - 0x00007ff96ba7e000 	C:\WINDOWS\System32\msvcrt.dll
0x00007ff96b550000 - 0x00007ff96b5a9000 	C:\WINDOWS\System32\sechost.dll
0x00007ff96bb10000 - 0x00007ff96bc31000 	C:\WINDOWS\System32\RPCRT4.dll
0x00007ff96bd00000 - 0x00007ff96be65000 	C:\WINDOWS\System32\USER32.dll
0x00007ff96b3f0000 - 0x00007ff96b40e000 	C:\WINDOWS\System32\win32u.dll
0x00007ff96bcc0000 - 0x00007ff96bcf4000 	C:\WINDOWS\System32\GDI32.dll
0x00007ff96a6a0000 - 0x00007ff96a822000 	C:\WINDOWS\System32\gdi32full.dll
0x00007ff966ae0000 - 0x00007ff966d59000 	C:\WINDOWS\WinSxS\amd64_microsoft.windows.common-controls_6595b64144ccf1df_6.0.14393.0_none_2d0f50fcbdb171b8\COMCTL32.dll
0x00007ff96d960000 - 0x00007ff96dc27000 	C:\WINDOWS\System32\combase.dll
0x00007ff96af10000 - 0x00007ff96b005000 	C:\WINDOWS\System32\ucrtbase.dll
0x00007ff96b160000 - 0x00007ff96b1ca000 	C:\WINDOWS\System32\bcryptPrimitives.dll
0x00007ff96ba80000 - 0x00007ff96baae000 	C:\WINDOWS\System32\IMM32.DLL
0x000000006f550000 - 0x000000006f622000 	C:\Program Files\Java\jdk1.8.0_91\jre\bin\msvcr100.dll
0x000000006e0c0000 - 0x000000006e953000 	C:\Program Files\Java\jdk1.8.0_91\jre\bin\server\jvm.dll
0x00007ff96b4e0000 - 0x00007ff96b4e8000 	C:\WINDOWS\System32\PSAPI.DLL
0x00007ff9678a0000 - 0x00007ff9678a9000 	C:\WINDOWS\SYSTEM32\WSOCK32.dll
0x00007ff96bc50000 - 0x00007ff96bcba000 	C:\WINDOWS\System32\WS2_32.dll
0x00007ff968600000 - 0x00007ff968623000 	C:\WINDOWS\SYSTEM32\WINMM.dll
0x00007ff966ab0000 - 0x00007ff966aba000 	C:\WINDOWS\SYSTEM32\VERSION.dll
0x00007ff968300000 - 0x00007ff96832b000 	C:\WINDOWS\SYSTEM32\WINMMBASE.dll
0x00007ff96b1d0000 - 0x00007ff96b212000 	C:\WINDOWS\System32\cfgmgr32.dll
0x000000006f7c0000 - 0x000000006f7cf000 	C:\Program Files\Java\jdk1.8.0_91\jre\bin\verify.dll
0x000000006e090000 - 0x000000006e0b9000 	C:\Program Files\Java\jdk1.8.0_91\jre\bin\java.dll
0x000000006e070000 - 0x000000006e086000 	C:\Program Files\Java\jdk1.8.0_91\jre\bin\zip.dll
0x00007ff96c110000 - 0x00007ff96d618000 	C:\WINDOWS\System32\SHELL32.dll
0x00007ff96a830000 - 0x00007ff96af0a000 	C:\WINDOWS\System32\windows.storage.dll
0x00007ff96a2f0000 - 0x00007ff96a33c000 	C:\WINDOWS\System32\powrprof.dll
0x00007ff96b480000 - 0x00007ff96b4d2000 	C:\WINDOWS\System32\shlwapi.dll
0x00007ff96a2e0000 - 0x00007ff96a2ef000 	C:\WINDOWS\System32\kernel.appcore.dll
0x00007ff96b0b0000 - 0x00007ff96b159000 	C:\WINDOWS\System32\shcore.dll
0x00007ff96a350000 - 0x00007ff96a364000 	C:\WINDOWS\System32\profapi.dll
0x000000006de90000 - 0x000000006e028000 	C:\Program Files\Java\jdk1.8.0_91\jre\bin\awt.dll
0x00007ff96d620000 - 0x00007ff96d6df000 	C:\WINDOWS\System32\OLEAUT32.dll
0x00007ff96b010000 - 0x00007ff96b0ac000 	C:\WINDOWS\System32\msvcp_win.dll
0x00007ff968890000 - 0x00007ff96890a000 	C:\WINDOWS\SYSTEM32\apphelp.dll

VM Arguments:
java_command: C:\Users\Lucas\Documents\MaterialCodigoAprendizaje\2DAM\ProgramacionServiciosProcesos\Editor\dist\DocumentEditor.jar
java_class_path (initial): C:\Users\Lucas\Documents\MaterialCodigoAprendizaje\2DAM\ProgramacionServiciosProcesos\Editor\dist\DocumentEditor.jar
Launcher Type: SUN_STANDARD

Environment Variables:
PATH=C:\ProgramData\Oracle\Java\javapath;C:\Program Files (x86)\Intel\iCLS Client\;C:\Program Files\Intel\iCLS Client\;C:\Windows\system32;C:\Windows;C:\Windows\System32\Wbem;C:\Windows\System32\WindowsPowerShell\v1.0\;C:\Program Files (x86)\NVIDIA Corporation\PhysX\Common;C:\Program Files (x86)\Intel\Intel(R) Management Engine Components\DAL;C:\Program Files\Intel\Intel(R) Management Engine Components\DAL;C:\Program Files (x86)\Intel\Intel(R) Management Engine Components\IPT;C:\Program Files\Intel\Intel(R) Management Engine Components\IPT;C:\Program Files (x86)\Skype\Phone\;C:\Program Files\Git\cmd;C:\WINDOWS\system32;C:\WINDOWS;C:\WINDOWS\System32\Wbem;C:\WINDOWS\System32\WindowsPowerShell\v1.0\;C:\Users\Lucas\AppData\Local\atom\bin;%USERPROFILE%\AppData\Local\Microsoft\WindowsApps;
USERNAME=Lucas
OS=Windows_NT
PROCESSOR_IDENTIFIER=Intel64 Family 6 Model 94 Stepping 3, GenuineIntel



---------------  S Y S T E M  ---------------

OS: Windows 10.0 , 64 bit Build 14393 (10.0.14393.0)

CPU:total 8 (4 cores per cpu, 2 threads per core) family 6 model 94 stepping 3, cmov, cx8, fxsr, mmx, sse, sse2, sse3, ssse3, sse4.1, sse4.2, popcnt, avx, avx2, aes, clmul, erms, rtm, 3dnowpref, lzcnt, ht, tsc, tscinvbit, bmi1, bmi2, adx

Memory: 4k page, physical 8281880k(1013616k free), swap 33447704k(64204k free)

vm_info: Java HotSpot(TM) 64-Bit Server VM (25.91-b14) for windows-amd64 JRE (1.8.0_91-b14), built on Apr  1 2016 00:58:32 by "java_re" with MS VC++ 10.0 (VS2010)

time: Thu Oct 06 09:34:14 2016
elapsed time: 2 seconds (0d 0h 0m 2s)

