#
# There is insufficient memory for the Java Runtime Environment to continue.
# Native memory allocation (malloc) failed to allocate 32744 bytes for ChunkPool::allocate
# Possible reasons:
#   The system is out of physical RAM or swap space
#   In 32 bit mode, the process size limit was hit
# Possible solutions:
#   Reduce memory load on the system
#   Increase physical memory or swap space
#   Check if swap backing store is full
#   Use 64 bit Java on a 64 bit OS
#   Decrease Java heap size (-Xmx/-Xms)
#   Decrease number of Java threads
#   Decrease Java thread stack sizes (-Xss)
#   Set larger code cache with -XX:ReservedCodeCacheSize=
# This output file may be truncated or incomplete.
#
#  Out of Memory Error (allocation.cpp:273), pid=32612, tid=31088
#
# JRE version: Java(TM) SE Runtime Environment (8.0_91-b14) (build 1.8.0_91-b14)
# Java VM: Java HotSpot(TM) 64-Bit Server VM (25.91-b14 mixed mode windows-amd64 compressed oops)
# Failed to write core dump. Minidumps are not enabled by default on client versions of Windows
#

---------------  T H R E A D  ---------------

Current thread (0x00000000198d8000):  JavaThread "C2 CompilerThread1" daemon [_thread_in_native, id=31088, stack(0x000000001a170000,0x000000001a270000)]

Stack: [0x000000001a170000,0x000000001a270000]
[error occurred during error reporting (printing stack bounds), id 0xc0000005]

Native frames: (J=compiled Java code, j=interpreted, Vv=VM code, C=native code)


Current CompileTask:
C2:  16329  913       4       java.util.HashMap::putVal (300 bytes)


---------------  P R O C E S S  ---------------

Java Threads: ( => current thread )
  0x000000001ad15800 JavaThread "TimerQueue" daemon [_thread_blocked, id=27208, stack(0x000000001cad0000,0x000000001cbd0000)]
  0x000000001ac18000 JavaThread "SwingWorker-pool-1356602904-thread-1" [_thread_blocked, id=10388, stack(0x000000001c470000,0x000000001c570000)]
  0x0000000019a63800 JavaThread "Image Fetcher 0" daemon [_thread_blocked, id=15064, stack(0x000000001b970000,0x000000001ba70000)]
  0x0000000002910800 JavaThread "DestroyJavaVM" [_thread_blocked, id=29448, stack(0x0000000002810000,0x0000000002910000)]
  0x0000000019c04000 JavaThread "AWT-EventQueue-0" [_thread_blocked, id=28140, stack(0x000000001b630000,0x000000001b730000)]
  0x0000000019bfd800 JavaThread "AWT-Windows" daemon [_thread_in_native, id=18120, stack(0x000000001b460000,0x000000001b560000)]
  0x0000000019c13800 JavaThread "AWT-Shutdown" [_thread_blocked, id=27568, stack(0x000000001b360000,0x000000001b460000)]
  0x000000001aaa3000 JavaThread "Java2D Disposer" daemon [_thread_blocked, id=5932, stack(0x000000001b260000,0x000000001b360000)]
  0x00000000198fd800 JavaThread "Service Thread" daemon [_thread_blocked, id=11528, stack(0x000000001a470000,0x000000001a570000)]
  0x00000000198e5800 JavaThread "C1 CompilerThread3" daemon [_thread_blocked, id=23672, stack(0x000000001a370000,0x000000001a470000)]
  0x00000000198e8800 JavaThread "C2 CompilerThread2" daemon [_thread_in_native, id=9308, stack(0x000000001a270000,0x000000001a370000)]
=>0x00000000198d8000 JavaThread "C2 CompilerThread1" daemon [_thread_in_native, id=31088, stack(0x000000001a170000,0x000000001a270000)]
  0x0000000019889000 JavaThread "C2 CompilerThread0" daemon [_thread_blocked, id=12576, stack(0x000000001a070000,0x000000001a170000)]
  0x0000000019886800 JavaThread "Attach Listener" daemon [_thread_blocked, id=216, stack(0x0000000019f70000,0x000000001a070000)]
  0x0000000019885000 JavaThread "Signal Dispatcher" daemon [_thread_blocked, id=29728, stack(0x0000000019e70000,0x0000000019f70000)]
  0x0000000019880800 JavaThread "Finalizer" daemon [_thread_blocked, id=25656, stack(0x0000000019c60000,0x0000000019d60000)]
  0x000000001799d800 JavaThread "Reference Handler" daemon [_thread_blocked, id=22724, stack(0x0000000019760000,0x0000000019860000)]

Other Threads:
  0x0000000017999000 VMThread [stack: 0x0000000019660000,0x0000000019760000] [id=21148]
  0x00000000198f8000 WatcherThread [stack: 0x000000001a570000,0x000000001a670000] [id=25692]

VM state:not at safepoint (normal execution)

VM Mutex/Monitor currently owned by a thread: None

Heap:
 PSYoungGen      total 38400K, used 11390K [0x00000000d5e00000, 0x00000000d8880000, 0x0000000100000000)
  eden space 33280K, 34% used [0x00000000d5e00000,0x00000000d691f8b0,0x00000000d7e80000)
  from space 5120K, 0% used [0x00000000d8380000,0x00000000d8380000,0x00000000d8880000)
  to   space 5120K, 0% used [0x00000000d7e80000,0x00000000d7e80000,0x00000000d8380000)
 ParOldGen       total 89600K, used 2765K [0x0000000081a00000, 0x0000000087180000, 0x00000000d5e00000)
  object space 89600K, 3% used [0x0000000081a00000,0x0000000081cb35a0,0x0000000087180000)
 Metaspace       used 14388K, capacity 14559K, committed 14848K, reserved 1069056K
  class space    used 1872K, capacity 1931K, committed 2048K, reserved 1048576K

Card table byte_map: [0x0000000011dd0000,0x00000000121d0000] byte_map_base: 0x00000000119c3000

Marking Bits: (ParMarkBitMap*) 0x000000006e8d2f70
 Begin Bits: [0x0000000012c80000, 0x0000000014c18000)
 End Bits:   [0x0000000014c18000, 0x0000000016bb0000)

Polling page: 0x0000000000bc0000

CodeCache: size=245760Kb used=3169Kb max_used=3189Kb free=242590Kb
 bounds [0x0000000002a10000, 0x0000000002d40000, 0x0000000011a10000]
 total_blobs=1388 nmethods=895 adapters=404
 compilation: enabled

Compilation events (10 events):
Event: 15.069 Thread 0x00000000198d8000  913       4       java.util.HashMap::putVal (300 bytes)
Event: 15.069 Thread 0x0000000019889000  914       4       java.util.HashMap::put (13 bytes)
Event: 15.070 Thread 0x00000000198e5800 nmethod 906 0x0000000002d04310 code [0x0000000002d04660, 0x0000000002d061d8]
Event: 15.070 Thread 0x00000000198e5800  915       3       java.util.HashMap::get (23 bytes)
Event: 15.070 Thread 0x00000000198e5800 nmethod 915 0x0000000002d06f90 code [0x0000000002d07120, 0x0000000002d07518]
Event: 15.070 Thread 0x00000000198e5800  907       3       java.awt.datatransfer.DataFlavor::isRepresentationClassCharBuffer (10 bytes)
Event: 15.070 Thread 0x00000000198e5800 nmethod 907 0x0000000002d07690 code [0x0000000002d07800, 0x0000000002d07a08]
Event: 15.070 Thread 0x00000000198e5800  909       3       java.util.HashMap::tableSizeFor (59 bytes)
Event: 15.071 Thread 0x00000000198e5800 nmethod 909 0x0000000002d07a90 code [0x0000000002d07c00, 0x0000000002d07e10]
Event: 15.071 Thread 0x00000000198e5800  910       3       java.util.HashMap::<init> (98 bytes)

GC Heap History (8 events):
Event: 9.241 GC heap before
{Heap before GC invocations=1 (full 0):
 PSYoungGen      total 38400K, used 8668K [0x00000000d5e00000, 0x00000000d8880000, 0x0000000100000000)
  eden space 33280K, 26% used [0x00000000d5e00000,0x00000000d66770a8,0x00000000d7e80000)
  from space 5120K, 0% used [0x00000000d8380000,0x00000000d8380000,0x00000000d8880000)
  to   space 5120K, 0% used [0x00000000d7e80000,0x00000000d7e80000,0x00000000d8380000)
 ParOldGen       total 87552K, used 0K [0x0000000081a00000, 0x0000000086f80000, 0x00000000d5e00000)
  object space 87552K, 0% used [0x0000000081a00000,0x0000000081a00000,0x0000000086f80000)
 Metaspace       used 11037K, capacity 11202K, committed 11264K, reserved 1062912K
  class space    used 1414K, capacity 1478K, committed 1536K, reserved 1048576K
Event: 9.322 GC heap after
Heap after GC invocations=1 (full 0):
 PSYoungGen      total 38400K, used 1808K [0x00000000d5e00000, 0x00000000d8880000, 0x0000000100000000)
  eden space 33280K, 0% used [0x00000000d5e00000,0x00000000d5e00000,0x00000000d7e80000)
  from space 5120K, 35% used [0x00000000d7e80000,0x00000000d8044010,0x00000000d8380000)
  to   space 5120K, 0% used [0x00000000d8380000,0x00000000d8380000,0x00000000d8880000)
 ParOldGen       total 87552K, used 16K [0x0000000081a00000, 0x0000000086f80000, 0x00000000d5e00000)
  object space 87552K, 0% used [0x0000000081a00000,0x0000000081a04000,0x0000000086f80000)
 Metaspace       used 11037K, capacity 11202K, committed 11264K, reserved 1062912K
  class space    used 1414K, capacity 1478K, committed 1536K, reserved 1048576K
}
Event: 9.322 GC heap before
{Heap before GC invocations=2 (full 1):
 PSYoungGen      total 38400K, used 1808K [0x00000000d5e00000, 0x00000000d8880000, 0x0000000100000000)
  eden space 33280K, 0% used [0x00000000d5e00000,0x00000000d5e00000,0x00000000d7e80000)
  from space 5120K, 35% used [0x00000000d7e80000,0x00000000d8044010,0x00000000d8380000)
  to   space 5120K, 0% used [0x00000000d8380000,0x00000000d8380000,0x00000000d8880000)
 ParOldGen       total 87552K, used 16K [0x0000000081a00000, 0x0000000086f80000, 0x00000000d5e00000)
  object space 87552K, 0% used [0x0000000081a00000,0x0000000081a04000,0x0000000086f80000)
 Metaspace       used 11037K, capacity 11202K, committed 11264K, reserved 1062912K
  class space    used 1414K, capacity 1478K, committed 1536K, reserved 1048576K
Event: 9.480 GC heap after
Heap after GC invocations=2 (full 1):
 PSYoungGen      total 38400K, used 0K [0x00000000d5e00000, 0x00000000d8880000, 0x0000000100000000)
  eden space 33280K, 0% used [0x00000000d5e00000,0x00000000d5e00000,0x00000000d7e80000)
  from space 5120K, 0% used [0x00000000d7e80000,0x00000000d7e80000,0x00000000d8380000)
  to   space 5120K, 0% used [0x00000000d8380000,0x00000000d8380000,0x00000000d8880000)
 ParOldGen       total 57344K, used 1663K [0x0000000081a00000, 0x0000000085200000, 0x00000000d5e00000)
  object space 57344K, 2% used [0x0000000081a00000,0x0000000081b9fd08,0x0000000085200000)
 Metaspace       used 11037K, capacity 11202K, committed 11264K, reserved 1060864K
  class space    used 1414K, capacity 1478K, committed 1536K, reserved 1048576K
}
Event: 12.730 GC heap before
{Heap before GC invocations=3 (full 1):
 PSYoungGen      total 38400K, used 7995K [0x00000000d5e00000, 0x00000000d8880000, 0x0000000100000000)
  eden space 33280K, 24% used [0x00000000d5e00000,0x00000000d65cef20,0x00000000d7e80000)
  from space 5120K, 0% used [0x00000000d7e80000,0x00000000d7e80000,0x00000000d8380000)
  to   space 5120K, 0% used [0x00000000d8380000,0x00000000d8380000,0x00000000d8880000)
 ParOldGen       total 57344K, used 1663K [0x0000000081a00000, 0x0000000085200000, 0x00000000d5e00000)
  object space 57344K, 2% used [0x0000000081a00000,0x0000000081b9fd08,0x0000000085200000)
 Metaspace       used 13688K, capacity 13850K, committed 13952K, reserved 1067008K
  class space    used 1795K, capacity 1866K, committed 1920K, reserved 1048576K
Event: 12.871 GC heap after
Heap after GC invocations=3 (full 1):
 PSYoungGen      total 38400K, used 1136K [0x00000000d5e00000, 0x00000000d8880000, 0x0000000100000000)
  eden space 33280K, 0% used [0x00000000d5e00000,0x00000000d5e00000,0x00000000d7e80000)
  from space 5120K, 22% used [0x00000000d8380000,0x00000000d849c010,0x00000000d8880000)
  to   space 5120K, 0% used [0x00000000d7e80000,0x00000000d7e80000,0x00000000d8380000)
 ParOldGen       total 57344K, used 1735K [0x0000000081a00000, 0x0000000085200000, 0x00000000d5e00000)
  object space 57344K, 3% used [0x0000000081a00000,0x0000000081bb1d18,0x0000000085200000)
 Metaspace       used 13688K, capacity 13850K, committed 13952K, reserved 1067008K
  class space    used 1795K, capacity 1866K, committed 1920K, reserved 1048576K
}
Event: 12.871 GC heap before
{Heap before GC invocations=4 (full 2):
 PSYoungGen      total 38400K, used 1136K [0x00000000d5e00000, 0x00000000d8880000, 0x0000000100000000)
  eden space 33280K, 0% used [0x00000000d5e00000,0x00000000d5e00000,0x00000000d7e80000)
  from space 5120K, 22% used [0x00000000d8380000,0x00000000d849c010,0x00000000d8880000)
  to   space 5120K, 0% used [0x00000000d7e80000,0x00000000d7e80000,0x00000000d8380000)
 ParOldGen       total 57344K, used 1735K [0x0000000081a00000, 0x0000000085200000, 0x00000000d5e00000)
  object space 57344K, 3% used [0x0000000081a00000,0x0000000081bb1d18,0x0000000085200000)
 Metaspace       used 13688K, capacity 13850K, committed 13952K, reserved 1067008K
  class space    used 1795K, capacity 1866K, committed 1920K, reserved 1048576K
Event: 13.035 GC heap after
Heap after GC invocations=4 (full 2):
 PSYoungGen      total 38400K, used 0K [0x00000000d5e00000, 0x00000000d8880000, 0x0000000100000000)
  eden space 33280K, 0% used [0x00000000d5e00000,0x00000000d5e00000,0x00000000d7e80000)
  from space 5120K, 0% used [0x00000000d8380000,0x00000000d8380000,0x00000000d8880000)
  to   space 5120K, 0% used [0x00000000d7e80000,0x00000000d7e80000,0x00000000d8380000)
 ParOldGen       total 89600K, used 2765K [0x0000000081a00000, 0x0000000087180000, 0x00000000d5e00000)
  object space 89600K, 3% used [0x0000000081a00000,0x0000000081cb35a0,0x0000000087180000)
 Metaspace       used 13688K, capacity 13850K, committed 13952K, reserved 1064960K
  class space    used 1795K, capacity 1866K, committed 1920K, reserved 1048576K
}

Deoptimization events (10 events):
Event: 10.764 Thread 0x0000000019bfd800 Uncommon trap: reason=bimorphic action=maybe_recompile pc=0x0000000002c90550 method=java.util.HashMap.putVal(ILjava/lang/Object;Ljava/lang/Object;ZZ)Ljava/lang/Object; @ 91
Event: 12.334 Thread 0x0000000019c04000 Uncommon trap: reason=unstable_if action=reinterpret pc=0x0000000002c76f68 method=java.lang.reflect.Method.isDefault()Z @ 19
Event: 12.668 Thread 0x0000000019c04000 Uncommon trap: reason=class_check action=maybe_recompile pc=0x0000000002b96428 method=java.lang.String.equals(Ljava/lang/Object;)Z @ 8
Event: 12.668 Thread 0x0000000019c04000 Uncommon trap: reason=class_check action=maybe_recompile pc=0x0000000002b96428 method=java.lang.String.equals(Ljava/lang/Object;)Z @ 8
Event: 12.668 Thread 0x0000000019c04000 Uncommon trap: reason=class_check action=maybe_recompile pc=0x0000000002b96428 method=java.lang.String.equals(Ljava/lang/Object;)Z @ 8
Event: 12.668 Thread 0x0000000019c04000 Uncommon trap: reason=class_check action=maybe_recompile pc=0x0000000002b96428 method=java.lang.String.equals(Ljava/lang/Object;)Z @ 8
Event: 15.066 Thread 0x0000000019c04000 Uncommon trap: reason=bimorphic action=maybe_recompile pc=0x0000000002c90550 method=java.util.HashMap.putVal(ILjava/lang/Object;Ljava/lang/Object;ZZ)Ljava/lang/Object; @ 91
Event: 15.069 Thread 0x0000000019c04000 Uncommon trap: reason=bimorphic action=maybe_recompile pc=0x0000000002c90550 method=java.util.HashMap.putVal(ILjava/lang/Object;Ljava/lang/Object;ZZ)Ljava/lang/Object; @ 91
Event: 15.069 Thread 0x0000000019c04000 Uncommon trap: reason=unstable_if action=reinterpret pc=0x0000000002c35068 method=java.util.HashMap.getNode(ILjava/lang/Object;)Ljava/util/HashMap$Node; @ 129
Event: 15.069 Thread 0x0000000019c04000 Uncommon trap: reason=bimorphic action=maybe_recompile pc=0x0000000002c8d0f8 method=java.util.HashMap.putVal(ILjava/lang/Object;Ljava/lang/Object;ZZ)Ljava/lang/Object; @ 91

Internal exceptions (10 events):
Event: 9.931 Thread 0x0000000019c04000 Exception <a 'java/lang/ClassNotFoundException': javax/swing/JComponentCustomizer> (0x00000000d6041f78) thrown at [C:\re\workspace\8-2-build-windows-amd64-cygwin\jdk8u91\6644\hotspot\src\share\vm\classfile\systemDictionary.cpp, line 210]
Event: 9.936 Thread 0x0000000019c04000 Exception <a 'java/lang/ArrayIndexOutOfBoundsException'> (0x00000000d605d678) thrown at [C:\re\workspace\8-2-build-windows-amd64-cygwin\jdk8u91\6644\hotspot\src\share\vm\runtime\sharedRuntime.cpp, line 605]
Event: 9.936 Thread 0x0000000019c04000 Exception <a 'java/lang/ArrayIndexOutOfBoundsException'> (0x00000000d606cde0) thrown at [C:\re\workspace\8-2-build-windows-amd64-cygwin\jdk8u91\6644\hotspot\src\share\vm\runtime\sharedRuntime.cpp, line 605]
Event: 9.942 Thread 0x0000000019c04000 Exception <a 'java/lang/ClassNotFoundException': javax/swing/AbstractButtonCustomizer> (0x00000000d60d79a8) thrown at [C:\re\workspace\8-2-build-windows-amd64-cygwin\jdk8u91\6644\hotspot\src\share\vm\classfile\systemDictionary.cpp, line 210]
Event: 9.950 Thread 0x0000000019c04000 Exception <a 'java/lang/ClassNotFoundException': javax/swing/JMenuItemCustomizer> (0x00000000d6143208) thrown at [C:\re\workspace\8-2-build-windows-amd64-cygwin\jdk8u91\6644\hotspot\src\share\vm\classfile\systemDictionary.cpp, line 210]
Event: 9.954 Thread 0x0000000019c04000 Exception <a 'java/lang/ClassNotFoundException': javax/swing/JMenuCustomizer> (0x00000000d6181618) thrown at [C:\re\workspace\8-2-build-windows-amd64-cygwin\jdk8u91\6644\hotspot\src\share\vm\classfile\systemDictionary.cpp, line 210]
Event: 10.574 Thread 0x0000000019c04000 Exception <a 'java/lang/ClassNotFoundException': javax/swing/JButtonBeanInfo> (0x00000000d61f02e8) thrown at [C:\re\workspace\8-2-build-windows-amd64-cygwin\jdk8u91\6644\hotspot\src\share\vm\classfile\systemDictionary.cpp, line 210]
Event: 10.574 Thread 0x0000000019c04000 Exception <a 'java/lang/ClassNotFoundException': javax/swing/JButtonCustomizer> (0x00000000d61f1740) thrown at [C:\re\workspace\8-2-build-windows-amd64-cygwin\jdk8u91\6644\hotspot\src\share\vm\classfile\systemDictionary.cpp, line 210]
Event: 10.651 Thread 0x0000000019c04000 Implicit null exception at 0x0000000002c2b596 to 0x0000000002c2b8d5
Event: 10.652 Thread 0x0000000019c04000 Implicit null exception at 0x0000000002c19f16 to 0x0000000002c1a245

Events (10 events):
Event: 15.066 Thread 0x0000000019c04000 DEOPT UNPACKING pc=0x0000000002a5582a sp=0x000000001b72cc98 mode 2
Event: 15.069 Thread 0x0000000019c04000 Uncommon trap: trap_request=0xffffffc6 fr.pc=0x0000000002c90550
Event: 15.069 Thread 0x0000000019c04000 DEOPT PACKING pc=0x0000000002c90550 sp=0x000000001b72cd40
Event: 15.069 Thread 0x0000000019c04000 DEOPT UNPACKING pc=0x0000000002a5582a sp=0x000000001b72cc50 mode 2
Event: 15.069 Thread 0x0000000019c04000 Uncommon trap: trap_request=0xffffff65 fr.pc=0x0000000002c35068
Event: 15.069 Thread 0x0000000019c04000 DEOPT PACKING pc=0x0000000002c35068 sp=0x000000001b72cdb0
Event: 15.069 Thread 0x0000000019c04000 DEOPT UNPACKING pc=0x0000000002a5582a sp=0x000000001b72ccd0 mode 2
Event: 15.069 Thread 0x0000000019c04000 Uncommon trap: trap_request=0xffffffc6 fr.pc=0x0000000002c8d0f8
Event: 15.069 Thread 0x0000000019c04000 DEOPT PACKING pc=0x0000000002c8d0f8 sp=0x000000001b72ccf0
Event: 15.069 Thread 0x0000000019c04000 DEOPT UNPACKING pc=0x0000000002a5582a sp=0x000000001b72cc98 mode 2


Dynamic libraries:
0x00007ff713fe0000 - 0x00007ff714017000 	C:\Program Files\Java\jdk1.8.0_91\bin\java.exe
0x00007ff96de80000 - 0x00007ff96e051000 	C:\WINDOWS\SYSTEM32\ntdll.dll
0x00007ff96d8a0000 - 0x00007ff96d94b000 	C:\WINDOWS\System32\KERNEL32.DLL
0x00007ff96a3d0000 - 0x00007ff96a5ed000 	C:\WINDOWS\System32\KERNELBASE.dll
0x00007ff96dd30000 - 0x00007ff96ddd2000 	C:\WINDOWS\System32\ADVAPI32.dll
0x00007ff96b9e0000 - 0x00007ff96ba7e000 	C:\WINDOWS\System32\msvcrt.dll
0x00007ff96b550000 - 0x00007ff96b5a9000 	C:\WINDOWS\System32\sechost.dll
0x00007ff96bb10000 - 0x00007ff96bc31000 	C:\WINDOWS\System32\RPCRT4.dll
0x00007ff96bd00000 - 0x00007ff96be65000 	C:\WINDOWS\System32\USER32.dll
0x00007ff96b3f0000 - 0x00007ff96b40e000 	C:\WINDOWS\System32\win32u.dll
0x00007ff96bcc0000 - 0x00007ff96bcf4000 	C:\WINDOWS\System32\GDI32.dll
0x00007ff96a6a0000 - 0x00007ff96a822000 	C:\WINDOWS\System32\gdi32full.dll
0x00007ff966ae0000 - 0x00007ff966d59000 	C:\WINDOWS\WinSxS\amd64_microsoft.windows.common-controls_6595b64144ccf1df_6.0.14393.0_none_2d0f50fcbdb171b8\COMCTL32.dll
0x00007ff96d960000 - 0x00007ff96dc27000 	C:\WINDOWS\System32\combase.dll
0x00007ff96af10000 - 0x00007ff96b005000 	C:\WINDOWS\System32\ucrtbase.dll
0x00007ff96b160000 - 0x00007ff96b1ca000 	C:\WINDOWS\System32\bcryptPrimitives.dll
0x00007ff96ba80000 - 0x00007ff96baae000 	C:\WINDOWS\System32\IMM32.DLL
0x000000006f550000 - 0x000000006f622000 	C:\Program Files\Java\jdk1.8.0_91\jre\bin\msvcr100.dll
0x000000006e0c0000 - 0x000000006e953000 	C:\Program Files\Java\jdk1.8.0_91\jre\bin\server\jvm.dll
0x00007ff96b4e0000 - 0x00007ff96b4e8000 	C:\WINDOWS\System32\PSAPI.DLL
0x00007ff9678a0000 - 0x00007ff9678a9000 	C:\WINDOWS\SYSTEM32\WSOCK32.dll
0x00007ff96bc50000 - 0x00007ff96bcba000 	C:\WINDOWS\System32\WS2_32.dll
0x00007ff968600000 - 0x00007ff968623000 	C:\WINDOWS\SYSTEM32\WINMM.dll
0x00007ff966ab0000 - 0x00007ff966aba000 	C:\WINDOWS\SYSTEM32\VERSION.dll
0x00007ff968300000 - 0x00007ff96832b000 	C:\WINDOWS\SYSTEM32\WINMMBASE.dll
0x00007ff96b1d0000 - 0x00007ff96b212000 	C:\WINDOWS\System32\cfgmgr32.dll
0x000000006f7c0000 - 0x000000006f7cf000 	C:\Program Files\Java\jdk1.8.0_91\jre\bin\verify.dll
0x000000006e090000 - 0x000000006e0b9000 	C:\Program Files\Java\jdk1.8.0_91\jre\bin\java.dll
0x000000006e070000 - 0x000000006e086000 	C:\Program Files\Java\jdk1.8.0_91\jre\bin\zip.dll
0x00007ff96c110000 - 0x00007ff96d618000 	C:\WINDOWS\System32\SHELL32.dll
0x00007ff96a830000 - 0x00007ff96af0a000 	C:\WINDOWS\System32\windows.storage.dll
0x00007ff96a2f0000 - 0x00007ff96a33c000 	C:\WINDOWS\System32\powrprof.dll
0x00007ff96b480000 - 0x00007ff96b4d2000 	C:\WINDOWS\System32\shlwapi.dll
0x00007ff96a2e0000 - 0x00007ff96a2ef000 	C:\WINDOWS\System32\kernel.appcore.dll
0x00007ff96b0b0000 - 0x00007ff96b159000 	C:\WINDOWS\System32\shcore.dll
0x00007ff96a350000 - 0x00007ff96a364000 	C:\WINDOWS\System32\profapi.dll
0x000000006de90000 - 0x000000006e028000 	C:\Program Files\Java\jdk1.8.0_91\jre\bin\awt.dll
0x00007ff96d620000 - 0x00007ff96d6df000 	C:\WINDOWS\System32\OLEAUT32.dll
0x00007ff96b010000 - 0x00007ff96b0ac000 	C:\WINDOWS\System32\msvcp_win.dll
0x00007ff968890000 - 0x00007ff96890a000 	C:\WINDOWS\SYSTEM32\apphelp.dll
0x00007ff968ad0000 - 0x00007ff968b65000 	C:\WINDOWS\system32\uxtheme.dll
0x00007ff96bfb0000 - 0x00007ff96c10b000 	C:\WINDOWS\System32\MSCTF.dll
0x00007ff967e30000 - 0x00007ff967e56000 	C:\WINDOWS\system32\dwmapi.dll
0x00007ff96be70000 - 0x00007ff96bfa7000 	C:\WINDOWS\System32\ole32.dll
0x000000006de40000 - 0x000000006de87000 	C:\Program Files\Java\jdk1.8.0_91\jre\bin\fontmanager.dll
0x000000006e050000 - 0x000000006e06a000 	C:\Program Files\Java\jdk1.8.0_91\jre\bin\net.dll
0x00007ff969950000 - 0x00007ff9699ac000 	C:\WINDOWS\system32\mswsock.dll
0x000000006e030000 - 0x000000006e041000 	C:\Program Files\Java\jdk1.8.0_91\jre\bin\nio.dll
0x00007ff96dde0000 - 0x00007ff96de7f000 	C:\WINDOWS\System32\clbcatq.dll
0x00007ff966150000 - 0x00007ff9662f8000 	C:\WINDOWS\SYSTEM32\WindowsCodecs.dll
0x00007ff95b4e0000 - 0x00007ff95b529000 	C:\WINDOWS\system32\dataexchange.dll
0x00007ff967b70000 - 0x00007ff967e26000 	C:\WINDOWS\system32\d3d11.dll
0x00007ff9681a0000 - 0x00007ff9682f1000 	C:\WINDOWS\system32\dcomp.dll
0x00007ff969270000 - 0x00007ff96930f000 	C:\WINDOWS\system32\dxgi.dll
0x00007ff968d10000 - 0x00007ff968e2c000 	C:\WINDOWS\system32\twinapi.appcore.dll
0x00007ff969fe0000 - 0x00007ff96a00b000 	C:\WINDOWS\system32\bcrypt.dll
0x000000006ddf0000 - 0x000000006de32000 	C:\Program Files\Java\jdk1.8.0_91\jre\bin\t2k.dll

VM Arguments:
java_command: C:\Users\Lucas\Documents\MaterialCodigoAprendizaje\2DAM\ProgramacionServiciosProcesos\Editor\dist\DocumentEditor.jar
java_class_path (initial): C:\Users\Lucas\Documents\MaterialCodigoAprendizaje\2DAM\ProgramacionServiciosProcesos\Editor\dist\DocumentEditor.jar
Launcher Type: SUN_STANDARD

Environment Variables:
PATH=C:\ProgramData\Oracle\Java\javapath;C:\Program Files (x86)\Intel\iCLS Client\;C:\Program Files\Intel\iCLS Client\;C:\Windows\system32;C:\Windows;C:\Windows\System32\Wbem;C:\Windows\System32\WindowsPowerShell\v1.0\;C:\Program Files (x86)\NVIDIA Corporation\PhysX\Common;C:\Program Files (x86)\Intel\Intel(R) Management Engine Components\DAL;C:\Program Files\Intel\Intel(R) Management Engine Components\DAL;C:\Program Files (x86)\Intel\Intel(R) Management Engine Components\IPT;C:\Program Files\Intel\Intel(R) Management Engine Components\IPT;C:\Program Files (x86)\Skype\Phone\;C:\Program Files\Git\cmd;C:\WINDOWS\system32;C:\WINDOWS;C:\WINDOWS\System32\Wbem;C:\WINDOWS\System32\WindowsPowerShell\v1.0\;C:\Users\Lucas\AppData\Local\atom\bin;%USERPROFILE%\AppData\Local\Microsoft\WindowsApps;
USERNAME=Lucas
OS=Windows_NT
PROCESSOR_IDENTIFIER=Intel64 Family 6 Model 94 Stepping 3, GenuineIntel



---------------  S Y S T E M  ---------------

OS: Windows 10.0 , 64 bit Build 14393 (10.0.14393.0)

CPU:total 8 (4 cores per cpu, 2 threads per core) family 6 model 94 stepping 3, cmov, cx8, fxsr, mmx, sse, sse2, sse3, ssse3, sse4.1, sse4.2, popcnt, avx, avx2, aes, clmul, erms, rtm, 3dnowpref, lzcnt, ht, tsc, tscinvbit, bmi1, bmi2, adx

Memory: 4k page, physical 8281880k(1145084k free), swap 33447704k(2204568k free)

vm_info: Java HotSpot(TM) 64-Bit Server VM (25.91-b14) for windows-amd64 JRE (1.8.0_91-b14), built on Apr  1 2016 00:58:32 by "java_re" with MS VC++ 10.0 (VS2010)

time: Thu Oct 06 09:34:14 2016
elapsed time: 16 seconds (0d 0h 0m 16s)

