#
# There is insufficient memory for the Java Runtime Environment to continue.
# Native memory allocation (malloc) failed to allocate 32744 bytes for ChunkPool::allocate
# Possible reasons:
#   The system is out of physical RAM or swap space
#   In 32 bit mode, the process size limit was hit
# Possible solutions:
#   Reduce memory load on the system
#   Increase physical memory or swap space
#   Check if swap backing store is full
#   Use 64 bit Java on a 64 bit OS
#   Decrease Java heap size (-Xmx/-Xms)
#   Decrease number of Java threads
#   Decrease Java thread stack sizes (-Xss)
#   Set larger code cache with -XX:ReservedCodeCacheSize=
# This output file may be truncated or incomplete.
#
#  Out of Memory Error (allocation.cpp:273), pid=24712, tid=11116
#
# JRE version: Java(TM) SE Runtime Environment (8.0_91-b14) (build 1.8.0_91-b14)
# Java VM: Java HotSpot(TM) 64-Bit Server VM (25.91-b14 mixed mode windows-amd64 compressed oops)
# Failed to write core dump. Minidumps are not enabled by default on client versions of Windows
#

---------------  T H R E A D  ---------------

Current thread (0x0000000019874000):  JavaThread "C1 CompilerThread3" daemon [_thread_in_native, id=11116, stack(0x000000001a350000,0x000000001a450000)]

Stack: [0x000000001a350000,0x000000001a450000]
[error occurred during error reporting (printing stack bounds), id 0xc0000005]

Native frames: (J=compiled Java code, j=interpreted, Vv=VM code, C=native code)


Current CompileTask:
C1:  22130  739       3       javax.swing.UIDefaults$TextAndMnemonicHashMap::get (358 bytes)


---------------  P R O C E S S  ---------------

Java Threads: ( => current thread )
  0x000000001ad1a000 JavaThread "Image Fetcher 1" daemon [_thread_blocked, id=23352, stack(0x000000001ce60000,0x000000001cf60000)]
  0x0000000019acd800 JavaThread "TimerQueue" daemon [_thread_blocked, id=3548, stack(0x000000001cd60000,0x000000001ce60000)]
  0x00000000199a4800 JavaThread "Image Fetcher 0" daemon [_thread_blocked, id=17860, stack(0x000000001ca60000,0x000000001cb60000)]
  0x0000000019ac1000 JavaThread "SwingWorker-pool-1923643810-thread-1" [_thread_blocked, id=30756, stack(0x000000001c960000,0x000000001ca60000)]
  0x00000000028d0800 JavaThread "DestroyJavaVM" [_thread_blocked, id=13996, stack(0x0000000002620000,0x0000000002720000)]
  0x0000000019c3b800 JavaThread "AWT-EventQueue-0" [_thread_in_Java, id=6644, stack(0x000000001b610000,0x000000001b710000)]
  0x000000001ab0c000 JavaThread "AWT-Windows" daemon [_thread_in_native, id=20972, stack(0x000000001b440000,0x000000001b540000)]
  0x000000001ab05800 JavaThread "AWT-Shutdown" [_thread_blocked, id=8000, stack(0x000000001b340000,0x000000001b440000)]
  0x000000001ab04800 JavaThread "Java2D Disposer" daemon [_thread_blocked, id=17916, stack(0x000000001b240000,0x000000001b340000)]
  0x0000000019881800 JavaThread "Service Thread" daemon [_thread_blocked, id=10572, stack(0x000000001a450000,0x000000001a550000)]
=>0x0000000019874000 JavaThread "C1 CompilerThread3" daemon [_thread_in_native, id=11116, stack(0x000000001a350000,0x000000001a450000)]
  0x000000001986d800 JavaThread "C2 CompilerThread2" daemon [_thread_in_native, id=17124, stack(0x000000001a250000,0x000000001a350000)]
  0x000000001986a000 JavaThread "C2 CompilerThread1" daemon [_thread_in_native, id=24952, stack(0x000000001a150000,0x000000001a250000)]
  0x0000000019868000 JavaThread "C2 CompilerThread0" daemon [_thread_in_native, id=25048, stack(0x000000001a050000,0x000000001a150000)]
  0x0000000019865800 JavaThread "Attach Listener" daemon [_thread_blocked, id=28964, stack(0x0000000019f50000,0x000000001a050000)]
  0x0000000019864000 JavaThread "Signal Dispatcher" daemon [_thread_blocked, id=8808, stack(0x0000000019e50000,0x0000000019f50000)]
  0x00000000029c7000 JavaThread "Finalizer" daemon [_thread_blocked, id=11980, stack(0x0000000019c40000,0x0000000019d40000)]
  0x000000001795d800 JavaThread "Reference Handler" daemon [_thread_blocked, id=8172, stack(0x0000000019740000,0x0000000019840000)]

Other Threads:
  0x0000000017959000 VMThread [stack: 0x0000000019640000,0x0000000019740000] [id=4956]
  0x000000001989f800 WatcherThread [stack: 0x000000001a550000,0x000000001a650000] [id=28024]

VM state:not at safepoint (normal execution)

VM Mutex/Monitor currently owned by a thread: None

Heap:
 PSYoungGen      total 47616K, used 9426K [0x00000000d5e00000, 0x00000000da600000, 0x0000000100000000)
  eden space 45568K, 20% used [0x00000000d5e00000,0x00000000d6734a00,0x00000000d8a80000)
  from space 2048K, 0% used [0x00000000da400000,0x00000000da400000,0x00000000da600000)
  to   space 5120K, 0% used [0x00000000d9c00000,0x00000000d9c00000,0x00000000da100000)
 ParOldGen       total 80896K, used 2558K [0x0000000081a00000, 0x0000000086900000, 0x00000000d5e00000)
  object space 80896K, 3% used [0x0000000081a00000,0x0000000081c7f810,0x0000000086900000)
 Metaspace       used 14151K, capacity 14380K, committed 14848K, reserved 1064960K
  class space    used 1857K, capacity 1931K, committed 2048K, reserved 1048576K

Card table byte_map: [0x0000000011d90000,0x0000000012190000] byte_map_base: 0x0000000011983000

Marking Bits: (ParMarkBitMap*) 0x000000006e8d2f70
 Begin Bits: [0x0000000012c40000, 0x0000000014bd8000)
 End Bits:   [0x0000000014bd8000, 0x0000000016b70000)

Polling page: 0x0000000000b30000

CodeCache: size=245760Kb used=2701Kb max_used=2712Kb free=243058Kb
 bounds [0x00000000029d0000, 0x0000000002c80000, 0x00000000119d0000]
 total_blobs=1226 nmethods=737 adapters=402
 compilation: enabled

Compilation events (10 events):
Event: 20.288 Thread 0x0000000019874000 nmethod 734 0x0000000002c6e850 code [0x0000000002c6e9c0, 0x0000000002c6ee08]
Event: 20.550 Thread 0x0000000019874000  735   !   3       javax.swing.JComponent::getClientProperty (56 bytes)
Event: 20.550 Thread 0x0000000019874000 nmethod 735 0x0000000002c6efd0 code [0x0000000002c6f160, 0x0000000002c6f588]
Event: 21.462 Thread 0x0000000019874000  736       1       sun.swing.MenuItemLayoutHelper$RectSize::access$100 (5 bytes)
Event: 21.462 Thread 0x0000000019874000 nmethod 736 0x0000000002c6f6d0 code [0x0000000002c6f820, 0x0000000002c6f910]
Event: 21.463 Thread 0x0000000019874000  737       1       sun.swing.MenuItemLayoutHelper$RectSize::access$300 (5 bytes)
Event: 21.463 Thread 0x0000000019874000 nmethod 737 0x0000000002c6f990 code [0x0000000002c6fae0, 0x0000000002c6fbd0]
Event: 21.464 Thread 0x0000000019874000  738       3       org.jdesktop.layout.GroupLayout$Spring::constrain (8 bytes)
Event: 21.464 Thread 0x0000000019874000 nmethod 738 0x0000000002c6fc50 code [0x0000000002c6fdc0, 0x0000000002c6ffd0]
Event: 21.464 Thread 0x0000000019874000  739       3       javax.swing.UIDefaults$TextAndMnemonicHashMap::get (358 bytes)

GC Heap History (4 events):
Event: 10.361 GC heap before
{Heap before GC invocations=1 (full 0):
 PSYoungGen      total 38400K, used 6709K [0x00000000d5e00000, 0x00000000d8880000, 0x0000000100000000)
  eden space 33280K, 20% used [0x00000000d5e00000,0x00000000d648d4d0,0x00000000d7e80000)
  from space 5120K, 0% used [0x00000000d8380000,0x00000000d8380000,0x00000000d8880000)
  to   space 5120K, 0% used [0x00000000d7e80000,0x00000000d7e80000,0x00000000d8380000)
 ParOldGen       total 87552K, used 0K [0x0000000081a00000, 0x0000000086f80000, 0x00000000d5e00000)
  object space 87552K, 0% used [0x0000000081a00000,0x0000000081a00000,0x0000000086f80000)
 Metaspace       used 7776K, capacity 7938K, committed 8064K, reserved 1060864K
  class space    used 960K, capacity 1028K, committed 1152K, reserved 1048576K
Event: 10.623 GC heap after
Heap after GC invocations=1 (full 0):
 PSYoungGen      total 38400K, used 1168K [0x00000000d5e00000, 0x00000000da900000, 0x0000000100000000)
  eden space 33280K, 0% used [0x00000000d5e00000,0x00000000d5e00000,0x00000000d7e80000)
  from space 5120K, 22% used [0x00000000d7e80000,0x00000000d7fa4010,0x00000000d8380000)
  to   space 5120K, 0% used [0x00000000da400000,0x00000000da400000,0x00000000da900000)
 ParOldGen       total 87552K, used 8K [0x0000000081a00000, 0x0000000086f80000, 0x00000000d5e00000)
  object space 87552K, 0% used [0x0000000081a00000,0x0000000081a02000,0x0000000086f80000)
 Metaspace       used 7776K, capacity 7938K, committed 8064K, reserved 1060864K
  class space    used 960K, capacity 1028K, committed 1152K, reserved 1048576K
}
Event: 10.623 GC heap before
{Heap before GC invocations=2 (full 1):
 PSYoungGen      total 38400K, used 1168K [0x00000000d5e00000, 0x00000000da900000, 0x0000000100000000)
  eden space 33280K, 0% used [0x00000000d5e00000,0x00000000d5e00000,0x00000000d7e80000)
  from space 5120K, 22% used [0x00000000d7e80000,0x00000000d7fa4010,0x00000000d8380000)
  to   space 5120K, 0% used [0x00000000da400000,0x00000000da400000,0x00000000da900000)
 ParOldGen       total 87552K, used 8K [0x0000000081a00000, 0x0000000086f80000, 0x00000000d5e00000)
  object space 87552K, 0% used [0x0000000081a00000,0x0000000081a02000,0x0000000086f80000)
 Metaspace       used 7776K, capacity 7938K, committed 8064K, reserved 1060864K
  class space    used 960K, capacity 1028K, committed 1152K, reserved 1048576K
Event: 10.862 GC heap after
Heap after GC invocations=2 (full 1):
 PSYoungGen      total 38400K, used 0K [0x00000000d5e00000, 0x00000000da900000, 0x0000000100000000)
  eden space 33280K, 0% used [0x00000000d5e00000,0x00000000d5e00000,0x00000000d7e80000)
  from space 5120K, 0% used [0x00000000d7e80000,0x00000000d7e80000,0x00000000d8380000)
  to   space 5120K, 0% used [0x00000000da400000,0x00000000da400000,0x00000000da900000)
 ParOldGen       total 50688K, used 1096K [0x0000000081a00000, 0x0000000084b80000, 0x00000000d5e00000)
  object space 50688K, 2% used [0x0000000081a00000,0x0000000081b12328,0x0000000084b80000)
 Metaspace       used 7776K, capacity 7938K, committed 8064K, reserved 1058816K
  class space    used 960K, capacity 1028K, committed 1152K, reserved 1048576K
}

Deoptimization events (8 events):
Event: 9.587 Thread 0x0000000019c3b800 Uncommon trap: reason=null_check action=make_not_entrant pc=0x0000000002b31fb8 method=java.lang.String.equals(Ljava/lang/Object;)Z @ 8
Event: 15.334 Thread 0x0000000019c3b800 Uncommon trap: reason=unstable_if action=reinterpret pc=0x0000000002be8954 method=java.lang.AbstractStringBuilder.append(Ljava/lang/String;)Ljava/lang/AbstractStringBuilder; @ 1
Event: 15.335 Thread 0x0000000019c3b800 Uncommon trap: reason=unstable_if action=reinterpret pc=0x0000000002bd0e74 method=java.lang.AbstractStringBuilder.append(Ljava/lang/String;)Ljava/lang/AbstractStringBuilder; @ 1
Event: 16.711 Thread 0x000000001ab0c000 Uncommon trap: reason=class_check action=maybe_recompile pc=0x0000000002c2e074 method=java.util.HashMap.putVal(ILjava/lang/Object;Ljava/lang/Object;ZZ)Ljava/lang/Object; @ 203
Event: 16.711 Thread 0x000000001ab0c000 Uncommon trap: reason=bimorphic action=maybe_recompile pc=0x0000000002c2e090 method=java.util.HashMap.putVal(ILjava/lang/Object;Ljava/lang/Object;ZZ)Ljava/lang/Object; @ 91
Event: 16.711 Thread 0x000000001ab0c000 Uncommon trap: reason=class_check action=maybe_recompile pc=0x0000000002c2e074 method=java.util.HashMap.putVal(ILjava/lang/Object;Ljava/lang/Object;ZZ)Ljava/lang/Object; @ 203
Event: 16.711 Thread 0x000000001ab0c000 Uncommon trap: reason=class_check action=maybe_recompile pc=0x0000000002c2e074 method=java.util.HashMap.putVal(ILjava/lang/Object;Ljava/lang/Object;ZZ)Ljava/lang/Object; @ 203
Event: 16.711 Thread 0x000000001ab0c000 Uncommon trap: reason=bimorphic action=maybe_recompile pc=0x0000000002c2e090 method=java.util.HashMap.putVal(ILjava/lang/Object;Ljava/lang/Object;ZZ)Ljava/lang/Object; @ 91

Internal exceptions (10 events):
Event: 14.446 Thread 0x0000000019c3b800 Exception <a 'java/lang/ClassNotFoundException': javax/swing/JComponentCustomizer> (0x00000000d61a10a8) thrown at [C:\re\workspace\8-2-build-windows-amd64-cygwin\jdk8u91\6644\hotspot\src\share\vm\classfile\systemDictionary.cpp, line 210]
Event: 14.449 Thread 0x0000000019c3b800 Exception <a 'java/lang/ArrayIndexOutOfBoundsException'> (0x00000000d61bc8f0) thrown at [C:\re\workspace\8-2-build-windows-amd64-cygwin\jdk8u91\6644\hotspot\src\share\vm\runtime\sharedRuntime.cpp, line 605]
Event: 14.449 Thread 0x0000000019c3b800 Exception <a 'java/lang/ArrayIndexOutOfBoundsException'> (0x00000000d61cc198) thrown at [C:\re\workspace\8-2-build-windows-amd64-cygwin\jdk8u91\6644\hotspot\src\share\vm\runtime\sharedRuntime.cpp, line 605]
Event: 14.457 Thread 0x0000000019c3b800 Exception <a 'java/lang/ClassNotFoundException': javax/swing/AbstractButtonCustomizer> (0x00000000d6236d48) thrown at [C:\re\workspace\8-2-build-windows-amd64-cygwin\jdk8u91\6644\hotspot\src\share\vm\classfile\systemDictionary.cpp, line 210]
Event: 14.464 Thread 0x0000000019c3b800 Exception <a 'java/lang/ClassNotFoundException': javax/swing/JMenuItemCustomizer> (0x00000000d62a24c8) thrown at [C:\re\workspace\8-2-build-windows-amd64-cygwin\jdk8u91\6644\hotspot\src\share\vm\classfile\systemDictionary.cpp, line 210]
Event: 14.739 Thread 0x0000000019c3b800 Exception <a 'java/lang/ClassNotFoundException': javax/swing/JMenuCustomizer> (0x00000000d62e0938) thrown at [C:\re\workspace\8-2-build-windows-amd64-cygwin\jdk8u91\6644\hotspot\src\share\vm\classfile\systemDictionary.cpp, line 210]
Event: 14.791 Thread 0x0000000019c3b800 Exception <a 'java/lang/ClassNotFoundException': javax/swing/JButtonBeanInfo> (0x00000000d634f530) thrown at [C:\re\workspace\8-2-build-windows-amd64-cygwin\jdk8u91\6644\hotspot\src\share\vm\classfile\systemDictionary.cpp, line 210]
Event: 14.791 Thread 0x0000000019c3b800 Exception <a 'java/lang/ClassNotFoundException': javax/swing/JButtonCustomizer> (0x00000000d6350988) thrown at [C:\re\workspace\8-2-build-windows-amd64-cygwin\jdk8u91\6644\hotspot\src\share\vm\classfile\systemDictionary.cpp, line 210]
Event: 15.334 Thread 0x0000000019c3b800 Implicit null exception at 0x0000000002be85d9 to 0x0000000002be893d
Event: 15.335 Thread 0x0000000019c3b800 Implicit null exception at 0x0000000002bd0ad7 to 0x0000000002bd0e5d

Events (10 events):
Event: 20.393 loading class sun/awt/windows/WToolkit$3 done
Event: 21.220 Executing VM operation: RevokeBias
Event: 21.220 Executing VM operation: RevokeBias done
Event: 21.220 Executing VM operation: RevokeBias
Event: 21.220 Executing VM operation: RevokeBias done
Event: 21.220 Executing VM operation: RevokeBias
Event: 21.220 Executing VM operation: RevokeBias done
Event: 21.395 Executing VM operation: RevokeBias
Event: 21.395 Executing VM operation: RevokeBias done
Event: 21.395 Thread 0x0000000019ac1000 Thread exited: 0x0000000019ac1000


Dynamic libraries:
0x00007ff713fe0000 - 0x00007ff714017000 	C:\Program Files\Java\jdk1.8.0_91\bin\java.exe
0x00007ff96de80000 - 0x00007ff96e051000 	C:\WINDOWS\SYSTEM32\ntdll.dll
0x00007ff96d8a0000 - 0x00007ff96d94b000 	C:\WINDOWS\System32\KERNEL32.DLL
0x00007ff96a3d0000 - 0x00007ff96a5ed000 	C:\WINDOWS\System32\KERNELBASE.dll
0x00007ff96dd30000 - 0x00007ff96ddd2000 	C:\WINDOWS\System32\ADVAPI32.dll
0x00007ff96b9e0000 - 0x00007ff96ba7e000 	C:\WINDOWS\System32\msvcrt.dll
0x00007ff96b550000 - 0x00007ff96b5a9000 	C:\WINDOWS\System32\sechost.dll
0x00007ff96bb10000 - 0x00007ff96bc31000 	C:\WINDOWS\System32\RPCRT4.dll
0x00007ff96bd00000 - 0x00007ff96be65000 	C:\WINDOWS\System32\USER32.dll
0x00007ff96b3f0000 - 0x00007ff96b40e000 	C:\WINDOWS\System32\win32u.dll
0x00007ff96bcc0000 - 0x00007ff96bcf4000 	C:\WINDOWS\System32\GDI32.dll
0x00007ff96a6a0000 - 0x00007ff96a822000 	C:\WINDOWS\System32\gdi32full.dll
0x00007ff966ae0000 - 0x00007ff966d59000 	C:\WINDOWS\WinSxS\amd64_microsoft.windows.common-controls_6595b64144ccf1df_6.0.14393.0_none_2d0f50fcbdb171b8\COMCTL32.dll
0x00007ff96d960000 - 0x00007ff96dc27000 	C:\WINDOWS\System32\combase.dll
0x00007ff96af10000 - 0x00007ff96b005000 	C:\WINDOWS\System32\ucrtbase.dll
0x00007ff96b160000 - 0x00007ff96b1ca000 	C:\WINDOWS\System32\bcryptPrimitives.dll
0x00007ff96ba80000 - 0x00007ff96baae000 	C:\WINDOWS\System32\IMM32.DLL
0x000000006f550000 - 0x000000006f622000 	C:\Program Files\Java\jdk1.8.0_91\jre\bin\msvcr100.dll
0x000000006e0c0000 - 0x000000006e953000 	C:\Program Files\Java\jdk1.8.0_91\jre\bin\server\jvm.dll
0x00007ff96b4e0000 - 0x00007ff96b4e8000 	C:\WINDOWS\System32\PSAPI.DLL
0x00007ff9678a0000 - 0x00007ff9678a9000 	C:\WINDOWS\SYSTEM32\WSOCK32.dll
0x00007ff96bc50000 - 0x00007ff96bcba000 	C:\WINDOWS\System32\WS2_32.dll
0x00007ff968600000 - 0x00007ff968623000 	C:\WINDOWS\SYSTEM32\WINMM.dll
0x00007ff966ab0000 - 0x00007ff966aba000 	C:\WINDOWS\SYSTEM32\VERSION.dll
0x00007ff968300000 - 0x00007ff96832b000 	C:\WINDOWS\SYSTEM32\WINMMBASE.dll
0x00007ff96b1d0000 - 0x00007ff96b212000 	C:\WINDOWS\System32\cfgmgr32.dll
0x000000006f7c0000 - 0x000000006f7cf000 	C:\Program Files\Java\jdk1.8.0_91\jre\bin\verify.dll
0x000000006e090000 - 0x000000006e0b9000 	C:\Program Files\Java\jdk1.8.0_91\jre\bin\java.dll
0x000000006e070000 - 0x000000006e086000 	C:\Program Files\Java\jdk1.8.0_91\jre\bin\zip.dll
0x00007ff96c110000 - 0x00007ff96d618000 	C:\WINDOWS\System32\SHELL32.dll
0x00007ff96a830000 - 0x00007ff96af0a000 	C:\WINDOWS\System32\windows.storage.dll
0x00007ff96a2f0000 - 0x00007ff96a33c000 	C:\WINDOWS\System32\powrprof.dll
0x00007ff96b480000 - 0x00007ff96b4d2000 	C:\WINDOWS\System32\shlwapi.dll
0x00007ff96a2e0000 - 0x00007ff96a2ef000 	C:\WINDOWS\System32\kernel.appcore.dll
0x00007ff96b0b0000 - 0x00007ff96b159000 	C:\WINDOWS\System32\shcore.dll
0x00007ff96a350000 - 0x00007ff96a364000 	C:\WINDOWS\System32\profapi.dll
0x000000006de90000 - 0x000000006e028000 	C:\Program Files\Java\jdk1.8.0_91\jre\bin\awt.dll
0x00007ff96d620000 - 0x00007ff96d6df000 	C:\WINDOWS\System32\OLEAUT32.dll
0x00007ff96b010000 - 0x00007ff96b0ac000 	C:\WINDOWS\System32\msvcp_win.dll
0x00007ff968890000 - 0x00007ff96890a000 	C:\WINDOWS\SYSTEM32\apphelp.dll
0x00007ff968ad0000 - 0x00007ff968b65000 	C:\WINDOWS\system32\uxtheme.dll
0x00007ff96bfb0000 - 0x00007ff96c10b000 	C:\WINDOWS\System32\MSCTF.dll
0x00007ff967e30000 - 0x00007ff967e56000 	C:\WINDOWS\system32\dwmapi.dll
0x00007ff96be70000 - 0x00007ff96bfa7000 	C:\WINDOWS\System32\ole32.dll
0x000000006de40000 - 0x000000006de87000 	C:\Program Files\Java\jdk1.8.0_91\jre\bin\fontmanager.dll
0x000000006e050000 - 0x000000006e06a000 	C:\Program Files\Java\jdk1.8.0_91\jre\bin\net.dll
0x00007ff969950000 - 0x00007ff9699ac000 	C:\WINDOWS\system32\mswsock.dll
0x000000006e030000 - 0x000000006e041000 	C:\Program Files\Java\jdk1.8.0_91\jre\bin\nio.dll
0x00007ff96dde0000 - 0x00007ff96de7f000 	C:\WINDOWS\System32\clbcatq.dll
0x00007ff966150000 - 0x00007ff9662f8000 	C:\WINDOWS\SYSTEM32\WindowsCodecs.dll
0x00007ff95b4e0000 - 0x00007ff95b529000 	C:\WINDOWS\system32\dataexchange.dll
0x00007ff967b70000 - 0x00007ff967e26000 	C:\WINDOWS\system32\d3d11.dll
0x00007ff9681a0000 - 0x00007ff9682f1000 	C:\WINDOWS\system32\dcomp.dll
0x00007ff969270000 - 0x00007ff96930f000 	C:\WINDOWS\system32\dxgi.dll
0x00007ff968d10000 - 0x00007ff968e2c000 	C:\WINDOWS\system32\twinapi.appcore.dll
0x00007ff969fe0000 - 0x00007ff96a00b000 	C:\WINDOWS\system32\bcrypt.dll
0x000000006ddf0000 - 0x000000006de32000 	C:\Program Files\Java\jdk1.8.0_91\jre\bin\t2k.dll

VM Arguments:
java_command: C:\Users\Lucas\Documents\MaterialCodigoAprendizaje\2DAM\ProgramacionServiciosProcesos\Editor\dist\DocumentEditor.jar
java_class_path (initial): C:\Users\Lucas\Documents\MaterialCodigoAprendizaje\2DAM\ProgramacionServiciosProcesos\Editor\dist\DocumentEditor.jar
Launcher Type: SUN_STANDARD

Environment Variables:
PATH=C:\ProgramData\Oracle\Java\javapath;C:\Program Files (x86)\Intel\iCLS Client\;C:\Program Files\Intel\iCLS Client\;C:\Windows\system32;C:\Windows;C:\Windows\System32\Wbem;C:\Windows\System32\WindowsPowerShell\v1.0\;C:\Program Files (x86)\NVIDIA Corporation\PhysX\Common;C:\Program Files (x86)\Intel\Intel(R) Management Engine Components\DAL;C:\Program Files\Intel\Intel(R) Management Engine Components\DAL;C:\Program Files (x86)\Intel\Intel(R) Management Engine Components\IPT;C:\Program Files\Intel\Intel(R) Management Engine Components\IPT;C:\Program Files (x86)\Skype\Phone\;C:\Program Files\Git\cmd;C:\WINDOWS\system32;C:\WINDOWS;C:\WINDOWS\System32\Wbem;C:\WINDOWS\System32\WindowsPowerShell\v1.0\;C:\Users\Lucas\AppData\Local\atom\bin;%USERPROFILE%\AppData\Local\Microsoft\WindowsApps;
USERNAME=Lucas
OS=Windows_NT
PROCESSOR_IDENTIFIER=Intel64 Family 6 Model 94 Stepping 3, GenuineIntel



---------------  S Y S T E M  ---------------

OS: Windows 10.0 , 64 bit Build 14393 (10.0.14393.0)

CPU:total 8 (4 cores per cpu, 2 threads per core) family 6 model 94 stepping 3, cmov, cx8, fxsr, mmx, sse, sse2, sse3, ssse3, sse4.1, sse4.2, popcnt, avx, avx2, aes, clmul, erms, rtm, 3dnowpref, lzcnt, ht, tsc, tscinvbit, bmi1, bmi2, adx

Memory: 4k page, physical 8281880k(1013480k free), swap 33447704k(64204k free)

vm_info: Java HotSpot(TM) 64-Bit Server VM (25.91-b14) for windows-amd64 JRE (1.8.0_91-b14), built on Apr  1 2016 00:58:32 by "java_re" with MS VC++ 10.0 (VS2010)

time: Thu Oct 06 09:34:14 2016
elapsed time: 22 seconds (0d 0h 0m 22s)

