#
# There is insufficient memory for the Java Runtime Environment to continue.
# Native memory allocation (malloc) failed to allocate 32744 bytes for ChunkPool::allocate
# Possible reasons:
#   The system is out of physical RAM or swap space
#   In 32 bit mode, the process size limit was hit
# Possible solutions:
#   Reduce memory load on the system
#   Increase physical memory or swap space
#   Check if swap backing store is full
#   Use 64 bit Java on a 64 bit OS
#   Decrease Java heap size (-Xmx/-Xms)
#   Decrease number of Java threads
#   Decrease Java thread stack sizes (-Xss)
#   Set larger code cache with -XX:ReservedCodeCacheSize=
# This output file may be truncated or incomplete.
#
#  Out of Memory Error (allocation.cpp:273), pid=4200, tid=26880
#
# JRE version: Java(TM) SE Runtime Environment (8.0_91-b14) (build 1.8.0_91-b14)
# Java VM: Java HotSpot(TM) 64-Bit Server VM (25.91-b14 mixed mode windows-amd64 compressed oops)
# Failed to write core dump. Minidumps are not enabled by default on client versions of Windows
#

---------------  T H R E A D  ---------------

Current thread (0x000000001a224000):  JavaThread "C1 CompilerThread3" daemon [_thread_in_native, id=26880, stack(0x000000001ad00000,0x000000001ae00000)]

Stack: [0x000000001ad00000,0x000000001ae00000]
[error occurred during error reporting (printing stack bounds), id 0xc0000005]

Native frames: (J=compiled Java code, j=interpreted, Vv=VM code, C=native code)


Current CompileTask:
C1:   7201  397   !   3       javax.swing.UIDefaults::getFromHashtable (239 bytes)


---------------  P R O C E S S  ---------------

Java Threads: ( => current thread )
  0x0000000003170800 JavaThread "DestroyJavaVM" [_thread_blocked, id=21036, stack(0x0000000002f80000,0x0000000003080000)]
  0x000000001b45c000 JavaThread "AWT-EventQueue-0" [_thread_in_native, id=25152, stack(0x000000001bef0000,0x000000001bff0000)]
  0x000000001b408800 JavaThread "AWT-Windows" daemon [_thread_in_native, id=26056, stack(0x000000001bdf0000,0x000000001bef0000)]
  0x000000001b406000 JavaThread "AWT-Shutdown" [_thread_blocked, id=29740, stack(0x000000001bcf0000,0x000000001bdf0000)]
  0x000000001b405000 JavaThread "Java2D Disposer" daemon [_thread_blocked, id=20348, stack(0x000000001bbf0000,0x000000001bcf0000)]
  0x000000001a231800 JavaThread "Service Thread" daemon [_thread_blocked, id=17992, stack(0x000000001ae00000,0x000000001af00000)]
=>0x000000001a224000 JavaThread "C1 CompilerThread3" daemon [_thread_in_native, id=26880, stack(0x000000001ad00000,0x000000001ae00000)]
  0x000000001a21d800 JavaThread "C2 CompilerThread2" daemon [_thread_blocked, id=3540, stack(0x000000001ac00000,0x000000001ad00000)]
  0x000000001a21a000 JavaThread "C2 CompilerThread1" daemon [_thread_blocked, id=31688, stack(0x000000001ab00000,0x000000001ac00000)]
  0x000000001a218000 JavaThread "C2 CompilerThread0" daemon [_thread_blocked, id=20396, stack(0x000000001aa00000,0x000000001ab00000)]
  0x000000001a215800 JavaThread "Attach Listener" daemon [_thread_blocked, id=15940, stack(0x000000001a900000,0x000000001aa00000)]
  0x000000001a214000 JavaThread "Signal Dispatcher" daemon [_thread_blocked, id=32604, stack(0x000000001a800000,0x000000001a900000)]
  0x0000000003267000 JavaThread "Finalizer" daemon [_thread_blocked, id=26760, stack(0x000000001a5f0000,0x000000001a6f0000)]
  0x00000000181fd800 JavaThread "Reference Handler" daemon [_thread_blocked, id=8800, stack(0x000000001a0f0000,0x000000001a1f0000)]

Other Threads:
  0x00000000181f9000 VMThread [stack: 0x0000000019ef0000,0x0000000019ff0000] [id=27136]
  0x000000001a24c800 WatcherThread [stack: 0x000000001af00000,0x000000001b000000] [id=23252]

VM state:not at safepoint (normal execution)

VM Mutex/Monitor currently owned by a thread: None

Heap:
 PSYoungGen      total 38400K, used 7336K [0x00000000d5e00000, 0x00000000d8880000, 0x0000000100000000)
  eden space 33280K, 22% used [0x00000000d5e00000,0x00000000d652a2f8,0x00000000d7e80000)
  from space 5120K, 0% used [0x00000000d8380000,0x00000000d8380000,0x00000000d8880000)
  to   space 5120K, 0% used [0x00000000d7e80000,0x00000000d7e80000,0x00000000d8380000)
 ParOldGen       total 87552K, used 0K [0x0000000081a00000, 0x0000000086f80000, 0x00000000d5e00000)
  object space 87552K, 0% used [0x0000000081a00000,0x0000000081a00000,0x0000000086f80000)
 Metaspace       used 9242K, capacity 9448K, committed 9728K, reserved 1058816K
  class space    used 1160K, capacity 1253K, committed 1280K, reserved 1048576K

Card table byte_map: [0x0000000012630000,0x0000000012a30000] byte_map_base: 0x0000000012223000

Marking Bits: (ParMarkBitMap*) 0x000000006e8d2f70
 Begin Bits: [0x00000000134e0000, 0x0000000015478000)
 End Bits:   [0x0000000015478000, 0x0000000017410000)

Polling page: 0x0000000001610000

CodeCache: size=245760Kb used=1868Kb max_used=1870Kb free=243891Kb
 bounds [0x0000000003270000, 0x00000000034e0000, 0x0000000012270000]
 total_blobs=818 nmethods=395 adapters=336
 compilation: enabled

Compilation events (10 events):
Event: 6.498 Thread 0x000000001a21a000 nmethod 391 0x0000000003443f50 code [0x00000000034440a0, 0x0000000003444178]
Event: 6.548 Thread 0x000000001a224000  392       1       sun.java2d.SunGraphics2D::getSurfaceData (5 bytes)
Event: 6.548 Thread 0x000000001a224000 nmethod 392 0x0000000003443c90 code [0x0000000003443de0, 0x0000000003443ef0]
Event: 7.197 Thread 0x000000001a224000  393       3       sun.reflect.ClassFileAssembler::emitByte (11 bytes)
Event: 7.197 Thread 0x000000001a224000 nmethod 393 0x0000000003442d90 code [0x0000000003442f00, 0x00000000034430c8]
Event: 7.197 Thread 0x000000001a224000  394       3       sun.reflect.ByteVectorImpl::add (38 bytes)
Event: 7.197 Thread 0x000000001a224000 nmethod 394 0x00000000034428d0 code [0x0000000003442a40, 0x0000000003442c68]
Event: 7.199 Thread 0x000000001a224000  395       3       sun.util.logging.PlatformLogger::isLoggable (38 bytes)
Event: 7.199 Thread 0x000000001a224000 nmethod 395 0x0000000003441b50 code [0x0000000003441d20, 0x0000000003442528]
Event: 7.199 Thread 0x000000001a224000  397   !   3       javax.swing.UIDefaults::getFromHashtable (239 bytes)

GC Heap History (0 events):
No events

Deoptimization events (1 events):
Event: 6.220 Thread 0x000000001b45c000 Uncommon trap: reason=null_check action=make_not_entrant pc=0x00000000033e19f8 method=java.lang.String.equals(Ljava/lang/Object;)Z @ 8

Internal exceptions (10 events):
Event: 0.369 Thread 0x0000000003170800 Exception <a 'java/lang/NoSuchMethodError': Method sun.misc.Unsafe.prefetchRead(Ljava/lang/Object;J)V name or signature does not match> (0x00000000d5e07fa8) thrown at [C:\re\workspace\8-2-build-windows-amd64-cygwin\jdk8u91\6644\hotspot\src\share\vm\prims\j­ÐC&0í?
Event: 0.912 Thread 0x0000000003170800 Exception <a 'java/security/PrivilegedActionException'> (0x00000000d5ed1928) thrown at [C:\re\workspace\8-2-build-windows-amd64-cygwin\jdk8u91\6644\hotspot\src\share\vm\prims\jvm.cpp, line 1386]
Event: 0.912 Thread 0x0000000003170800 Exception <a 'java/security/PrivilegedActionException'> (0x00000000d5ed1b38) thrown at [C:\re\workspace\8-2-build-windows-amd64-cygwin\jdk8u91\6644\hotspot\src\share\vm\prims\jvm.cpp, line 1386]
Event: 0.915 Thread 0x0000000003170800 Exception <a 'java/security/PrivilegedActionException'> (0x00000000d5ed5980) thrown at [C:\re\workspace\8-2-build-windows-amd64-cygwin\jdk8u91\6644\hotspot\src\share\vm\prims\jvm.cpp, line 1386]
Event: 0.915 Thread 0x0000000003170800 Exception <a 'java/security/PrivilegedActionException'> (0x00000000d5ed5b90) thrown at [C:\re\workspace\8-2-build-windows-amd64-cygwin\jdk8u91\6644\hotspot\src\share\vm\prims\jvm.cpp, line 1386]
Event: 3.655 Thread 0x0000000003170800 Exception <a 'java/io/FileNotFoundException'> (0x00000000d5ed8ad0) thrown at [C:\re\workspace\8-2-build-windows-amd64-cygwin\jdk8u91\6644\hotspot\src\share\vm\prims\jni.cpp, line 709]
Event: 4.115 Thread 0x0000000003170800 Exception <a 'java/lang/NoSuchFieldError': method resolution failed> (0x00000000d604cbb0) thrown at [C:\re\workspace\8-2-build-windows-amd64-cygwin\jdk8u91\6644\hotspot\src\share\vm\prims\methodHandles.cpp, line 1146]
Event: 4.117 Thread 0x0000000003170800 Exception <a 'java/lang/NoSuchFieldError': method resolution failed> (0x00000000d6059f80) thrown at [C:\re\workspace\8-2-build-windows-amd64-cygwin\jdk8u91\6644\hotspot\src\share\vm\prims\methodHandles.cpp, line 1146]
Event: 6.220 Thread 0x000000001b45c000 Implicit null exception at 0x00000000033e1822 to 0x00000000033e19e9
Event: 6.231 Thread 0x000000001b45c000 Exception <a 'java/io/FileNotFoundException'> (0x00000000d6373b18) thrown at [C:\re\workspace\8-2-build-windows-amd64-cygwin\jdk8u91\6644\hotspot\src\share\vm\prims\jni.cpp, line 709]

Events (10 events):
Event: 7.198 loading class sun/reflect/MethodAccessorGenerator$1
Event: 7.198 loading class sun/reflect/MethodAccessorGenerator$1 done
Event: 7.198 loading class sun/reflect/ClassDefiner
Event: 7.198 loading class sun/reflect/ClassDefiner done
Event: 7.198 loading class sun/reflect/ClassDefiner$1
Event: 7.198 loading class sun/reflect/ClassDefiner$1 done
Event: 7.198 Executing VM operation: CollectForMetadataAllocation
Event: 7.198 Executing VM operation: CollectForMetadataAllocation done
Event: 7.198 loading class sun/reflect/BootstrapConstructorAccessorImpl
Event: 7.198 loading class sun/reflect/BootstrapConstructorAccessorImpl done


Dynamic libraries:
0x00007ff713fe0000 - 0x00007ff714017000 	C:\Program Files\Java\jdk1.8.0_91\bin\java.exe
0x00007ff96de80000 - 0x00007ff96e051000 	C:\WINDOWS\SYSTEM32\ntdll.dll
0x00007ff96d8a0000 - 0x00007ff96d94b000 	C:\WINDOWS\System32\KERNEL32.DLL
0x00007ff96a3d0000 - 0x00007ff96a5ed000 	C:\WINDOWS\System32\KERNELBASE.dll
0x00007ff96dd30000 - 0x00007ff96ddd2000 	C:\WINDOWS\System32\ADVAPI32.dll
0x00007ff96b9e0000 - 0x00007ff96ba7e000 	C:\WINDOWS\System32\msvcrt.dll
0x00007ff96b550000 - 0x00007ff96b5a9000 	C:\WINDOWS\System32\sechost.dll
0x00007ff96bb10000 - 0x00007ff96bc31000 	C:\WINDOWS\System32\RPCRT4.dll
0x00007ff96bd00000 - 0x00007ff96be65000 	C:\WINDOWS\System32\USER32.dll
0x00007ff96b3f0000 - 0x00007ff96b40e000 	C:\WINDOWS\System32\win32u.dll
0x00007ff96bcc0000 - 0x00007ff96bcf4000 	C:\WINDOWS\System32\GDI32.dll
0x00007ff96a6a0000 - 0x00007ff96a822000 	C:\WINDOWS\System32\gdi32full.dll
0x00007ff966ae0000 - 0x00007ff966d59000 	C:\WINDOWS\WinSxS\amd64_microsoft.windows.common-controls_6595b64144ccf1df_6.0.14393.0_none_2d0f50fcbdb171b8\COMCTL32.dll
0x00007ff96d960000 - 0x00007ff96dc27000 	C:\WINDOWS\System32\combase.dll
0x00007ff96af10000 - 0x00007ff96b005000 	C:\WINDOWS\System32\ucrtbase.dll
0x00007ff96b160000 - 0x00007ff96b1ca000 	C:\WINDOWS\System32\bcryptPrimitives.dll
0x00007ff96ba80000 - 0x00007ff96baae000 	C:\WINDOWS\System32\IMM32.DLL
0x000000006f550000 - 0x000000006f622000 	C:\Program Files\Java\jdk1.8.0_91\jre\bin\msvcr100.dll
0x000000006e0c0000 - 0x000000006e953000 	C:\Program Files\Java\jdk1.8.0_91\jre\bin\server\jvm.dll
0x00007ff96b4e0000 - 0x00007ff96b4e8000 	C:\WINDOWS\System32\PSAPI.DLL
0x00007ff9678a0000 - 0x00007ff9678a9000 	C:\WINDOWS\SYSTEM32\WSOCK32.dll
0x00007ff96bc50000 - 0x00007ff96bcba000 	C:\WINDOWS\System32\WS2_32.dll
0x00007ff968600000 - 0x00007ff968623000 	C:\WINDOWS\SYSTEM32\WINMM.dll
0x00007ff966ab0000 - 0x00007ff966aba000 	C:\WINDOWS\SYSTEM32\VERSION.dll
0x00007ff968300000 - 0x00007ff96832b000 	C:\WINDOWS\SYSTEM32\WINMMBASE.dll
0x00007ff96b1d0000 - 0x00007ff96b212000 	C:\WINDOWS\System32\cfgmgr32.dll
0x000000006f7c0000 - 0x000000006f7cf000 	C:\Program Files\Java\jdk1.8.0_91\jre\bin\verify.dll
0x000000006e090000 - 0x000000006e0b9000 	C:\Program Files\Java\jdk1.8.0_91\jre\bin\java.dll
0x000000006e070000 - 0x000000006e086000 	C:\Program Files\Java\jdk1.8.0_91\jre\bin\zip.dll
0x00007ff96c110000 - 0x00007ff96d618000 	C:\WINDOWS\System32\SHELL32.dll
0x00007ff96a830000 - 0x00007ff96af0a000 	C:\WINDOWS\System32\windows.storage.dll
0x00007ff96a2f0000 - 0x00007ff96a33c000 	C:\WINDOWS\System32\powrprof.dll
0x00007ff96b480000 - 0x00007ff96b4d2000 	C:\WINDOWS\System32\shlwapi.dll
0x00007ff96a2e0000 - 0x00007ff96a2ef000 	C:\WINDOWS\System32\kernel.appcore.dll
0x00007ff96b0b0000 - 0x00007ff96b159000 	C:\WINDOWS\System32\shcore.dll
0x00007ff96a350000 - 0x00007ff96a364000 	C:\WINDOWS\System32\profapi.dll
0x000000006de90000 - 0x000000006e028000 	C:\Program Files\Java\jdk1.8.0_91\jre\bin\awt.dll
0x00007ff96d620000 - 0x00007ff96d6df000 	C:\WINDOWS\System32\OLEAUT32.dll
0x00007ff96b010000 - 0x00007ff96b0ac000 	C:\WINDOWS\System32\msvcp_win.dll
0x00007ff968890000 - 0x00007ff96890a000 	C:\WINDOWS\SYSTEM32\apphelp.dll
0x00007ff968ad0000 - 0x00007ff968b65000 	C:\WINDOWS\system32\uxtheme.dll
0x00007ff96bfb0000 - 0x00007ff96c10b000 	C:\WINDOWS\System32\MSCTF.dll
0x00007ff967e30000 - 0x00007ff967e56000 	C:\WINDOWS\system32\dwmapi.dll
0x00007ff96be70000 - 0x00007ff96bfa7000 	C:\WINDOWS\System32\ole32.dll
0x000000006de40000 - 0x000000006de87000 	C:\Program Files\Java\jdk1.8.0_91\jre\bin\fontmanager.dll
0x000000006e050000 - 0x000000006e06a000 	C:\Program Files\Java\jdk1.8.0_91\jre\bin\net.dll
0x00007ff969950000 - 0x00007ff9699ac000 	C:\WINDOWS\system32\mswsock.dll
0x000000006e030000 - 0x000000006e041000 	C:\Program Files\Java\jdk1.8.0_91\jre\bin\nio.dll

VM Arguments:
java_command: C:\Users\Lucas\Documents\MaterialCodigoAprendizaje\2DAM\ProgramacionServiciosProcesos\Editor\dist\DocumentEditor.jar
java_class_path (initial): C:\Users\Lucas\Documents\MaterialCodigoAprendizaje\2DAM\ProgramacionServiciosProcesos\Editor\dist\DocumentEditor.jar
Launcher Type: SUN_STANDARD

Environment Variables:
PATH=C:\ProgramData\Oracle\Java\javapath;C:\Program Files (x86)\Intel\iCLS Client\;C:\Program Files\Intel\iCLS Client\;C:\Windows\system32;C:\Windows;C:\Windows\System32\Wbem;C:\Windows\System32\WindowsPowerShell\v1.0\;C:\Program Files (x86)\NVIDIA Corporation\PhysX\Common;C:\Program Files (x86)\Intel\Intel(R) Management Engine Components\DAL;C:\Program Files\Intel\Intel(R) Management Engine Components\DAL;C:\Program Files (x86)\Intel\Intel(R) Management Engine Components\IPT;C:\Program Files\Intel\Intel(R) Management Engine Components\IPT;C:\Program Files (x86)\Skype\Phone\;C:\Program Files\Git\cmd;C:\WINDOWS\system32;C:\WINDOWS;C:\WINDOWS\System32\Wbem;C:\WINDOWS\System32\WindowsPowerShell\v1.0\;C:\Users\Lucas\AppData\Local\atom\bin;%USERPROFILE%\AppData\Local\Microsoft\WindowsApps;
USERNAME=Lucas
OS=Windows_NT
PROCESSOR_IDENTIFIER=Intel64 Family 6 Model 94 Stepping 3, GenuineIntel



---------------  S Y S T E M  ---------------

OS: Windows 10.0 , 64 bit Build 14393 (10.0.14393.0)

CPU:total 8 (4 cores per cpu, 2 threads per core) family 6 model 94 stepping 3, cmov, cx8, fxsr, mmx, sse, sse2, sse3, ssse3, sse4.1, sse4.2, popcnt, avx, avx2, aes, clmul, erms, rtm, 3dnowpref, lzcnt, ht, tsc, tscinvbit, bmi1, bmi2, adx

Memory: 4k page, physical 8281880k(905700k free), swap 33447704k(5116k free)

vm_info: Java HotSpot(TM) 64-Bit Server VM (25.91-b14) for windows-amd64 JRE (1.8.0_91-b14), built on Apr  1 2016 00:58:32 by "java_re" with MS VC++ 10.0 (VS2010)

time: Thu Oct 06 09:34:07 2016
elapsed time: 7 seconds (0d 0h 0m 7s)

