#
# There is insufficient memory for the Java Runtime Environment to continue.
# Native memory allocation (malloc) failed to allocate 33376 bytes for Chunk::new
# Possible reasons:
#   The system is out of physical RAM or swap space
#   In 32 bit mode, the process size limit was hit
# Possible solutions:
#   Reduce memory load on the system
#   Increase physical memory or swap space
#   Check if swap backing store is full
#   Use 64 bit Java on a 64 bit OS
#   Decrease Java heap size (-Xmx/-Xms)
#   Decrease number of Java threads
#   Decrease Java thread stack sizes (-Xss)
#   Set larger code cache with -XX:ReservedCodeCacheSize=
# This output file may be truncated or incomplete.
#
#  Out of Memory Error (allocation.cpp:390), pid=10400, tid=16828
#
# JRE version: Java(TM) SE Runtime Environment (8.0_91-b14) (build 1.8.0_91-b14)
# Java VM: Java HotSpot(TM) 64-Bit Server VM (25.91-b14 mixed mode windows-amd64 compressed oops)
# Failed to write core dump. Minidumps are not enabled by default on client versions of Windows
#

---------------  T H R E A D  ---------------

Current thread (0x0000000019a14800):  JavaThread "C2 CompilerThread2" daemon [_thread_in_native, id=16828, stack(0x000000001a3a0000,0x000000001a4a0000)]

Stack: [0x000000001a3a0000,0x000000001a4a0000]
[error occurred during error reporting (printing stack bounds), id 0xc0000005]

Native frames: (J=compiled Java code, j=interpreted, Vv=VM code, C=native code)


Current CompileTask:
C2:  23406  841 %     4       sun.awt.image.PNGImageDecoder::update_crc @ 3 (41 bytes)


---------------  P R O C E S S  ---------------

Java Threads: ( => current thread )
  0x000000001aefd800 JavaThread "TimerQueue" daemon [_thread_blocked, id=22140, stack(0x000000001c830000,0x000000001c930000)]
  0x000000001aefd000 JavaThread "SwingWorker-pool-1923643810-thread-1" [_thread_blocked, id=28552, stack(0x000000001c730000,0x000000001c830000)]
  0x0000000019c63000 JavaThread "Image Fetcher 1" daemon [_thread_blocked, id=29944, stack(0x000000001ba90000,0x000000001bb90000)]
  0x0000000019b58000 JavaThread "Image Fetcher 0" daemon [_thread_in_vm, id=10704, stack(0x000000001b990000,0x000000001ba90000)]
  0x0000000002a20800 JavaThread "DestroyJavaVM" [_thread_blocked, id=12244, stack(0x0000000002820000,0x0000000002920000)]
  0x000000001ac21800 JavaThread "AWT-EventQueue-0" [_thread_blocked, id=23908, stack(0x000000001b690000,0x000000001b790000)]
  0x000000001ac20000 JavaThread "AWT-Windows" daemon [_thread_in_native, id=17512, stack(0x000000001b590000,0x000000001b690000)]
  0x000000001ac1d000 JavaThread "AWT-Shutdown" [_thread_blocked, id=22460, stack(0x000000001b490000,0x000000001b590000)]
  0x000000001ac1c000 JavaThread "Java2D Disposer" daemon [_thread_blocked, id=1224, stack(0x000000001b390000,0x000000001b490000)]
  0x0000000019a1f000 JavaThread "Service Thread" daemon [_thread_blocked, id=20044, stack(0x000000001a5a0000,0x000000001a6a0000)]
  0x0000000019a1b800 JavaThread "C1 CompilerThread3" daemon [_thread_blocked, id=2364, stack(0x000000001a4a0000,0x000000001a5a0000)]
=>0x0000000019a14800 JavaThread "C2 CompilerThread2" daemon [_thread_in_native, id=16828, stack(0x000000001a3a0000,0x000000001a4a0000)]
  0x00000000199ba000 JavaThread "C2 CompilerThread1" daemon [_thread_blocked, id=19808, stack(0x000000001a2a0000,0x000000001a3a0000)]
  0x00000000199b8000 JavaThread "C2 CompilerThread0" daemon [_thread_blocked, id=21784, stack(0x000000001a1a0000,0x000000001a2a0000)]
  0x00000000199b5800 JavaThread "Attach Listener" daemon [_thread_blocked, id=20800, stack(0x000000001a0a0000,0x000000001a1a0000)]
  0x00000000199b4000 JavaThread "Signal Dispatcher" daemon [_thread_blocked, id=20736, stack(0x0000000019fa0000,0x000000001a0a0000)]
  0x0000000002b17000 JavaThread "Finalizer" daemon [_thread_blocked, id=20156, stack(0x0000000019d90000,0x0000000019e90000)]
  0x0000000017aad800 JavaThread "Reference Handler" daemon [_thread_blocked, id=20148, stack(0x0000000019890000,0x0000000019990000)]

Other Threads:
  0x0000000017aa9000 VMThread [stack: 0x0000000019790000,0x0000000019890000] [id=16396]
  0x0000000019a22000 WatcherThread [stack: 0x000000001a6a0000,0x000000001a7a0000] [id=17056]

VM state:not at safepoint (normal execution)

VM Mutex/Monitor currently owned by a thread:  ([mutex/lock_event])
[0x000000000281b7c0] Threads_lock - owner thread: 0x0000000019b58000

Heap:
 PSYoungGen      total 38400K, used 16867K [0x00000000d5e00000, 0x00000000d8880000, 0x0000000100000000)
  eden space 33280K, 50% used [0x00000000d5e00000,0x00000000d6e78cb0,0x00000000d7e80000)
  from space 5120K, 0% used [0x00000000d8380000,0x00000000d8380000,0x00000000d8880000)
  to   space 5120K, 0% used [0x00000000d7e80000,0x00000000d7e80000,0x00000000d8380000)
 ParOldGen       total 87552K, used 0K [0x0000000081a00000, 0x0000000086f80000, 0x00000000d5e00000)
  object space 87552K, 0% used [0x0000000081a00000,0x0000000081a00000,0x0000000086f80000)
 Metaspace       used 13932K, capacity 14134K, committed 14208K, reserved 1060864K
  class space    used 1828K, capacity 1898K, committed 1920K, reserved 1048576K

Card table byte_map: [0x0000000011ee0000,0x00000000122e0000] byte_map_base: 0x0000000011ad3000

Marking Bits: (ParMarkBitMap*) 0x000000006e8d2f70
 Begin Bits: [0x0000000012d90000, 0x0000000014d28000)
 End Bits:   [0x0000000014d28000, 0x0000000016cc0000)

Polling page: 0x0000000000b70000

CodeCache: size=245760Kb used=2940Kb max_used=2974Kb free=242819Kb
 bounds [0x0000000002b20000, 0x0000000002e10000, 0x0000000011b20000]
 total_blobs=1297 nmethods=814 adapters=396
 compilation: enabled

Compilation events (10 events):
Event: 23.199 Thread 0x0000000019a1b800 nmethod 836 0x0000000002dfecd0 code [0x0000000002dfee80, 0x0000000002dff150]
Event: 23.206 Thread 0x0000000019a1b800  837       3       javax.swing.GrayFilter::filterRGB (136 bytes)
Event: 23.207 Thread 0x0000000019a1b800 nmethod 837 0x0000000002e08390 code [0x0000000002e08540, 0x0000000002e08870]
Event: 23.207 Thread 0x0000000019a1b800  838       3       java.awt.image.DirectColorModel::getRed (45 bytes)
Event: 23.213 Thread 0x0000000019a1b800 nmethod 838 0x0000000002e08950 code [0x0000000002e08b40, 0x0000000002e090a8]
Event: 23.213 Thread 0x0000000019a1b800  839       3       java.awt.image.DirectColorModel::getGreen (45 bytes)
Event: 23.213 Thread 0x0000000019a1b800 nmethod 839 0x0000000002e092d0 code [0x0000000002e094c0, 0x0000000002e09a28]
Event: 23.214 Thread 0x0000000019a1b800  840       3       java.awt.image.DirectColorModel::getBlue (45 bytes)
Event: 23.214 Thread 0x0000000019a1b800 nmethod 840 0x0000000002c33950 code [0x0000000002c33b40, 0x0000000002c340a8]
Event: 23.398 Thread 0x0000000019a14800  841 %     4       sun.awt.image.PNGImageDecoder::update_crc @ 3 (41 bytes)

GC Heap History (0 events):
No events

Deoptimization events (10 events):
Event: 19.185 Thread 0x000000001ac20000 Uncommon trap: reason=class_check action=maybe_recompile pc=0x0000000002d8d7dc method=java.util.HashMap.putVal(ILjava/lang/Object;Ljava/lang/Object;ZZ)Ljava/lang/Object; @ 203
Event: 19.186 Thread 0x000000001ac20000 Uncommon trap: reason=bimorphic action=maybe_recompile pc=0x0000000002d8d7f8 method=java.util.HashMap.putVal(ILjava/lang/Object;Ljava/lang/Object;ZZ)Ljava/lang/Object; @ 91
Event: 19.186 Thread 0x000000001ac20000 Uncommon trap: reason=class_check action=maybe_recompile pc=0x0000000002d8d7dc method=java.util.HashMap.putVal(ILjava/lang/Object;Ljava/lang/Object;ZZ)Ljava/lang/Object; @ 203
Event: 19.186 Thread 0x000000001ac20000 Uncommon trap: reason=class_check action=maybe_recompile pc=0x0000000002d8d7dc method=java.util.HashMap.putVal(ILjava/lang/Object;Ljava/lang/Object;ZZ)Ljava/lang/Object; @ 203
Event: 19.186 Thread 0x000000001ac20000 Uncommon trap: reason=bimorphic action=maybe_recompile pc=0x0000000002d8d7f8 method=java.util.HashMap.putVal(ILjava/lang/Object;Ljava/lang/Object;ZZ)Ljava/lang/Object; @ 91
Event: 22.174 Thread 0x000000001ac21800 Uncommon trap: reason=unstable_if action=reinterpret pc=0x0000000002d94edc method=java.lang.reflect.Method.isDefault()Z @ 19
Event: 22.296 Thread 0x000000001ac21800 Uncommon trap: reason=class_check action=maybe_recompile pc=0x0000000002ccfd28 method=java.lang.String.equals(Ljava/lang/Object;)Z @ 8
Event: 22.296 Thread 0x000000001ac21800 Uncommon trap: reason=class_check action=maybe_recompile pc=0x0000000002ccfd28 method=java.lang.String.equals(Ljava/lang/Object;)Z @ 8
Event: 22.296 Thread 0x000000001ac21800 Uncommon trap: reason=class_check action=maybe_recompile pc=0x0000000002ccfd28 method=java.lang.String.equals(Ljava/lang/Object;)Z @ 8
Event: 22.296 Thread 0x000000001ac21800 Uncommon trap: reason=class_check action=maybe_recompile pc=0x0000000002ccfd28 method=java.lang.String.equals(Ljava/lang/Object;)Z @ 8

Internal exceptions (10 events):
Event: 12.982 Thread 0x000000001ac21800 Exception <a 'java/lang/ClassNotFoundException': javax/swing/JComponentCustomizer> (0x00000000d68006f8) thrown at [C:\re\workspace\8-2-build-windows-amd64-cygwin\jdk8u91\6644\hotspot\src\share\vm\classfile\systemDictionary.cpp, line 210]
Event: 12.986 Thread 0x000000001ac21800 Exception <a 'java/lang/ArrayIndexOutOfBoundsException'> (0x00000000d68217b8) thrown at [C:\re\workspace\8-2-build-windows-amd64-cygwin\jdk8u91\6644\hotspot\src\share\vm\runtime\sharedRuntime.cpp, line 605]
Event: 12.987 Thread 0x000000001ac21800 Exception <a 'java/lang/ArrayIndexOutOfBoundsException'> (0x00000000d683c040) thrown at [C:\re\workspace\8-2-build-windows-amd64-cygwin\jdk8u91\6644\hotspot\src\share\vm\runtime\sharedRuntime.cpp, line 605]
Event: 12.994 Thread 0x000000001ac21800 Exception <a 'java/lang/ClassNotFoundException': javax/swing/AbstractButtonCustomizer> (0x00000000d68961e0) thrown at [C:\re\workspace\8-2-build-windows-amd64-cygwin\jdk8u91\6644\hotspot\src\share\vm\classfile\systemDictionary.cpp, line 210]
Event: 13.006 Thread 0x000000001ac21800 Exception <a 'java/lang/ClassNotFoundException': javax/swing/JMenuItemCustomizer> (0x00000000d69019c8) thrown at [C:\re\workspace\8-2-build-windows-amd64-cygwin\jdk8u91\6644\hotspot\src\share\vm\classfile\systemDictionary.cpp, line 210]
Event: 13.478 Thread 0x000000001ac21800 Exception <a 'java/lang/ClassNotFoundException': javax/swing/JMenuCustomizer> (0x00000000d693fd90) thrown at [C:\re\workspace\8-2-build-windows-amd64-cygwin\jdk8u91\6644\hotspot\src\share\vm\classfile\systemDictionary.cpp, line 210]
Event: 13.684 Thread 0x000000001ac21800 Exception <a 'java/lang/ClassNotFoundException': javax/swing/JButtonBeanInfo> (0x00000000d69ae9a8) thrown at [C:\re\workspace\8-2-build-windows-amd64-cygwin\jdk8u91\6644\hotspot\src\share\vm\classfile\systemDictionary.cpp, line 210]
Event: 13.684 Thread 0x000000001ac21800 Exception <a 'java/lang/ClassNotFoundException': javax/swing/JButtonCustomizer> (0x00000000d69afe00) thrown at [C:\re\workspace\8-2-build-windows-amd64-cygwin\jdk8u91\6644\hotspot\src\share\vm\classfile\systemDictionary.cpp, line 210]
Event: 14.900 Thread 0x000000001ac21800 Implicit null exception at 0x0000000002d407d4 to 0x0000000002d40b2d
Event: 14.901 Thread 0x000000001ac21800 Implicit null exception at 0x0000000002d283d9 to 0x0000000002d2873d

Events (10 events):
Event: 23.360 Executing VM operation: RevokeBias
Event: 23.360 Executing VM operation: RevokeBias done
Event: 23.374 Executing VM operation: RevokeBias
Event: 23.374 Executing VM operation: RevokeBias done
Event: 23.392 Executing VM operation: RevokeBias
Event: 23.392 Executing VM operation: RevokeBias done
Event: 23.392 Executing VM operation: RevokeBias
Event: 23.392 Executing VM operation: RevokeBias done
Event: 23.398 Executing VM operation: RevokeBias
Event: 23.398 Executing VM operation: RevokeBias done


Dynamic libraries:
0x00007ff713fe0000 - 0x00007ff714017000 	C:\Program Files\Java\jdk1.8.0_91\bin\java.exe
0x00007ff96de80000 - 0x00007ff96e051000 	C:\WINDOWS\SYSTEM32\ntdll.dll
0x00007ff96d8a0000 - 0x00007ff96d94b000 	C:\WINDOWS\System32\KERNEL32.DLL
0x00007ff96a3d0000 - 0x00007ff96a5ed000 	C:\WINDOWS\System32\KERNELBASE.dll
0x00007ff96dd30000 - 0x00007ff96ddd2000 	C:\WINDOWS\System32\ADVAPI32.dll
0x00007ff96b9e0000 - 0x00007ff96ba7e000 	C:\WINDOWS\System32\msvcrt.dll
0x00007ff96b550000 - 0x00007ff96b5a9000 	C:\WINDOWS\System32\sechost.dll
0x00007ff96bb10000 - 0x00007ff96bc31000 	C:\WINDOWS\System32\RPCRT4.dll
0x00007ff96bd00000 - 0x00007ff96be65000 	C:\WINDOWS\System32\USER32.dll
0x00007ff96b3f0000 - 0x00007ff96b40e000 	C:\WINDOWS\System32\win32u.dll
0x00007ff96bcc0000 - 0x00007ff96bcf4000 	C:\WINDOWS\System32\GDI32.dll
0x00007ff96a6a0000 - 0x00007ff96a822000 	C:\WINDOWS\System32\gdi32full.dll
0x00007ff966ae0000 - 0x00007ff966d59000 	C:\WINDOWS\WinSxS\amd64_microsoft.windows.common-controls_6595b64144ccf1df_6.0.14393.0_none_2d0f50fcbdb171b8\COMCTL32.dll
0x00007ff96d960000 - 0x00007ff96dc27000 	C:\WINDOWS\System32\combase.dll
0x00007ff96af10000 - 0x00007ff96b005000 	C:\WINDOWS\System32\ucrtbase.dll
0x00007ff96b160000 - 0x00007ff96b1ca000 	C:\WINDOWS\System32\bcryptPrimitives.dll
0x00007ff96ba80000 - 0x00007ff96baae000 	C:\WINDOWS\System32\IMM32.DLL
0x000000006f550000 - 0x000000006f622000 	C:\Program Files\Java\jdk1.8.0_91\jre\bin\msvcr100.dll
0x000000006e0c0000 - 0x000000006e953000 	C:\Program Files\Java\jdk1.8.0_91\jre\bin\server\jvm.dll
0x00007ff96b4e0000 - 0x00007ff96b4e8000 	C:\WINDOWS\System32\PSAPI.DLL
0x00007ff9678a0000 - 0x00007ff9678a9000 	C:\WINDOWS\SYSTEM32\WSOCK32.dll
0x00007ff96bc50000 - 0x00007ff96bcba000 	C:\WINDOWS\System32\WS2_32.dll
0x00007ff968600000 - 0x00007ff968623000 	C:\WINDOWS\SYSTEM32\WINMM.dll
0x00007ff966ab0000 - 0x00007ff966aba000 	C:\WINDOWS\SYSTEM32\VERSION.dll
0x00007ff968300000 - 0x00007ff96832b000 	C:\WINDOWS\SYSTEM32\WINMMBASE.dll
0x00007ff96b1d0000 - 0x00007ff96b212000 	C:\WINDOWS\System32\cfgmgr32.dll
0x000000006f7c0000 - 0x000000006f7cf000 	C:\Program Files\Java\jdk1.8.0_91\jre\bin\verify.dll
0x000000006e090000 - 0x000000006e0b9000 	C:\Program Files\Java\jdk1.8.0_91\jre\bin\java.dll
0x000000006e070000 - 0x000000006e086000 	C:\Program Files\Java\jdk1.8.0_91\jre\bin\zip.dll
0x00007ff96c110000 - 0x00007ff96d618000 	C:\WINDOWS\System32\SHELL32.dll
0x00007ff96a830000 - 0x00007ff96af0a000 	C:\WINDOWS\System32\windows.storage.dll
0x00007ff96a2f0000 - 0x00007ff96a33c000 	C:\WINDOWS\System32\powrprof.dll
0x00007ff96b480000 - 0x00007ff96b4d2000 	C:\WINDOWS\System32\shlwapi.dll
0x00007ff96a2e0000 - 0x00007ff96a2ef000 	C:\WINDOWS\System32\kernel.appcore.dll
0x00007ff96b0b0000 - 0x00007ff96b159000 	C:\WINDOWS\System32\shcore.dll
0x00007ff96a350000 - 0x00007ff96a364000 	C:\WINDOWS\System32\profapi.dll
0x000000006de90000 - 0x000000006e028000 	C:\Program Files\Java\jdk1.8.0_91\jre\bin\awt.dll
0x00007ff96d620000 - 0x00007ff96d6df000 	C:\WINDOWS\System32\OLEAUT32.dll
0x00007ff96b010000 - 0x00007ff96b0ac000 	C:\WINDOWS\System32\msvcp_win.dll
0x00007ff968890000 - 0x00007ff96890a000 	C:\WINDOWS\SYSTEM32\apphelp.dll
0x00007ff968ad0000 - 0x00007ff968b65000 	C:\WINDOWS\system32\uxtheme.dll
0x00007ff96bfb0000 - 0x00007ff96c10b000 	C:\WINDOWS\System32\MSCTF.dll
0x00007ff967e30000 - 0x00007ff967e56000 	C:\WINDOWS\system32\dwmapi.dll
0x00007ff96be70000 - 0x00007ff96bfa7000 	C:\WINDOWS\System32\ole32.dll
0x000000006de40000 - 0x000000006de87000 	C:\Program Files\Java\jdk1.8.0_91\jre\bin\fontmanager.dll
0x000000006e050000 - 0x000000006e06a000 	C:\Program Files\Java\jdk1.8.0_91\jre\bin\net.dll
0x00007ff969950000 - 0x00007ff9699ac000 	C:\WINDOWS\system32\mswsock.dll
0x000000006e030000 - 0x000000006e041000 	C:\Program Files\Java\jdk1.8.0_91\jre\bin\nio.dll
0x00007ff96dde0000 - 0x00007ff96de7f000 	C:\WINDOWS\System32\clbcatq.dll
0x00007ff966150000 - 0x00007ff9662f8000 	C:\WINDOWS\SYSTEM32\WindowsCodecs.dll
0x00007ff95b4e0000 - 0x00007ff95b529000 	C:\WINDOWS\system32\dataexchange.dll
0x00007ff967b70000 - 0x00007ff967e26000 	C:\WINDOWS\system32\d3d11.dll
0x00007ff9681a0000 - 0x00007ff9682f1000 	C:\WINDOWS\system32\dcomp.dll
0x00007ff969270000 - 0x00007ff96930f000 	C:\WINDOWS\system32\dxgi.dll
0x00007ff968d10000 - 0x00007ff968e2c000 	C:\WINDOWS\system32\twinapi.appcore.dll
0x00007ff969fe0000 - 0x00007ff96a00b000 	C:\WINDOWS\system32\bcrypt.dll
0x000000006ddf0000 - 0x000000006de32000 	C:\Program Files\Java\jdk1.8.0_91\jre\bin\t2k.dll

VM Arguments:
java_command: C:\Users\Lucas\Documents\MaterialCodigoAprendizaje\2DAM\ProgramacionServiciosProcesos\Editor\dist\DocumentEditor.jar
java_class_path (initial): C:\Users\Lucas\Documents\MaterialCodigoAprendizaje\2DAM\ProgramacionServiciosProcesos\Editor\dist\DocumentEditor.jar
Launcher Type: SUN_STANDARD

Environment Variables:
PATH=C:\ProgramData\Oracle\Java\javapath;C:\Program Files (x86)\Intel\iCLS Client\;C:\Program Files\Intel\iCLS Client\;C:\Windows\system32;C:\Windows;C:\Windows\System32\Wbem;C:\Windows\System32\WindowsPowerShell\v1.0\;C:\Program Files (x86)\NVIDIA Corporation\PhysX\Common;C:\Program Files (x86)\Intel\Intel(R) Management Engine Components\DAL;C:\Program Files\Intel\Intel(R) Management Engine Components\DAL;C:\Program Files (x86)\Intel\Intel(R) Management Engine Components\IPT;C:\Program Files\Intel\Intel(R) Management Engine Components\IPT;C:\Program Files (x86)\Skype\Phone\;C:\Program Files\Git\cmd;C:\WINDOWS\system32;C:\WINDOWS;C:\WINDOWS\System32\Wbem;C:\WINDOWS\System32\WindowsPowerShell\v1.0\;C:\Users\Lucas\AppData\Local\atom\bin;%USERPROFILE%\AppData\Local\Microsoft\WindowsApps;
USERNAME=Lucas
OS=Windows_NT
PROCESSOR_IDENTIFIER=Intel64 Family 6 Model 94 Stepping 3, GenuineIntel



---------------  S Y S T E M  ---------------

OS: Windows 10.0 , 64 bit Build 14393 (10.0.14393.0)

CPU:total 8 (4 cores per cpu, 2 threads per core) family 6 model 94 stepping 3, cmov, cx8, fxsr, mmx, sse, sse2, sse3, ssse3, sse4.1, sse4.2, popcnt, avx, avx2, aes, clmul, erms, rtm, 3dnowpref, lzcnt, ht, tsc, tscinvbit, bmi1, bmi2, adx

Memory: 4k page, physical 8281880k(884120k free), swap 33447704k(5592k free)

vm_info: Java HotSpot(TM) 64-Bit Server VM (25.91-b14) for windows-amd64 JRE (1.8.0_91-b14), built on Apr  1 2016 00:58:32 by "java_re" with MS VC++ 10.0 (VS2010)

time: Thu Oct 06 09:34:07 2016
elapsed time: 23 seconds (0d 0h 0m 23s)

