#
# A fatal error has been detected by the Java Runtime Environment:
#
#  EXCEPTION_ACCESS_VIOLATION (0xc0000005) at pc=0x000000006e2d2177, pid=6444, tid=19572
#
# JRE version: Java(TM) SE Runtime Environment (8.0_91-b14) (build 1.8.0_91-b14)
# Java VM: Java HotSpot(TM) 64-Bit Server VM (25.91-b14 mixed mode windows-amd64 compressed oops)
# Problematic frame:
# V  [jvm.dll+0x212177]
#
# Failed to write core dump. Minidumps are not enabled by default on client versions of Windows
#
# If you would like to submit a bug report, please visit:
#   http://bugreport.java.com/bugreport/crash.jsp
#

---------------  T H R E A D  ---------------

Current thread (0x000000001b474800):  JavaThread "TimerQueue" daemon [_thread_in_vm, id=19572, stack(0x000000001c8e0000,0x000000001c9e0000)]

siginfo: ExceptionCode=0xc0000005, writing address 0x000000001c9da2b0

Registers:
RAX=0x000000001c9da2b0, RBX=0x0000000000000006, RCX=0x0000000000005000, RDX=0x0000000000000006
RSP=0x000000001c9df2b0, RBP=0x0000000000000000, RSI=0x000000001c9df2b0, RDI=0x0000000000000006
R8 =0x0000000000000006, R9 =0x000000001a123e10, R10=0x000000001767d3f8, R11=0x000000001c8ea148
R12=0x000000001a123e10, R13=0x000000001b474800, R14=0x000000001c9df378, R15=0x000000001767d3f8
RIP=0x000000006e2d2177, EFLAGS=0x0000000000010202

Top of Stack: (sp=0x000000001c9df2b0)
0x000000001c9df2b0:   0000000000000410 0000000000000000
0x000000001c9df2c0:   000000001b474800 000000001a123e10
0x000000001c9df2d0:   00000000ffffffff 000000006e2d30a7
0x000000001c9df2e0:   000000001c9df3e0 000000001767d3f8
0x000000001c9df2f0:   000000001b474800 000000006e17f913
0x000000001c9df300:   000000001c9df340 000000001b474800
0x000000001c9df310:   000000001c9df3d0 000000001b474800
0x000000001c9df320:   000000001767d3f8 000000001b474800
0x000000001c9df330:   00000000030c3200 000000001b474800
0x000000001c9df340:   000000001767d3f8 000000001b474800
0x000000001c9df350:   000000001767d3f8 000000001b474800
0x000000001c9df360:   0000000000000001 000000001767d3f8
0x000000001c9df370:   000000001b474800 000000001a2a61d0
0x000000001c9df380:   000000001b474800 000000006e180dfd
0x000000001c9df390:   000000001c9df698 00000001000069a0
0x000000001c9df3a0:   00000001000069a0 00007ff96af1fd6c 

Instructions: (pc=0x000000006e2d2177)
0x000000006e2d2157:   48 89 6c 24 30 33 ed 66 90 e8 db 37 08 00 ff c3
0x000000006e2d2167:   48 63 c8 48 8b c6 48 0f af cf 48 ff c7 48 2b c1
0x000000006e2d2177:   89 28 48 63 c3 48 3b 05 1d b5 58 00 7e db 48 8b
0x000000006e2d2187:   6c 24 30 48 8b 5c 24 38 48 8b 74 24 40 48 83 c4 


Register to memory mapping:

RAX=0x000000001c9da2b0 is pointing into the stack for thread: 0x000000001b474800
RBX=0x0000000000000006 is an unknown value
RCX=0x0000000000005000 is an unknown value
RDX=0x0000000000000006 is an unknown value
RSP=0x000000001c9df2b0 is pointing into the stack for thread: 0x000000001b474800
RBP=0x0000000000000000 is an unknown value
RSI=0x000000001c9df2b0 is pointing into the stack for thread: 0x000000001b474800
RDI=0x0000000000000006 is an unknown value
R8 =0x0000000000000006 is an unknown value
R9 =0x000000001a123e10 is an unknown value
R10={method} {0x000000001767d400} 'run' '()V' in 'java/lang/Thread'
R11=0x000000001c8ea148 is pointing into the stack for thread: 0x000000001b474800
R12=0x000000001a123e10 is an unknown value
R13=0x000000001b474800 is a thread
R14=0x000000001c9df378 is pointing into the stack for thread: 0x000000001b474800
R15={method} {0x000000001767d400} 'run' '()V' in 'java/lang/Thread'


Stack: [0x000000001c8e0000,0x000000001c9e0000],  sp=0x000000001c9df2b0,  free space=1020k
Native frames: (J=compiled Java code, j=interpreted, Vv=VM code, C=native code)


---------------  P R O C E S S  ---------------

Java Threads: ( => current thread )
=>0x000000001b474800 JavaThread "TimerQueue" daemon [_thread_in_vm, id=19572, stack(0x000000001c8e0000,0x000000001c9e0000)]
  0x000000001b1b7800 JavaThread "SwingWorker-pool-1923643810-thread-1" [_thread_blocked, id=21696, stack(0x000000001c7e0000,0x000000001c8e0000)]
  0x000000001b229000 JavaThread "Image Fetcher 1" daemon [_thread_blocked, id=32560, stack(0x000000001c0e0000,0x000000001c1e0000)]
  0x0000000002fb0800 JavaThread "DestroyJavaVM" [_thread_blocked, id=8484, stack(0x0000000002eb0000,0x0000000002fb0000)]
  0x000000001a2b8000 JavaThread "AWT-EventQueue-0" [_thread_blocked, id=16140, stack(0x000000001bce0000,0x000000001bde0000)]
  0x000000001a2da000 JavaThread "AWT-Windows" daemon [_thread_in_native, id=20664, stack(0x000000001bb10000,0x000000001bc10000)]
  0x000000001a2d9000 JavaThread "AWT-Shutdown" [_thread_blocked, id=18516, stack(0x000000001ba10000,0x000000001bb10000)]
  0x000000001b153800 JavaThread "Java2D Disposer" daemon [_thread_blocked, id=18508, stack(0x000000001b910000,0x000000001ba10000)]
  0x0000000019fa5000 JavaThread "Service Thread" daemon [_thread_blocked, id=11908, stack(0x000000001ab20000,0x000000001ac20000)]
  0x0000000019f98000 JavaThread "C1 CompilerThread3" daemon [_thread_blocked, id=14852, stack(0x000000001aa20000,0x000000001ab20000)]
  0x0000000019f94800 JavaThread "C2 CompilerThread2" daemon [_thread_blocked, id=10620, stack(0x000000001a920000,0x000000001aa20000)]
  0x0000000019f3a000 JavaThread "C2 CompilerThread1" daemon [_thread_blocked, id=15156, stack(0x000000001a820000,0x000000001a920000)]
  0x0000000019f38000 JavaThread "C2 CompilerThread0" daemon [_thread_blocked, id=10748, stack(0x000000001a720000,0x000000001a820000)]
  0x0000000019f35800 JavaThread "Attach Listener" daemon [_thread_blocked, id=12640, stack(0x000000001a620000,0x000000001a720000)]
  0x0000000019f34000 JavaThread "Signal Dispatcher" daemon [_thread_blocked, id=9904, stack(0x000000001a520000,0x000000001a620000)]
  0x00000000030a7000 JavaThread "Finalizer" daemon [_thread_blocked, id=5476, stack(0x000000001a310000,0x000000001a410000)]
  0x000000001803d800 JavaThread "Reference Handler" daemon [_thread_blocked, id=5680, stack(0x0000000019e10000,0x0000000019f10000)]

Other Threads:
  0x0000000018039000 VMThread [stack: 0x0000000019d10000,0x0000000019e10000] [id=12884]
  0x0000000019fa1800 WatcherThread [stack: 0x000000001ac20000,0x000000001ad20000] [id=15492]

VM state:synchronizing (normal execution)

VM Mutex/Monitor currently owned by a thread:  ([mutex/lock_event])
[0x0000000002eab340] Threads_lock - owner thread: 0x0000000018039000
[0x0000000002eac750] Compile_lock - owner thread: 0x000000001a2b8000
[0x0000000002eacdd0] MethodCompileQueue_lock - owner thread: 0x0000000019f98000

Heap:
 PSYoungGen      total 38400K, used 15538K [0x00000000d5e00000, 0x00000000d8880000, 0x0000000100000000)
  eden space 33280K, 46% used [0x00000000d5e00000,0x00000000d6d2ca28,0x00000000d7e80000)
  from space 5120K, 0% used [0x00000000d8380000,0x00000000d8380000,0x00000000d8880000)
  to   space 5120K, 0% used [0x00000000d7e80000,0x00000000d7e80000,0x00000000d8380000)
 ParOldGen       total 87552K, used 0K [0x0000000081a00000, 0x0000000086f80000, 0x00000000d5e00000)
  object space 87552K, 0% used [0x0000000081a00000,0x0000000081a00000,0x0000000086f80000)
 Metaspace       used 13900K, capacity 14138K, committed 14208K, reserved 1060864K
  class space    used 1824K, capacity 1898K, committed 1920K, reserved 1048576K

Card table byte_map: [0x0000000012470000,0x0000000012870000] byte_map_base: 0x0000000012063000

Marking Bits: (ParMarkBitMap*) 0x000000006e8d2f70
 Begin Bits: [0x0000000013320000, 0x00000000152b8000)
 End Bits:   [0x00000000152b8000, 0x0000000017250000)

Polling page: 0x0000000001550000

CodeCache: size=245760Kb used=2907Kb max_used=2907Kb free=242852Kb
 bounds [0x00000000030b0000, 0x0000000003390000, 0x00000000120b0000]
 total_blobs=1294 nmethods=811 adapters=396
 compilation: enabled

Compilation events (10 events):
Event: 18.712 Thread 0x0000000019f98000 nmethod 816 0x0000000003385a10 code [0x0000000003385b60, 0x0000000003385cd0]
Event: 18.713 Thread 0x0000000019f98000  817       1       java.lang.Thread::getThreadGroup (5 bytes)
Event: 18.713 Thread 0x0000000019f98000 nmethod 817 0x0000000003385750 code [0x00000000033858a0, 0x00000000033859b0]
Event: 18.713 Thread 0x0000000019f98000  818       3       com.sun.java.swing.plaf.windows.DesktopProperty::createValue (43 bytes)
Event: 18.713 Thread 0x0000000019f98000 nmethod 818 0x0000000003387650 code [0x00000000033877e0, 0x0000000003387ca8]
Event: 18.713 Thread 0x0000000019f98000  819  s    3       com.sun.java.swing.plaf.windows.XPStyle::getXP (99 bytes)
Event: 18.714 Thread 0x0000000019f98000 nmethod 819 0x0000000003388950 code [0x0000000003388bc0, 0x0000000003389ad8]
Event: 18.714 Thread 0x0000000019f98000  820       3       sun.awt.windows.ThemeReader::isXPStyleEnabled (4 bytes)
Event: 18.714 Thread 0x0000000019f98000 nmethod 820 0x0000000003385450 code [0x00000000033855a0, 0x00000000033856f0]
Event: 18.714 Thread 0x0000000019f98000  821       3       java.awt.font.FontRenderContext::equals (127 bytes)

GC Heap History (0 events):
No events

Deoptimization events (10 events):
Event: 14.210 Thread 0x000000001a2da000 Uncommon trap: reason=class_check action=maybe_recompile pc=0x0000000003320edc method=java.util.HashMap.putVal(ILjava/lang/Object;Ljava/lang/Object;ZZ)Ljava/lang/Object; @ 203
Event: 14.210 Thread 0x000000001a2da000 Uncommon trap: reason=bimorphic action=maybe_recompile pc=0x0000000003320ef8 method=java.util.HashMap.putVal(ILjava/lang/Object;Ljava/lang/Object;ZZ)Ljava/lang/Object; @ 91
Event: 14.210 Thread 0x000000001a2da000 Uncommon trap: reason=class_check action=maybe_recompile pc=0x0000000003320edc method=java.util.HashMap.putVal(ILjava/lang/Object;Ljava/lang/Object;ZZ)Ljava/lang/Object; @ 203
Event: 14.210 Thread 0x000000001a2da000 Uncommon trap: reason=class_check action=maybe_recompile pc=0x0000000003320edc method=java.util.HashMap.putVal(ILjava/lang/Object;Ljava/lang/Object;ZZ)Ljava/lang/Object; @ 203
Event: 14.210 Thread 0x000000001a2da000 Uncommon trap: reason=bimorphic action=maybe_recompile pc=0x0000000003320ef8 method=java.util.HashMap.putVal(ILjava/lang/Object;Ljava/lang/Object;ZZ)Ljava/lang/Object; @ 91
Event: 17.063 Thread 0x000000001a2b8000 Uncommon trap: reason=unstable_if action=reinterpret pc=0x0000000003314228 method=java.lang.reflect.Method.isDefault()Z @ 19
Event: 17.077 Thread 0x000000001a2b8000 Uncommon trap: reason=class_check action=maybe_recompile pc=0x0000000003265c28 method=java.lang.String.equals(Ljava/lang/Object;)Z @ 8
Event: 17.077 Thread 0x000000001a2b8000 Uncommon trap: reason=class_check action=maybe_recompile pc=0x0000000003265c28 method=java.lang.String.equals(Ljava/lang/Object;)Z @ 8
Event: 17.077 Thread 0x000000001a2b8000 Uncommon trap: reason=class_check action=maybe_recompile pc=0x0000000003265c28 method=java.lang.String.equals(Ljava/lang/Object;)Z @ 8
Event: 17.077 Thread 0x000000001a2b8000 Uncommon trap: reason=class_check action=maybe_recompile pc=0x0000000003265c28 method=java.lang.String.equals(Ljava/lang/Object;)Z @ 8

Internal exceptions (10 events):
Event: 10.542 Thread 0x000000001a2b8000 Exception <a 'java/lang/ClassNotFoundException': javax/swing/JComponentCustomizer> (0x00000000d6758fa8) thrown at [C:\re\workspace\8-2-build-windows-amd64-cygwin\jdk8u91\6644\hotspot\src\share\vm\classfile\systemDictionary.cpp, line 210]
Event: 10.545 Thread 0x000000001a2b8000 Exception <a 'java/lang/ArrayIndexOutOfBoundsException'> (0x00000000d6774650) thrown at [C:\re\workspace\8-2-build-windows-amd64-cygwin\jdk8u91\6644\hotspot\src\share\vm\runtime\sharedRuntime.cpp, line 605]
Event: 10.546 Thread 0x000000001a2b8000 Exception <a 'java/lang/ArrayIndexOutOfBoundsException'> (0x00000000d6783db8) thrown at [C:\re\workspace\8-2-build-windows-amd64-cygwin\jdk8u91\6644\hotspot\src\share\vm\runtime\sharedRuntime.cpp, line 605]
Event: 10.553 Thread 0x000000001a2b8000 Exception <a 'java/lang/ClassNotFoundException': javax/swing/AbstractButtonCustomizer> (0x00000000d67eea08) thrown at [C:\re\workspace\8-2-build-windows-amd64-cygwin\jdk8u91\6644\hotspot\src\share\vm\classfile\systemDictionary.cpp, line 210]
Event: 10.560 Thread 0x000000001a2b8000 Exception <a 'java/lang/ClassNotFoundException': javax/swing/JMenuItemCustomizer> (0x00000000d685a1b0) thrown at [C:\re\workspace\8-2-build-windows-amd64-cygwin\jdk8u91\6644\hotspot\src\share\vm\classfile\systemDictionary.cpp, line 210]
Event: 10.564 Thread 0x000000001a2b8000 Exception <a 'java/lang/ClassNotFoundException': javax/swing/JMenuCustomizer> (0x00000000d6898540) thrown at [C:\re\workspace\8-2-build-windows-amd64-cygwin\jdk8u91\6644\hotspot\src\share\vm\classfile\systemDictionary.cpp, line 210]
Event: 10.687 Thread 0x000000001a2b8000 Exception <a 'java/lang/ClassNotFoundException': javax/swing/JButtonBeanInfo> (0x00000000d6907148) thrown at [C:\re\workspace\8-2-build-windows-amd64-cygwin\jdk8u91\6644\hotspot\src\share\vm\classfile\systemDictionary.cpp, line 210]
Event: 10.687 Thread 0x000000001a2b8000 Exception <a 'java/lang/ClassNotFoundException': javax/swing/JButtonCustomizer> (0x00000000d69085a0) thrown at [C:\re\workspace\8-2-build-windows-amd64-cygwin\jdk8u91\6644\hotspot\src\share\vm\classfile\systemDictionary.cpp, line 210]
Event: 12.299 Thread 0x000000001a2b8000 Implicit null exception at 0x00000000032d77d6 to 0x00000000032d7b15
Event: 12.300 Thread 0x000000001a2b8000 Implicit null exception at 0x00000000032c3319 to 0x00000000032c367d

Events (10 events):
Event: 18.714 loading class com/sun/java/swing/plaf/windows/WindowsButtonUI$1 done
Event: 18.715 loading class sun/swing/ImageIconUIResource
Event: 18.715 loading class sun/swing/ImageIconUIResource done
Event: 18.715 loading class javax/swing/GrayFilter
Event: 18.715 loading class java/awt/image/RGBImageFilter
Event: 18.715 loading class java/awt/image/ImageFilter
Event: 18.715 loading class java/awt/image/ImageFilter done
Event: 18.715 Executing VM operation: Deoptimize
Event: 19.106 Executing VM operation: Deoptimize done
Event: 19.106 Thread 0x000000001b1a9000 Thread exited: 0x000000001b1a9000


Dynamic libraries:
0x00007ff713fe0000 - 0x00007ff714017000 	C:\Program Files\Java\jdk1.8.0_91\bin\java.exe
0x00007ff96de80000 - 0x00007ff96e051000 	C:\WINDOWS\SYSTEM32\ntdll.dll
0x00007ff96d8a0000 - 0x00007ff96d94b000 	C:\WINDOWS\System32\KERNEL32.DLL
0x00007ff96a3d0000 - 0x00007ff96a5ed000 	C:\WINDOWS\System32\KERNELBASE.dll
0x00007ff96dd30000 - 0x00007ff96ddd2000 	C:\WINDOWS\System32\ADVAPI32.dll
0x00007ff96b9e0000 - 0x00007ff96ba7e000 	C:\WINDOWS\System32\msvcrt.dll
0x00007ff96b550000 - 0x00007ff96b5a9000 	C:\WINDOWS\System32\sechost.dll
0x00007ff96bb10000 - 0x00007ff96bc31000 	C:\WINDOWS\System32\RPCRT4.dll
0x00007ff96bd00000 - 0x00007ff96be65000 	C:\WINDOWS\System32\USER32.dll
0x00007ff96b3f0000 - 0x00007ff96b40e000 	C:\WINDOWS\System32\win32u.dll
0x00007ff96bcc0000 - 0x00007ff96bcf4000 	C:\WINDOWS\System32\GDI32.dll
0x00007ff96a6a0000 - 0x00007ff96a822000 	C:\WINDOWS\System32\gdi32full.dll
0x00007ff966ae0000 - 0x00007ff966d59000 	C:\WINDOWS\WinSxS\amd64_microsoft.windows.common-controls_6595b64144ccf1df_6.0.14393.0_none_2d0f50fcbdb171b8\COMCTL32.dll
0x00007ff96d960000 - 0x00007ff96dc27000 	C:\WINDOWS\System32\combase.dll
0x00007ff96af10000 - 0x00007ff96b005000 	C:\WINDOWS\System32\ucrtbase.dll
0x00007ff96b160000 - 0x00007ff96b1ca000 	C:\WINDOWS\System32\bcryptPrimitives.dll
0x00007ff96ba80000 - 0x00007ff96baae000 	C:\WINDOWS\System32\IMM32.DLL
0x000000006f550000 - 0x000000006f622000 	C:\Program Files\Java\jdk1.8.0_91\jre\bin\msvcr100.dll
0x000000006e0c0000 - 0x000000006e953000 	C:\Program Files\Java\jdk1.8.0_91\jre\bin\server\jvm.dll
0x00007ff96b4e0000 - 0x00007ff96b4e8000 	C:\WINDOWS\System32\PSAPI.DLL
0x00007ff9678a0000 - 0x00007ff9678a9000 	C:\WINDOWS\SYSTEM32\WSOCK32.dll
0x00007ff96bc50000 - 0x00007ff96bcba000 	C:\WINDOWS\System32\WS2_32.dll
0x00007ff968600000 - 0x00007ff968623000 	C:\WINDOWS\SYSTEM32\WINMM.dll
0x00007ff966ab0000 - 0x00007ff966aba000 	C:\WINDOWS\SYSTEM32\VERSION.dll
0x00007ff968300000 - 0x00007ff96832b000 	C:\WINDOWS\SYSTEM32\WINMMBASE.dll
0x00007ff96b1d0000 - 0x00007ff96b212000 	C:\WINDOWS\System32\cfgmgr32.dll
0x000000006f7c0000 - 0x000000006f7cf000 	C:\Program Files\Java\jdk1.8.0_91\jre\bin\verify.dll
0x000000006e090000 - 0x000000006e0b9000 	C:\Program Files\Java\jdk1.8.0_91\jre\bin\java.dll
0x000000006e070000 - 0x000000006e086000 	C:\Program Files\Java\jdk1.8.0_91\jre\bin\zip.dll
0x00007ff96c110000 - 0x00007ff96d618000 	C:\WINDOWS\System32\SHELL32.dll
0x00007ff96a830000 - 0x00007ff96af0a000 	C:\WINDOWS\System32\windows.storage.dll
0x00007ff96a2f0000 - 0x00007ff96a33c000 	C:\WINDOWS\System32\powrprof.dll
0x00007ff96b480000 - 0x00007ff96b4d2000 	C:\WINDOWS\System32\shlwapi.dll
0x00007ff96a2e0000 - 0x00007ff96a2ef000 	C:\WINDOWS\System32\kernel.appcore.dll
0x00007ff96b0b0000 - 0x00007ff96b159000 	C:\WINDOWS\System32\shcore.dll
0x00007ff96a350000 - 0x00007ff96a364000 	C:\WINDOWS\System32\profapi.dll
0x000000006de90000 - 0x000000006e028000 	C:\Program Files\Java\jdk1.8.0_91\jre\bin\awt.dll
0x00007ff96d620000 - 0x00007ff96d6df000 	C:\WINDOWS\System32\OLEAUT32.dll
0x00007ff96b010000 - 0x00007ff96b0ac000 	C:\WINDOWS\System32\msvcp_win.dll
0x00007ff968890000 - 0x00007ff96890a000 	C:\WINDOWS\SYSTEM32\apphelp.dll
0x00007ff968ad0000 - 0x00007ff968b65000 	C:\WINDOWS\system32\uxtheme.dll
0x00007ff96bfb0000 - 0x00007ff96c10b000 	C:\WINDOWS\System32\MSCTF.dll
0x00007ff967e30000 - 0x00007ff967e56000 	C:\WINDOWS\system32\dwmapi.dll
0x00007ff96be70000 - 0x00007ff96bfa7000 	C:\WINDOWS\System32\ole32.dll
0x000000006de40000 - 0x000000006de87000 	C:\Program Files\Java\jdk1.8.0_91\jre\bin\fontmanager.dll
0x000000006e050000 - 0x000000006e06a000 	C:\Program Files\Java\jdk1.8.0_91\jre\bin\net.dll
0x00007ff969950000 - 0x00007ff9699ac000 	C:\WINDOWS\system32\mswsock.dll
0x000000006e030000 - 0x000000006e041000 	C:\Program Files\Java\jdk1.8.0_91\jre\bin\nio.dll
0x00007ff96dde0000 - 0x00007ff96de7f000 	C:\WINDOWS\System32\clbcatq.dll
0x00007ff966150000 - 0x00007ff9662f8000 	C:\WINDOWS\SYSTEM32\WindowsCodecs.dll
0x00007ff95b4e0000 - 0x00007ff95b529000 	C:\WINDOWS\system32\dataexchange.dll
0x00007ff967b70000 - 0x00007ff967e26000 	C:\WINDOWS\system32\d3d11.dll
0x00007ff9681a0000 - 0x00007ff9682f1000 	C:\WINDOWS\system32\dcomp.dll
0x00007ff969270000 - 0x00007ff96930f000 	C:\WINDOWS\system32\dxgi.dll
0x00007ff968d10000 - 0x00007ff968e2c000 	C:\WINDOWS\system32\twinapi.appcore.dll
0x00007ff969fe0000 - 0x00007ff96a00b000 	C:\WINDOWS\system32\bcrypt.dll
0x000000006ddf0000 - 0x000000006de32000 	C:\Program Files\Java\jdk1.8.0_91\jre\bin\t2k.dll

VM Arguments:
java_command: C:\Users\Lucas\Documents\MaterialCodigoAprendizaje\2DAM\ProgramacionServiciosProcesos\Editor\dist\DocumentEditor.jar
java_class_path (initial): C:\Users\Lucas\Documents\MaterialCodigoAprendizaje\2DAM\ProgramacionServiciosProcesos\Editor\dist\DocumentEditor.jar
Launcher Type: SUN_STANDARD

Environment Variables:
PATH=C:\ProgramData\Oracle\Java\javapath;C:\Program Files (x86)\Intel\iCLS Client\;C:\Program Files\Intel\iCLS Client\;C:\Windows\system32;C:\Windows;C:\Windows\System32\Wbem;C:\Windows\System32\WindowsPowerShell\v1.0\;C:\Program Files (x86)\NVIDIA Corporation\PhysX\Common;C:\Program Files (x86)\Intel\Intel(R) Management Engine Components\DAL;C:\Program Files\Intel\Intel(R) Management Engine Components\DAL;C:\Program Files (x86)\Intel\Intel(R) Management Engine Components\IPT;C:\Program Files\Intel\Intel(R) Management Engine Components\IPT;C:\Program Files (x86)\Skype\Phone\;C:\Program Files\Git\cmd;C:\WINDOWS\system32;C:\WINDOWS;C:\WINDOWS\System32\Wbem;C:\WINDOWS\System32\WindowsPowerShell\v1.0\;C:\Users\Lucas\AppData\Local\atom\bin;%USERPROFILE%\AppData\Local\Microsoft\WindowsApps;
USERNAME=Lucas
OS=Windows_NT
PROCESSOR_IDENTIFIER=Intel64 Family 6 Model 94 Stepping 3, GenuineIntel



---------------  S Y S T E M  ---------------

OS: Windows 10.0 , 64 bit Build 14393 (10.0.14393.0)

CPU:total 8 (4 cores per cpu, 2 threads per core) family 6 model 94 stepping 3, cmov, cx8, fxsr, mmx, sse, sse2, sse3, ssse3, sse4.1, sse4.2, popcnt, avx, avx2, aes, clmul, erms, rtm, 3dnowpref, lzcnt, ht, tsc, tscinvbit, bmi1, bmi2, adx

Memory: 4k page, physical 8281880k(1515832k free), swap 33447704k(2148k free)

vm_info: Java HotSpot(TM) 64-Bit Server VM (25.91-b14) for windows-amd64 JRE (1.8.0_91-b14), built on Apr  1 2016 00:58:32 by "java_re" with MS VC++ 10.0 (VS2010)

time: Thu Oct 06 09:34:02 2016
elapsed time: 19 seconds (0d 0h 0m 19s)

