# There is insufficient memory for the Java Runtime Environment to continue.
# Native memory allocation (malloc) failed to allocate 32744 bytes for ChunkPool::allocate
# Possible reasons:
#   The system is out of physical RAM or swap space
#   In 32 bit mode, the process size limit was hit
# Possible solutions:
#   Reduce memory load on the system
#   Increase physical memory or swap space
#   Check if swap backing store is full
#   Use 64 bit Java on a 64 bit OS
#   Decrease Java heap size (-Xmx/-Xms)
#   Decrease number of Java threads
#   Decrease Java thread stack sizes (-Xss)
#   Set larger code cache with -XX:ReservedCodeCacheSize=
# This output file may be truncated or incomplete.
#
#  Out of Memory Error (allocation.cpp:273), pid=13052, tid=9280
#
# JRE version: Java(TM) SE Runtime Environment (8.0_91-b14) (build 1.8.0_91-b14)
# Java VM: Java HotSpot(TM) 64-Bit Server VM (25.91-b14 mixed mode windows-amd64 compressed oops)
# Failed to write core dump. Minidumps are not enabled by default on client versions of Windows
#

---------------  T H R E A D  ---------------

Current thread (0x000000001a03a000):  JavaThread "C1 CompilerThread3" daemon [_thread_in_native, id=9280, stack(0x000000001aac0000,0x000000001abc0000)]

Stack: [0x000000001aac0000,0x000000001abc0000]
[error occurred during error reporting (printing stack bounds), id 0xc0000005]

Native frames: (J=compiled Java code, j=interpreted, Vv=VM code, C=native code)


Current CompileTask:
C1:  28357 1026       3       com.sun.java.swing.SwingUtilities3::getDelegateRepaintManager (73 bytes)


---------------  P R O C E S S  ---------------

Java Threads: ( => current thread )
  0x000000001b3a6000 JavaThread "TimerQueue" daemon [_thread_blocked, id=26580, stack(0x000000001d7f0000,0x000000001d8f0000)]
  0x0000000003060800 JavaThread "DestroyJavaVM" [_thread_blocked, id=2656, stack(0x0000000002e70000,0x0000000002f70000)]
  0x000000001a35a800 JavaThread "AWT-EventQueue-0" [_thread_blocked, id=16776, stack(0x000000001bdf0000,0x000000001bef0000)]
  0x000000001a357000 JavaThread "AWT-Windows" daemon [_thread_in_native, id=11912, stack(0x000000001bbb0000,0x000000001bcb0000)]
  0x000000001a355000 JavaThread "AWT-Shutdown" [_thread_blocked, id=10520, stack(0x000000001bab0000,0x000000001bbb0000)]
  0x000000001a354800 JavaThread "Java2D Disposer" daemon [_thread_blocked, id=3204, stack(0x000000001b9b0000,0x000000001bab0000)]
  0x000000001a04f800 JavaThread "Service Thread" daemon [_thread_blocked, id=1144, stack(0x000000001abc0000,0x000000001acc0000)]
=>0x000000001a03a000 JavaThread "C1 CompilerThread3" daemon [_thread_in_native, id=9280, stack(0x000000001aac0000,0x000000001abc0000)]
  0x000000001a036800 JavaThread "C2 CompilerThread2" daemon [_thread_blocked, id=12828, stack(0x000000001a9c0000,0x000000001aac0000)]
  0x000000001a02b000 JavaThread "C2 CompilerThread1" daemon [_thread_blocked, id=3572, stack(0x000000001a8c0000,0x000000001a9c0000)]
  0x0000000019fd8000 JavaThread "C2 CompilerThread0" daemon [_thread_blocked, id=7136, stack(0x000000001a7c0000,0x000000001a8c0000)]
  0x0000000019fd6000 JavaThread "Attach Listener" daemon [_thread_blocked, id=8564, stack(0x000000001a6c0000,0x000000001a7c0000)]
  0x0000000019fd5000 JavaThread "Signal Dispatcher" daemon [_thread_blocked, id=12148, stack(0x000000001a5c0000,0x000000001a6c0000)]
  0x0000000019fd0800 JavaThread "Finalizer" daemon [_thread_blocked, id=7896, stack(0x000000001a3b0000,0x000000001a4b0000)]
  0x00000000180ec800 JavaThread "Reference Handler" daemon [_thread_blocked, id=2056, stack(0x0000000019eb0000,0x0000000019fb0000)]

Other Threads:
  0x00000000180e9000 VMThread [stack: 0x0000000019db0000,0x0000000019eb0000] [id=6860]
  0x000000001a044000 WatcherThread [stack: 0x000000001acc0000,0x000000001adc0000] [id=1072]

VM state:not at safepoint (normal execution)

VM Mutex/Monitor currently owned by a thread: None

Heap:
 PSYoungGen      total 38400K, used 10854K [0x00000000d5e00000, 0x00000000d8880000, 0x0000000100000000)
  eden space 33280K, 32% used [0x00000000d5e00000,0x00000000d6899950,0x00000000d7e80000)
  from space 5120K, 0% used [0x00000000d7e80000,0x00000000d7e80000,0x00000000d8380000)
  to   space 5120K, 0% used [0x00000000d8380000,0x00000000d8380000,0x00000000d8880000)
 ParOldGen       total 64000K, used 2469K [0x0000000081a00000, 0x0000000085880000, 0x00000000d5e00000)
  object space 64000K, 3% used [0x0000000081a00000,0x0000000081c696e8,0x0000000085880000)
 Metaspace       used 14419K, capacity 14632K, committed 15104K, reserved 1062912K
  class space    used 1870K, capacity 1931K, committed 2048K, reserved 1048576K

Card table byte_map: [0x0000000012520000,0x0000000012920000] byte_map_base: 0x0000000012113000

Marking Bits: (ParMarkBitMap*) 0x000000006e8d2f70
 Begin Bits: [0x00000000133d0000, 0x0000000015368000)
 End Bits:   [0x0000000015368000, 0x0000000017300000)

Polling page: 0x0000000002f70000

CodeCache: size=245760Kb used=3537Kb max_used=3547Kb free=242222Kb
 bounds [0x0000000003160000, 0x00000000034e0000, 0x0000000012160000]
 total_blobs=1505 nmethods=1013 adapters=404
 compilation: enabled

Compilation events (10 events):
Event: 27.261 Thread 0x000000001a03a000 nmethod 1021 0x00000000034bedd0 code [0x00000000034bef40, 0x00000000034bf1f0]
Event: 27.771 Thread 0x000000001a03a000 1022       3       java.util.IdentityHashMap::get (60 bytes)
Event: 27.772 Thread 0x000000001a03a000 nmethod 1022 0x00000000034be550 code [0x00000000034be700, 0x00000000034beba8]
Event: 27.772 Thread 0x000000001a03a000 1023       3       sun.java2d.SunGraphics2D::setFont (105 bytes)
Event: 27.773 Thread 0x000000001a03a000 nmethod 1023 0x00000000034bd850 code [0x00000000034bda00, 0x00000000034be2f8]
Event: 28.302 Thread 0x000000001a02b000 1024       4       java.util.ArrayList::rangeCheck (22 bytes)
Event: 28.303 Thread 0x000000001a03a000 1025       1       java.util.ArrayList::elementData (7 bytes)
Event: 28.303 Thread 0x000000001a02b000 nmethod 1024 0x00000000034a9c10 code [0x00000000034a9d40, 0x00000000034a9db8]
Event: 28.303 Thread 0x000000001a03a000 nmethod 1025 0x00000000034bd510 code [0x00000000034bd660, 0x00000000034bd790]
Event: 28.304 Thread 0x000000001a03a000 1026       3       com.sun.java.swing.SwingUtilities3::getDelegateRepaintManager (73 bytes)

GC Heap History (4 events):
Event: 9.426 GC heap before
{Heap before GC invocations=1 (full 0):
 PSYoungGen      total 38400K, used 12670K [0x00000000d5e00000, 0x00000000d8880000, 0x0000000100000000)
  eden space 33280K, 38% used [0x00000000d5e00000,0x00000000d6a5f818,0x00000000d7e80000)
  from space 5120K, 0% used [0x00000000d8380000,0x00000000d8380000,0x00000000d8880000)
  to   space 5120K, 0% used [0x00000000d7e80000,0x00000000d7e80000,0x00000000d8380000)
 ParOldGen       total 87552K, used 0K [0x0000000081a00000, 0x0000000086f80000, 0x00000000d5e00000)
  object space 87552K, 0% used [0x0000000081a00000,0x0000000081a00000,0x0000000086f80000)
 Metaspace       used 12062K, capacity 12266K, committed 12416K, reserved 1060864K
  class space    used 1562K, capacity 1638K, committed 1664K, reserved 1048576K
Event: 9.535 GC heap after
Heap after GC invocations=1 (full 0):
 PSYoungGen      total 38400K, used 2656K [0x00000000d5e00000, 0x00000000d8880000, 0x0000000100000000)
  eden space 33280K, 0% used [0x00000000d5e00000,0x00000000d5e00000,0x00000000d7e80000)
  from space 5120K, 51% used [0x00000000d7e80000,0x00000000d8118020,0x00000000d8380000)
  to   space 5120K, 0% used [0x00000000d8380000,0x00000000d8380000,0x00000000d8880000)
 ParOldGen       total 87552K, used 16K [0x0000000081a00000, 0x0000000086f80000, 0x00000000d5e00000)
  object space 87552K, 0% used [0x0000000081a00000,0x0000000081a04000,0x0000000086f80000)
 Metaspace       used 12062K, capacity 12266K, committed 12416K, reserved 1060864K
  class space    used 1562K, capacity 1638K, committed 1664K, reserved 1048576K
}
Event: 9.535 GC heap before
{Heap before GC invocations=2 (full 1):
 PSYoungGen      total 38400K, used 2656K [0x00000000d5e00000, 0x00000000d8880000, 0x0000000100000000)
  eden space 33280K, 0% used [0x00000000d5e00000,0x00000000d5e00000,0x00000000d7e80000)
  from space 5120K, 51% used [0x00000000d7e80000,0x00000000d8118020,0x00000000d8380000)
  to   space 5120K, 0% used [0x00000000d8380000,0x00000000d8380000,0x00000000d8880000)
 ParOldGen       total 87552K, used 16K [0x0000000081a00000, 0x0000000086f80000, 0x00000000d5e00000)
  object space 87552K, 0% used [0x0000000081a00000,0x0000000081a04000,0x0000000086f80000)
 Metaspace       used 12062K, capacity 12266K, committed 12416K, reserved 1060864K
  class space    used 1562K, capacity 1638K, committed 1664K, reserved 1048576K
Event: 10.126 GC heap after
Heap after GC invocations=2 (full 1):
 PSYoungGen      total 38400K, used 0K [0x00000000d5e00000, 0x00000000d8880000, 0x0000000100000000)
  eden space 33280K, 0% used [0x00000000d5e00000,0x00000000d5e00000,0x00000000d7e80000)
  from space 5120K, 0% used [0x00000000d7e80000,0x00000000d7e80000,0x00000000d8380000)
  to   space 5120K, 0% used [0x00000000d8380000,0x00000000d8380000,0x00000000d8880000)
 ParOldGen       total 64000K, used 2469K [0x0000000081a00000, 0x0000000085880000, 0x00000000d5e00000)
  object space 64000K, 3% used [0x0000000081a00000,0x0000000081c696e8,0x0000000085880000)
 Metaspace       used 12062K, capacity 12266K, committed 12416K, reserved 1060864K
  class space    used 1562K, capacity 1638K, committed 1664K, reserved 1048576K
}

Deoptimization events (10 events):
Event: 13.075 Thread 0x000000001a35a800 Uncommon trap: reason=class_check action=maybe_recompile pc=0x00000000032e5b28 method=java.lang.String.equals(Ljava/lang/Object;)Z @ 8
Event: 13.075 Thread 0x000000001a35a800 Uncommon trap: reason=class_check action=maybe_recompile pc=0x00000000032e5b28 method=java.lang.String.equals(Ljava/lang/Object;)Z @ 8
Event: 13.075 Thread 0x000000001a35a800 Uncommon trap: reason=class_check action=maybe_recompile pc=0x00000000032e5b28 method=java.lang.String.equals(Ljava/lang/Object;)Z @ 8
Event: 13.075 Thread 0x000000001a35a800 Uncommon trap: reason=class_check action=maybe_recompile pc=0x00000000032e5b28 method=java.lang.String.equals(Ljava/lang/Object;)Z @ 8
Event: 16.524 Thread 0x000000001a35a800 Uncommon trap: reason=bimorphic action=maybe_recompile pc=0x00000000033e71f8 method=java.util.HashMap.putVal(ILjava/lang/Object;Ljava/lang/Object;ZZ)Ljava/lang/Object; @ 91
Event: 16.526 Thread 0x000000001a35a800 Uncommon trap: reason=bimorphic action=maybe_recompile pc=0x00000000033e71f8 method=java.util.HashMap.putVal(ILjava/lang/Object;Ljava/lang/Object;ZZ)Ljava/lang/Object; @ 91
Event: 16.526 Thread 0x000000001a35a800 Uncommon trap: reason=unstable_if action=reinterpret pc=0x000000000338e1a8 method=java.util.HashMap.getNode(ILjava/lang/Object;)Ljava/util/HashMap$Node; @ 129
Event: 16.526 Thread 0x000000001a35a800 Uncommon trap: reason=bimorphic action=maybe_recompile pc=0x00000000033ebf38 method=java.util.HashMap.putVal(ILjava/lang/Object;Ljava/lang/Object;ZZ)Ljava/lang/Object; @ 91
Event: 16.528 Thread 0x000000001a35a800 Uncommon trap: reason=unstable_if action=reinterpret pc=0x0000000003370280 method=java.util.HashMap.getNode(ILjava/lang/Object;)Ljava/util/HashMap$Node; @ 129
Event: 16.714 Thread 0x000000001a35a800 Uncommon trap: reason=unstable_if action=reinterpret pc=0x000000000348d5f0 method=java.awt.datatransfer.MimeTypeParameterList.skipWhiteSpace(Ljava/lang/String;I)I @ 25

Internal exceptions (10 events):
Event: 2.966 Thread 0x000000001a35a800 Exception <a 'java/lang/ClassNotFoundException': javax/swing/JComponentCustomizer> (0x00000000d67584a0) thrown at [C:\re\workspace\8-2-build-windows-amd64-cygwin\jdk8u91\6644\hotspot\src\share\vm\classfile\systemDictionary.cpp, line 210]
Event: 2.974 Thread 0x000000001a35a800 Exception <a 'java/lang/ArrayIndexOutOfBoundsException'> (0x00000000d6779530) thrown at [C:\re\workspace\8-2-build-windows-amd64-cygwin\jdk8u91\6644\hotspot\src\share\vm\runtime\sharedRuntime.cpp, line 605]
Event: 2.978 Thread 0x000000001a35a800 Exception <a 'java/lang/ArrayIndexOutOfBoundsException'> (0x00000000d6793db8) thrown at [C:\re\workspace\8-2-build-windows-amd64-cygwin\jdk8u91\6644\hotspot\src\share\vm\runtime\sharedRuntime.cpp, line 605]
Event: 3.061 Thread 0x000000001a35a800 Exception <a 'java/lang/ClassNotFoundException': javax/swing/AbstractButtonCustomizer> (0x00000000d67ede20) thrown at [C:\re\workspace\8-2-build-windows-amd64-cygwin\jdk8u91\6644\hotspot\src\share\vm\classfile\systemDictionary.cpp, line 210]
Event: 3.068 Thread 0x000000001a35a800 Exception <a 'java/lang/ClassNotFoundException': javax/swing/JMenuItemCustomizer> (0x00000000d6859618) thrown at [C:\re\workspace\8-2-build-windows-amd64-cygwin\jdk8u91\6644\hotspot\src\share\vm\classfile\systemDictionary.cpp, line 210]
Event: 3.072 Thread 0x000000001a35a800 Exception <a 'java/lang/ClassNotFoundException': javax/swing/JMenuCustomizer> (0x00000000d6897ae8) thrown at [C:\re\workspace\8-2-build-windows-amd64-cygwin\jdk8u91\6644\hotspot\src\share\vm\classfile\systemDictionary.cpp, line 210]
Event: 3.195 Thread 0x000000001a35a800 Exception <a 'java/lang/ClassNotFoundException': javax/swing/JButtonBeanInfo> (0x00000000d6906720) thrown at [C:\re\workspace\8-2-build-windows-amd64-cygwin\jdk8u91\6644\hotspot\src\share\vm\classfile\systemDictionary.cpp, line 210]
Event: 3.196 Thread 0x000000001a35a800 Exception <a 'java/lang/ClassNotFoundException': javax/swing/JButtonCustomizer> (0x00000000d6907b78) thrown at [C:\re\workspace\8-2-build-windows-amd64-cygwin\jdk8u91\6644\hotspot\src\share\vm\classfile\systemDictionary.cpp, line 210]
Event: 3.498 Thread 0x000000001a35a800 Implicit null exception at 0x000000000338a6d9 to 0x000000000338aa3d
Event: 3.499 Thread 0x000000001a35a800 Implicit null exception at 0x0000000003372316 to 0x0000000003372645

Events (10 events):
Event: 16.826 Executing VM operation: RevokeBias
Event: 16.826 Executing VM operation: RevokeBias done
Event: 16.831 loading class org/jdesktop/swingworker/SwingWorker$5
Event: 16.831 loading class org/jdesktop/swingworker/SwingWorker$5 done
Event: 21.162 Executing VM operation: RevokeBias
Event: 21.162 Executing VM operation: RevokeBias done
Event: 21.162 Thread 0x000000001b3a4000 Thread exited: 0x000000001b3a4000
Event: 22.052 Executing VM operation: RevokeBias
Event: 22.052 Executing VM operation: RevokeBias done
Event: 22.052 Thread 0x000000001b3a3800 Thread exited: 0x000000001b3a3800


Dynamic libraries:
0x00007ff713fe0000 - 0x00007ff714017000 	C:\Program Files\Java\jdk1.8.0_91\bin\java.exe
0x00007ff96de80000 - 0x00007ff96e051000 	C:\WINDOWS\SYSTEM32\ntdll.dll
0x00007ff96d8a0000 - 0x00007ff96d94b000 	C:\WINDOWS\System32\KERNEL32.DLL
0x00007ff96a3d0000 - 0x00007ff96a5ed000 	C:\WINDOWS\System32\KERNELBASE.dll
0x00007ff96dd30000 - 0x00007ff96ddd2000 	C:\WINDOWS\System32\ADVAPI32.dll
0x00007ff96b9e0000 - 0x00007ff96ba7e000 	C:\WINDOWS\System32\msvcrt.dll
0x00007ff96b550000 - 0x00007ff96b5a9000 	C:\WINDOWS\System32\sechost.dll
0x00007ff96bb10000 - 0x00007ff96bc31000 	C:\WINDOWS\System32\RPCRT4.dll
0x00007ff96bd00000 - 0x00007ff96be65000 	C:\WINDOWS\System32\USER32.dll
0x00007ff96b3f0000 - 0x00007ff96b40e000 	C:\WINDOWS\System32\win32u.dll
0x00007ff96bcc0000 - 0x00007ff96bcf4000 	C:\WINDOWS\System32\GDI32.dll
0x00007ff96a6a0000 - 0x00007ff96a822000 	C:\WINDOWS\System32\gdi32full.dll
0x00007ff966ae0000 - 0x00007ff966d59000 	C:\WINDOWS\WinSxS\amd64_microsoft.windows.common-controls_6595b64144ccf1df_6.0.14393.0_none_2d0f50fcbdb171b8\COMCTL32.dll
0x00007ff96d960000 - 0x00007ff96dc27000 	C:\WINDOWS\System32\combase.dll
0x00007ff96af10000 - 0x00007ff96b005000 	C:\WINDOWS\System32\ucrtbase.dll
0x00007ff96b160000 - 0x00007ff96b1ca000 	C:\WINDOWS\System32\bcryptPrimitives.dll
0x00007ff96ba80000 - 0x00007ff96baae000 	C:\WINDOWS\System32\IMM32.DLL
0x000000006f550000 - 0x000000006f622000 	C:\Program Files\Java\jdk1.8.0_91\jre\bin\msvcr100.dll
0x000000006e0c0000 - 0x000000006e953000 	C:\Program Files\Java\jdk1.8.0_91\jre\bin\server\jvm.dll
0x00007ff96b4e0000 - 0x00007ff96b4e8000 	C:\WINDOWS\System32\PSAPI.DLL
0x00007ff9678a0000 - 0x00007ff9678a9000 	C:\WINDOWS\SYSTEM32\WSOCK32.dll
0x00007ff96bc50000 - 0x00007ff96bcba000 	C:\WINDOWS\System32\WS2_32.dll
0x00007ff968600000 - 0x00007ff968623000 	C:\WINDOWS\SYSTEM32\WINMM.dll
0x00007ff966ab0000 - 0x00007ff966aba000 	C:\WINDOWS\SYSTEM32\VERSION.dll
0x00007ff968300000 - 0x00007ff96832b000 	C:\WINDOWS\SYSTEM32\WINMMBASE.dll
0x00007ff96b1d0000 - 0x00007ff96b212000 	C:\WINDOWS\System32\cfgmgr32.dll
0x000000006f7c0000 - 0x000000006f7cf000 	C:\Program Files\Java\jdk1.8.0_91\jre\bin\verify.dll
0x000000006e090000 - 0x000000006e0b9000 	C:\Program Files\Java\jdk1.8.0_91\jre\bin\java.dll
0x000000006e070000 - 0x000000006e086000 	C:\Program Files\Java\jdk1.8.0_91\jre\bin\zip.dll
0x00007ff96c110000 - 0x00007ff96d618000 	C:\WINDOWS\System32\SHELL32.dll
0x00007ff96a830000 - 0x00007ff96af0a000 	C:\WINDOWS\System32\windows.storage.dll
0x00007ff96a2f0000 - 0x00007ff96a33c000 	C:\WINDOWS\System32\powrprof.dll
0x00007ff96b480000 - 0x00007ff96b4d2000 	C:\WINDOWS\System32\shlwapi.dll
0x00007ff96a2e0000 - 0x00007ff96a2ef000 	C:\WINDOWS\System32\kernel.appcore.dll
0x00007ff96b0b0000 - 0x00007ff96b159000 	C:\WINDOWS\System32\shcore.dll
0x00007ff96a350000 - 0x00007ff96a364000 	C:\WINDOWS\System32\profapi.dll
0x000000006de90000 - 0x000000006e028000 	C:\Program Files\Java\jdk1.8.0_91\jre\bin\awt.dll
0x00007ff96d620000 - 0x00007ff96d6df000 	C:\WINDOWS\System32\OLEAUT32.dll
0x00007ff96b010000 - 0x00007ff96b0ac000 	C:\WINDOWS\System32\msvcp_win.dll
0x00007ff968890000 - 0x00007ff96890a000 	C:\WINDOWS\SYSTEM32\apphelp.dll
0x00007ff968ad0000 - 0x00007ff968b65000 	C:\WINDOWS\system32\uxtheme.dll
0x00007ff96bfb0000 - 0x00007ff96c10b000 	C:\WINDOWS\System32\MSCTF.dll
0x00007ff967e30000 - 0x00007ff967e56000 	C:\WINDOWS\system32\dwmapi.dll
0x00007ff96be70000 - 0x00007ff96bfa7000 	C:\WINDOWS\System32\ole32.dll
0x000000006de40000 - 0x000000006de87000 	C:\Program Files\Java\jdk1.8.0_91\jre\bin\fontmanager.dll
0x000000006e050000 - 0x000000006e06a000 	C:\Program Files\Java\jdk1.8.0_91\jre\bin\net.dll
0x00007ff969950000 - 0x00007ff9699ac000 	C:\WINDOWS\system32\mswsock.dll
0x000000006e030000 - 0x000000006e041000 	C:\Program Files\Java\jdk1.8.0_91\jre\bin\nio.dll
0x00007ff96dde0000 - 0x00007ff96de7f000 	C:\WINDOWS\System32\clbcatq.dll
0x00007ff966150000 - 0x00007ff9662f8000 	C:\WINDOWS\SYSTEM32\WindowsCodecs.dll
0x00007ff95b4e0000 - 0x00007ff95b529000 	C:\WINDOWS\system32\dataexchange.dll
0x00007ff967b70000 - 0x00007ff967e26000 	C:\WINDOWS\system32\d3d11.dll
0x00007ff9681a0000 - 0x00007ff9682f1000 	C:\WINDOWS\system32\dcomp.dll
0x00007ff969270000 - 0x00007ff96930f000 	C:\WINDOWS\system32\dxgi.dll
0x00007ff968d10000 - 0x00007ff968e2c000 	C:\WINDOWS\system32\twinapi.appcore.dll
0x00007ff969fe0000 - 0x00007ff96a00b000 	C:\WINDOWS\system32\bcrypt.dll
0x000000006ddf0000 - 0x000000006de32000 	C:\Program Files\Java\jdk1.8.0_91\jre\bin\t2k.dll

VM Arguments:
java_command: C:\Users\Lucas\Documents\MaterialCodigoAprendizaje\2DAM\ProgramacionServiciosProcesos\Editor\dist\DocumentEditor.jar
java_class_path (initial): C:\Users\Lucas\Documents\MaterialCodigoAprendizaje\2DAM\ProgramacionServiciosProcesos\Editor\dist\DocumentEditor.jar
Launcher Type: SUN_STANDARD

Environment Variables:
PATH=C:\ProgramData\Oracle\Java\javapath;C:\Program Files (x86)\Intel\iCLS Client\;C:\Program Files\Intel\iCLS Client\;C:\Windows\system32;C:\Windows;C:\Windows\System32\Wbem;C:\Windows\System32\WindowsPowerShell\v1.0\;C:\Program Files (x86)\NVIDIA Corporation\PhysX\Common;C:\Program Files (x86)\Intel\Intel(R) Management Engine Components\DAL;C:\Program Files\Intel\Intel(R) Management Engine Components\DAL;C:\Program Files (x86)\Intel\Intel(R) Management Engine Components\IPT;C:\Program Files\Intel\Intel(R) Management Engine Components\IPT;C:\Program Files (x86)\Skype\Phone\;C:\Program Files\Git\cmd;C:\WINDOWS\system32;C:\WINDOWS;C:\WINDOWS\System32\Wbem;C:\WINDOWS\System32\WindowsPowerShell\v1.0\;C:\Users\Lucas\AppData\Local\atom\bin;%USERPROFILE%\AppData\Local\Microsoft\WindowsApps;
USERNAME=Lucas
OS=Windows_NT
PROCESSOR_IDENTIFIER=Intel64 Family 6 Model 94 Stepping 3, GenuineIntel



---------------  S Y S T E M  ---------------

OS: Windows 10.0 , 64 bit Build 14393 (10.0.14393.0)

CPU:total 8 (4 cores per cpu, 2 threads per core) family 6 model 94 stepping 3, cmov, cx8, fxsr, mmx, sse, sse2, sse3, ssse3, sse4.1, sse4.2, popcnt, avx, avx2, aes, clmul, erms, rtm, 3dnowpref, lzcnt, ht, tsc, tscinvbit, bmi1, bmi2, adx

Memory: 4k page, physical 8281880k(638548k free), swap 33447704k(0k free)

vm_info: Java HotSpot(TM) 64-Bit Server VM (25.91-b14) for windows-amd64 JRE (1.8.0_91-b14), built on Apr  1 2016 00:58:32 by "java_re" with MS VC++ 10.0 (VS2010)

time: Thu Oct 06 09:34:11 2016
elapsed time: 28 seconds (0d 0h 0m 28s)

