#
# There is insufficient memory for the Java Runtime Environment to continue.
# Native memory allocation (malloc) failed to allocate 44096 bytes for Chunk::new
# Possible reasons:
#   The system is out of physical RAM or swap space
#   In 32 bit mode, the process size limit was hit
# Possible solutions:
#   Reduce memory load on the system
#   Increase physical memory or swap space
#   Check if swap backing store is full
#   Use 64 bit Java on a 64 bit OS
#   Decrease Java heap size (-Xmx/-Xms)
#   Decrease number of Java threads
#   Decrease Java thread stack sizes (-Xss)
#   Set larger code cache with -XX:ReservedCodeCacheSize=
# This output file may be truncated or incomplete.
#
#  Out of Memory Error (allocation.cpp:390), pid=30824, tid=6796
#
# JRE version: Java(TM) SE Runtime Environment (8.0_91-b14) (build 1.8.0_91-b14)
# Java VM: Java HotSpot(TM) 64-Bit Server VM (25.91-b14 mixed mode windows-amd64 compressed oops)
# Failed to write core dump. Minidumps are not enabled by default on client versions of Windows
#

---------------  T H R E A D  ---------------

Current thread (0x0000000019579000):  JavaThread "C2 CompilerThread0" daemon [_thread_in_native, id=6796, stack(0x0000000019d60000,0x0000000019e60000)]

Stack: [0x0000000019d60000,0x0000000019e60000]
[error occurred during error reporting (printing stack bounds), id 0xc0000005]

Native frames: (J=compiled Java code, j=interpreted, Vv=VM code, C=native code)


Current CompileTask:
C2:   9002  525       4       java.lang.StringBuilder::append (8 bytes)


---------------  P R O C E S S  ---------------

Java Threads: ( => current thread )
  0x000000001983d000 JavaThread "Image Fetcher 1" daemon [_thread_blocked, id=20948, stack(0x000000001b730000,0x000000001b830000)]
  0x00000000196ec800 JavaThread "Image Fetcher 0" daemon [_thread_blocked, id=31696, stack(0x000000001b630000,0x000000001b730000)]
  0x00000000025c0800 JavaThread "DestroyJavaVM" [_thread_blocked, id=20412, stack(0x0000000002430000,0x0000000002530000)]
  0x000000001a78e800 JavaThread "AWT-EventQueue-0" [_thread_blocked, id=11364, stack(0x000000001b320000,0x000000001b420000)]
  0x000000001a788800 JavaThread "AWT-Windows" daemon [_thread_in_native, id=23584, stack(0x000000001b150000,0x000000001b250000)]
  0x000000001a786000 JavaThread "AWT-Shutdown" [_thread_blocked, id=21612, stack(0x000000001b050000,0x000000001b150000)]
  0x000000001a785000 JavaThread "Java2D Disposer" daemon [_thread_blocked, id=32444, stack(0x000000001af50000,0x000000001b050000)]
  0x00000000195e9000 JavaThread "Service Thread" daemon [_thread_blocked, id=31564, stack(0x000000001a160000,0x000000001a260000)]
  0x00000000195dc800 JavaThread "C1 CompilerThread3" daemon [_thread_blocked, id=8760, stack(0x000000001a060000,0x000000001a160000)]
  0x00000000195d8800 JavaThread "C2 CompilerThread2" daemon [_thread_blocked, id=26660, stack(0x0000000019f60000,0x000000001a060000)]
  0x00000000195d5800 JavaThread "C2 CompilerThread1" daemon [_thread_blocked, id=30144, stack(0x0000000019e60000,0x0000000019f60000)]
=>0x0000000019579000 JavaThread "C2 CompilerThread0" daemon [_thread_in_native, id=6796, stack(0x0000000019d60000,0x0000000019e60000)]
  0x0000000019576800 JavaThread "Attach Listener" daemon [_thread_blocked, id=19888, stack(0x0000000019c60000,0x0000000019d60000)]
  0x0000000019575000 JavaThread "Signal Dispatcher" daemon [_thread_blocked, id=8660, stack(0x0000000019b60000,0x0000000019c60000)]
  0x0000000019570800 JavaThread "Finalizer" daemon [_thread_blocked, id=25128, stack(0x0000000019950000,0x0000000019a50000)]
  0x000000001764d800 JavaThread "Reference Handler" daemon [_thread_blocked, id=25112, stack(0x0000000019450000,0x0000000019550000)]

Other Threads:
  0x0000000017649000 VMThread [stack: 0x0000000019350000,0x0000000019450000] [id=12876]
  0x00000000195e4800 WatcherThread [stack: 0x000000001a260000,0x000000001a360000] [id=28260]

VM state:at safepoint (normal execution)

VM Mutex/Monitor currently owned by a thread:  ([mutex/lock_event])
[0x00000000025bb440] Threads_lock - owner thread: 0x0000000017649000
[0x00000000025bc650] Heap_lock - owner thread: 0x000000001a78e800

Heap:
 PSYoungGen      total 38400K, used 9999K [0x00000000d5e00000, 0x00000000d8880000, 0x0000000100000000)
  eden space 33280K, 30% used [0x00000000d5e00000,0x00000000d67c3e58,0x00000000d7e80000)
  from space 5120K, 0% used [0x00000000d8380000,0x00000000d8380000,0x00000000d8880000)
  to   space 5120K, 3% used [0x00000000d7e80000,0x00000000d7ea8000,0x00000000d8380000)
 ParOldGen       total 87552K, used 0K [0x0000000081a00000, 0x0000000086f80000, 0x00000000d5e00000)
  object space 87552K, 0% used [0x0000000081a00000,0x0000000081a00000,0x0000000086f80000)
 Metaspace       used 11330K, capacity 11486K, committed 11520K, reserved 1064960K
  class space    used 1456K, capacity 1510K, committed 1536K, reserved 1048576K

Card table byte_map: [0x0000000011a80000,0x0000000011e80000] byte_map_base: 0x0000000011673000

Marking Bits: (ParMarkBitMap*) 0x000000006e8d2f70
 Begin Bits: [0x0000000012930000, 0x00000000148c8000)
 End Bits:   [0x00000000148c8000, 0x0000000016860000)

Polling page: 0x0000000000b60000

CodeCache: size=245760Kb used=2153Kb max_used=2153Kb free=243606Kb
 bounds [0x00000000026c0000, 0x0000000002930000, 0x00000000116c0000]
 total_blobs=981 nmethods=536 adapters=358
 compilation: enabled

Compilation events (10 events):
Event: 8.971 Thread 0x00000000195dc800 nmethod 520 0x00000000028d3e50 code [0x00000000028d4080, 0x00000000028d5098]
Event: 8.990 Thread 0x00000000195dc800  521       3       java.awt.Component::getTreeLock (4 bytes)
Event: 8.990 Thread 0x00000000195dc800 nmethod 521 0x00000000028d5590 code [0x00000000028d56e0, 0x00000000028d5830]
Event: 8.990 Thread 0x00000000195dc800  523       3       java.beans.PropertyChangeSupport::fire (39 bytes)
Event: 8.990 Thread 0x00000000195dc800 nmethod 523 0x00000000028d5890 code [0x00000000028d5a00, 0x00000000028d5d28]
Event: 8.990 Thread 0x00000000195dc800  522  s    3       java.beans.ChangeListenerMap::get (25 bytes)
Event: 8.990 Thread 0x00000000195dc800 nmethod 522 0x00000000028d5e90 code [0x00000000028d6020, 0x00000000028d6508]
Event: 8.993 Thread 0x00000000195dc800  524       3       java.util.HashMap::<init> (11 bytes)
Event: 8.993 Thread 0x00000000195dc800 nmethod 524 0x00000000028d6610 code [0x00000000028d6780, 0x00000000028d6990]
Event: 8.995 Thread 0x0000000019579000  525       4       java.lang.StringBuilder::append (8 bytes)

GC Heap History (0 events):
No events

Deoptimization events (0 events):
No events

Internal exceptions (10 events):
Event: 5.523 Thread 0x00000000025c0800 Exception <a 'java/lang/NoSuchFieldError': method resolution failed> (0x00000000d604cad8) thrown at [C:\re\workspace\8-2-build-windows-amd64-cygwin\jdk8u91\6644\hotspot\src\share\vm\prims\methodHandles.cpp, line 1146]
Event: 5.526 Thread 0x00000000025c0800 Exception <a 'java/lang/NoSuchFieldError': method resolution failed> (0x00000000d6059ea8) thrown at [C:\re\workspace\8-2-build-windows-amd64-cygwin\jdk8u91\6644\hotspot\src\share\vm\prims\methodHandles.cpp, line 1146]
Event: 7.350 Thread 0x000000001a78e800 Exception <a 'java/io/FileNotFoundException'> (0x00000000d6373b70) thrown at [C:\re\workspace\8-2-build-windows-amd64-cygwin\jdk8u91\6644\hotspot\src\share\vm\prims\jni.cpp, line 709]
Event: 8.944 Thread 0x000000001a78e800 Exception <a 'java/lang/IllegalStateException': cannot open system clipboard> (0x00000000d65bb720) thrown at [C:\re\workspace\8-2-build-windows-amd64-cygwin\jdk8u91\6644\hotspot\src\share\vm\prims\jni.cpp, line 735]
Event: 8.992 Thread 0x000000001a78e800 Exception <a 'java/lang/ClassNotFoundException': javax/swing/JMenuBeanInfo> (0x00000000d65c4d28) thrown at [C:\re\workspace\8-2-build-windows-amd64-cygwin\jdk8u91\6644\hotspot\src\share\vm\classfile\systemDictionary.cpp, line 210]
Event: 8.993 Thread 0x000000001a78e800 Exception <a 'java/lang/ClassNotFoundException': javax/swing/JMenuItemBeanInfo> (0x00000000d65c6200) thrown at [C:\re\workspace\8-2-build-windows-amd64-cygwin\jdk8u91\6644\hotspot\src\share\vm\classfile\systemDictionary.cpp, line 210]
Event: 8.993 Thread 0x000000001a78e800 Exception <a 'java/lang/ClassNotFoundException': javax/swing/AbstractButtonBeanInfo> (0x00000000d65c7908) thrown at [C:\re\workspace\8-2-build-windows-amd64-cygwin\jdk8u91\6644\hotspot\src\share\vm\classfile\systemDictionary.cpp, line 210]
Event: 8.993 Thread 0x000000001a78e800 Exception <a 'java/lang/ClassNotFoundException': javax/swing/JComponentBeanInfo> (0x00000000d65c8f88) thrown at [C:\re\workspace\8-2-build-windows-amd64-cygwin\jdk8u91\6644\hotspot\src\share\vm\classfile\systemDictionary.cpp, line 210]
Event: 8.993 Thread 0x000000001a78e800 Exception <a 'java/lang/ClassNotFoundException': java/awt/ContainerBeanInfo> (0x00000000d65ca528) thrown at [C:\re\workspace\8-2-build-windows-amd64-cygwin\jdk8u91\6644\hotspot\src\share\vm\classfile\systemDictionary.cpp, line 210]
Event: 8.993 Thread 0x000000001a78e800 Exception <a 'java/lang/ClassNotFoundException': java/awt/ComponentBeanInfo> (0x00000000d65cbac8) thrown at [C:\re\workspace\8-2-build-windows-amd64-cygwin\jdk8u91\6644\hotspot\src\share\vm\classfile\systemDictionary.cpp, line 210]

Events (10 events):
Event: 8.996 Executing VM operation: Deoptimize done
Event: 8.998 loading class java/awt/Menu done
Event: 8.998 loading class java/awt/PopupMenu done
Event: 8.998 loading class java/io/PrintWriter
Event: 8.998 loading class java/io/PrintWriter done
Event: 8.998 loading class java/awt/Event
Event: 8.998 loading class java/awt/Event done
Event: 8.998 loading class java/awt/AWTException
Event: 8.998 loading class java/awt/AWTException done
Event: 8.998 loading class java/awt/FontMetrics


Dynamic libraries:
0x00007ff713fe0000 - 0x00007ff714017000 	C:\Program Files\Java\jdk1.8.0_91\bin\java.exe
0x00007ff96de80000 - 0x00007ff96e051000 	C:\WINDOWS\SYSTEM32\ntdll.dll
0x00007ff96d8a0000 - 0x00007ff96d94b000 	C:\WINDOWS\System32\KERNEL32.DLL
0x00007ff96a3d0000 - 0x00007ff96a5ed000 	C:\WINDOWS\System32\KERNELBASE.dll
0x00007ff96dd30000 - 0x00007ff96ddd2000 	C:\WINDOWS\System32\ADVAPI32.dll
0x00007ff96b9e0000 - 0x00007ff96ba7e000 	C:\WINDOWS\System32\msvcrt.dll
0x00007ff96b550000 - 0x00007ff96b5a9000 	C:\WINDOWS\System32\sechost.dll
0x00007ff96bb10000 - 0x00007ff96bc31000 	C:\WINDOWS\System32\RPCRT4.dll
0x00007ff96bd00000 - 0x00007ff96be65000 	C:\WINDOWS\System32\USER32.dll
0x00007ff96b3f0000 - 0x00007ff96b40e000 	C:\WINDOWS\System32\win32u.dll
0x00007ff96bcc0000 - 0x00007ff96bcf4000 	C:\WINDOWS\System32\GDI32.dll
0x00007ff96a6a0000 - 0x00007ff96a822000 	C:\WINDOWS\System32\gdi32full.dll
0x00007ff966ae0000 - 0x00007ff966d59000 	C:\WINDOWS\WinSxS\amd64_microsoft.windows.common-controls_6595b64144ccf1df_6.0.14393.0_none_2d0f50fcbdb171b8\COMCTL32.dll
0x00007ff96d960000 - 0x00007ff96dc27000 	C:\WINDOWS\System32\combase.dll
0x00007ff96af10000 - 0x00007ff96b005000 	C:\WINDOWS\System32\ucrtbase.dll
0x00007ff96b160000 - 0x00007ff96b1ca000 	C:\WINDOWS\System32\bcryptPrimitives.dll
0x00007ff96ba80000 - 0x00007ff96baae000 	C:\WINDOWS\System32\IMM32.DLL
0x000000006f550000 - 0x000000006f622000 	C:\Program Files\Java\jdk1.8.0_91\jre\bin\msvcr100.dll
0x000000006e0c0000 - 0x000000006e953000 	C:\Program Files\Java\jdk1.8.0_91\jre\bin\server\jvm.dll
0x00007ff96b4e0000 - 0x00007ff96b4e8000 	C:\WINDOWS\System32\PSAPI.DLL
0x00007ff9678a0000 - 0x00007ff9678a9000 	C:\WINDOWS\SYSTEM32\WSOCK32.dll
0x00007ff96bc50000 - 0x00007ff96bcba000 	C:\WINDOWS\System32\WS2_32.dll
0x00007ff968600000 - 0x00007ff968623000 	C:\WINDOWS\SYSTEM32\WINMM.dll
0x00007ff966ab0000 - 0x00007ff966aba000 	C:\WINDOWS\SYSTEM32\VERSION.dll
0x00007ff968300000 - 0x00007ff96832b000 	C:\WINDOWS\SYSTEM32\WINMMBASE.dll
0x00007ff96b1d0000 - 0x00007ff96b212000 	C:\WINDOWS\System32\cfgmgr32.dll
0x000000006f7c0000 - 0x000000006f7cf000 	C:\Program Files\Java\jdk1.8.0_91\jre\bin\verify.dll
0x000000006e090000 - 0x000000006e0b9000 	C:\Program Files\Java\jdk1.8.0_91\jre\bin\java.dll
0x000000006e070000 - 0x000000006e086000 	C:\Program Files\Java\jdk1.8.0_91\jre\bin\zip.dll
0x00007ff96c110000 - 0x00007ff96d618000 	C:\WINDOWS\System32\SHELL32.dll
0x00007ff96a830000 - 0x00007ff96af0a000 	C:\WINDOWS\System32\windows.storage.dll
0x00007ff96a2f0000 - 0x00007ff96a33c000 	C:\WINDOWS\System32\powrprof.dll
0x00007ff96b480000 - 0x00007ff96b4d2000 	C:\WINDOWS\System32\shlwapi.dll
0x00007ff96a2e0000 - 0x00007ff96a2ef000 	C:\WINDOWS\System32\kernel.appcore.dll
0x00007ff96b0b0000 - 0x00007ff96b159000 	C:\WINDOWS\System32\shcore.dll
0x00007ff96a350000 - 0x00007ff96a364000 	C:\WINDOWS\System32\profapi.dll
0x000000006de90000 - 0x000000006e028000 	C:\Program Files\Java\jdk1.8.0_91\jre\bin\awt.dll
0x00007ff96d620000 - 0x00007ff96d6df000 	C:\WINDOWS\System32\OLEAUT32.dll
0x00007ff96b010000 - 0x00007ff96b0ac000 	C:\WINDOWS\System32\msvcp_win.dll
0x00007ff968890000 - 0x00007ff96890a000 	C:\WINDOWS\SYSTEM32\apphelp.dll
0x00007ff968ad0000 - 0x00007ff968b65000 	C:\WINDOWS\system32\uxtheme.dll
0x00007ff96bfb0000 - 0x00007ff96c10b000 	C:\WINDOWS\System32\MSCTF.dll
0x00007ff967e30000 - 0x00007ff967e56000 	C:\WINDOWS\system32\dwmapi.dll
0x00007ff96be70000 - 0x00007ff96bfa7000 	C:\WINDOWS\System32\ole32.dll
0x000000006de40000 - 0x000000006de87000 	C:\Program Files\Java\jdk1.8.0_91\jre\bin\fontmanager.dll
0x000000006e050000 - 0x000000006e06a000 	C:\Program Files\Java\jdk1.8.0_91\jre\bin\net.dll
0x00007ff969950000 - 0x00007ff9699ac000 	C:\WINDOWS\system32\mswsock.dll
0x000000006e030000 - 0x000000006e041000 	C:\Program Files\Java\jdk1.8.0_91\jre\bin\nio.dll

VM Arguments:
java_command: C:\Users\Lucas\Documents\MaterialCodigoAprendizaje\2DAM\ProgramacionServiciosProcesos\Editor\dist\DocumentEditor.jar
java_class_path (initial): C:\Users\Lucas\Documents\MaterialCodigoAprendizaje\2DAM\ProgramacionServiciosProcesos\Editor\dist\DocumentEditor.jar
Launcher Type: SUN_STANDARD

Environment Variables:
PATH=C:\ProgramData\Oracle\Java\javapath;C:\Program Files (x86)\Intel\iCLS Client\;C:\Program Files\Intel\iCLS Client\;C:\Windows\system32;C:\Windows;C:\Windows\System32\Wbem;C:\Windows\System32\WindowsPowerShell\v1.0\;C:\Program Files (x86)\NVIDIA Corporation\PhysX\Common;C:\Program Files (x86)\Intel\Intel(R) Management Engine Components\DAL;C:\Program Files\Intel\Intel(R) Management Engine Components\DAL;C:\Program Files (x86)\Intel\Intel(R) Management Engine Components\IPT;C:\Program Files\Intel\Intel(R) Management Engine Components\IPT;C:\Program Files (x86)\Skype\Phone\;C:\Program Files\Git\cmd;C:\WINDOWS\system32;C:\WINDOWS;C:\WINDOWS\System32\Wbem;C:\WINDOWS\System32\WindowsPowerShell\v1.0\;C:\Users\Lucas\AppData\Local\atom\bin;%USERPROFILE%\AppData\Local\Microsoft\WindowsApps;
USERNAME=Lucas
OS=Windows_NT
PROCESSOR_IDENTIFIER=Intel64 Family 6 Model 94 Stepping 3, GenuineIntel



---------------  S Y S T E M  ---------------

OS: Windows 10.0 , 64 bit Build 14393 (10.0.14393.0)

CPU:total 8 (4 cores per cpu, 2 threads per core) family 6 model 94 stepping 3, cmov, cx8, fxsr, mmx, sse, sse2, sse3, ssse3, sse4.1, sse4.2, popcnt, avx, avx2, aes, clmul, erms, rtm, 3dnowpref, lzcnt, ht, tsc, tscinvbit, bmi1, bmi2, adx

Memory: 4k page, physical 8281880k(873408k free), swap 33447704k(238444k free)

vm_info: Java HotSpot(TM) 64-Bit Server VM (25.91-b14) for windows-amd64 JRE (1.8.0_91-b14), built on Apr  1 2016 00:58:32 by "java_re" with MS VC++ 10.0 (VS2010)

time: Thu Oct 06 09:34:08 2016
elapsed time: 9 seconds (0d 0h 0m 9s)

