#
# There is insufficient memory for the Java Runtime Environment to continue.
# Native memory allocation (malloc) failed to allocate 1048576 bytes for AllocateHeap
# Possible reasons:
#   The system is out of physical RAM or swap space
#   In 32 bit mode, the process size limit was hit
# Possible solutions:
#   Reduce memory load on the system
#   Increase physical memory or swap space
#   Check if swap backing store is full
#   Use 64 bit Java on a 64 bit OS
#   Decrease Java heap size (-Xmx/-Xms)
#   Decrease number of Java threads
#   Decrease Java thread stack sizes (-Xss)
#   Set larger code cache with -XX:ReservedCodeCacheSize=
# This output file may be truncated or incomplete.
#
#  Out of Memory Error (memory/allocation.inline.hpp:61), pid=22628, tid=22040
#
# JRE version:  (8.0_91-b14) (build )
# Java VM: Java HotSpot(TM) 64-Bit Server VM (25.91-b14 mixed mode windows-amd64 compressed oops)
# Failed to write core dump. Minidumps are not enabled by default on client versions of Windows
#

---------------  T H R E A D  ---------------

Current thread (0x00000000030b0800):  JavaThread "Unknown thread" [_thread_in_vm, id=22040, stack(0x0000000002ee0000,0x0000000002fe0000)]

Stack: [0x0000000002ee0000,0x0000000002fe0000]
[error occurred during error reporting (printing stack bounds), id 0xc0000005]

Native frames: (J=compiled Java code, j=interpreted, Vv=VM code, C=native code)


---------------  P R O C E S S  ---------------

Java Threads: ( => current thread )

Other Threads:

=>0x00000000030b0800 (exited) JavaThread "Unknown thread" [_thread_in_vm, id=22040, stack(0x0000000002ee0000,0x0000000002fe0000)]

VM state:not at safepoint (normal execution)

VM Mutex/Monitor currently owned by a thread: None

Heap:
 PSYoungGen      total 38400K, used 665K [0x00000000d5e00000, 0x00000000d8880000, 0x0000000100000000)
  eden space 33280K, 2% used [0x00000000d5e00000,0x00000000d5ea6670,0x00000000d7e80000)
  from space 5120K, 0% used [0x00000000d8380000,0x00000000d8380000,0x00000000d8880000)
  to   space 5120K, 0% used [0x00000000d7e80000,0x00000000d7e80000,0x00000000d8380000)
 ParOldGen       total 87552K, used 0K [0x0000000081a00000, 0x0000000086f80000, 0x00000000d5e00000)
  object space 87552K, 0% used [0x0000000081a00000,0x0000000081a00000,0x0000000086f80000)
 Metaspace       used 769K, capacity 4480K, committed 4480K, reserved 1056768K
  class space    used 75K, capacity 384K, committed 384K, reserved 1048576K

Card table byte_map: [0x0000000012570000,0x0000000012970000] byte_map_base: 0x0000000012163000

Marking Bits: (ParMarkBitMap*) 0x000000006e8d2f70
 Begin Bits: [0x0000000013420000, 0x00000000153b8000)
 End Bits:   [0x00000000153b8000, 0x0000000017350000)

Polling page: 0x0000000001610000

CodeCache: size=245760Kb used=328Kb max_used=328Kb free=245431Kb
 bounds [0x00000000031b0000, 0x0000000003420000, 0x00000000121b0000]
 total_blobs=58 nmethods=0 adapters=38
 compilation: enabled

Compilation events (0 events):
No events

GC Heap History (0 events):
No events

Deoptimization events (0 events):
No events

Internal exceptions (0 events):
No events

Events (10 events):
Event: 0.037 loading class java/lang/Short
Event: 0.037 loading class java/lang/Short done
Event: 0.037 loading class java/lang/Integer
Event: 0.037 loading class java/lang/Integer done
Event: 0.037 loading class java/lang/Long
Event: 0.037 loading class java/lang/Long done
Event: 0.038 loading class java/lang/NullPointerException
Event: 0.038 loading class java/lang/NullPointerException done
Event: 0.038 loading class java/lang/ArithmeticException
Event: 0.038 loading class java/lang/ArithmeticException done


Dynamic libraries:
0x00007ff713fe0000 - 0x00007ff714017000 	C:\Program Files\Java\jdk1.8.0_91\bin\java.exe
0x00007ff96de80000 - 0x00007ff96e051000 	C:\WINDOWS\SYSTEM32\ntdll.dll
0x00007ff96d8a0000 - 0x00007ff96d94b000 	C:\WINDOWS\System32\KERNEL32.DLL
0x00007ff96a3d0000 - 0x00007ff96a5ed000 	C:\WINDOWS\System32\KERNELBASE.dll
0x00007ff96dd30000 - 0x00007ff96ddd2000 	C:\WINDOWS\System32\ADVAPI32.dll
0x00007ff96b9e0000 - 0x00007ff96ba7e000 	C:\WINDOWS\System32\msvcrt.dll
0x00007ff96b550000 - 0x00007ff96b5a9000 	C:\WINDOWS\System32\sechost.dll
0x00007ff96bb10000 - 0x00007ff96bc31000 	C:\WINDOWS\System32\RPCRT4.dll
0x00007ff96bd00000 - 0x00007ff96be65000 	C:\WINDOWS\System32\USER32.dll
0x00007ff96b3f0000 - 0x00007ff96b40e000 	C:\WINDOWS\System32\win32u.dll
0x00007ff96bcc0000 - 0x00007ff96bcf4000 	C:\WINDOWS\System32\GDI32.dll
0x00007ff96a6a0000 - 0x00007ff96a822000 	C:\WINDOWS\System32\gdi32full.dll
0x00007ff966ae0000 - 0x00007ff966d59000 	C:\WINDOWS\WinSxS\amd64_microsoft.windows.common-controls_6595b64144ccf1df_6.0.14393.0_none_2d0f50fcbdb171b8\COMCTL32.dll
0x00007ff96d960000 - 0x00007ff96dc27000 	C:\WINDOWS\System32\combase.dll
0x00007ff96af10000 - 0x00007ff96b005000 	C:\WINDOWS\System32\ucrtbase.dll
0x00007ff96b160000 - 0x00007ff96b1ca000 	C:\WINDOWS\System32\bcryptPrimitives.dll
0x00007ff96ba80000 - 0x00007ff96baae000 	C:\WINDOWS\System32\IMM32.DLL
0x000000006f550000 - 0x000000006f622000 	C:\Program Files\Java\jdk1.8.0_91\jre\bin\msvcr100.dll
0x000000006e0c0000 - 0x000000006e953000 	C:\Program Files\Java\jdk1.8.0_91\jre\bin\server\jvm.dll
0x00007ff96b4e0000 - 0x00007ff96b4e8000 	C:\WINDOWS\System32\PSAPI.DLL
0x00007ff9678a0000 - 0x00007ff9678a9000 	C:\WINDOWS\SYSTEM32\WSOCK32.dll
0x00007ff96bc50000 - 0x00007ff96bcba000 	C:\WINDOWS\System32\WS2_32.dll
0x00007ff968600000 - 0x00007ff968623000 	C:\WINDOWS\SYSTEM32\WINMM.dll
0x00007ff966ab0000 - 0x00007ff966aba000 	C:\WINDOWS\SYSTEM32\VERSION.dll
0x00007ff968300000 - 0x00007ff96832b000 	C:\WINDOWS\SYSTEM32\WINMMBASE.dll
0x00007ff96b1d0000 - 0x00007ff96b212000 	C:\WINDOWS\System32\cfgmgr32.dll
0x000000006f7c0000 - 0x000000006f7cf000 	C:\Program Files\Java\jdk1.8.0_91\jre\bin\verify.dll
0x000000006e090000 - 0x000000006e0b9000 	C:\Program Files\Java\jdk1.8.0_91\jre\bin\java.dll
0x000000006e070000 - 0x000000006e086000 	C:\Program Files\Java\jdk1.8.0_91\jre\bin\zip.dll

VM Arguments:
java_command: C:\Users\Lucas\Documents\MaterialCodigoAprendizaje\2DAM\ProgramacionServiciosProcesos\Editor\dist\DocumentEditor.jar
java_class_path (initial): C:\Users\Lucas\Documents\MaterialCodigoAprendizaje\2DAM\ProgramacionServiciosProcesos\Editor\dist\DocumentEditor.jar
Launcher Type: SUN_STANDARD

Environment Variables:
PATH=C:\ProgramData\Oracle\Java\javapath;C:\Program Files (x86)\Intel\iCLS Client\;C:\Program Files\Intel\iCLS Client\;C:\Windows\system32;C:\Windows;C:\Windows\System32\Wbem;C:\Windows\System32\WindowsPowerShell\v1.0\;C:\Program Files (x86)\NVIDIA Corporation\PhysX\Common;C:\Program Files (x86)\Intel\Intel(R) Management Engine Components\DAL;C:\Program Files\Intel\Intel(R) Management Engine Components\DAL;C:\Program Files (x86)\Intel\Intel(R) Management Engine Components\IPT;C:\Program Files\Intel\Intel(R) Management Engine Components\IPT;C:\Program Files (x86)\Skype\Phone\;C:\Program Files\Git\cmd;C:\WINDOWS\system32;C:\WINDOWS;C:\WINDOWS\System32\Wbem;C:\WINDOWS\System32\WindowsPowerShell\v1.0\;C:\Users\Lucas\AppData\Local\atom\bin;%USERPROFILE%\AppData\Local\Microsoft\WindowsApps;
USERNAME=Lucas
OS=Windows_NT
PROCESSOR_IDENTIFIER=Intel64 Family 6 Model 94 Stepping 3, GenuineIntel



---------------  S Y S T E M  ---------------

OS: Windows 10.0 , 64 bit Build 14393 (10.0.14393.0)

CPU:total 8 (4 cores per cpu, 2 threads per core) family 6 model 94 stepping 3, cmov, cx8, fxsr, mmx, sse, sse2, sse3, ssse3, sse4.1, sse4.2, popcnt, avx, avx2, aes, clmul, erms, rtm, 3dnowpref, lzcnt, ht, tsc, tscinvbit, bmi1, bmi2, adx

Memory: 4k page, physical 8281880k(832292k free), swap 33447704k(5812k free)

vm_info: Java HotSpot(TM) 64-Bit Server VM (25.91-b14) for windows-amd64 JRE (1.8.0_91-b14), built on Apr  1 2016 00:58:32 by "java_re" with MS VC++ 10.0 (VS2010)

time: Thu Oct 06 09:33:56 2016
elapsed time: 0 seconds (0d 0h 0m 0s)

