#
# There is insufficient memory for the Java Runtime Environment to continue.
# Native memory allocation (malloc) failed to allocate 32744 bytes for ChunkPool::allocate
# Possible reasons:
#   The system is out of physical RAM or swap space
#   In 32 bit mode, the process size limit was hit
# Possible solutions:
#   Reduce memory load on the system
#   Increase physical memory or swap space
#   Check if swap backing store is full
#   Use 64 bit Java on a 64 bit OS
#   Decrease Java heap size (-Xmx/-Xms)
#   Decrease number of Java threads
#   Decrease Java thread stack sizes (-Xss)
#   Set larger code cache with -XX:ReservedCodeCacheSize=
# This output file may be truncated or incomplete.
#
#  Out of Memory Error (allocation.cpp:273), pid=24976, tid=9064
#
# JRE version: Java(TM) SE Runtime Environment (8.0_91-b14) (build 1.8.0_91-b14)
# Java VM: Java HotSpot(TM) 64-Bit Server VM (25.91-b14 mixed mode windows-amd64 compressed oops)
# Failed to write core dump. Minidumps are not enabled by default on client versions of Windows
#

---------------  T H R E A D  ---------------

Current thread (0x0000000019fd4000):  JavaThread "C1 CompilerThread3" daemon [_thread_in_native, id=9064, stack(0x000000001aac0000,0x000000001abc0000)]

Stack: [0x000000001aac0000,0x000000001abc0000]
[error occurred during error reporting (printing stack bounds), id 0xc0000005]

Native frames: (J=compiled Java code, j=interpreted, Vv=VM code, C=native code)


Current CompileTask:
C1:   2021   45   !   3       java.io.BufferedReader::readLine (304 bytes)


---------------  P R O C E S S  ---------------

Java Threads: ( => current thread )
  0x0000000019fe1800 JavaThread "Service Thread" daemon [_thread_blocked, id=28184, stack(0x000000001abc0000,0x000000001acc0000)]
=>0x0000000019fd4000 JavaThread "C1 CompilerThread3" daemon [_thread_in_native, id=9064, stack(0x000000001aac0000,0x000000001abc0000)]
  0x0000000019fcd800 JavaThread "C2 CompilerThread2" daemon [_thread_blocked, id=32232, stack(0x000000001a9c0000,0x000000001aac0000)]
  0x0000000019fca000 JavaThread "C2 CompilerThread1" daemon [_thread_blocked, id=32216, stack(0x000000001a8c0000,0x000000001a9c0000)]
  0x0000000019fc8000 JavaThread "C2 CompilerThread0" daemon [_thread_blocked, id=32208, stack(0x000000001a7c0000,0x000000001a8c0000)]
  0x0000000019fc5800 JavaThread "Attach Listener" daemon [_thread_blocked, id=32200, stack(0x000000001a6c0000,0x000000001a7c0000)]
  0x0000000019fc4000 JavaThread "Signal Dispatcher" daemon [_thread_blocked, id=16852, stack(0x000000001a5c0000,0x000000001a6c0000)]
  0x00000000030f7000 JavaThread "Finalizer" daemon [_thread_blocked, id=21900, stack(0x000000001a3a0000,0x000000001a4a0000)]
  0x00000000180bd800 JavaThread "Reference Handler" daemon [_thread_blocked, id=14632, stack(0x0000000019ea0000,0x0000000019fa0000)]
  0x0000000003000800 JavaThread "main" [_thread_in_native, id=24024, stack(0x0000000002f00000,0x0000000003000000)]

Other Threads:
  0x00000000180b9000 VMThread [stack: 0x0000000019da0000,0x0000000019ea0000] [id=14328]
  0x000000001a04b000 WatcherThread [stack: 0x000000001acc0000,0x000000001adc0000] [id=18912]

VM state:not at safepoint (normal execution)

VM Mutex/Monitor currently owned by a thread: None

Heap:
 PSYoungGen      total 38400K, used 2011K [0x00000000d5e00000, 0x00000000d8880000, 0x0000000100000000)
  eden space 33280K, 6% used [0x00000000d5e00000,0x00000000d5ff6c10,0x00000000d7e80000)
  from space 5120K, 0% used [0x00000000d8380000,0x00000000d8380000,0x00000000d8880000)
  to   space 5120K, 0% used [0x00000000d7e80000,0x00000000d7e80000,0x00000000d8380000)
 ParOldGen       total 87552K, used 0K [0x0000000081a00000, 0x0000000086f80000, 0x00000000d5e00000)
  object space 87552K, 0% used [0x0000000081a00000,0x0000000081a00000,0x0000000086f80000)
 Metaspace       used 3745K, capacity 4608K, committed 4864K, reserved 1056768K
  class space    used 417K, capacity 432K, committed 512K, reserved 1048576K

Card table byte_map: [0x00000000124c0000,0x00000000128c0000] byte_map_base: 0x00000000120b3000

Marking Bits: (ParMarkBitMap*) 0x000000006e8d2f70
 Begin Bits: [0x0000000013370000, 0x0000000015308000)
 End Bits:   [0x0000000015308000, 0x00000000172a0000)

Polling page: 0x0000000001680000

CodeCache: size=245760Kb used=1129Kb max_used=1129Kb free=244630Kb
 bounds [0x0000000003100000, 0x0000000003370000, 0x0000000012100000]
 total_blobs=284 nmethods=44 adapters=153
 compilation: enabled

Compilation events (10 events):
Event: 1.991 Thread 0x0000000019fd4000 nmethod 40 0x0000000003217b50 code [0x0000000003217cc0, 0x0000000003217f58]
Event: 1.991 Thread 0x0000000019fd4000   41       3       java.lang.Character::toUpperCase (9 bytes)
Event: 1.991 Thread 0x0000000019fd4000 nmethod 41 0x0000000003218090 code [0x0000000003218200, 0x0000000003218438]
Event: 1.991 Thread 0x0000000019fd4000   42       3       java.lang.CharacterDataLatin1::toUpperCase (53 bytes)
Event: 1.992 Thread 0x0000000019fd4000 nmethod 42 0x0000000003218510 code [0x0000000003218680, 0x0000000003218970]
Event: 1.996 Thread 0x0000000019fd4000   43       3       java.lang.String::indexOf (166 bytes)
Event: 1.997 Thread 0x0000000019fd4000 nmethod 43 0x0000000003219810 code [0x00000000032199c0, 0x000000000321a010]
Event: 1.999 Thread 0x0000000019fd4000   44       1       sun.nio.cs.SingleByte$Decoder::decode (11 bytes)
Event: 2.000 Thread 0x0000000019fd4000 nmethod 44 0x000000000321a3d0 code [0x000000000321a520, 0x000000000321a670]
Event: 2.000 Thread 0x0000000019fd4000   45   !   3       java.io.BufferedReader::readLine (304 bytes)

GC Heap History (0 events):
No events

Deoptimization events (0 events):
No events

Internal exceptions (2 events):
Event: 1.560 Thread 0x0000000003000800 Exception <a 'java/lang/NoSuchMethodError': Method sun.misc.Unsafe.defineClass(Ljava/lang/String;[BII)Ljava/lang/Class; name or signature does not match> (0x00000000d5e07cc0) thrown at [C:\re\workspace\8-2-build-windows-amd64-cygwin\jdk8u91\6644\hotspot\sr<0[Ñs÷ø?
Event: 1.560 Thread 0x0000000003000800 Exception <a 'java/lang/NoSuchMethodError': Method sun.misc.Unsafe.prefetchRead(Ljava/lang/Object;J)V name or signature does not match> (0x00000000d5e07fa8) thrown at [C:\re\workspace\8-2-build-windows-amd64-cygwin\jdk8u91\6644\hotspot\src\share\vm\prims\j

Events (10 events):
Event: 1.995 loading class java/util/LinkedHashMap$LinkedEntrySet
Event: 1.996 loading class java/util/LinkedHashMap$LinkedEntrySet done
Event: 1.996 loading class java/util/LinkedHashMap$LinkedEntryIterator
Event: 1.996 loading class java/util/LinkedHashMap$LinkedHashIterator
Event: 1.996 loading class java/util/LinkedHashMap$LinkedHashIterator done
Event: 1.996 loading class java/util/LinkedHashMap$LinkedEntryIterator done
Event: 1.996 loading class sun/misc/Launcher$BootClassPathHolder
Event: 1.996 loading class sun/misc/Launcher$BootClassPathHolder done
Event: 1.996 loading class sun/misc/Launcher$BootClassPathHolder$1
Event: 1.996 loading class sun/misc/Launcher$BootClassPathHolder$1 done


Dynamic libraries:
0x00007ff713fe0000 - 0x00007ff714017000 	C:\Program Files\Java\jdk1.8.0_91\bin\java.exe
0x00007ff96de80000 - 0x00007ff96e051000 	C:\WINDOWS\SYSTEM32\ntdll.dll
0x00007ff96d8a0000 - 0x00007ff96d94b000 	C:\WINDOWS\System32\KERNEL32.DLL
0x00007ff96a3d0000 - 0x00007ff96a5ed000 	C:\WINDOWS\System32\KERNELBASE.dll
0x00007ff96dd30000 - 0x00007ff96ddd2000 	C:\WINDOWS\System32\ADVAPI32.dll
0x00007ff96b9e0000 - 0x00007ff96ba7e000 	C:\WINDOWS\System32\msvcrt.dll
0x00007ff96b550000 - 0x00007ff96b5a9000 	C:\WINDOWS\System32\sechost.dll
0x00007ff96bb10000 - 0x00007ff96bc31000 	C:\WINDOWS\System32\RPCRT4.dll
0x00007ff96bd00000 - 0x00007ff96be65000 	C:\WINDOWS\System32\USER32.dll
0x00007ff96b3f0000 - 0x00007ff96b40e000 	C:\WINDOWS\System32\win32u.dll
0x00007ff96bcc0000 - 0x00007ff96bcf4000 	C:\WINDOWS\System32\GDI32.dll
0x00007ff96a6a0000 - 0x00007ff96a822000 	C:\WINDOWS\System32\gdi32full.dll
0x00007ff966ae0000 - 0x00007ff966d59000 	C:\WINDOWS\WinSxS\amd64_microsoft.windows.common-controls_6595b64144ccf1df_6.0.14393.0_none_2d0f50fcbdb171b8\COMCTL32.dll
0x00007ff96d960000 - 0x00007ff96dc27000 	C:\WINDOWS\System32\combase.dll
0x00007ff96af10000 - 0x00007ff96b005000 	C:\WINDOWS\System32\ucrtbase.dll
0x00007ff96b160000 - 0x00007ff96b1ca000 	C:\WINDOWS\System32\bcryptPrimitives.dll
0x00007ff96ba80000 - 0x00007ff96baae000 	C:\WINDOWS\System32\IMM32.DLL
0x000000006f550000 - 0x000000006f622000 	C:\Program Files\Java\jdk1.8.0_91\jre\bin\msvcr100.dll
0x000000006e0c0000 - 0x000000006e953000 	C:\Program Files\Java\jdk1.8.0_91\jre\bin\server\jvm.dll
0x00007ff96b4e0000 - 0x00007ff96b4e8000 	C:\WINDOWS\System32\PSAPI.DLL
0x00007ff9678a0000 - 0x00007ff9678a9000 	C:\WINDOWS\SYSTEM32\WSOCK32.dll
0x00007ff968600000 - 0x00007ff968623000 	C:\WINDOWS\SYSTEM32\WINMM.dll
0x00007ff966ab0000 - 0x00007ff966aba000 	C:\WINDOWS\SYSTEM32\VERSION.dll
0x00007ff968300000 - 0x00007ff96832b000 	C:\WINDOWS\SYSTEM32\WINMMBASE.dll
0x00007ff96b1d0000 - 0x00007ff96b212000 	C:\WINDOWS\System32\cfgmgr32.dll
0x00007ff96bc50000 - 0x00007ff96bcba000 	C:\WINDOWS\System32\WS2_32.dll
0x000000006f7c0000 - 0x000000006f7cf000 	C:\Program Files\Java\jdk1.8.0_91\jre\bin\verify.dll
0x000000006e090000 - 0x000000006e0b9000 	C:\Program Files\Java\jdk1.8.0_91\jre\bin\java.dll
0x000000006e070000 - 0x000000006e086000 	C:\Program Files\Java\jdk1.8.0_91\jre\bin\zip.dll
0x00007ff96c110000 - 0x00007ff96d618000 	C:\WINDOWS\System32\SHELL32.dll
0x00007ff96a830000 - 0x00007ff96af0a000 	C:\WINDOWS\System32\windows.storage.dll
0x00007ff96a2f0000 - 0x00007ff96a33c000 	C:\WINDOWS\System32\powrprof.dll
0x00007ff96b480000 - 0x00007ff96b4d2000 	C:\WINDOWS\System32\shlwapi.dll
0x00007ff96a2e0000 - 0x00007ff96a2ef000 	C:\WINDOWS\System32\kernel.appcore.dll
0x00007ff96b0b0000 - 0x00007ff96b159000 	C:\WINDOWS\System32\shcore.dll
0x00007ff96a350000 - 0x00007ff96a364000 	C:\WINDOWS\System32\profapi.dll
0x000000006de90000 - 0x000000006e028000 	C:\Program Files\Java\jdk1.8.0_91\jre\bin\awt.dll
0x00007ff96d620000 - 0x00007ff96d6df000 	C:\WINDOWS\System32\OLEAUT32.dll
0x00007ff96b010000 - 0x00007ff96b0ac000 	C:\WINDOWS\System32\msvcp_win.dll
0x00007ff968890000 - 0x00007ff96890a000 	C:\WINDOWS\SYSTEM32\apphelp.dll

VM Arguments:
java_command: C:\Users\Lucas\Documents\MaterialCodigoAprendizaje\2DAM\ProgramacionServiciosProcesos\Editor\dist\DocumentEditor.jar
java_class_path (initial): C:\Users\Lucas\Documents\MaterialCodigoAprendizaje\2DAM\ProgramacionServiciosProcesos\Editor\dist\DocumentEditor.jar
Launcher Type: SUN_STANDARD

Environment Variables:
PATH=C:\ProgramData\Oracle\Java\javapath;C:\Program Files (x86)\Intel\iCLS Client\;C:\Program Files\Intel\iCLS Client\;C:\Windows\system32;C:\Windows;C:\Windows\System32\Wbem;C:\Windows\System32\WindowsPowerShell\v1.0\;C:\Program Files (x86)\NVIDIA Corporation\PhysX\Common;C:\Program Files (x86)\Intel\Intel(R) Management Engine Components\DAL;C:\Program Files\Intel\Intel(R) Management Engine Components\DAL;C:\Program Files (x86)\Intel\Intel(R) Management Engine Components\IPT;C:\Program Files\Intel\Intel(R) Management Engine Components\IPT;C:\Program Files (x86)\Skype\Phone\;C:\Program Files\Git\cmd;C:\WINDOWS\system32;C:\WINDOWS;C:\WINDOWS\System32\Wbem;C:\WINDOWS\System32\WindowsPowerShell\v1.0\;C:\Users\Lucas\AppData\Local\atom\bin;%USERPROFILE%\AppData\Local\Microsoft\WindowsApps;
USERNAME=Lucas
OS=Windows_NT
PROCESSOR_IDENTIFIER=Intel64 Family 6 Model 94 Stepping 3, GenuineIntel



---------------  S Y S T E M  ---------------

OS: Windows 10.0 , 64 bit Build 14393 (10.0.14393.0)

CPU:total 8 (4 cores per cpu, 2 threads per core) family 6 model 94 stepping 3, cmov, cx8, fxsr, mmx, sse, sse2, sse3, ssse3, sse4.1, sse4.2, popcnt, avx, avx2, aes, clmul, erms, rtm, 3dnowpref, lzcnt, ht, tsc, tscinvbit, bmi1, bmi2, adx

Memory: 4k page, physical 8281880k(1041056k free), swap 33447704k(30280k free)

vm_info: Java HotSpot(TM) 64-Bit Server VM (25.91-b14) for windows-amd64 JRE (1.8.0_91-b14), built on Apr  1 2016 00:58:32 by "java_re" with MS VC++ 10.0 (VS2010)

time: Thu Oct 06 09:33:57 2016
elapsed time: 2 seconds (0d 0h 0m 2s)

