#
# A fatal error has been detected by the Java Runtime Environment:
#
#  EXCEPTION_ACCESS_VIOLATION (0xc0000005) at pc=0x000000006e2d2177, pid=30344, tid=21720
#
# JRE version: Java(TM) SE Runtime Environment (8.0_91-b14) (build 1.8.0_91-b14)
# Java VM: Java HotSpot(TM) 64-Bit Server VM (25.91-b14 mixed mode windows-amd64 compressed oops)
# Problematic frame:
# V  [jvm.dll+0x212177]
#
# Failed to write core dump. Minidumps are not enabled by default on client versions of Windows
#
# If you would like to submit a bug report, please visit:
#   http://bugreport.java.com/bugreport/crash.jsp
#

---------------  T H R E A D  ---------------

Current thread (0x0000000019964000):  JavaThread "Signal Dispatcher" daemon [_thread_in_vm, id=21720, stack(0x0000000019f50000,0x000000001a050000)]

siginfo: ExceptionCode=0xc0000005, writing address 0x000000001a04af60

Registers:
RAX=0x000000001a04af60, RBX=0x0000000000000005, RCX=0x0000000000004000, RDX=0x0000000000000006
RSP=0x000000001a04ef60, RBP=0x0000000000000000, RSI=0x000000001a04ef60, RDI=0x0000000000000005
R8 =0x0000000000000006, R9 =0x0000000019961ba0, R10=0x00000000170ad4c8, R11=0x0000000019f5a150
R12=0x0000000019961ba0, R13=0x0000000019964000, R14=0x000000001a04f028, R15=0x00000000170ad4c8
RIP=0x000000006e2d2177, EFLAGS=0x0000000000010206

Top of Stack: (sp=0x000000001a04ef60)
0x000000001a04ef60:   00000000000002c8 000000001a04f080
0x000000001a04ef70:   0000000019964000 0000000019961ba0
0x000000001a04ef80:   00000000ffffffff 000000006e2d30a7
0x000000001a04ef90:   000000001a04f090 00000000170ad4c8
0x000000001a04efa0:   0000000019964000 000000006e17f913
0x000000001a04efb0:   000000001a04eff0 0000000019964000
0x000000001a04efc0:   000000001a04f080 0000000019964000
0x000000001a04efd0:   00000000170ad4c8 0000000019964000
0x000000001a04efe0:   0000000002ac3200 0000000019964000
0x000000001a04eff0:   00000000170ad4c8 0000000019964000
0x000000001a04f000:   00000000170ad4c8 0000000019964000
0x000000001a04f010:   0000000000000001 00000000170ad4c8
0x000000001a04f020:   0000000019964000 0000000019960390
0x000000001a04f030:   0000000019964000 000000006e180dfd
0x000000001a04f040:   000000001a04f390 00000001000069a0
0x000000001a04f050:   00000001000069a0 00007ff96dedf5c0 

Instructions: (pc=0x000000006e2d2177)
0x000000006e2d2157:   48 89 6c 24 30 33 ed 66 90 e8 db 37 08 00 ff c3
0x000000006e2d2167:   48 63 c8 48 8b c6 48 0f af cf 48 ff c7 48 2b c1
0x000000006e2d2177:   89 28 48 63 c3 48 3b 05 1d b5 58 00 7e db 48 8b
0x000000006e2d2187:   6c 24 30 48 8b 5c 24 38 48 8b 74 24 40 48 83 c4 


Register to memory mapping:

RAX=0x000000001a04af60 is pointing into the stack for thread: 0x0000000019964000
RBX=0x0000000000000005 is an unknown value
RCX=0x0000000000004000 is an unknown value
RDX=0x0000000000000006 is an unknown value
RSP=0x000000001a04ef60 is pointing into the stack for thread: 0x0000000019964000
RBP=0x0000000000000000 is an unknown value
RSI=0x000000001a04ef60 is pointing into the stack for thread: 0x0000000019964000
RDI=0x0000000000000005 is an unknown value
R8 =0x0000000000000006 is an unknown value
R9 =0x0000000019961ba0 is an unknown value
R10={method} {0x00000000170ad4d0} 'exit' '()V' in 'java/lang/Thread'
R11=0x0000000019f5a150 is pointing into the stack for thread: 0x0000000019964000
R12=0x0000000019961ba0 is an unknown value
R13=0x0000000019964000 is a thread
R14=0x000000001a04f028 is pointing into the stack for thread: 0x0000000019964000
R15={method} {0x00000000170ad4d0} 'exit' '()V' in 'java/lang/Thread'


Stack: [0x0000000019f50000,0x000000001a050000],  sp=0x000000001a04ef60,  free space=1019k
