#
# A fatal error has been detected by the Java Runtime Environment:
#
#  EXCEPTION_STACK_OVERFLOW (0xc00000fd) at pc=0x000000006e2d2177, pid=8592, tid=31464
#
# JRE version: Java(TM) SE Runtime Environment (8.0_91-b14) (build 1.8.0_91-b14)
# Java VM: Java HotSpot(TM) 64-Bit Server VM (25.91-b14 mixed mode windows-amd64 compressed oops)
# Problematic frame:
# V  [jvm.dll+0x212177]
#
# Failed to write core dump. Minidumps are not enabled by default on client versions of Windows
#
# If you would like to submit a bug report, please visit:
#   http://bugreport.java.com/bugreport/crash.jsp
#

---------------  T H R E A D  ---------------

Current thread (0x000000001a9e9000):  JavaThread "AWT-EventQueue-0" [_thread_in_vm, id=31464, stack(0x000000001b5d0000,0x000000001b6d0000)]

siginfo: ExceptionCode=0xc00000fd, ExceptionInformation=0x0000000000000001 0x000000001b6cd2c0 

Registers:
RAX=0x000000001b6cd2c0, RBX=0x0000000000000003, RCX=0x0000000000002000, RDX=0x0000000000000006
RSP=0x000000001b6cf2c0, RBP=0x0000000000000000, RSI=0x000000001b6cf2c0, RDI=0x0000000000000003
R8 =0x0000000000000006, R9 =0x000000001a9cdaa0, R10=0x00000000173dd4b8, R11=0x000000001b5da168
R12=0x000000001a9cdaa0, R13=0x000000001a9e9000, R14=0x000000001b6cf388, R15=0x00000000173dd4b8
RIP=0x000000006e2d2177, EFLAGS=0x0000000000010206

Top of Stack: (sp=0x000000001b6cf2c0)
0x000000001b6cf2c0:   0000bc4dfb42ab86 000000006f5a4e7e
0x000000001b6cf2d0:   000000001a9e9000 000000001a9cdaa0
0x000000001b6cf2e0:   00000000ffffffff 000000006e2d30a7
0x000000001b6cf2f0:   000000001b6cf3f0 00000000173dd4b8
0x000000001b6cf300:   000000001a9e9000 000000006e17f913
0x000000001b6cf310:   000000001b6cf350 000000001a9e9000
0x000000001b6cf320:   000000001b6cf3e0 000000001a9e9000
0x000000001b6cf330:   00000000173dd4b8 000000001a9e9000
0x000000001b6cf340:   0000000002973200 000000001a9e9000
0x000000001b6cf350:   00000000173dd4b8 000000001a9e9000
0x000000001b6cf360:   0000000016f2d3f8 000000001a9e9000
0x000000001b6cf370:   0000000000000001 00000000173dd4b8
0x000000001b6cf380:   000000001a9e9000 000000001a9cf480
0x000000001b6cf390:   000000001a9e9000 000000006e180dfd
0x000000001b6cf3a0:   000000001b6cf6a8 00000001000069a0
0x000000001b6cf3b0:   00000001000a4390 00007ff96af1fd6c 

Instructions: (pc=0x000000006e2d2177)
0x000000006e2d2157:   48 89 6c 24 30 33 ed 66 90 e8 db 37 08 00 ff c3
0x000000006e2d2167:   48 63 c8 48 8b c6 48 0f af cf 48 ff c7 48 2b c1
0x000000006e2d2177:   89 28 48 63 c3 48 3b 05 1d b5 58 00 7e db 48 8b
0x000000006e2d2187:   6c 24 30 48 8b 5c 24 38 48 8b 74 24 40 48 83 c4 


Register to memory mapping:

RAX=0x000000001b6cd2c0 is pointing into the stack for thread: 0x000000001a9e9000
RBX=0x0000000000000003 is an unknown value
RCX=0x0000000000002000 is an unknown value
RDX=0x0000000000000006 is an unknown value
RSP=0x000000001b6cf2c0 is pointing into the stack for thread: 0x000000001a9e9000
RBP=0x0000000000000000 is an unknown value
RSI=0x000000001b6cf2c0 is pointing into the stack for thread: 0x000000001a9e9000
RDI=0x0000000000000003 is an unknown value
R8 =0x0000000000000006 is an unknown value
R9 =0x000000001a9cdaa0 is an unknown value
R10={method} {0x00000000173dd4c0} 'run' '()V' in 'java/awt/EventDispatchThread'
R11=0x000000001b5da168 is pointing into the stack for thread: 0x000000001a9e9000
R12=0x000000001a9cdaa0 is an unknown value
R13=0x000000001a9e9000 is a thread
R14=0x000000001b6cf388 is pointing into the stack for thread: 0x000000001a9e9000
R15={method} {0x00000000173dd4c0} 'run' '()V' in 'java/awt/EventDispatchThread'


Stack: [0x000000001b5d0000,0x000000001b6d0000],  sp=0x000000001b6cf2c0,  free space=1020k
Native frames: (J=compiled Java code, j=interpreted, Vv=VM code, C=native code)


---------------  P R O C E S S  ---------------

Java Threads: ( => current thread )
  0x0000000002860800 JavaThread "DestroyJavaVM" [_thread_blocked, id=17040, stack(0x0000000002730000,0x0000000002830000)]
=>0x000000001a9e9000 JavaThread "AWT-EventQueue-0" [_thread_in_vm, id=31464, stack(0x000000001b5d0000,0x000000001b6d0000)]
  0x000000001a9e1000 JavaThread "AWT-Windows" daemon [_thread_in_native, id=15748, stack(0x000000001b3c0000,0x000000001b4c0000)]
  0x000000001a9de000 JavaThread "AWT-Shutdown" [_thread_blocked, id=22320, stack(0x000000001b2c0000,0x000000001b3c0000)]
  0x000000001a9dd800 JavaThread "Java2D Disposer" daemon [_thread_blocked, id=3440, stack(0x000000001b1c0000,0x000000001b2c0000)]
  0x000000001985b000 JavaThread "Service Thread" daemon [_thread_blocked, id=18936, stack(0x000000001a3d0000,0x000000001a4d0000)]
  0x000000001984b800 JavaThread "C1 CompilerThread3" daemon [_thread_blocked, id=9776, stack(0x000000001a2d0000,0x000000001a3d0000)]
  0x0000000019847800 JavaThread "C2 CompilerThread2" daemon [_thread_blocked, id=4968, stack(0x000000001a1d0000,0x000000001a2d0000)]
  0x0000000019844800 JavaThread "C2 CompilerThread1" daemon [_thread_blocked, id=18872, stack(0x000000001a0d0000,0x000000001a1d0000)]
  0x00000000197e8000 JavaThread "C2 CompilerThread0" daemon [_thread_blocked, id=19912, stack(0x0000000019fd0000,0x000000001a0d0000)]
  0x00000000197e5800 JavaThread "Attach Listener" daemon [_thread_blocked, id=19644, stack(0x0000000019ed0000,0x0000000019fd0000)]
  0x00000000197e4000 JavaThread "Signal Dispatcher" daemon [_thread_blocked, id=7384, stack(0x0000000019dd0000,0x0000000019ed0000)]
  0x0000000002957000 JavaThread "Finalizer" daemon [_thread_blocked, id=22304, stack(0x0000000019bc0000,0x0000000019cc0000)]
  0x00000000178ed800 JavaThread "Reference Handler" daemon [_thread_blocked, id=22300, stack(0x00000000196c0000,0x00000000197c0000)]

Other Threads:
  0x00000000178e9000 VMThread [stack: 0x00000000195c0000,0x00000000196c0000] [id=21060]
  0x0000000019867800 WatcherThread [stack: 0x000000001a4d0000,0x000000001a5d0000] [id=22560]

VM state:not at safepoint (normal execution)

VM Mutex/Monitor currently owned by a thread: None

Heap:
 PSYoungGen      total 38400K, used 4674K [0x00000000d5e00000, 0x00000000d8880000, 0x0000000100000000)
  eden space 33280K, 14% used [0x00000000d5e00000,0x00000000d6290828,0x00000000d7e80000)
  from space 5120K, 0% used [0x00000000d8380000,0x00000000d8380000,0x00000000d8880000)
  to   space 5120K, 0% used [0x00000000d7e80000,0x00000000d7e80000,0x00000000d8380000)
 ParOldGen       total 87552K, used 0K [0x0000000081a00000, 0x0000000086f80000, 0x00000000d5e00000)
  object space 87552K, 0% used [0x0000000081a00000,0x0000000081a00000,0x0000000086f80000)
 Metaspace       used 5562K, capacity 5702K, committed 5888K, reserved 1056768K
  class space    used 629K, capacity 671K, committed 768K, reserved 1048576K

Card table byte_map: [0x0000000011d20000,0x0000000012120000] byte_map_base: 0x0000000011913000

Marking Bits: (ParMarkBitMap*) 0x000000006e8d2f70
 Begin Bits: [0x0000000012bd0000, 0x0000000014b68000)
 End Bits:   [0x0000000014b68000, 0x0000000016b00000)

Polling page: 0x0000000002640000

CodeCache: size=245760Kb used=1568Kb max_used=1568Kb free=244191Kb
 bounds [0x0000000002960000, 0x0000000002bd0000, 0x0000000011960000]
 total_blobs=575 nmethods=254 adapters=234
 compilation: enabled

Compilation events (10 events):
Event: 5.464 Thread 0x000000001984b800  249       1       java.lang.invoke.MethodTypeForm::basicType (5 bytes)
Event: 5.464 Thread 0x000000001984b800 nmethod 249 0x0000000002ae6b50 code [0x0000000002ae6ca0, 0x0000000002ae6db0]
Event: 6.490 Thread 0x000000001984b800  251       3       jdk.internal.org.objectweb.asm.ClassWriter::put122 (15 bytes)
Event: 6.490 Thread 0x000000001984b800 nmethod 251 0x0000000002ae6f90 code [0x0000000002ae7100, 0x0000000002ae72f8]
Event: 6.490 Thread 0x000000001984b800  252       3       java.lang.String::indexOf (7 bytes)
Event: 6.490 Thread 0x000000001984b800 nmethod 252 0x0000000002ae7410 code [0x0000000002ae7580, 0x0000000002ae7808]
Event: 6.493 Thread 0x000000001984b800  253       3       java.util.ArrayList$Itr::hasNext (20 bytes)
Event: 6.493 Thread 0x000000001984b800 nmethod 253 0x0000000002ae7bd0 code [0x0000000002ae7d20, 0x0000000002ae7ef0]
Event: 6.493 Thread 0x000000001984b800  254       3       java.util.ArrayList$Itr::checkForComodification (23 bytes)
Event: 6.494 Thread 0x000000001984b800 nmethod 254 0x0000000002ae7f90 code [0x0000000002ae8100, 0x0000000002ae8328]

GC Heap History (0 events):
No events

Deoptimization events (0 events):
No events

Internal exceptions (9 events):
Event: 1.492 Thread 0x0000000002860800 Exception <a 'java/lang/NoSuchMethodError': Method sun.misc.Unsafe.defineClass(Ljava/lang/String;[BII)Ljava/lang/Class; name or signature does not match> (0x00000000d5e07cc0) thrown at [C:\re\workspace\8-2-build-windows-amd64-cygwin\jdk8u91\6644\hotspot\sròõ&|ÕÝ÷?
Event: 1.492 Thread 0x0000000002860800 Exception <a 'java/lang/NoSuchMethodError': Method sun.misc.Unsafe.prefetchRead(Ljava/lang/Object;J)V name or signature does not match> (0x00000000d5e07fa8) thrown at [C:\re\workspace\8-2-build-windows-amd64-cygwin\jdk8u91\6644\hotspot\src\share\vm\prims\jH¿Êhj@
Event: 3.760 Thread 0x0000000002860800 Exception <a 'java/security/PrivilegedActionException'> (0x00000000d5f77fa0) thrown at [C:\re\workspace\8-2-build-windows-amd64-cygwin\jdk8u91\6644\hotspot\src\share\vm\prims\jvm.cpp, line 1386]
Event: 3.760 Thread 0x0000000002860800 Exception <a 'java/security/PrivilegedActionException'> (0x00000000d5f781b0) thrown at [C:\re\workspace\8-2-build-windows-amd64-cygwin\jdk8u91\6644\hotspot\src\share\vm\prims\jvm.cpp, line 1386]
Event: 3.761 Thread 0x0000000002860800 Exception <a 'java/security/PrivilegedActionException'> (0x00000000d5f7bff8) thrown at [C:\re\workspace\8-2-build-windows-amd64-cygwin\jdk8u91\6644\hotspot\src\share\vm\prims\jvm.cpp, line 1386]
Event: 3.761 Thread 0x0000000002860800 Exception <a 'java/security/PrivilegedActionException'> (0x00000000d5f7c208) thrown at [C:\re\workspace\8-2-build-windows-amd64-cygwin\jdk8u91\6644\hotspot\src\share\vm\prims\jvm.cpp, line 1386]
Event: 3.779 Thread 0x0000000002860800 Exception <a 'java/io/FileNotFoundException'> (0x00000000d5f7f148) thrown at [C:\re\workspace\8-2-build-windows-amd64-cygwin\jdk8u91\6644\hotspot\src\share\vm\prims\jni.cpp, line 709]
Event: 4.765 Thread 0x0000000002860800 Exception <a 'java/lang/NoSuchFieldError': method resolution failed> (0x00000000d604cad8) thrown at [C:\re\workspace\8-2-build-windows-amd64-cygwin\jdk8u91\6644\hotspot\src\share\vm\prims\methodHandles.cpp, line 1146]
Event: 4.768 Thread 0x0000000002860800 Exception <a 'java/lang/NoSuchFieldError': method resolution failed> (0x00000000d6059ea8) thrown at [C:\re\workspace\8-2-build-windows-amd64-cygwin\jdk8u91\6644\hotspot\src\share\vm\prims\methodHandles.cpp, line 1146]

Events (10 events):
Event: 6.493 loading class java/awt/EventQueue$5 done
Event: 6.493 loading class java/awt/EventDispatchThread
Event: 6.493 loading class java/awt/EventDispatchThread done
Event: 6.493 Thread 0x000000001a9e9000 Thread added: 0x000000001a9e9000
Event: 6.493 loading class sun/awt/PeerEvent
Event: 6.493 loading class sun/awt/PeerEvent done
Event: 6.493 loading class sun/awt/EventQueueItem
Event: 6.493 loading class sun/awt/EventQueueItem done
Event: 6.494 Thread 0x0000000002860800 Thread exited: 0x0000000002860800
Event: 6.494 Thread 0x0000000002860800 Thread added: 0x0000000002860800


Dynamic libraries:
0x00007ff713fe0000 - 0x00007ff714017000 	C:\Program Files\Java\jdk1.8.0_91\bin\java.exe
0x00007ff96de80000 - 0x00007ff96e051000 	C:\WINDOWS\SYSTEM32\ntdll.dll
0x00007ff96d8a0000 - 0x00007ff96d94b000 	C:\WINDOWS\System32\KERNEL32.DLL
0x00007ff96a3d0000 - 0x00007ff96a5ed000 	C:\WINDOWS\System32\KERNELBASE.dll
0x00007ff96dd30000 - 0x00007ff96ddd2000 	C:\WINDOWS\System32\ADVAPI32.dll
0x00007ff96b9e0000 - 0x00007ff96ba7e000 	C:\WINDOWS\System32\msvcrt.dll
0x00007ff96b550000 - 0x00007ff96b5a9000 	C:\WINDOWS\System32\sechost.dll
0x00007ff96bb10000 - 0x00007ff96bc31000 	C:\WINDOWS\System32\RPCRT4.dll
0x00007ff96bd00000 - 0x00007ff96be65000 	C:\WINDOWS\System32\USER32.dll
0x00007ff96b3f0000 - 0x00007ff96b40e000 	C:\WINDOWS\System32\win32u.dll
0x00007ff96bcc0000 - 0x00007ff96bcf4000 	C:\WINDOWS\System32\GDI32.dll
0x00007ff96a6a0000 - 0x00007ff96a822000 	C:\WINDOWS\System32\gdi32full.dll
0x00007ff966ae0000 - 0x00007ff966d59000 	C:\WINDOWS\WinSxS\amd64_microsoft.windows.common-controls_6595b64144ccf1df_6.0.14393.0_none_2d0f50fcbdb171b8\COMCTL32.dll
0x00007ff96d960000 - 0x00007ff96dc27000 	C:\WINDOWS\System32\combase.dll
0x00007ff96af10000 - 0x00007ff96b005000 	C:\WINDOWS\System32\ucrtbase.dll
0x00007ff96b160000 - 0x00007ff96b1ca000 	C:\WINDOWS\System32\bcryptPrimitives.dll
0x00007ff96ba80000 - 0x00007ff96baae000 	C:\WINDOWS\System32\IMM32.DLL
0x000000006f550000 - 0x000000006f622000 	C:\Program Files\Java\jdk1.8.0_91\jre\bin\msvcr100.dll
0x000000006e0c0000 - 0x000000006e953000 	C:\Program Files\Java\jdk1.8.0_91\jre\bin\server\jvm.dll
0x00007ff96b4e0000 - 0x00007ff96b4e8000 	C:\WINDOWS\System32\PSAPI.DLL
0x00007ff9678a0000 - 0x00007ff9678a9000 	C:\WINDOWS\SYSTEM32\WSOCK32.dll
0x00007ff96bc50000 - 0x00007ff96bcba000 	C:\WINDOWS\System32\WS2_32.dll
0x00007ff968600000 - 0x00007ff968623000 	C:\WINDOWS\SYSTEM32\WINMM.dll
0x00007ff966ab0000 - 0x00007ff966aba000 	C:\WINDOWS\SYSTEM32\VERSION.dll
0x00007ff968300000 - 0x00007ff96832b000 	C:\WINDOWS\SYSTEM32\WINMMBASE.dll
0x00007ff96b1d0000 - 0x00007ff96b212000 	C:\WINDOWS\System32\cfgmgr32.dll
0x000000006f7c0000 - 0x000000006f7cf000 	C:\Program Files\Java\jdk1.8.0_91\jre\bin\verify.dll
0x000000006e090000 - 0x000000006e0b9000 	C:\Program Files\Java\jdk1.8.0_91\jre\bin\java.dll
0x000000006e070000 - 0x000000006e086000 	C:\Program Files\Java\jdk1.8.0_91\jre\bin\zip.dll
0x00007ff96c110000 - 0x00007ff96d618000 	C:\WINDOWS\System32\SHELL32.dll
0x00007ff96a830000 - 0x00007ff96af0a000 	C:\WINDOWS\System32\windows.storage.dll
0x00007ff96a2f0000 - 0x00007ff96a33c000 	C:\WINDOWS\System32\powrprof.dll
0x00007ff96b480000 - 0x00007ff96b4d2000 	C:\WINDOWS\System32\shlwapi.dll
0x00007ff96a2e0000 - 0x00007ff96a2ef000 	C:\WINDOWS\System32\kernel.appcore.dll
0x00007ff96b0b0000 - 0x00007ff96b159000 	C:\WINDOWS\System32\shcore.dll
0x00007ff96a350000 - 0x00007ff96a364000 	C:\WINDOWS\System32\profapi.dll
0x000000006de90000 - 0x000000006e028000 	C:\Program Files\Java\jdk1.8.0_91\jre\bin\awt.dll
0x00007ff96d620000 - 0x00007ff96d6df000 	C:\WINDOWS\System32\OLEAUT32.dll
0x00007ff96b010000 - 0x00007ff96b0ac000 	C:\WINDOWS\System32\msvcp_win.dll
0x00007ff968890000 - 0x00007ff96890a000 	C:\WINDOWS\SYSTEM32\apphelp.dll
0x00007ff968ad0000 - 0x00007ff968b65000 	C:\WINDOWS\system32\uxtheme.dll
0x00007ff96bfb0000 - 0x00007ff96c10b000 	C:\WINDOWS\System32\MSCTF.dll
0x00007ff967e30000 - 0x00007ff967e56000 	C:\WINDOWS\system32\dwmapi.dll
0x00007ff96be70000 - 0x00007ff96bfa7000 	C:\WINDOWS\System32\ole32.dll

VM Arguments:
java_command: C:\Users\Lucas\Documents\MaterialCodigoAprendizaje\2DAM\ProgramacionServiciosProcesos\Editor\dist\DocumentEditor.jar
java_class_path (initial): C:\Users\Lucas\Documents\MaterialCodigoAprendizaje\2DAM\ProgramacionServiciosProcesos\Editor\dist\DocumentEditor.jar
Launcher Type: SUN_STANDARD

Environment Variables:
PATH=C:\ProgramData\Oracle\Java\javapath;C:\Program Files (x86)\Intel\iCLS Client\;C:\Program Files\Intel\iCLS Client\;C:\Windows\system32;C:\Windows;C:\Windows\System32\Wbem;C:\Windows\System32\WindowsPowerShell\v1.0\;C:\Program Files (x86)\NVIDIA Corporation\PhysX\Common;C:\Program Files (x86)\Intel\Intel(R) Management Engine Components\DAL;C:\Program Files\Intel\Intel(R) Management Engine Components\DAL;C:\Program Files (x86)\Intel\Intel(R) Management Engine Components\IPT;C:\Program Files\Intel\Intel(R) Management Engine Components\IPT;C:\Program Files (x86)\Skype\Phone\;C:\Program Files\Git\cmd;C:\WINDOWS\system32;C:\WINDOWS;C:\WINDOWS\System32\Wbem;C:\WINDOWS\System32\WindowsPowerShell\v1.0\;C:\Users\Lucas\AppData\Local\atom\bin;%USERPROFILE%\AppData\Local\Microsoft\WindowsApps;
USERNAME=Lucas
OS=Windows_NT
PROCESSOR_IDENTIFIER=Intel64 Family 6 Model 94 Stepping 3, GenuineIntel



---------------  S Y S T E M  ---------------

OS: Windows 10.0 , 64 bit Build 14393 (10.0.14393.0)

CPU:total 8 (4 cores per cpu, 2 threads per core) family 6 model 94 stepping 3, cmov, cx8, fxsr, mmx, sse, sse2, sse3, ssse3, sse4.1, sse4.2, popcnt, avx, avx2, aes, clmul, erms, rtm, 3dnowpref, lzcnt, ht, tsc, tscinvbit, bmi1, bmi2, adx

Memory: 4k page, physical 8281880k(1074056k free), swap 33447704k(9572k free)

vm_info: Java HotSpot(TM) 64-Bit Server VM (25.91-b14) for windows-amd64 JRE (1.8.0_91-b14), built on Apr  1 2016 00:58:32 by "java_re" with MS VC++ 10.0 (VS2010)

time: Thu Oct 06 09:33:52 2016
elapsed time: 7 seconds (0d 0h 0m 7s)

