#
# There is insufficient memory for the Java Runtime Environment to continue.
# Native memory allocation (malloc) failed to allocate 32744 bytes for ChunkPool::allocate
# Possible reasons:
#   The system is out of physical RAM or swap space
#   In 32 bit mode, the process size limit was hit
# Possible solutions:
#   Reduce memory load on the system
#   Increase physical memory or swap space
#   Check if swap backing store is full
#   Use 64 bit Java on a 64 bit OS
#   Decrease Java heap size (-Xmx/-Xms)
#   Decrease number of Java threads
#   Decrease Java thread stack sizes (-Xss)
#   Set larger code cache with -XX:ReservedCodeCacheSize=
# This output file may be truncated or incomplete.
#
#  Out of Memory Error (allocation.cpp:273), pid=22480, tid=30708
#
# JRE version: Java(TM) SE Runtime Environment (8.0_91-b14) (build 1.8.0_91-b14)
# Java VM: Java HotSpot(TM) 64-Bit Server VM (25.91-b14 mixed mode windows-amd64 compressed oops)
# Failed to write core dump. Minidumps are not enabled by default on client versions of Windows
#

---------------  T H R E A D  ---------------

Current thread (0x0000000017319800):  VMThread [stack: 0x0000000018ff0000,0x00000000190f0000] [id=30708]

Stack: [0x0000000018ff0000,0x00000000190f0000]
[error occurred during error reporting (printing stack bounds), id 0xc0000005]

Native frames: (J=compiled Java code, j=interpreted, Vv=VM code, C=native code)

VM_Operation (0x000000001b4ceda0): RevokeBias, mode: safepoint, requested by thread 0x000000001a581800


---------------  P R O C E S S  ---------------

Java Threads: ( => current thread )
  0x000000001a581800 JavaThread "Image Fetcher 1" daemon [_thread_blocked, id=27428, stack(0x000000001b3d0000,0x000000001b4d0000)]
  0x0000000002290800 JavaThread "DestroyJavaVM" [_thread_blocked, id=17624, stack(0x0000000002170000,0x0000000002270000)]
  0x000000001a422000 JavaThread "AWT-EventQueue-0" [_thread_blocked, id=31820, stack(0x000000001afc0000,0x000000001b0c0000)]
  0x000000001a47c800 JavaThread "AWT-Windows" daemon [_thread_in_native, id=19560, stack(0x000000001adf0000,0x000000001aef0000)]
  0x000000001a41e800 JavaThread "AWT-Shutdown" [_thread_blocked, id=31484, stack(0x000000001acf0000,0x000000001adf0000)]
  0x000000001a478000 JavaThread "Java2D Disposer" daemon [_thread_blocked, id=31404, stack(0x000000001abf0000,0x000000001acf0000)]
  0x0000000019285000 JavaThread "Service Thread" daemon [_thread_blocked, id=28108, stack(0x0000000019e00000,0x0000000019f00000)]
  0x0000000019278000 JavaThread "C1 CompilerThread3" daemon [_thread_blocked, id=13988, stack(0x0000000019d00000,0x0000000019e00000)]
  0x0000000019274800 JavaThread "C2 CompilerThread2" daemon [_thread_blocked, id=32468, stack(0x0000000019c00000,0x0000000019d00000)]
  0x000000001921a000 JavaThread "C2 CompilerThread1" daemon [_thread_blocked, id=25028, stack(0x0000000019b00000,0x0000000019c00000)]
  0x0000000019218000 JavaThread "C2 CompilerThread0" daemon [_thread_blocked, id=9440, stack(0x0000000019a00000,0x0000000019b00000)]
  0x0000000019215800 JavaThread "Attach Listener" daemon [_thread_blocked, id=5380, stack(0x0000000019900000,0x0000000019a00000)]
  0x0000000019214000 JavaThread "Signal Dispatcher" daemon [_thread_blocked, id=6676, stack(0x0000000019800000,0x0000000019900000)]
  0x0000000002387000 JavaThread "Finalizer" daemon [_thread_blocked, id=14284, stack(0x00000000195f0000,0x00000000196f0000)]
  0x000000001731d800 JavaThread "Reference Handler" daemon [_thread_blocked, id=10776, stack(0x00000000190f0000,0x00000000191f0000)]

Other Threads:
=>0x0000000017319800 VMThread [stack: 0x0000000018ff0000,0x00000000190f0000] [id=30708]
  0x000000001927e000 WatcherThread [stack: 0x0000000019f00000,0x000000001a000000] [id=26960]

VM state:at safepoint (normal execution)

VM Mutex/Monitor currently owned by a thread:  ([mutex/lock_event])
[0x000000000228b3c0] Threads_lock - owner thread: 0x0000000017319800

Heap:
 PSYoungGen      total 38400K, used 3328K [0x00000000d5e00000, 0x00000000d8880000, 0x0000000100000000)
  eden space 33280K, 10% used [0x00000000d5e00000,0x00000000d61401a0,0x00000000d7e80000)
  from space 5120K, 0% used [0x00000000d7e80000,0x00000000d7e80000,0x00000000d8380000)
  to   space 5120K, 0% used [0x00000000d8380000,0x00000000d8380000,0x00000000d8880000)
 ParOldGen       total 66560K, used 2317K [0x0000000081a00000, 0x0000000085b00000, 0x00000000d5e00000)
  object space 66560K, 3% used [0x0000000081a00000,0x0000000081c436a8,0x0000000085b00000)
 Metaspace       used 11901K, capacity 12094K, committed 12160K, reserved 1060864K
  class space    used 1540K, capacity 1606K, committed 1664K, reserved 1048576K

Card table byte_map: [0x0000000011750000,0x0000000011b50000] byte_map_base: 0x0000000011343000

Marking Bits: (ParMarkBitMap*) 0x000000006e8d2f70
 Begin Bits: [0x0000000012600000, 0x0000000014598000)
 End Bits:   [0x0000000014598000, 0x0000000016530000)

Polling page: 0x0000000000520000

CodeCache: size=245760Kb used=2673Kb max_used=2685Kb free=243086Kb
 bounds [0x0000000002390000, 0x0000000002640000, 0x0000000011390000]
 total_blobs=1144 nmethods=694 adapters=363
 compilation: enabled

Compilation events (10 events):
Event: 11.605 Thread 0x0000000019278000  700       3       java.io.InputStream::<init> (5 bytes)
Event: 11.605 Thread 0x0000000019278000 nmethod 700 0x0000000002630390 code [0x0000000002630500, 0x00000000026306b0]
Event: 12.315 Thread 0x0000000019278000  701       3       sun.nio.cs.SingleByte$Encoder::encode (32 bytes)
Event: 12.315 Thread 0x0000000019278000 nmethod 701 0x0000000002630790 code [0x0000000002630900, 0x0000000002630b10]
Event: 12.482 Thread 0x0000000019278000  702       3       java.util.ArrayList$Itr::<init> (6 bytes)
Event: 12.482 Thread 0x0000000019278000 nmethod 702 0x0000000002630c50 code [0x0000000002630dc0, 0x0000000002630ff0]
Event: 12.482 Thread 0x0000000019278000  703       3       java.util.ArrayList$Itr::<init> (26 bytes)
Event: 12.483 Thread 0x0000000019278000 nmethod 703 0x000000000249c150 code [0x000000000249c2c0, 0x000000000249c490]
Event: 12.483 Thread 0x000000001921a000  704       4       java.lang.ref.Reference::<init> (25 bytes)
Event: 12.483 Thread 0x0000000019278000  705       3       sun.awt.image.PNGImageDecoder::update_crc (41 bytes)

GC Heap History (4 events):
Event: 8.927 GC heap before
{Heap before GC invocations=1 (full 0):
 PSYoungGen      total 38400K, used 12661K [0x00000000d5e00000, 0x00000000d8880000, 0x0000000100000000)
  eden space 33280K, 38% used [0x00000000d5e00000,0x00000000d6a5d6d8,0x00000000d7e80000)
  from space 5120K, 0% used [0x00000000d8380000,0x00000000d8380000,0x00000000d8880000)
  to   space 5120K, 0% used [0x00000000d7e80000,0x00000000d7e80000,0x00000000d8380000)
 ParOldGen       total 87552K, used 0K [0x0000000081a00000, 0x0000000086f80000, 0x00000000d5e00000)
  object space 87552K, 0% used [0x0000000081a00000,0x0000000081a00000,0x0000000086f80000)
 Metaspace       used 11638K, capacity 11806K, committed 11904K, reserved 1062912K
  class space    used 1504K, capacity 1574K, committed 1664K, reserved 1048576K
Event: 9.016 GC heap after
Heap after GC invocations=1 (full 0):
 PSYoungGen      total 38400K, used 2496K [0x00000000d5e00000, 0x00000000d8880000, 0x0000000100000000)
  eden space 33280K, 0% used [0x00000000d5e00000,0x00000000d5e00000,0x00000000d7e80000)
  from space 5120K, 48% used [0x00000000d7e80000,0x00000000d80f0020,0x00000000d8380000)
  to   space 5120K, 0% used [0x00000000d8380000,0x00000000d8380000,0x00000000d8880000)
 ParOldGen       total 87552K, used 16K [0x0000000081a00000, 0x0000000086f80000, 0x00000000d5e00000)
  object space 87552K, 0% used [0x0000000081a00000,0x0000000081a04000,0x0000000086f80000)
 Metaspace       used 11638K, capacity 11806K, committed 11904K, reserved 1062912K
  class space    used 1504K, capacity 1574K, committed 1664K, reserved 1048576K
}
Event: 9.016 GC heap before
{Heap before GC invocations=2 (full 1):
 PSYoungGen      total 38400K, used 2496K [0x00000000d5e00000, 0x00000000d8880000, 0x0000000100000000)
  eden space 33280K, 0% used [0x00000000d5e00000,0x00000000d5e00000,0x00000000d7e80000)
  from space 5120K, 48% used [0x00000000d7e80000,0x00000000d80f0020,0x00000000d8380000)
  to   space 5120K, 0% used [0x00000000d8380000,0x00000000d8380000,0x00000000d8880000)
 ParOldGen       total 87552K, used 16K [0x0000000081a00000, 0x0000000086f80000, 0x00000000d5e00000)
  object space 87552K, 0% used [0x0000000081a00000,0x0000000081a04000,0x0000000086f80000)
 Metaspace       used 11638K, capacity 11806K, committed 11904K, reserved 1062912K
  class space    used 1504K, capacity 1574K, committed 1664K, reserved 1048576K
Event: 10.108 GC heap after
Heap after GC invocations=2 (full 1):
 PSYoungGen      total 38400K, used 0K [0x00000000d5e00000, 0x00000000d8880000, 0x0000000100000000)
  eden space 33280K, 0% used [0x00000000d5e00000,0x00000000d5e00000,0x00000000d7e80000)
  from space 5120K, 0% used [0x00000000d7e80000,0x00000000d7e80000,0x00000000d8380000)
  to   space 5120K, 0% used [0x00000000d8380000,0x00000000d8380000,0x00000000d8880000)
 ParOldGen       total 66560K, used 2317K [0x0000000081a00000, 0x0000000085b00000, 0x00000000d5e00000)
  object space 66560K, 3% used [0x0000000081a00000,0x0000000081c436a8,0x0000000085b00000)
 Metaspace       used 11638K, capacity 11806K, committed 11904K, reserved 1060864K
  class space    used 1504K, capacity 1574K, committed 1664K, reserved 1048576K
}

Deoptimization events (3 events):
Event: 3.623 Thread 0x000000001a422000 Uncommon trap: reason=null_check action=make_not_entrant pc=0x00000000024fe5b8 method=java.lang.String.equals(Ljava/lang/Object;)Z @ 8
Event: 10.132 Thread 0x000000001a422000 Uncommon trap: reason=unstable_if action=reinterpret pc=0x00000000025af104 method=java.lang.AbstractStringBuilder.append(Ljava/lang/String;)Ljava/lang/AbstractStringBuilder; @ 1
Event: 10.132 Thread 0x000000001a422000 Uncommon trap: reason=unstable_if action=reinterpret pc=0x000000000259b354 method=java.lang.AbstractStringBuilder.append(Ljava/lang/String;)Ljava/lang/AbstractStringBuilder; @ 1

Internal exceptions (10 events):
Event: 8.295 Thread 0x000000001a422000 Exception <a 'java/lang/ArrayIndexOutOfBoundsException'> (0x00000000d681a100) thrown at [C:\re\workspace\8-2-build-windows-amd64-cygwin\jdk8u91\6644\hotspot\src\share\vm\runtime\sharedRuntime.cpp, line 605]
Event: 8.296 Thread 0x000000001a422000 Exception <a 'java/lang/ArrayIndexOutOfBoundsException'> (0x00000000d6829868) thrown at [C:\re\workspace\8-2-build-windows-amd64-cygwin\jdk8u91\6644\hotspot\src\share\vm\runtime\sharedRuntime.cpp, line 605]
Event: 8.307 Thread 0x000000001a422000 Exception <a 'java/lang/ClassNotFoundException': javax/swing/AbstractButtonCustomizer> (0x00000000d6894438) thrown at [C:\re\workspace\8-2-build-windows-amd64-cygwin\jdk8u91\6644\hotspot\src\share\vm\classfile\systemDictionary.cpp, line 210]
Event: 8.328 Thread 0x000000001a422000 Exception <a 'java/lang/ClassNotFoundException': javax/swing/JMenuItemCustomizer> (0x00000000d68ffba8) thrown at [C:\re\workspace\8-2-build-windows-amd64-cygwin\jdk8u91\6644\hotspot\src\share\vm\classfile\systemDictionary.cpp, line 210]
Event: 8.355 Thread 0x000000001a422000 Exception <a 'java/lang/ClassNotFoundException': javax/swing/JMenuCustomizer> (0x00000000d693deb0) thrown at [C:\re\workspace\8-2-build-windows-amd64-cygwin\jdk8u91\6644\hotspot\src\share\vm\classfile\systemDictionary.cpp, line 210]
Event: 8.522 Thread 0x000000001a422000 Exception <a 'java/lang/ClassNotFoundException': javax/swing/JButtonBeanInfo> (0x00000000d69aca90) thrown at [C:\re\workspace\8-2-build-windows-amd64-cygwin\jdk8u91\6644\hotspot\src\share\vm\classfile\systemDictionary.cpp, line 210]
Event: 8.522 Thread 0x000000001a422000 Exception <a 'java/lang/ClassNotFoundException': javax/swing/JButtonCustomizer> (0x00000000d69adee8) thrown at [C:\re\workspace\8-2-build-windows-amd64-cygwin\jdk8u91\6644\hotspot\src\share\vm\classfile\systemDictionary.cpp, line 210]
Event: 10.132 Thread 0x000000001a422000 Implicit null exception at 0x00000000025aed94 to 0x00000000025af0ed
Event: 10.132 Thread 0x000000001a422000 Implicit null exception at 0x000000000259afd9 to 0x000000000259b33d
Event: 12.313 Thread 0x000000001a525800 Exception <a 'java/lang/OutOfMemoryError'> (0x00000000d6018398) thrown at [C:\re\workspace\8-2-build-windows-amd64-cygwin\jdk8u91\6644\hotspot\src\share\vm\prims\jni.cpp, line 735]

Events (10 events):
Event: 12.482 Executing VM operation: RevokeBias done
Event: 12.482 Thread 0x0000000019278000 flushing nmethod 0x000000000249b110
Event: 12.482 Thread 0x0000000019278000 flushing nmethod 0x000000000249b790
Event: 12.482 Thread 0x0000000019278000 flushing nmethod 0x000000000249bc90
Event: 12.482 Thread 0x0000000019278000 flushing nmethod 0x000000000249c0d0
Event: 12.482 Thread 0x0000000019278000 flushing nmethod 0x000000000249d8d0
Event: 12.482 Thread 0x0000000019278000 flushing nmethod 0x000000000249f610
Event: 12.483 Thread 0x0000000019278000 flushing nmethod 0x00000000024afb50
Event: 12.483 Thread 0x0000000019278000 flushing nmethod 0x00000000024b0f10
Event: 12.483 Executing VM operation: RevokeBias


Dynamic libraries:
0x00007ff713fe0000 - 0x00007ff714017000 	C:\Program Files\Java\jdk1.8.0_91\bin\java.exe
0x00007ff96de80000 - 0x00007ff96e051000 	C:\WINDOWS\SYSTEM32\ntdll.dll
0x00007ff96d8a0000 - 0x00007ff96d94b000 	C:\WINDOWS\System32\KERNEL32.DLL
0x00007ff96a3d0000 - 0x00007ff96a5ed000 	C:\WINDOWS\System32\KERNELBASE.dll
0x00007ff96dd30000 - 0x00007ff96ddd2000 	C:\WINDOWS\System32\ADVAPI32.dll
0x00007ff96b9e0000 - 0x00007ff96ba7e000 	C:\WINDOWS\System32\msvcrt.dll
0x00007ff96b550000 - 0x00007ff96b5a9000 	C:\WINDOWS\System32\sechost.dll
0x00007ff96bb10000 - 0x00007ff96bc31000 	C:\WINDOWS\System32\RPCRT4.dll
0x00007ff96bd00000 - 0x00007ff96be65000 	C:\WINDOWS\System32\USER32.dll
0x00007ff96b3f0000 - 0x00007ff96b40e000 	C:\WINDOWS\System32\win32u.dll
0x00007ff96bcc0000 - 0x00007ff96bcf4000 	C:\WINDOWS\System32\GDI32.dll
0x00007ff96a6a0000 - 0x00007ff96a822000 	C:\WINDOWS\System32\gdi32full.dll
0x00007ff966ae0000 - 0x00007ff966d59000 	C:\WINDOWS\WinSxS\amd64_microsoft.windows.common-controls_6595b64144ccf1df_6.0.14393.0_none_2d0f50fcbdb171b8\COMCTL32.dll
0x00007ff96d960000 - 0x00007ff96dc27000 	C:\WINDOWS\System32\combase.dll
0x00007ff96af10000 - 0x00007ff96b005000 	C:\WINDOWS\System32\ucrtbase.dll
0x00007ff96b160000 - 0x00007ff96b1ca000 	C:\WINDOWS\System32\bcryptPrimitives.dll
0x00007ff96ba80000 - 0x00007ff96baae000 	C:\WINDOWS\System32\IMM32.DLL
0x000000006f550000 - 0x000000006f622000 	C:\Program Files\Java\jdk1.8.0_91\jre\bin\msvcr100.dll
0x000000006e0c0000 - 0x000000006e953000 	C:\Program Files\Java\jdk1.8.0_91\jre\bin\server\jvm.dll
0x00007ff96b4e0000 - 0x00007ff96b4e8000 	C:\WINDOWS\System32\PSAPI.DLL
0x00007ff9678a0000 - 0x00007ff9678a9000 	C:\WINDOWS\SYSTEM32\WSOCK32.dll
0x00007ff96bc50000 - 0x00007ff96bcba000 	C:\WINDOWS\System32\WS2_32.dll
0x00007ff968600000 - 0x00007ff968623000 	C:\WINDOWS\SYSTEM32\WINMM.dll
0x00007ff966ab0000 - 0x00007ff966aba000 	C:\WINDOWS\SYSTEM32\VERSION.dll
0x00007ff968300000 - 0x00007ff96832b000 	C:\WINDOWS\SYSTEM32\WINMMBASE.dll
0x00007ff96b1d0000 - 0x00007ff96b212000 	C:\WINDOWS\System32\cfgmgr32.dll
0x000000006f7c0000 - 0x000000006f7cf000 	C:\Program Files\Java\jdk1.8.0_91\jre\bin\verify.dll
0x000000006e090000 - 0x000000006e0b9000 	C:\Program Files\Java\jdk1.8.0_91\jre\bin\java.dll
0x000000006e070000 - 0x000000006e086000 	C:\Program Files\Java\jdk1.8.0_91\jre\bin\zip.dll
0x00007ff96c110000 - 0x00007ff96d618000 	C:\WINDOWS\System32\SHELL32.dll
0x00007ff96a830000 - 0x00007ff96af0a000 	C:\WINDOWS\System32\windows.storage.dll
0x00007ff96a2f0000 - 0x00007ff96a33c000 	C:\WINDOWS\System32\powrprof.dll
0x00007ff96b480000 - 0x00007ff96b4d2000 	C:\WINDOWS\System32\shlwapi.dll
0x00007ff96a2e0000 - 0x00007ff96a2ef000 	C:\WINDOWS\System32\kernel.appcore.dll
0x00007ff96b0b0000 - 0x00007ff96b159000 	C:\WINDOWS\System32\shcore.dll
0x00007ff96a350000 - 0x00007ff96a364000 	C:\WINDOWS\System32\profapi.dll
0x000000006de90000 - 0x000000006e028000 	C:\Program Files\Java\jdk1.8.0_91\jre\bin\awt.dll
0x00007ff96d620000 - 0x00007ff96d6df000 	C:\WINDOWS\System32\OLEAUT32.dll
0x00007ff96b010000 - 0x00007ff96b0ac000 	C:\WINDOWS\System32\msvcp_win.dll
0x00007ff968890000 - 0x00007ff96890a000 	C:\WINDOWS\SYSTEM32\apphelp.dll
0x00007ff968ad0000 - 0x00007ff968b65000 	C:\WINDOWS\system32\uxtheme.dll
0x00007ff96bfb0000 - 0x00007ff96c10b000 	C:\WINDOWS\System32\MSCTF.dll
0x00007ff967e30000 - 0x00007ff967e56000 	C:\WINDOWS\system32\dwmapi.dll
0x00007ff96be70000 - 0x00007ff96bfa7000 	C:\WINDOWS\System32\ole32.dll
0x000000006de40000 - 0x000000006de87000 	C:\Program Files\Java\jdk1.8.0_91\jre\bin\fontmanager.dll
0x000000006e050000 - 0x000000006e06a000 	C:\Program Files\Java\jdk1.8.0_91\jre\bin\net.dll
0x00007ff969950000 - 0x00007ff9699ac000 	C:\WINDOWS\system32\mswsock.dll
0x000000006e030000 - 0x000000006e041000 	C:\Program Files\Java\jdk1.8.0_91\jre\bin\nio.dll

VM Arguments:
java_command: C:\Users\Lucas\Documents\MaterialCodigoAprendizaje\2DAM\ProgramacionServiciosProcesos\Editor\dist\DocumentEditor.jar
java_class_path (initial): C:\Users\Lucas\Documents\MaterialCodigoAprendizaje\2DAM\ProgramacionServiciosProcesos\Editor\dist\DocumentEditor.jar
Launcher Type: SUN_STANDARD

Environment Variables:
PATH=C:\ProgramData\Oracle\Java\javapath;C:\Program Files (x86)\Intel\iCLS Client\;C:\Program Files\Intel\iCLS Client\;C:\Windows\system32;C:\Windows;C:\Windows\System32\Wbem;C:\Windows\System32\WindowsPowerShell\v1.0\;C:\Program Files (x86)\NVIDIA Corporation\PhysX\Common;C:\Program Files (x86)\Intel\Intel(R) Management Engine Components\DAL;C:\Program Files\Intel\Intel(R) Management Engine Components\DAL;C:\Program Files (x86)\Intel\Intel(R) Management Engine Components\IPT;C:\Program Files\Intel\Intel(R) Management Engine Components\IPT;C:\Program Files (x86)\Skype\Phone\;C:\Program Files\Git\cmd;C:\WINDOWS\system32;C:\WINDOWS;C:\WINDOWS\System32\Wbem;C:\WINDOWS\System32\WindowsPowerShell\v1.0\;C:\Users\Lucas\AppData\Local\atom\bin;%USERPROFILE%\AppData\Local\Microsoft\WindowsApps;
USERNAME=Lucas
OS=Windows_NT
PROCESSOR_IDENTIFIER=Intel64 Family 6 Model 94 Stepping 3, GenuineIntel



---------------  S Y S T E M  ---------------

OS: Windows 10.0 , 64 bit Build 14393 (10.0.14393.0)

CPU:total 8 (4 cores per cpu, 2 threads per core) family 6 model 94 stepping 3, cmov, cx8, fxsr, mmx, sse, sse2, sse3, ssse3, sse4.1, sse4.2, popcnt, avx, avx2, aes, clmul, erms, rtm, 3dnowpref, lzcnt, ht, tsc, tscinvbit, bmi1, bmi2, adx

Memory: 4k page, physical 8281880k(678184k free), swap 33447704k(468k free)

vm_info: Java HotSpot(TM) 64-Bit Server VM (25.91-b14) for windows-amd64 JRE (1.8.0_91-b14), built on Apr  1 2016 00:58:32 by "java_re" with MS VC++ 10.0 (VS2010)

time: Thu Oct 06 09:34:11 2016
elapsed time: 12 seconds (0d 0h 0m 12s)

