#
# A fatal error has been detected by the Java Runtime Environment:
#
#  EXCEPTION_STACK_OVERFLOW (0xc00000fd) at pc=0x000000006e2d2177, pid=22876, tid=31752
#
# JRE version: Java(TM) SE Runtime Environment (8.0_91-b14) (build 1.8.0_91-b14)
# Java VM: Java HotSpot(TM) 64-Bit Server VM (25.91-b14 mixed mode windows-amd64 compressed oops)
# Problematic frame:
# V  [jvm.dll+0x212177]
#
# Failed to write core dump. Minidumps are not enabled by default on client versions of Windows
#
# If you would like to submit a bug report, please visit:
#   http://bugreport.java.com/bugreport/crash.jsp
#

---------------  T H R E A D  ---------------

Current thread (0x000000001a7c8000):  JavaThread "AWT-Shutdown" [_thread_in_vm, id=31752, stack(0x000000001b050000,0x000000001b150000)]

siginfo: ExceptionCode=0xc00000fd, ExceptionInformation=0x0000000000000001 0x000000001b14d570 

Registers:
RAX=0x000000001b14d570, RBX=0x0000000000000003, RCX=0x0000000000002000, RDX=0x0000000000000006
RSP=0x000000001b14f570, RBP=0x0000000000000000, RSI=0x000000001b14f570, RDI=0x0000000000000003
R8 =0x0000000000000006, R9 =0x0000000019940a30, R10=0x0000000016cbd3f8, R11=0x000000001b05a148
R12=0x0000000019940a30, R13=0x000000001a7c8000, R14=0x000000001b14f638, R15=0x0000000016cbd3f8
RIP=0x000000006e2d2177, EFLAGS=0x0000000000010202

Top of Stack: (sp=0x000000001b14f570)
0x000000001b14f570:   00006bcb889cc211 000000006f5a4e7e
0x000000001b14f580:   000000001a7c8000 0000000019940a30
0x000000001b14f590:   00000000ffffffff 000000006e2d30a7
0x000000001b14f5a0:   000000001b14f6a0 0000000016cbd3f8
0x000000001b14f5b0:   000000001a7c8000 000000006e17f913
0x000000001b14f5c0:   000000001b14f600 000000001a7c8000
0x000000001b14f5d0:   000000001b14f690 000000001a7c8000
0x000000001b14f5e0:   0000000016cbd3f8 000000001a7c8000
0x000000001b14f5f0:   00000000026d3200 000000001a7c8000
0x000000001b14f600:   0000000016cbd3f8 000000001a7c8000
0x000000001b14f610:   0000000016cbd3f8 000000001a7c8000
0x000000001b14f620:   0000000000000001 0000000016cbd3f8
0x000000001b14f630:   000000001a7c8000 0000000019742900
0x000000001b14f640:   000000001a7c8000 000000006e180dfd
0x000000001b14f650:   000000001b14f958 00000001000069a0
0x000000001b14f660:   00000001000069a0 0000000000000000 

Instructions: (pc=0x000000006e2d2177)
0x000000006e2d2157:   48 89 6c 24 30 33 ed 66 90 e8 db 37 08 00 ff c3
0x000000006e2d2167:   48 63 c8 48 8b c6 48 0f af cf 48 ff c7 48 2b c1
0x000000006e2d2177:   89 28 48 63 c3 48 3b 05 1d b5 58 00 7e db 48 8b
0x000000006e2d2187:   6c 24 30 48 8b 5c 24 38 48 8b 74 24 40 48 83 c4 


Register to memory mapping:

RAX=0x000000001b14d570 is pointing into the stack for thread: 0x000000001a7c8000
RBX=0x0000000000000003 is an unknown value
RCX=0x0000000000002000 is an unknown value
RDX=0x0000000000000006 is an unknown value
RSP=0x000000001b14f570 is pointing into the stack for thread: 0x000000001a7c8000
RBP=0x0000000000000000 is an unknown value
RSI=0x000000001b14f570 is pointing into the stack for thread: 0x000000001a7c8000
RDI=0x0000000000000003 is an unknown value
R8 =0x0000000000000006 is an unknown value
R9 =0x0000000019940a30 is an unknown value
R10={method} {0x0000000016cbd400} 'run' '()V' in 'java/lang/Thread'
R11=0x000000001b05a148 is pointing into the stack for thread: 0x000000001a7c8000
R12=0x0000000019940a30 is an unknown value
R13=0x000000001a7c8000 is a thread
R14=0x000000001b14f638 is pointing into the stack for thread: 0x000000001a7c8000
R15={method} {0x0000000016cbd400} 'run' '()V' in 'java/lang/Thread'


Stack: [0x000000001b050000,0x000000001b150000],  sp=0x000000001b14f570,  free space=1021k
Native frames: (J=compiled Java code, j=interpreted, Vv=VM code, C=native code)


---------------  P R O C E S S  ---------------

Java Threads: ( => current thread )
=>0x000000001a7c8000 JavaThread "AWT-Shutdown" [_thread_in_vm, id=31752, stack(0x000000001b050000,0x000000001b150000)]
  0x000000001a7c7800 JavaThread "Java2D Disposer" daemon [_thread_blocked, id=16240, stack(0x000000001af50000,0x000000001b050000)]
  0x0000000019591800 JavaThread "Service Thread" daemon [_thread_blocked, id=27348, stack(0x000000001a160000,0x000000001a260000)]
  0x0000000019584000 JavaThread "C1 CompilerThread3" daemon [_thread_blocked, id=20996, stack(0x000000001a060000,0x000000001a160000)]
  0x000000001957d800 JavaThread "C2 CompilerThread2" daemon [_thread_blocked, id=27116, stack(0x0000000019f60000,0x000000001a060000)]
  0x000000001957a000 JavaThread "C2 CompilerThread1" daemon [_thread_blocked, id=25000, stack(0x0000000019e60000,0x0000000019f60000)]
  0x0000000019578000 JavaThread "C2 CompilerThread0" daemon [_thread_blocked, id=23880, stack(0x0000000019d60000,0x0000000019e60000)]
  0x0000000019575800 JavaThread "Attach Listener" daemon [_thread_blocked, id=12872, stack(0x0000000019c60000,0x0000000019d60000)]
  0x0000000019574000 JavaThread "Signal Dispatcher" daemon [_thread_blocked, id=26900, stack(0x0000000019b60000,0x0000000019c60000)]
  0x00000000026b7000 JavaThread "Finalizer" daemon [_thread_blocked, id=27048, stack(0x0000000019950000,0x0000000019a50000)]
  0x000000001767d800 JavaThread "Reference Handler" daemon [_thread_blocked, id=22400, stack(0x0000000019450000,0x0000000019550000)]
  0x00000000025c0800 JavaThread "main" [_thread_blocked, id=1472, stack(0x00000000024c0000,0x00000000025c0000)]

Other Threads:
  0x0000000017679000 VMThread [stack: 0x0000000019350000,0x0000000019450000] [id=19932]
  0x00000000195fb000 WatcherThread [stack: 0x000000001a260000,0x000000001a360000] [id=25268]

VM state:synchronizing (normal execution)

VM Mutex/Monitor currently owned by a thread:  ([mutex/lock_event])
[0x000000000247b440] Threads_lock - owner thread: 0x0000000017679000

Heap:
 PSYoungGen      total 38400K, used 3343K [0x00000000d5e00000, 0x00000000d8880000, 0x0000000100000000)
  eden space 33280K, 10% used [0x00000000d5e00000,0x00000000d6143c98,0x00000000d7e80000)
  from space 5120K, 0% used [0x00000000d8380000,0x00000000d8380000,0x00000000d8880000)
  to   space 5120K, 0% used [0x00000000d7e80000,0x00000000d7e80000,0x00000000d8380000)
 ParOldGen       total 87552K, used 0K [0x0000000081a00000, 0x0000000086f80000, 0x00000000d5e00000)
  object space 87552K, 0% used [0x0000000081a00000,0x0000000081a00000,0x0000000086f80000)
 Metaspace       used 5490K, capacity 5634K, committed 5888K, reserved 1056768K
  class space    used 615K, capacity 665K, committed 768K, reserved 1048576K

Card table byte_map: [0x0000000011a80000,0x0000000011e80000] byte_map_base: 0x0000000011673000

Marking Bits: (ParMarkBitMap*) 0x000000006e8d2f70
 Begin Bits: [0x0000000012930000, 0x00000000148c8000)
 End Bits:   [0x00000000148c8000, 0x0000000016860000)

Polling page: 0x00000000023f0000

CodeCache: size=245760Kb used=1532Kb max_used=1532Kb free=244227Kb
 bounds [0x00000000026c0000, 0x0000000002930000, 0x00000000116c0000]
 total_blobs=563 nmethods=243 adapters=233
 compilation: enabled

Compilation events (10 events):
Event: 2.862 Thread 0x0000000019584000  239       3       java.lang.ref.WeakReference::<init> (7 bytes)
Event: 2.862 Thread 0x0000000019584000 nmethod 239 0x000000000283c3d0 code [0x000000000283c540, 0x000000000283c7f0]
Event: 2.864 Thread 0x0000000019584000  240       3       java.util.HashMap::newNode (13 bytes)
Event: 2.865 Thread 0x0000000019584000 nmethod 240 0x000000000283dd90 code [0x000000000283df00, 0x000000000283e1b0]
Event: 2.865 Thread 0x0000000019584000  241       3       java.util.HashMap::afterNodeInsertion (1 bytes)
Event: 2.865 Thread 0x0000000019584000 nmethod 241 0x000000000283e2d0 code [0x000000000283e420, 0x000000000283e570]
Event: 2.867 Thread 0x0000000019584000  242       3       jdk.internal.org.objectweb.asm.ByteVector::enlarge (51 bytes)
Event: 2.867 Thread 0x0000000019584000 nmethod 242 0x000000000283e5d0 code [0x000000000283e740, 0x000000000283ea68]
Event: 2.867 Thread 0x0000000019584000  243       3       java.lang.String::substring (56 bytes)
Event: 2.868 Thread 0x0000000019584000 nmethod 243 0x000000000283eb50 code [0x000000000283ece0, 0x000000000283f088]

GC Heap History (0 events):
No events

Deoptimization events (0 events):
No events

Internal exceptions (9 events):
Event: 1.570 Thread 0x00000000025c0800 Exception <a 'java/lang/NoSuchMethodError': Method sun.misc.Unsafe.defineClass(Ljava/lang/String;[BII)Ljava/lang/Class; name or signature does not match> (0x00000000d5e07cc0) thrown at [C:\re\workspace\8-2-build-windows-amd64-cygwin\jdk8u91\6644\hotspot\srU”G‰K ù?
Event: 1.570 Thread 0x00000000025c0800 Exception <a 'java/lang/NoSuchMethodError': Method sun.misc.Unsafe.prefetchRead(Ljava/lang/Object;J)V name or signature does not match> (0x00000000d5e07fa8) thrown at [C:\re\workspace\8-2-build-windows-amd64-cygwin\jdk8u91\6644\hotspot\src\share\vm\prims\jGø-Öô–ÿ?
Event: 1.974 Thread 0x00000000025c0800 Exception <a 'java/security/PrivilegedActionException'> (0x00000000d5f77fa0) thrown at [C:\re\workspace\8-2-build-windows-amd64-cygwin\jdk8u91\6644\hotspot\src\share\vm\prims\jvm.cpp, line 1386]
Event: 1.974 Thread 0x00000000025c0800 Exception <a 'java/security/PrivilegedActionException'> (0x00000000d5f781b0) thrown at [C:\re\workspace\8-2-build-windows-amd64-cygwin\jdk8u91\6644\hotspot\src\share\vm\prims\jvm.cpp, line 1386]
Event: 1.975 Thread 0x00000000025c0800 Exception <a 'java/security/PrivilegedActionException'> (0x00000000d5f7bff8) thrown at [C:\re\workspace\8-2-build-windows-amd64-cygwin\jdk8u91\6644\hotspot\src\share\vm\prims\jvm.cpp, line 1386]
Event: 1.975 Thread 0x00000000025c0800 Exception <a 'java/security/PrivilegedActionException'> (0x00000000d5f7c208) thrown at [C:\re\workspace\8-2-build-windows-amd64-cygwin\jdk8u91\6644\hotspot\src\share\vm\prims\jvm.cpp, line 1386]
Event: 2.666 Thread 0x00000000025c0800 Exception <a 'java/io/FileNotFoundException'> (0x00000000d5f7f148) thrown at [C:\re\workspace\8-2-build-windows-amd64-cygwin\jdk8u91\6644\hotspot\src\share\vm\prims\jni.cpp, line 709]
Event: 2.773 Thread 0x00000000025c0800 Exception <a 'java/lang/NoSuchFieldError': method resolution failed> (0x00000000d604cad8) thrown at [C:\re\workspace\8-2-build-windows-amd64-cygwin\jdk8u91\6644\hotspot\src\share\vm\prims\methodHandles.cpp, line 1146]
Event: 2.776 Thread 0x00000000025c0800 Exception <a 'java/lang/NoSuchFieldError': method resolution failed> (0x00000000d6059ea8) thrown at [C:\re\workspace\8-2-build-windows-amd64-cygwin\jdk8u91\6644\hotspot\src\share\vm\prims\methodHandles.cpp, line 1146]

Events (10 events):
Event: 2.867 loading class sun/java2d/Disposer
Event: 2.867 loading class sun/java2d/Disposer done
Event: 2.867 loading class sun/java2d/Disposer$1
Event: 2.867 loading class sun/java2d/Disposer$1 done
Event: 2.868 loading class sun/misc/ThreadGroupUtils
Event: 2.868 loading class sun/misc/ThreadGroupUtils done
Event: 2.868 Thread 0x000000001a7c7800 Thread added: 0x000000001a7c7800
Event: 2.868 loading class sun/awt/AWTAutoShutdown
Event: 2.868 loading class sun/awt/AWTAutoShutdown done
Event: 2.868 Thread 0x000000001a7c8000 Thread added: 0x000000001a7c8000


Dynamic libraries:
0x00007ff713fe0000 - 0x00007ff714017000 	C:\Program Files\Java\jdk1.8.0_91\bin\java.exe
0x00007ff96de80000 - 0x00007ff96e051000 	C:\WINDOWS\SYSTEM32\ntdll.dll
0x00007ff96d8a0000 - 0x00007ff96d94b000 	C:\WINDOWS\System32\KERNEL32.DLL
0x00007ff96a3d0000 - 0x00007ff96a5ed000 	C:\WINDOWS\System32\KERNELBASE.dll
0x00007ff96dd30000 - 0x00007ff96ddd2000 	C:\WINDOWS\System32\ADVAPI32.dll
0x00007ff96b9e0000 - 0x00007ff96ba7e000 	C:\WINDOWS\System32\msvcrt.dll
0x00007ff96b550000 - 0x00007ff96b5a9000 	C:\WINDOWS\System32\sechost.dll
0x00007ff96bb10000 - 0x00007ff96bc31000 	C:\WINDOWS\System32\RPCRT4.dll
0x00007ff96bd00000 - 0x00007ff96be65000 	C:\WINDOWS\System32\USER32.dll
0x00007ff96b3f0000 - 0x00007ff96b40e000 	C:\WINDOWS\System32\win32u.dll
0x00007ff96bcc0000 - 0x00007ff96bcf4000 	C:\WINDOWS\System32\GDI32.dll
0x00007ff96a6a0000 - 0x00007ff96a822000 	C:\WINDOWS\System32\gdi32full.dll
0x00007ff966ae0000 - 0x00007ff966d59000 	C:\WINDOWS\WinSxS\amd64_microsoft.windows.common-controls_6595b64144ccf1df_6.0.14393.0_none_2d0f50fcbdb171b8\COMCTL32.dll
0x00007ff96d960000 - 0x00007ff96dc27000 	C:\WINDOWS\System32\combase.dll
0x00007ff96af10000 - 0x00007ff96b005000 	C:\WINDOWS\System32\ucrtbase.dll
0x00007ff96b160000 - 0x00007ff96b1ca000 	C:\WINDOWS\System32\bcryptPrimitives.dll
0x00007ff96ba80000 - 0x00007ff96baae000 	C:\WINDOWS\System32\IMM32.DLL
0x000000006f550000 - 0x000000006f622000 	C:\Program Files\Java\jdk1.8.0_91\jre\bin\msvcr100.dll
0x000000006e0c0000 - 0x000000006e953000 	C:\Program Files\Java\jdk1.8.0_91\jre\bin\server\jvm.dll
0x00007ff96b4e0000 - 0x00007ff96b4e8000 	C:\WINDOWS\System32\PSAPI.DLL
0x00007ff9678a0000 - 0x00007ff9678a9000 	C:\WINDOWS\SYSTEM32\WSOCK32.dll
0x00007ff96bc50000 - 0x00007ff96bcba000 	C:\WINDOWS\System32\WS2_32.dll
0x00007ff968600000 - 0x00007ff968623000 	C:\WINDOWS\SYSTEM32\WINMM.dll
0x00007ff966ab0000 - 0x00007ff966aba000 	C:\WINDOWS\SYSTEM32\VERSION.dll
0x0000000002420000 - 0x000000000244b000 	C:\WINDOWS\SYSTEM32\WINMMBASE.dll
0x00007ff96b1d0000 - 0x00007ff96b212000 	C:\WINDOWS\System32\cfgmgr32.dll
0x000000006f7c0000 - 0x000000006f7cf000 	C:\Program Files\Java\jdk1.8.0_91\jre\bin\verify.dll
0x000000006e090000 - 0x000000006e0b9000 	C:\Program Files\Java\jdk1.8.0_91\jre\bin\java.dll
0x000000006e070000 - 0x000000006e086000 	C:\Program Files\Java\jdk1.8.0_91\jre\bin\zip.dll
0x00007ff96c110000 - 0x00007ff96d618000 	C:\WINDOWS\System32\SHELL32.dll
0x00007ff96a830000 - 0x00007ff96af0a000 	C:\WINDOWS\System32\windows.storage.dll
0x00007ff96a2f0000 - 0x00007ff96a33c000 	C:\WINDOWS\System32\powrprof.dll
0x00007ff96b480000 - 0x00007ff96b4d2000 	C:\WINDOWS\System32\shlwapi.dll
0x00007ff96a2e0000 - 0x00007ff96a2ef000 	C:\WINDOWS\System32\kernel.appcore.dll
0x00007ff96b0b0000 - 0x00007ff96b159000 	C:\WINDOWS\System32\shcore.dll
0x00007ff96a350000 - 0x00007ff96a364000 	C:\WINDOWS\System32\profapi.dll
0x000000006de90000 - 0x000000006e028000 	C:\Program Files\Java\jdk1.8.0_91\jre\bin\awt.dll
0x00007ff96d620000 - 0x00007ff96d6df000 	C:\WINDOWS\System32\OLEAUT32.dll
0x00007ff96b010000 - 0x00007ff96b0ac000 	C:\WINDOWS\System32\msvcp_win.dll
0x00007ff968890000 - 0x00007ff96890a000 	C:\WINDOWS\SYSTEM32\apphelp.dll

VM Arguments:
java_command: C:\Users\Lucas\Documents\MaterialCodigoAprendizaje\2DAM\ProgramacionServiciosProcesos\Editor\dist\DocumentEditor.jar
java_class_path (initial): C:\Users\Lucas\Documents\MaterialCodigoAprendizaje\2DAM\ProgramacionServiciosProcesos\Editor\dist\DocumentEditor.jar
Launcher Type: SUN_STANDARD

Environment Variables:
PATH=C:\ProgramData\Oracle\Java\javapath;C:\Program Files (x86)\Intel\iCLS Client\;C:\Program Files\Intel\iCLS Client\;C:\Windows\system32;C:\Windows;C:\Windows\System32\Wbem;C:\Windows\System32\WindowsPowerShell\v1.0\;C:\Program Files (x86)\NVIDIA Corporation\PhysX\Common;C:\Program Files (x86)\Intel\Intel(R) Management Engine Components\DAL;C:\Program Files\Intel\Intel(R) Management Engine Components\DAL;C:\Program Files (x86)\Intel\Intel(R) Management Engine Components\IPT;C:\Program Files\Intel\Intel(R) Management Engine Components\IPT;C:\Program Files (x86)\Skype\Phone\;C:\Program Files\Git\cmd;C:\WINDOWS\system32;C:\WINDOWS;C:\WINDOWS\System32\Wbem;C:\WINDOWS\System32\WindowsPowerShell\v1.0\;C:\Users\Lucas\AppData\Local\atom\bin;%USERPROFILE%\AppData\Local\Microsoft\WindowsApps;
USERNAME=Lucas
OS=Windows_NT
PROCESSOR_IDENTIFIER=Intel64 Family 6 Model 94 Stepping 3, GenuineIntel



---------------  S Y S T E M  ---------------

OS: Windows 10.0 , 64 bit Build 14393 (10.0.14393.0)

CPU:total 8 (4 cores per cpu, 2 threads per core) family 6 model 94 stepping 3, cmov, cx8, fxsr, mmx, sse, sse2, sse3, ssse3, sse4.1, sse4.2, popcnt, avx, avx2, aes, clmul, erms, rtm, 3dnowpref, lzcnt, ht, tsc, tscinvbit, bmi1, bmi2, adx

Memory: 4k page, physical 8281880k(1201696k free), swap 33447704k(2933924k free)

vm_info: Java HotSpot(TM) 64-Bit Server VM (25.91-b14) for windows-amd64 JRE (1.8.0_91-b14), built on Apr  1 2016 00:58:32 by "java_re" with MS VC++ 10.0 (VS2010)

time: Thu Oct 06 09:34:14 2016
elapsed time: 4 seconds (0d 0h 0m 4s)

