#
# There is insufficient memory for the Java Runtime Environment to continue.
# Native memory allocation (malloc) failed to allocate 16384 bytes for AllocateHeap
# Possible reasons:
#   The system is out of physical RAM or swap space
#   In 32 bit mode, the process size limit was hit
# Possible solutions:
#   Reduce memory load on the system
#   Increase physical memory or swap space
#   Check if swap backing store is full
#   Use 64 bit Java on a 64 bit OS
#   Decrease Java heap size (-Xmx/-Xms)
#   Decrease number of Java threads
#   Decrease Java thread stack sizes (-Xss)
#   Set larger code cache with -XX:ReservedCodeCacheSize=
# This output file may be truncated or incomplete.
#
#  Out of Memory Error (memory/allocation.inline.hpp:61), pid=23804, tid=3788
#
# JRE version: Java(TM) SE Runtime Environment (8.0_91-b14) (build 1.8.0_91-b14)
# Java VM: Java HotSpot(TM) 64-Bit Server VM (25.91-b14 mixed mode windows-amd64 compressed oops)
# Failed to write core dump. Minidumps are not enabled by default on client versions of Windows
#

---------------  T H R E A D  ---------------

Current thread (0x00000000030e0800):  JavaThread "main" [_thread_in_vm, id=3788, stack(0x0000000002ef0000,0x0000000002ff0000)]

Stack: [0x0000000002ef0000,0x0000000002ff0000]
[error occurred during error reporting (printing stack bounds), id 0xc0000005]

Native frames: (J=compiled Java code, j=interpreted, Vv=VM code, C=native code)

Java frames: (J=compiled Java code, j=interpreted, Vv=VM code)
j  java.util.jar.JarVerifier.<init>([B)V+129
j  java.util.jar.JarFile.getManifestFromReference()Ljava/util/jar/Manifest;+77
j  java.util.jar.JarFile.getManifest()Ljava/util/jar/Manifest;+1
j  sun.launcher.LauncherHelper.getMainClassFromJar(Ljava/lang/String;)Ljava/lang/String;+14
j  sun.launcher.LauncherHelper.checkAndLoadMain(ZILjava/lang/String;)Ljava/lang/Class;+38
v  ~StubRoutines::call_stub

---------------  P R O C E S S  ---------------

Java Threads: ( => current thread )
  0x000000001a0fc000 JavaThread "Service Thread" daemon [_thread_blocked, id=16912, stack(0x000000001ac70000,0x000000001ad70000)]
  0x000000001a0ed800 JavaThread "C1 CompilerThread3" daemon [_thread_blocked, id=17160, stack(0x000000001ab70000,0x000000001ac70000)]
  0x000000001a0e8800 JavaThread "C2 CompilerThread2" daemon [_thread_blocked, id=9996, stack(0x000000001aa70000,0x000000001ab70000)]
  0x000000001a0e1000 JavaThread "C2 CompilerThread1" daemon [_thread_blocked, id=30472, stack(0x000000001a970000,0x000000001aa70000)]
  0x000000001a08a000 JavaThread "C2 CompilerThread0" daemon [_thread_blocked, id=27020, stack(0x000000001a870000,0x000000001a970000)]
  0x000000001a087800 JavaThread "Attach Listener" daemon [_thread_blocked, id=23020, stack(0x000000001a770000,0x000000001a870000)]
  0x000000001a086000 JavaThread "Signal Dispatcher" daemon [_thread_blocked, id=27408, stack(0x000000001a670000,0x000000001a770000)]
  0x000000001a080800 JavaThread "Finalizer" daemon [_thread_blocked, id=22600, stack(0x000000001a460000,0x000000001a560000)]
  0x00000000031d6000 JavaThread "Reference Handler" daemon [_thread_blocked, id=31764, stack(0x0000000019f60000,0x000000001a060000)]
=>0x00000000030e0800 JavaThread "main" [_thread_in_vm, id=3788, stack(0x0000000002ef0000,0x0000000002ff0000)]

Other Threads:
  0x0000000018169800 VMThread [stack: 0x0000000019e60000,0x0000000019f60000] [id=30584]
  0x000000001a105800 WatcherThread [stack: 0x000000001ad70000,0x000000001ae70000] [id=30996]

VM state:not at safepoint (normal execution)

VM Mutex/Monitor currently owned by a thread:  ([mutex/lock_event])
[0x00000000030db2c0] SystemDictionary_lock - owner thread: 0x00000000030e0800
[0x00000000030dc8d0] Compile_lock - owner thread: 0x00000000030e0800

Heap:
 PSYoungGen      total 38400K, used 1331K [0x00000000d5e00000, 0x00000000d8880000, 0x0000000100000000)
  eden space 33280K, 4% used [0x00000000d5e00000,0x00000000d5f4cce8,0x00000000d7e80000)
  from space 5120K, 0% used [0x00000000d8380000,0x00000000d8380000,0x00000000d8880000)
  to   space 5120K, 0% used [0x00000000d7e80000,0x00000000d7e80000,0x00000000d8380000)
 ParOldGen       total 87552K, used 0K [0x0000000081a00000, 0x0000000086f80000, 0x00000000d5e00000)
  object space 87552K, 0% used [0x0000000081a00000,0x0000000081a00000,0x0000000086f80000)
 Metaspace       used 2562K, capacity 4480K, committed 4480K, reserved 1056768K
  class space    used 282K, capacity 384K, committed 384K, reserved 1048576K

Card table byte_map: [0x00000000125a0000,0x00000000129a0000] byte_map_base: 0x0000000012193000

Marking Bits: (ParMarkBitMap*) 0x000000006e8d2f70
 Begin Bits: [0x0000000013450000, 0x00000000153e8000)
 End Bits:   [0x00000000153e8000, 0x0000000017380000)

Polling page: 0x00000000012b0000

CodeCache: size=245760Kb used=1088Kb max_used=1088Kb free=244671Kb
 bounds [0x00000000031e0000, 0x0000000003450000, 0x00000000121e0000]
 total_blobs=249 nmethods=17 adapters=146
 compilation: enabled

Compilation events (10 events):
Event: 1.776 Thread 0x000000001a0ed800   13       3       java.lang.Math::min (11 bytes)
Event: 1.776 Thread 0x000000001a0ed800 nmethod 13 0x00000000032ed690 code [0x00000000032ed7e0, 0x00000000032ed970]
Event: 1.935 Thread 0x000000001a0ed800   14       3       sun.nio.cs.SingleByte$Decoder::decode (11 bytes)
Event: 1.936 Thread 0x000000001a0ed800 nmethod 14 0x00000000032edfd0 code [0x00000000032ee120, 0x00000000032ee2b0]
Event: 1.937 Thread 0x000000001a0ed800   15       3       java.lang.String::equals (81 bytes)
Event: 1.938 Thread 0x000000001a0ed800 nmethod 15 0x00000000032ee790 code [0x00000000032ee920, 0x00000000032eee70]
Event: 1.971 Thread 0x000000001a0ed800   16       3       java.util.jar.Attributes$Name::isValid (32 bytes)
Event: 1.971 Thread 0x000000001a0ed800 nmethod 16 0x00000000032ef850 code [0x00000000032ef9c0, 0x00000000032efc78]
Event: 1.971 Thread 0x000000001a0ed800   17       3       java.util.jar.Attributes$Name::isAlpha (30 bytes)
Event: 1.971 Thread 0x000000001a0ed800 nmethod 17 0x00000000032efd10 code [0x00000000032efe60, 0x00000000032f0090]

GC Heap History (0 events):
No events

Deoptimization events (0 events):
No events

Internal exceptions (2 events):
Event: 0.821 Thread 0x00000000030e0800 Exception <a 'java/lang/NoSuchMethodError': Method sun.misc.Unsafe.defineClass(Ljava/lang/String;[BII)Ljava/lang/Class; name or signature does not match> (0x00000000d5e07cc0) thrown at [C:\re\workspace\8-2-build-windows-amd64-cygwin\jdk8u91\6644\hotspot\srç	à˙EÍ?
Event: 0.821 Thread 0x00000000030e0800 Exception <a 'java/lang/NoSuchMethodError': Method sun.misc.Unsafe.prefetchRead(Ljava/lang/Object;J)V name or signature does not match> (0x00000000d5e07fa8) thrown at [C:\re\workspace\8-2-build-windows-amd64-cygwin\jdk8u91\6644\hotspot\src\share\vm\prims\j

Events (10 events):
Event: 1.971 loading class sun/misc/ASCIICaseInsensitiveComparator
Event: 1.971 loading class sun/misc/ASCIICaseInsensitiveComparator done
Event: 1.971 loading class java/util/jar/JarVerifier
Event: 1.972 loading class java/util/jar/JarVerifier done
Event: 1.972 loading class java/security/CodeSigner
Event: 1.972 loading class java/security/CodeSigner done
Event: 1.972 loading class java/util/jar/JarVerifier$3
Event: 1.972 loading class java/util/jar/JarVerifier$3 done
Event: 1.972 loading class java/io/ByteArrayOutputStream
Event: 1.972 loading class java/io/ByteArrayOutputStream done


Dynamic libraries:
0x00007ff713fe0000 - 0x00007ff714017000 	C:\Program Files\Java\jdk1.8.0_91\bin\java.exe
0x00007ff96de80000 - 0x00007ff96e051000 	C:\WINDOWS\SYSTEM32\ntdll.dll
0x00007ff96d8a0000 - 0x00007ff96d94b000 	C:\WINDOWS\System32\KERNEL32.DLL
0x00007ff96a3d0000 - 0x00007ff96a5ed000 	C:\WINDOWS\System32\KERNELBASE.dll
0x00007ff96dd30000 - 0x00007ff96ddd2000 	C:\WINDOWS\System32\ADVAPI32.dll
0x00007ff96b9e0000 - 0x00007ff96ba7e000 	C:\WINDOWS\System32\msvcrt.dll
0x00007ff96b550000 - 0x00007ff96b5a9000 	C:\WINDOWS\System32\sechost.dll
0x00007ff96bb10000 - 0x00007ff96bc31000 	C:\WINDOWS\System32\RPCRT4.dll
0x00007ff96bd00000 - 0x00007ff96be65000 	C:\WINDOWS\System32\USER32.dll
0x00007ff96b3f0000 - 0x00007ff96b40e000 	C:\WINDOWS\System32\win32u.dll
0x00007ff96bcc0000 - 0x00007ff96bcf4000 	C:\WINDOWS\System32\GDI32.dll
0x00007ff96a6a0000 - 0x00007ff96a822000 	C:\WINDOWS\System32\gdi32full.dll
0x00007ff966ae0000 - 0x00007ff966d59000 	C:\WINDOWS\WinSxS\amd64_microsoft.windows.common-controls_6595b64144ccf1df_6.0.14393.0_none_2d0f50fcbdb171b8\COMCTL32.dll
0x00007ff96d960000 - 0x00007ff96dc27000 	C:\WINDOWS\System32\combase.dll
0x00007ff96af10000 - 0x00007ff96b005000 	C:\WINDOWS\System32\ucrtbase.dll
0x00007ff96b160000 - 0x00007ff96b1ca000 	C:\WINDOWS\System32\bcryptPrimitives.dll
0x00007ff96ba80000 - 0x00007ff96baae000 	C:\WINDOWS\System32\IMM32.DLL
0x000000006f550000 - 0x000000006f622000 	C:\Program Files\Java\jdk1.8.0_91\jre\bin\msvcr100.dll
0x000000006e0c0000 - 0x000000006e953000 	C:\Program Files\Java\jdk1.8.0_91\jre\bin\server\jvm.dll
0x00007ff96b4e0000 - 0x00007ff96b4e8000 	C:\WINDOWS\System32\PSAPI.DLL
0x00007ff9678a0000 - 0x00007ff9678a9000 	C:\WINDOWS\SYSTEM32\WSOCK32.dll
0x00007ff96bc50000 - 0x00007ff96bcba000 	C:\WINDOWS\System32\WS2_32.dll
0x00007ff968600000 - 0x00007ff968623000 	C:\WINDOWS\SYSTEM32\WINMM.dll
0x00007ff966ab0000 - 0x00007ff966aba000 	C:\WINDOWS\SYSTEM32\VERSION.dll
0x00007ff968300000 - 0x00007ff96832b000 	C:\WINDOWS\SYSTEM32\WINMMBASE.dll
0x00007ff96b1d0000 - 0x00007ff96b212000 	C:\WINDOWS\System32\cfgmgr32.dll
0x000000006f7c0000 - 0x000000006f7cf000 	C:\Program Files\Java\jdk1.8.0_91\jre\bin\verify.dll
0x000000006e090000 - 0x000000006e0b9000 	C:\Program Files\Java\jdk1.8.0_91\jre\bin\java.dll
0x000000006e070000 - 0x000000006e086000 	C:\Program Files\Java\jdk1.8.0_91\jre\bin\zip.dll
0x00007ff96c110000 - 0x00007ff96d618000 	C:\WINDOWS\System32\SHELL32.dll
0x00007ff96a830000 - 0x00007ff96af0a000 	C:\WINDOWS\System32\windows.storage.dll
0x00007ff96a2f0000 - 0x00007ff96a33c000 	C:\WINDOWS\System32\powrprof.dll
0x00007ff96b480000 - 0x00007ff96b4d2000 	C:\WINDOWS\System32\shlwapi.dll
0x00007ff96a2e0000 - 0x00007ff96a2ef000 	C:\WINDOWS\System32\kernel.appcore.dll
0x00007ff96b0b0000 - 0x00007ff96b159000 	C:\WINDOWS\System32\shcore.dll
0x00007ff96a350000 - 0x00007ff96a364000 	C:\WINDOWS\System32\profapi.dll

VM Arguments:
java_command: C:\Users\Lucas\Documents\MaterialCodigoAprendizaje\2DAM\ProgramacionServiciosProcesos\Editor\dist\DocumentEditor.jar
java_class_path (initial): C:\Users\Lucas\Documents\MaterialCodigoAprendizaje\2DAM\ProgramacionServiciosProcesos\Editor\dist\DocumentEditor.jar
Launcher Type: SUN_STANDARD

Environment Variables:
PATH=C:\ProgramData\Oracle\Java\javapath;C:\Program Files (x86)\Intel\iCLS Client\;C:\Program Files\Intel\iCLS Client\;C:\Windows\system32;C:\Windows;C:\Windows\System32\Wbem;C:\Windows\System32\WindowsPowerShell\v1.0\;C:\Program Files (x86)\NVIDIA Corporation\PhysX\Common;C:\Program Files (x86)\Intel\Intel(R) Management Engine Components\DAL;C:\Program Files\Intel\Intel(R) Management Engine Components\DAL;C:\Program Files (x86)\Intel\Intel(R) Management Engine Components\IPT;C:\Program Files\Intel\Intel(R) Management Engine Components\IPT;C:\Program Files (x86)\Skype\Phone\;C:\Program Files\Git\cmd;C:\WINDOWS\system32;C:\WINDOWS;C:\WINDOWS\System32\Wbem;C:\WINDOWS\System32\WindowsPowerShell\v1.0\;C:\Users\Lucas\AppData\Local\atom\bin;%USERPROFILE%\AppData\Local\Microsoft\WindowsApps;
USERNAME=Lucas
OS=Windows_NT
PROCESSOR_IDENTIFIER=Intel64 Family 6 Model 94 Stepping 3, GenuineIntel



---------------  S Y S T E M  ---------------

OS: Windows 10.0 , 64 bit Build 14393 (10.0.14393.0)

CPU:total 8 (4 cores per cpu, 2 threads per core) family 6 model 94 stepping 3, cmov, cx8, fxsr, mmx, sse, sse2, sse3, ssse3, sse4.1, sse4.2, popcnt, avx, avx2, aes, clmul, erms, rtm, 3dnowpref, lzcnt, ht, tsc, tscinvbit, bmi1, bmi2, adx

Memory: 4k page, physical 8281880k(884956k free), swap 33447704k(324k free)

vm_info: Java HotSpot(TM) 64-Bit Server VM (25.91-b14) for windows-amd64 JRE (1.8.0_91-b14), built on Apr  1 2016 00:58:32 by "java_re" with MS VC++ 10.0 (VS2010)

time: Thu Oct 06 09:34:07 2016
elapsed time: 2 seconds (0d 0h 0m 2s)

