#
# There is insufficient memory for the Java Runtime Environment to continue.
# Native memory allocation (malloc) failed to allocate 71936 bytes for Chunk::new
# Possible reasons:
#   The system is out of physical RAM or swap space
#   In 32 bit mode, the process size limit was hit
# Possible solutions:
#   Reduce memory load on the system
#   Increase physical memory or swap space
#   Check if swap backing store is full
#   Use 64 bit Java on a 64 bit OS
#   Decrease Java heap size (-Xmx/-Xms)
#   Decrease number of Java threads
#   Decrease Java thread stack sizes (-Xss)
#   Set larger code cache with -XX:ReservedCodeCacheSize=
# This output file may be truncated or incomplete.
#
#  Out of Memory Error (allocation.cpp:390), pid=30868, tid=12808
#
# JRE version: Java(TM) SE Runtime Environment (8.0_91-b14) (build 1.8.0_91-b14)
# Java VM: Java HotSpot(TM) 64-Bit Server VM (25.91-b14 mixed mode windows-amd64 compressed oops)
# Failed to write core dump. Minidumps are not enabled by default on client versions of Windows
#

---------------  T H R E A D  ---------------

Current thread (0x0000000019549000):  JavaThread "C2 CompilerThread0" daemon [_thread_in_native, id=12808, stack(0x0000000019d30000,0x0000000019e30000)]

Stack: [0x0000000019d30000,0x0000000019e30000]
[error occurred during error reporting (printing stack bounds), id 0xc0000005]

Native frames: (J=compiled Java code, j=interpreted, Vv=VM code, C=native code)


Current CompileTask:
C2:  12363  600 %     4       java.lang.Class$MethodArray::addIfNotPresent @ 2 (47 bytes)


---------------  P R O C E S S  ---------------

Java Threads: ( => current thread )
  0x000000001a821000 JavaThread "Image Fetcher 1" daemon [_thread_blocked, id=25176, stack(0x000000001b510000,0x000000001b610000)]
  0x0000000019899800 JavaThread "Image Fetcher 0" daemon [_thread_blocked, id=30672, stack(0x000000001b410000,0x000000001b510000)]
  0x00000000025d0800 JavaThread "DestroyJavaVM" [_thread_blocked, id=31904, stack(0x00000000023d0000,0x00000000024d0000)]
  0x00000000198f3000 JavaThread "AWT-EventQueue-0" [_thread_in_Java, id=29364, stack(0x000000001b310000,0x000000001b410000)]
  0x0000000019903800 JavaThread "AWT-Windows" daemon [_thread_in_native, id=18940, stack(0x000000001b120000,0x000000001b220000)]
  0x0000000019903000 JavaThread "AWT-Shutdown" [_thread_blocked, id=28068, stack(0x000000001b020000,0x000000001b120000)]
  0x0000000019902000 JavaThread "Java2D Disposer" daemon [_thread_blocked, id=31740, stack(0x000000001af20000,0x000000001b020000)]
  0x00000000195bc000 JavaThread "Service Thread" daemon [_thread_blocked, id=26748, stack(0x000000001a130000,0x000000001a230000)]
  0x00000000195ac800 JavaThread "C1 CompilerThread3" daemon [_thread_blocked, id=9048, stack(0x000000001a030000,0x000000001a130000)]
  0x00000000195a8800 JavaThread "C2 CompilerThread2" daemon [_thread_blocked, id=26744, stack(0x0000000019f30000,0x000000001a030000)]
  0x00000000195a5800 JavaThread "C2 CompilerThread1" daemon [_thread_blocked, id=13528, stack(0x0000000019e30000,0x0000000019f30000)]
=>0x0000000019549000 JavaThread "C2 CompilerThread0" daemon [_thread_in_native, id=12808, stack(0x0000000019d30000,0x0000000019e30000)]
  0x0000000019546800 JavaThread "Attach Listener" daemon [_thread_blocked, id=24776, stack(0x0000000019c30000,0x0000000019d30000)]
  0x0000000019545000 JavaThread "Signal Dispatcher" daemon [_thread_blocked, id=22704, stack(0x0000000019b30000,0x0000000019c30000)]
  0x0000000019540800 JavaThread "Finalizer" daemon [_thread_blocked, id=24780, stack(0x0000000019920000,0x0000000019a20000)]
  0x000000001765d800 JavaThread "Reference Handler" daemon [_thread_blocked, id=30716, stack(0x0000000019420000,0x0000000019520000)]

Other Threads:
  0x0000000017659000 VMThread [stack: 0x0000000019320000,0x0000000019420000] [id=27516]
  0x00000000195be800 WatcherThread [stack: 0x000000001a230000,0x000000001a330000] [id=5856]

VM state:not at safepoint (normal execution)

VM Mutex/Monitor currently owned by a thread: None

Heap:
 PSYoungGen      total 38400K, used 4439K [0x00000000d5e00000, 0x00000000da900000, 0x0000000100000000)
  eden space 33280K, 13% used [0x00000000d5e00000,0x00000000d6255c58,0x00000000d7e80000)
  from space 5120K, 0% used [0x00000000d7e80000,0x00000000d7e80000,0x00000000d8380000)
  to   space 5120K, 0% used [0x00000000da400000,0x00000000da400000,0x00000000da900000)
 ParOldGen       total 56320K, used 1335K [0x0000000081a00000, 0x0000000085100000, 0x00000000d5e00000)
  object space 56320K, 2% used [0x0000000081a00000,0x0000000081b4df20,0x0000000085100000)
 Metaspace       used 11534K, capacity 11714K, committed 11904K, reserved 1058816K
  class space    used 1491K, capacity 1542K, committed 1664K, reserved 1048576K

Card table byte_map: [0x0000000011a90000,0x0000000011e90000] byte_map_base: 0x0000000011683000

Marking Bits: (ParMarkBitMap*) 0x000000006e8d2f70
 Begin Bits: [0x0000000012940000, 0x00000000148d8000)
 End Bits:   [0x00000000148d8000, 0x0000000016870000)

Polling page: 0x0000000002300000

CodeCache: size=245760Kb used=2404Kb max_used=2404Kb free=243355Kb
 bounds [0x00000000026d0000, 0x0000000002940000, 0x00000000116d0000]
 total_blobs=1060 nmethods=614 adapters=359
 compilation: enabled

Compilation events (10 events):
Event: 12.343 Thread 0x00000000195a8800  598       4       java.lang.Class$MethodArray::removeByNameAndDescriptor (42 bytes)
Event: 12.343 Thread 0x00000000195ac800 nmethod 592 0x0000000002913f50 code [0x0000000002914140, 0x0000000002914b78]
Event: 12.343 Thread 0x00000000195ac800  599       3       java.lang.Class::arrayContentsEq (70 bytes)
Event: 12.344 Thread 0x0000000019549000  600 %     4       java.lang.Class$MethodArray::addIfNotPresent @ 2 (47 bytes)
Event: 12.344 Thread 0x00000000195ac800 nmethod 599 0x0000000002915210 code [0x00000000029153a0, 0x00000000029157d0]
Event: 12.344 Thread 0x00000000195ac800  593       1       java.util.Collections$EmptyMap::get (2 bytes)
Event: 12.344 Thread 0x00000000195ac800 nmethod 593 0x0000000002915950 code [0x0000000002915aa0, 0x0000000002915bb0]
Event: 12.345 Thread 0x00000000195ac800  601       3       java.beans.MethodRef::<init> (5 bytes)
Event: 12.345 Thread 0x00000000195ac800 nmethod 601 0x0000000002915c10 code [0x0000000002915d60, 0x0000000002915f10]
Event: 12.345 Thread 0x00000000195ac800  602       3       java.beans.MethodRef::set (58 bytes)

GC Heap History (4 events):
Event: 9.154 GC heap before
{Heap before GC invocations=1 (full 0):
 PSYoungGen      total 38400K, used 7337K [0x00000000d5e00000, 0x00000000d8880000, 0x0000000100000000)
  eden space 33280K, 22% used [0x00000000d5e00000,0x00000000d652a618,0x00000000d7e80000)
  from space 5120K, 0% used [0x00000000d8380000,0x00000000d8380000,0x00000000d8880000)
  to   space 5120K, 0% used [0x00000000d7e80000,0x00000000d7e80000,0x00000000d8380000)
 ParOldGen       total 87552K, used 0K [0x0000000081a00000, 0x0000000086f80000, 0x00000000d5e00000)
  object space 87552K, 0% used [0x0000000081a00000,0x0000000081a00000,0x0000000086f80000)
 Metaspace       used 9240K, capacity 9430K, committed 9472K, reserved 1060864K
  class space    used 1156K, capacity 1252K, committed 1280K, reserved 1048576K
Event: 9.624 GC heap after
Heap after GC invocations=1 (full 0):
 PSYoungGen      total 38400K, used 1440K [0x00000000d5e00000, 0x00000000da900000, 0x0000000100000000)
  eden space 33280K, 0% used [0x00000000d5e00000,0x00000000d5e00000,0x00000000d7e80000)
  from space 5120K, 28% used [0x00000000d7e80000,0x00000000d7fe8020,0x00000000d8380000)
  to   space 5120K, 0% used [0x00000000da400000,0x00000000da400000,0x00000000da900000)
 ParOldGen       total 87552K, used 8K [0x0000000081a00000, 0x0000000086f80000, 0x00000000d5e00000)
  object space 87552K, 0% used [0x0000000081a00000,0x0000000081a02000,0x0000000086f80000)
 Metaspace       used 9240K, capacity 9430K, committed 9472K, reserved 1060864K
  class space    used 1156K, capacity 1252K, committed 1280K, reserved 1048576K
}
Event: 9.624 GC heap before
{Heap before GC invocations=2 (full 1):
 PSYoungGen      total 38400K, used 1440K [0x00000000d5e00000, 0x00000000da900000, 0x0000000100000000)
  eden space 33280K, 0% used [0x00000000d5e00000,0x00000000d5e00000,0x00000000d7e80000)
  from space 5120K, 28% used [0x00000000d7e80000,0x00000000d7fe8020,0x00000000d8380000)
  to   space 5120K, 0% used [0x00000000da400000,0x00000000da400000,0x00000000da900000)
 ParOldGen       total 87552K, used 8K [0x0000000081a00000, 0x0000000086f80000, 0x00000000d5e00000)
  object space 87552K, 0% used [0x0000000081a00000,0x0000000081a02000,0x0000000086f80000)
 Metaspace       used 9240K, capacity 9430K, committed 9472K, reserved 1060864K
  class space    used 1156K, capacity 1252K, committed 1280K, reserved 1048576K
Event: 10.536 GC heap after
Heap after GC invocations=2 (full 1):
 PSYoungGen      total 38400K, used 0K [0x00000000d5e00000, 0x00000000da900000, 0x0000000100000000)
  eden space 33280K, 0% used [0x00000000d5e00000,0x00000000d5e00000,0x00000000d7e80000)
  from space 5120K, 0% used [0x00000000d7e80000,0x00000000d7e80000,0x00000000d8380000)
  to   space 5120K, 0% used [0x00000000da400000,0x00000000da400000,0x00000000da900000)
 ParOldGen       total 56320K, used 1335K [0x0000000081a00000, 0x0000000085100000, 0x00000000d5e00000)
  object space 56320K, 2% used [0x0000000081a00000,0x0000000081b4df20,0x0000000085100000)
 Metaspace       used 9240K, capacity 9430K, committed 9472K, reserved 1058816K
  class space    used 1156K, capacity 1252K, committed 1280K, reserved 1048576K
}

Deoptimization events (0 events):
No events

Internal exceptions (10 events):
Event: 12.308 Thread 0x00000000198f3000 Exception <a 'java/lang/ArrayIndexOutOfBoundsException'> (0x00000000d60a5fa8) thrown at [C:\re\workspace\8-2-build-windows-amd64-cygwin\jdk8u91\6644\hotspot\src\share\vm\runtime\sharedRuntime.cpp, line 605]
Event: 12.308 Thread 0x00000000198f3000 Exception <a 'java/lang/ArrayIndexOutOfBoundsException'> (0x00000000d60a73c8) thrown at [C:\re\workspace\8-2-build-windows-amd64-cygwin\jdk8u91\6644\hotspot\src\share\vm\runtime\sharedRuntime.cpp, line 605]
Event: 12.309 Thread 0x00000000198f3000 Exception <a 'java/lang/ArrayIndexOutOfBoundsException'> (0x00000000d60c58f8) thrown at [C:\re\workspace\8-2-build-windows-amd64-cygwin\jdk8u91\6644\hotspot\src\share\vm\runtime\sharedRuntime.cpp, line 605]
Event: 12.334 Thread 0x00000000198f3000 Exception <a 'java/lang/ClassNotFoundException': java/awt/ContainerCustomizer> (0x00000000d60f8ca0) thrown at [C:\re\workspace\8-2-build-windows-amd64-cygwin\jdk8u91\6644\hotspot\src\share\vm\classfile\systemDictionary.cpp, line 210]
Event: 12.338 Thread 0x00000000198f3000 Exception <a 'java/lang/ArrayIndexOutOfBoundsException'> (0x00000000d61136c0) thrown at [C:\re\workspace\8-2-build-windows-amd64-cygwin\jdk8u91\6644\hotspot\src\share\vm\runtime\sharedRuntime.cpp, line 605]
Event: 12.339 Thread 0x00000000198f3000 Exception <a 'java/lang/ArrayIndexOutOfBoundsException'> (0x00000000d611bf90) thrown at [C:\re\workspace\8-2-build-windows-amd64-cygwin\jdk8u91\6644\hotspot\src\share\vm\runtime\sharedRuntime.cpp, line 605]
Event: 12.339 Thread 0x00000000198f3000 Exception <a 'java/lang/ArrayIndexOutOfBoundsException'> (0x00000000d6125080) thrown at [C:\re\workspace\8-2-build-windows-amd64-cygwin\jdk8u91\6644\hotspot\src\share\vm\runtime\sharedRuntime.cpp, line 605]
Event: 12.341 Thread 0x00000000198f3000 Exception <a 'java/lang/ClassNotFoundException': javax/swing/JComponentCustomizer> (0x00000000d613e0d0) thrown at [C:\re\workspace\8-2-build-windows-amd64-cygwin\jdk8u91\6644\hotspot\src\share\vm\classfile\systemDictionary.cpp, line 210]
Event: 12.344 Thread 0x00000000198f3000 Exception <a 'java/lang/ArrayIndexOutOfBoundsException'> (0x00000000d61598e8) thrown at [C:\re\workspace\8-2-build-windows-amd64-cygwin\jdk8u91\6644\hotspot\src\share\vm\runtime\sharedRuntime.cpp, line 605]
Event: 12.345 Thread 0x00000000198f3000 Exception <a 'java/lang/ArrayIndexOutOfBoundsException'> (0x00000000d6169190) thrown at [C:\re\workspace\8-2-build-windows-amd64-cygwin\jdk8u91\6644\hotspot\src\share\vm\runtime\sharedRuntime.cpp, line 605]

Events (10 events):
Event: 12.340 loading class java/beans/PropertyVetoException
Event: 12.340 loading class java/beans/PropertyVetoException done
Event: 12.341 loading class javax/swing/JComponentCustomizer
Event: 12.341 loading class javax/swing/JComponentCustomizer done
Event: 12.341 loading class javax/swing/JComponentCustomizer
Event: 12.341 loading class javax/swing/JComponentCustomizer done
Event: 12.342 loading class javax/swing/JToolTip
Event: 12.342 loading class javax/swing/JToolTip done
Event: 12.342 loading class javax/swing/InputVerifier
Event: 12.342 loading class javax/swing/InputVerifier done


Dynamic libraries:
0x00007ff713fe0000 - 0x00007ff714017000 	C:\Program Files\Java\jdk1.8.0_91\bin\java.exe
0x00007ff96de80000 - 0x00007ff96e051000 	C:\WINDOWS\SYSTEM32\ntdll.dll
0x00007ff96d8a0000 - 0x00007ff96d94b000 	C:\WINDOWS\System32\KERNEL32.DLL
0x00007ff96a3d0000 - 0x00007ff96a5ed000 	C:\WINDOWS\System32\KERNELBASE.dll
0x00007ff96dd30000 - 0x00007ff96ddd2000 	C:\WINDOWS\System32\ADVAPI32.dll
0x00007ff96b9e0000 - 0x00007ff96ba7e000 	C:\WINDOWS\System32\msvcrt.dll
0x00007ff96b550000 - 0x00007ff96b5a9000 	C:\WINDOWS\System32\sechost.dll
0x00007ff96bb10000 - 0x00007ff96bc31000 	C:\WINDOWS\System32\RPCRT4.dll
0x00007ff96bd00000 - 0x00007ff96be65000 	C:\WINDOWS\System32\USER32.dll
0x00007ff96b3f0000 - 0x00007ff96b40e000 	C:\WINDOWS\System32\win32u.dll
0x00007ff96bcc0000 - 0x00007ff96bcf4000 	C:\WINDOWS\System32\GDI32.dll
0x00007ff96a6a0000 - 0x00007ff96a822000 	C:\WINDOWS\System32\gdi32full.dll
0x00007ff966ae0000 - 0x00007ff966d59000 	C:\WINDOWS\WinSxS\amd64_microsoft.windows.common-controls_6595b64144ccf1df_6.0.14393.0_none_2d0f50fcbdb171b8\COMCTL32.dll
0x00007ff96d960000 - 0x00007ff96dc27000 	C:\WINDOWS\System32\combase.dll
0x00007ff96af10000 - 0x00007ff96b005000 	C:\WINDOWS\System32\ucrtbase.dll
0x00007ff96b160000 - 0x00007ff96b1ca000 	C:\WINDOWS\System32\bcryptPrimitives.dll
0x00007ff96ba80000 - 0x00007ff96baae000 	C:\WINDOWS\System32\IMM32.DLL
0x000000006f550000 - 0x000000006f622000 	C:\Program Files\Java\jdk1.8.0_91\jre\bin\msvcr100.dll
0x000000006e0c0000 - 0x000000006e953000 	C:\Program Files\Java\jdk1.8.0_91\jre\bin\server\jvm.dll
0x00007ff96b4e0000 - 0x00007ff96b4e8000 	C:\WINDOWS\System32\PSAPI.DLL
0x00007ff9678a0000 - 0x00007ff9678a9000 	C:\WINDOWS\SYSTEM32\WSOCK32.dll
0x00007ff96bc50000 - 0x00007ff96bcba000 	C:\WINDOWS\System32\WS2_32.dll
0x00007ff968600000 - 0x00007ff968623000 	C:\WINDOWS\SYSTEM32\WINMM.dll
0x00007ff966ab0000 - 0x00007ff966aba000 	C:\WINDOWS\SYSTEM32\VERSION.dll
0x00007ff968300000 - 0x00007ff96832b000 	C:\WINDOWS\SYSTEM32\WINMMBASE.dll
0x00007ff96b1d0000 - 0x00007ff96b212000 	C:\WINDOWS\System32\cfgmgr32.dll
0x000000006f7c0000 - 0x000000006f7cf000 	C:\Program Files\Java\jdk1.8.0_91\jre\bin\verify.dll
0x000000006e090000 - 0x000000006e0b9000 	C:\Program Files\Java\jdk1.8.0_91\jre\bin\java.dll
0x000000006e070000 - 0x000000006e086000 	C:\Program Files\Java\jdk1.8.0_91\jre\bin\zip.dll
0x00007ff96c110000 - 0x00007ff96d618000 	C:\WINDOWS\System32\SHELL32.dll
0x00007ff96a830000 - 0x00007ff96af0a000 	C:\WINDOWS\System32\windows.storage.dll
0x00007ff96a2f0000 - 0x00007ff96a33c000 	C:\WINDOWS\System32\powrprof.dll
0x00007ff96b480000 - 0x00007ff96b4d2000 	C:\WINDOWS\System32\shlwapi.dll
0x00007ff96a2e0000 - 0x00007ff96a2ef000 	C:\WINDOWS\System32\kernel.appcore.dll
0x00007ff96b0b0000 - 0x00007ff96b159000 	C:\WINDOWS\System32\shcore.dll
0x00007ff96a350000 - 0x00007ff96a364000 	C:\WINDOWS\System32\profapi.dll
0x000000006de90000 - 0x000000006e028000 	C:\Program Files\Java\jdk1.8.0_91\jre\bin\awt.dll
0x00007ff96d620000 - 0x00007ff96d6df000 	C:\WINDOWS\System32\OLEAUT32.dll
0x00007ff96b010000 - 0x00007ff96b0ac000 	C:\WINDOWS\System32\msvcp_win.dll
0x00007ff968890000 - 0x00007ff96890a000 	C:\WINDOWS\SYSTEM32\apphelp.dll
0x00007ff968ad0000 - 0x00007ff968b65000 	C:\WINDOWS\system32\uxtheme.dll
0x00007ff96bfb0000 - 0x00007ff96c10b000 	C:\WINDOWS\System32\MSCTF.dll
0x00007ff967e30000 - 0x00007ff967e56000 	C:\WINDOWS\system32\dwmapi.dll
0x00007ff96be70000 - 0x00007ff96bfa7000 	C:\WINDOWS\System32\ole32.dll
0x000000006de40000 - 0x000000006de87000 	C:\Program Files\Java\jdk1.8.0_91\jre\bin\fontmanager.dll
0x000000006e050000 - 0x000000006e06a000 	C:\Program Files\Java\jdk1.8.0_91\jre\bin\net.dll
0x00007ff969950000 - 0x00007ff9699ac000 	C:\WINDOWS\system32\mswsock.dll
0x000000006e030000 - 0x000000006e041000 	C:\Program Files\Java\jdk1.8.0_91\jre\bin\nio.dll

VM Arguments:
java_command: C:\Users\Lucas\Documents\MaterialCodigoAprendizaje\2DAM\ProgramacionServiciosProcesos\Editor\dist\DocumentEditor.jar
java_class_path (initial): C:\Users\Lucas\Documents\MaterialCodigoAprendizaje\2DAM\ProgramacionServiciosProcesos\Editor\dist\DocumentEditor.jar
Launcher Type: SUN_STANDARD

Environment Variables:
PATH=C:\ProgramData\Oracle\Java\javapath;C:\Program Files (x86)\Intel\iCLS Client\;C:\Program Files\Intel\iCLS Client\;C:\Windows\system32;C:\Windows;C:\Windows\System32\Wbem;C:\Windows\System32\WindowsPowerShell\v1.0\;C:\Program Files (x86)\NVIDIA Corporation\PhysX\Common;C:\Program Files (x86)\Intel\Intel(R) Management Engine Components\DAL;C:\Program Files\Intel\Intel(R) Management Engine Components\DAL;C:\Program Files (x86)\Intel\Intel(R) Management Engine Components\IPT;C:\Program Files\Intel\Intel(R) Management Engine Components\IPT;C:\Program Files (x86)\Skype\Phone\;C:\Program Files\Git\cmd;C:\WINDOWS\system32;C:\WINDOWS;C:\WINDOWS\System32\Wbem;C:\WINDOWS\System32\WindowsPowerShell\v1.0\;C:\Users\Lucas\AppData\Local\atom\bin;%USERPROFILE%\AppData\Local\Microsoft\WindowsApps;
USERNAME=Lucas
OS=Windows_NT
PROCESSOR_IDENTIFIER=Intel64 Family 6 Model 94 Stepping 3, GenuineIntel



---------------  S Y S T E M  ---------------

OS: Windows 10.0 , 64 bit Build 14393 (10.0.14393.0)

CPU:total 8 (4 cores per cpu, 2 threads per core) family 6 model 94 stepping 3, cmov, cx8, fxsr, mmx, sse, sse2, sse3, ssse3, sse4.1, sse4.2, popcnt, avx, avx2, aes, clmul, erms, rtm, 3dnowpref, lzcnt, ht, tsc, tscinvbit, bmi1, bmi2, adx

Memory: 4k page, physical 8281880k(654896k free), swap 33447704k(0k free)

vm_info: Java HotSpot(TM) 64-Bit Server VM (25.91-b14) for windows-amd64 JRE (1.8.0_91-b14), built on Apr  1 2016 00:58:32 by "java_re" with MS VC++ 10.0 (VS2010)

time: Thu Oct 06 09:34:11 2016
elapsed time: 12 seconds (0d 0h 0m 12s)

