#
# There is insufficient memory for the Java Runtime Environment to continue.
# Native memory allocation (malloc) failed to allocate 32744 bytes for ChunkPool::allocate
# Possible reasons:
#   The system is out of physical RAM or swap space
#   In 32 bit mode, the process size limit was hit
# Possible solutions:
#   Reduce memory load on the system
#   Increase physical memory or swap space
#   Check if swap backing store is full
#   Use 64 bit Java on a 64 bit OS
#   Decrease Java heap size (-Xmx/-Xms)
#   Decrease number of Java threads
#
#  Out of Memory Error
#
# ]j  java.awt.EventDispatchThread.run()V+9
v  ~StubRoutines::call_stub

---------------  P R O C E S S  ---------------

Java Threads: ( => current thread )
  0x000000001b6f3000 JavaThread "Image Fetcher 0" daemon [_thread_blocked, id=8864, stack(0x000000001c830000,0x000000001c930000)]
  0x0000000002f10800 JavaThread "DestroyJavaVM" [_thread_blocked, id=18208, stack(0x0000000002d10000,0x0000000002e10000)]
=>0x000000001b483800 JavaThread "AWT-EventQueue-0" [_thread_in_vm, id=1960, stack(0x000000001c030000,0x000000001c130000)]
  0x000000001b4e0000 JavaThread "AWT-Windows" daemon [_thread_in_native, id=32392, stack(0x000000001be60000,0x000000001bf60000)]
  0x000000001b4df800 JavaThread "AWT-Shutdown" [_thread_blocked, id=16704, stack(0x000000001bd60000,0x000000001be60000)]
  0x000000001b4df000 JavaThread "Java2D Disposer" daemon [_thread_blocked, id=25848, stack(0x000000001bc60000,0x000000001bd60000)]
  0x0000000019ef8000 JavaThread "Service Thread" daemon [_thread_blocked, id=19512, stack(0x000000001aa70000,0x000000001ab70000)]
  0x0000000019eeb800 JavaThread "C1 CompilerThread3" daemon [_thread_blocked, id=27640, stack(0x000000001a970000,0x000000001aa70000)]
  0x0000000019ee4800 JavaThread "C2 CompilerThread2" daemon [_thread_blocked, id=25396, stack(0x000000001a870000,0x000000001a970000)]
  0x0000000019e8a000 JavaThread "C2 CompilerThread1" daemon [_thread_blocked, id=15716, stack(0x000000001a770000,0x000000001a870000)]
  0x0000000019e88000 JavaThread "C2 CompilerThread0" daemon [_thread_blocked, id=17176, stack(0x000000001a670000,0x000000001a770000)]
  0x0000000019e85800 JavaThread "Attach Listener" daemon [_thread_blocked, id=15452, stack(0x000000001a570000,0x000000001a670000)]
  0x0000000019e84000 JavaThread "Signal Dispatcher" daemon [_thread_blocked, id=17736, stack(0x000000001a470000,0x000000001a570000)]
  0x0000000003007000 JavaThread "Finalizer" daemon [_thread_blocked, id=15536, stack(0x000000001a260000,0x000000001a360000)]
  0x0000000017f9d800 JavaThread "Reference Handler" daemon [_thread_blocked, id=4760, stack(0x0000000019d60000,0x0000000019e60000)]

Other Threads:
  0x0000000017f99000 VMThread [stack: 0x0000000019c60000,0x0000000019d60000] [id=20684]
  0x0000000019ef4800 WatcherThread [stack: 0x000000001ab70000,0x000000001ac70000] [id=23556]

VM state:not at safepoint (normal execution)

VM Mutex/Monitor currently owned by a thread: None

Heap:
 PSYoungGen      total 38400K, used 13337K [0x00000000d5e00000, 0x00000000d8880000, 0x0000000100000000)
  eden space 33280K, 40% used [0x00000000d5e00000,0x00000000d6b06488,0x00000000d7e80000)
  from space 5120K, 0% used [0x00000000d8380000,0x00000000d8380000,0x00000000d8880000)
  to   space 5120K, 0% used [0x00000000d7e80000,0x00000000d7e80000,0x00000000d8380000)
 ParOldGen       total 87552K, used 0K [0x0000000081a00000, 0x0000000086f80000, 0x00000000d5e00000)
  object space 87552K, 0% used [0x0000000081a00000,0x0000000081a00000,0x0000000086f80000)
 Metaspace       used 12263K, capacity 12474K, committed 12800K, reserved 1069056K
  class space    used 1605K, capacity 1704K, committed 1792K, reserved 1048576K

Card table byte_map: [0x00000000123d0000,0x00000000127d0000] byte_map_base: 0x0000000011fc3000

Marking Bits: (ParMarkBitMap*) 0x000000006e8d2f70
 Begin Bits: [0x0000000013280000, 0x0000000015218000)
 End Bits:   [0x0000000015218000, 0x00000000171b0000)

Polling page: 0x0000000001330000

CodeCache: size=245760Kb used=2703Kb max_used=2703Kb free=243056Kb
 bounds [0x0000000003010000, 0x00000000032c0000, 0x0000000012010000]
 total_blobs=1175 nmethods=719 adapters=369
 compilation: enabled

Compilation events (10 events):
Event: 23.052 Thread 0x0000000019eeb800 nmethod 717 0x00000000032b3fd0 code [0x00000000032b4160, 0x00000000032b44b8]
Event: 23.052 Thread 0x0000000019eeb800  716       1       java.awt.Component::getPeer (5 bytes)
Event: 23.052 Thread 0x0000000019eeb800 nmethod 716 0x00000000032b3d10 code [0x00000000032b3e60, 0x00000000032b3f70]
Event: 25.486 Thread 0x0000000019eeb800  718       3       java.awt.Component::getContainer (5 bytes)
Event: 25.487 Thread 0x0000000019eeb800 nmethod 718 0x00000000032b3950 code [0x00000000032b3aa0, 0x00000000032b3c90]
Event: 25.487 Thread 0x0000000019eeb800  720       3       java.awt.Component::isLightweight (8 bytes)
Event: 25.487 Thread 0x0000000019eeb800 nmethod 720 0x00000000032b3450 code [0x00000000032b35c0, 0x00000000032b38b0]
Event: 25.487 Thread 0x0000000019eeb800  719       3       java.awt.Component::invalidateIfValid (12 bytes)
Event: 25.487 Thread 0x0000000019eeb800 nmethod 719 0x00000000032b2e50 code [0x00000000032b2fc0, 0x00000000032b3388]
Event: 25.494 Thread 0x0000000019eeb800  722       3       java.beans.PropertyChangeSupport::firePropertyChange (81 bytes)

GC Heap History (0 events):
No events

Deoptimization events (8 events):
Event: 20.672 Thread 0x000000001b483800 Uncommon trap: reason=unstable_if action=reinterpret pc=0x0000000003245890 method=java.lang.reflect.Method.equals(Ljava/lang/Object;)Z @ 49
Event: 21.134 Thread 0x000000001b483800 Uncommon trap: reason=unstable_if action=reinterpret pc=0x000000000322636c method=java.lang.AbstractStringBuilder.append(Ljava/lang/String;)Ljava/lang/AbstractStringBuilder; @ 1
Event: 21.135 Thread 0x000000001b483800 Uncommon trap: reason=unstable_if action=reinterpret pc=0x0000000003212bb0 method=java.lang.AbstractStringBuilder.append(Ljava/lang/String;)Ljava/lang/AbstractStringBuilder; @ 1
Event: 23.010 Thread 0x000000001b4e0000 Uncommon trap: reason=class_check action=maybe_recompile pc=0x0000000003286db4 method=java.util.HashMap.putVal(ILjava/lang/Object;Ljava/lang/Object;ZZ)Ljava/lang/Object; @ 203
Event: 23.010 Thread 0x000000001b4e0000 Uncommon trap: reason=bimorphic action=maybe_recompile pc=0x0000000003286dd0 method=java.util.HashMap.putVal(ILjava/lang/Object;Ljava/lang/Object;ZZ)Ljava/lang/Object; @ 91
Event: 23.010 Thread 0x000000001b4e0000 Uncommon trap: reason=class_check action=maybe_recompile pc=0x0000000003286db4 method=java.util.HashMap.putVal(ILjava/lang/Object;Ljava/lang/Object;ZZ)Ljava/lang/Object; @ 203
Event: 23.010 Thread 0x000000001b4e0000 Uncommon trap: reason=class_check action=maybe_recompile pc=0x0000000003286db4 method=java.util.HashMap.putVal(ILjava/lang/Object;Ljava/lang/Object;ZZ)Ljava/lang/Object; @ 203
Event: 23.010 Thread 0x000000001b4e0000 Uncommon trap: reason=bimorphic action=maybe_recompile pc=0x0000000003286dd0 method=java.util.HashMap.putVal(ILjava/lang/Object;Ljava/lang/Object;ZZ)Ljava/lang/Object; @ 91

Internal exceptions (10 events):
Event: 20.675 Thread 0x000000001b483800 Exception <a 'java/lang/ArrayIndexOutOfBoundsException'> (0x00000000d6775948) thrown at [C:\re\workspace\8-2-build-windows-amd64-cygwin\jdk8u91\6644\hotspot\src\share\vm\runtime\sharedRuntime.cpp, line 605]
Event: 20.676 Thread 0x000000001b483800 Exception <a 'java/lang/ArrayIndexOutOfBoundsException'> (0x00000000d67850b0) thrown at [C:\re\workspace\8-2-build-windows-amd64-cygwin\jdk8u91\6644\hotspot\src\share\vm\runtime\sharedRuntime.cpp, line 605]
Event: 20.687 Thread 0x000000001b483800 Exception <a 'java/lang/ClassNotFoundException': javax/swing/AbstractButtonCustomizer> (0x00000000d67efc78) thrown at [C:\re\workspace\8-2-build-windows-amd64-cygwin\jdk8u91\6644\hotspot\src\share\vm\classfile\systemDictionary.cpp, line 210]
Event: 20.934 Thread 0x000000001b483800 Exception <a 'java/lang/ClassNotFoundException': javax/swing/JMenuItemCustomizer> (0x00000000d685b490) thrown at [C:\re\workspace\8-2-build-windows-amd64-cygwin\jdk8u91\6644\hotspot\src\share\vm\classfile\systemDictionary.cpp, line 210]
Event: 20.950 Thread 0x000000001b483800 Exception <a 'java/lang/ClassNotFoundException': javax/swing/JMenuCustomizer> (0x00000000d6899898) thrown at [C:\re\workspace\8-2-build-windows-amd64-cygwin\jdk8u91\6644\hotspot\src\share\vm\classfile\systemDictionary.cpp, line 210]
Event: 21.005 Thread 0x000000001b483800 Exception <a 'java/lang/ClassNotFoundException': javax/swing/JButtonBeanInfo> (0x00000000d6908418) thrown at [C:\re\workspace\8-2-build-windows-amd64-cygwin\jdk8u91\6644\hotspot\src\share\vm\classfile\systemDictionary.cpp, line 210]
Event: 21.006 Thread 0x000000001b483800 Exception <a 'java/lang/ClassNotFoundException': javax/swing/JButtonCustomizer> (0x00000000d6909870) thrown at [C:\re\workspace\8-2-build-windows-amd64-cygwin\jdk8u91\6644\hotspot\src\share\vm\classfile\systemDictionary.cpp, line 210]
Event: 21.134 Thread 0x000000001b483800 Implicit null exception at 0x0000000003226016 to 0x0000000003226355
Event: 21.135 Thread 0x000000001b483800 Implicit null exception at 0x0000000003212817 to 0x0000000003212b99
Event: 22.087 Thread 0x0000000019fb5000 Exception <a 'java/lang/OutOfMemoryError'> (0x00000000d69c8f58) thrown at [C:\re\workspace\8-2-build-windows-amd64-cygwin\jdk8u91\6644\hotspot\src\share\vm\prims\jni.cpp, line 735]

Events (10 events):
Event: 23.050 loading class java/awt/peer/LightweightPeer
Event: 23.050 loading class java/awt/peer/LightweightPeer done
Event: 23.051 loading class sun/awt/NullComponentPeer
Event: 23.051 loading class sun/awt/NullComponentPeer done
Event: 25.486 loading class javax/swing/JInternalFrame
Event: 25.493 loading class javax/swing/JInternalFrame done
Event: 25.493 loading class javax/swing/KeyboardManager$ComponentKeyStrokePair
Event: 25.493 loading class javax/swing/KeyboardManager$ComponentKeyStrokePair done
Event: 25.494 loading class com/sun/java/swing/plaf/windows/WindowsMenuBarUI$1
Event: 25.494 loading class com/sun/java/swing/plaf/windows/WindowsMenuBarUI$1 done


Dynamic libraries:
0x00007ff713fe0000 - 0x00007ff714017000 	C:\Program Files\Java\jdk1.8.0_91\bin\java.exe
0x00007ff96de80000 - 0x00007ff96e051000 	C:\WINDOWS\SYSTEM32\ntdll.dll
0x00007ff96d8a0000 - 0x00007ff96d94b000 	C:\WINDOWS\System32\KERNEL32.DLL
0x00007ff96a3d0000 - 0x00007ff96a5ed000 	C:\WINDOWS\System32\KERNELBASE.dll
0x00007ff96dd30000 - 0x00007ff96ddd2000 	C:\WINDOWS\System32\ADVAPI32.dll
0x00007ff96b9e0000 - 0x00007ff96ba7e000 	C:\WINDOWS\System32\msvcrt.dll
0x00007ff96b550000 - 0x00007ff96b5a9000 	C:\WINDOWS\System32\sechost.dll
0x00007ff96bb10000 - 0x00007ff96bc31000 	C:\WINDOWS\System32\RPCRT4.dll
0x00007ff96bd00000 - 0x00007ff96be65000 	C:\WINDOWS\System32\USER32.dll
0x00007ff96b3f0000 - 0x00007ff96b40e000 	C:\WINDOWS\System32\win32u.dll
0x00007ff96bcc0000 - 0x00007ff96bcf4000 	C:\WINDOWS\System32\GDI32.dll
0x00007ff96a6a0000 - 0x00007ff96a822000 	C:\WINDOWS\System32\gdi32full.dll
0x00007ff966ae0000 - 0x00007ff966d59000 	C:\WINDOWS\WinSxS\amd64_microsoft.windows.common-controls_6595b64144ccf1df_6.0.14393.0_none_2d0f50fcbdb171b8\COMCTL32.dll
0x00007ff96d960000 - 0x00007ff96dc27000 	C:\WINDOWS\System32\combase.dll
0x00007ff96af10000 - 0x00007ff96b005000 	C:\WINDOWS\System32\ucrtbase.dll
0x00007ff96b160000 - 0x00007ff96b1ca000 	C:\WINDOWS\System32\bcryptPrimitives.dll
0x00007ff96ba80000 - 0x00007ff96baae000 	C:\WINDOWS\System32\IMM32.DLL
0x000000006f550000 - 0x000000006f622000 	C:\Program Files\Java\jdk1.8.0_91\jre\bin\msvcr100.dll
0x000000006e0c0000 - 0x000000006e953000 	C:\Program Files\Java\jdk1.8.0_91\jre\bin\server\jvm.dll
0x00007ff96b4e0000 - 0x00007ff96b4e8000 	C:\WINDOWS\System32\PSAPI.DLL
0x00007ff9678a0000 - 0x00007ff9678a9000 	C:\WINDOWS\SYSTEM32\WSOCK32.dll
0x00007ff96bc50000 - 0x00007ff96bcba000 	C:\WINDOWS\System32\WS2_32.dll
0x00007ff968600000 - 0x00007ff968623000 	C:\WINDOWS\SYSTEM32\WINMM.dll
0x00007ff966ab0000 - 0x00007ff966aba000 	C:\WINDOWS\SYSTEM32\VERSION.dll
0x00007ff968300000 - 0x00007ff96832b000 	C:\WINDOWS\SYSTEM32\WINMMBASE.dll
0x00007ff96b1d0000 - 0x00007ff96b212000 	C:\WINDOWS\System32\cfgmgr32.dll
0x000000006f7c0000 - 0x000000006f7cf000 	C:\Program Files\Java\jdk1.8.0_91\jre\bin\verify.dll
0x000000006e090000 - 0x000000006e0b9000 	C:\Program Files\Java\jdk1.8.0_91\jre\bin\java.dll
0x000000006e070000 - 0x000000006e086000 	C:\Program Files\Java\jdk1.8.0_91\jre\bin\zip.dll
0x00007ff96c110000 - 0x00007ff96d618000 	C:\WINDOWS\System32\SHELL32.dll
0x00007ff96a830000 - 0x00007ff96af0a000 	C:\WINDOWS\System32\windows.storage.dll
0x00007ff96a2f0000 - 0x00007ff96a33c000 	C:\WINDOWS\System32\powrprof.dll
0x00007ff96b480000 - 0x00007ff96b4d2000 	C:\WINDOWS\System32\shlwapi.dll
0x00007ff96a2e0000 - 0x00007ff96a2ef000 	C:\WINDOWS\System32\kernel.appcore.dll
0x00007ff96b0b0000 - 0x00007ff96b159000 	C:\WINDOWS\System32\shcore.dll
0x00007ff96a350000 - 0x00007ff96a364000 	C:\WINDOWS\System32\profapi.dll
0x000000006de90000 - 0x000000006e028000 	C:\Program Files\Java\jdk1.8.0_91\jre\bin\awt.dll
0x00007ff96d620000 - 0x00007ff96d6df000 	C:\WINDOWS\System32\OLEAUT32.dll
0x00007ff96b010000 - 0x00007ff96b0ac000 	C:\WINDOWS\System32\msvcp_win.dll
0x00007ff968890000 - 0x00007ff96890a000 	C:\WINDOWS\SYSTEM32\apphelp.dll
0x00007ff968ad0000 - 0x00007ff968b65000 	C:\WINDOWS\system32\uxtheme.dll
0x00007ff96bfb0000 - 0x00007ff96c10b000 	C:\WINDOWS\System32\MSCTF.dll
0x00007ff967e30000 - 0x00007ff967e56000 	C:\WINDOWS\system32\dwmapi.dll
0x00007ff96be70000 - 0x00007ff96bfa7000 	C:\WINDOWS\System32\ole32.dll
0x000000006de40000 - 0x000000006de87000 	C:\Program Files\Java\jdk1.8.0_91\jre\bin\fontmanager.dll
0x000000006e050000 - 0x000000006e06a000 	C:\Program Files\Java\jdk1.8.0_91\jre\bin\net.dll
0x00007ff969950000 - 0x00007ff9699ac000 	C:\WINDOWS\system32\mswsock.dll
0x000000006e030000 - 0x000000006e041000 	C:\Program Files\Java\jdk1.8.0_91\jre\bin\nio.dll
0x00007ff96dde0000 - 0x00007ff96de7f000 	C:\WINDOWS\System32\clbcatq.dll
0x00007ff966150000 - 0x00007ff9662f8000 	C:\WINDOWS\SYSTEM32\WindowsCodecs.dll

VM Arguments:
java_command: C:\Users\Lucas\Documents\MaterialCodigoAprendizaje\2DAM\ProgramacionServiciosProcesos\Editor\dist\DocumentEditor.jar
java_class_path (initial): C:\Users\Lucas\Documents\MaterialCodigoAprendizaje\2DAM\ProgramacionServiciosProcesos\Editor\dist\DocumentEditor.jar
Launcher Type: SUN_STANDARD

Environment Variables:
PATH=C:\ProgramData\Oracle\Java\javapath;C:\Program Files (x86)\Intel\iCLS Client\;C:\Program Files\Intel\iCLS Client\;C:\Windows\system32;C:\Windows;C:\Windows\System32\Wbem;C:\Windows\System32\WindowsPowerShell\v1.0\;C:\Program Files (x86)\NVIDIA Corporation\PhysX\Common;C:\Program Files (x86)\Intel\Intel(R) Management Engine Components\DAL;C:\Program Files\Intel\Intel(R) Management Engine Components\DAL;C:\Program Files (x86)\Intel\Intel(R) Management Engine Components\IPT;C:\Program Files\Intel\Intel(R) Management Engine Components\IPT;C:\Program Files (x86)\Skype\Phone\;C:\Program Files\Git\cmd;C:\WINDOWS\system32;C:\WINDOWS;C:\WINDOWS\System32\Wbem;C:\WINDOWS\System32\WindowsPowerShell\v1.0\;C:\Users\Lucas\AppData\Local\atom\bin;%USERPROFILE%\AppData\Local\Microsoft\WindowsApps;
USERNAME=Lucas
OS=Windows_NT
PROCESSOR_IDENTIFIER=Intel64 Family 6 Model 94 Stepping 3, GenuineIntel



---------------  S Y S T E M  ---------------

OS: Windows 10.0 , 64 bit Build 14393 (10.0.14393.0)

CPU:total 8 (4 cores per cpu, 2 threads per core) family 6 model 94 stepping 3, cmov, cx8, fxsr, mmx, sse, sse2, sse3, ssse3, sse4.1, sse4.2, popcnt, avx, avx2, aes, clmul, erms, rtm, 3dnowpref, lzcnt, ht, tsc, tscinvbit, bmi1, bmi2, adx

Memory: 4k page, physical 8281880k(640532k free), swap 33447704k(0k free)

vm_info: Java HotSpot(TM) 64-Bit Server VM (25.91-b14) for windows-amd64 JRE (1.8.0_91-b14), built on Apr  1 2016 00:58:32 by "java_re" with MS VC++ 10.0 (VS2010)

time: Thu Oct 06 09:34:11 2016
elapsed time: 25 seconds (0d 0h 0m 25s)

