#
# There is insufficient memory for the Java Runtime Environment to continue.
# Native memory allocation (malloc) failed to allocate 16384 bytes for AllocateHeap
# Possible reasons:
#   The system is out of physical RAM or swap space
#   In 32 bit mode, the process size limit was hit
# Possible solutions:
#   Reduce memory load on the system
#   Increase physical memory or swap space
#   Check if swap backing store is full
#   Use 64 bit Java on a 64 bit OS
#   Decrease Java heap size (-Xmx/-Xms)
#   Decrease number of Java threads
#   Decrease Java thread stack sizes (-Xss)
#   Set larger code cache with -XX:ReservedCodeCacheSize=
# This output file may be truncated or incomplete.
#
#  Out of Memory Error (memory/allocation.inline.hpp:61), pid=12504, tid=5156
#
# JRE version: Java(TM) SE Runtime Environment (8.0_91-b14) (build 1.8.0_91-b14)
# Java VM: Java HotSpot(TM) 64-Bit Server VM (25.91-b14 mixed mode windows-amd64 compressed oops)
# Failed to write core dump. Minidumps are not enabled by default on client versions of Windows
#

---------------  T H R E A D  ---------------

Current thread (0x00000000024b0800):  JavaThread "main" [_thread_in_vm, id=5156, stack(0x00000000023b0000,0x00000000024b0000)]

Stack: [0x00000000023b0000,0x00000000024b0000]
[error occurred during error reporting (printing stack bounds), id 0xc0000005]

Native frames: (J=compiled Java code, j=interpreted, Vv=VM code, C=native code)

Java frames: (J=compiled Java code, j=interpreted, Vv=VM code)
j  java.util.jar.JarVerifier.<init>([B)V+129
j  java.util.jar.JarFile.getManifestFromReference()Ljava/util/jar/Manifest;+77
j  java.util.jar.JarFile.getManifest()Ljava/util/jar/Manifest;+1
j  sun.launcher.LauncherHelper.getMainClassFromJar(Ljava/lang/String;)Ljava/lang/String;+14
j  sun.launcher.LauncherHelper.checkAndLoadMain(ZILjava/lang/String;)Ljava/lang/Class;+38
v  ~StubRoutines::call_stub

---------------  P R O C E S S  ---------------

Java Threads: ( => current thread )
  0x00000000194b5000 JavaThread "Service Thread" daemon [_thread_blocked, id=8076, stack(0x000000001a040000,0x000000001a140000)]
  0x00000000194a8000 JavaThread "C1 CompilerThread3" daemon [_thread_blocked, id=13352, stack(0x0000000019f40000,0x000000001a040000)]
  0x00000000194a4800 JavaThread "C2 CompilerThread2" daemon [_thread_blocked, id=12404, stack(0x0000000019e40000,0x0000000019f40000)]
  0x000000001944a000 JavaThread "C2 CompilerThread1" daemon [_thread_blocked, id=6724, stack(0x0000000019d40000,0x0000000019e40000)]
  0x0000000019448000 JavaThread "C2 CompilerThread0" daemon [_thread_blocked, id=3976, stack(0x0000000019c40000,0x0000000019d40000)]
  0x0000000019445800 JavaThread "Attach Listener" daemon [_thread_blocked, id=5664, stack(0x0000000019b40000,0x0000000019c40000)]
  0x0000000019444000 JavaThread "Signal Dispatcher" daemon [_thread_blocked, id=11372, stack(0x0000000019a40000,0x0000000019b40000)]
  0x00000000025a7000 JavaThread "Finalizer" daemon [_thread_blocked, id=1020, stack(0x0000000019820000,0x0000000019920000)]
  0x000000001753d800 JavaThread "Reference Handler" daemon [_thread_blocked, id=6772, stack(0x0000000019320000,0x0000000019420000)]
=>0x00000000024b0800 JavaThread "main" [_thread_in_vm, id=5156, stack(0x00000000023b0000,0x00000000024b0000)]

Other Threads:
  0x0000000017539000 VMThread [stack: 0x0000000019220000,0x0000000019320000] [id=1308]
  0x00000000194b3800 WatcherThread [stack: 0x000000001a140000,0x000000001a240000] [id=21788]

VM state:not at safepoint (normal execution)

VM Mutex/Monitor currently owned by a thread:  ([mutex/lock_event])
[0x00000000023abec0] SystemDictionary_lock - owner thread: 0x00000000024b0800
[0x00000000023ad150] Compile_lock - owner thread: 0x00000000024b0800

Heap:
 PSYoungGen      total 38400K, used 665K [0x00000000d5e00000, 0x00000000d8880000, 0x0000000100000000)
  eden space 33280K, 2% used [0x00000000d5e00000,0x00000000d5ea6670,0x00000000d7e80000)
  from space 5120K, 0% used [0x00000000d8380000,0x00000000d8380000,0x00000000d8880000)
  to   space 5120K, 0% used [0x00000000d7e80000,0x00000000d7e80000,0x00000000d8380000)
 ParOldGen       total 87552K, used 0K [0x0000000081a00000, 0x0000000086f80000, 0x00000000d5e00000)
  object space 87552K, 0% used [0x0000000081a00000,0x0000000081a00000,0x0000000086f80000)
 Metaspace       used 2559K, capacity 4480K, committed 4480K, reserved 1056768K
  class space    used 282K, capacity 384K, committed 384K, reserved 1048576K

Card table byte_map: [0x0000000011970000,0x0000000011d70000] byte_map_base: 0x0000000011563000

Marking Bits: (ParMarkBitMap*) 0x000000006e8d2f70
 Begin Bits: [0x0000000012820000, 0x00000000147b8000)
 End Bits:   [0x00000000147b8000, 0x0000000016750000)

Polling page: 0x0000000002340000

CodeCache: size=245760Kb used=1082Kb max_used=1082Kb free=244677Kb
 bounds [0x00000000025b0000, 0x0000000002820000, 0x00000000115b0000]
 total_blobs=247 nmethods=15 adapters=146
 compilation: enabled

Compilation events (10 events):
Event: 1.511 Thread 0x00000000194a8000   11       3       java.lang.Math::min (11 bytes)
Event: 1.511 Thread 0x00000000194a8000 nmethod 11 0x00000000026bbb10 code [0x00000000026bbc60, 0x00000000026bbdf0]
Event: 3.372 Thread 0x00000000194a8000   12       3       sun.nio.cs.SingleByte$Decoder::decode (11 bytes)
Event: 3.373 Thread 0x00000000194a8000 nmethod 12 0x00000000026bc450 code [0x00000000026bc5a0, 0x00000000026bc730]
Event: 3.375 Thread 0x00000000194a8000   13       3       java.lang.String::equals (81 bytes)
Event: 3.375 Thread 0x00000000194a8000 nmethod 13 0x00000000026bcc10 code [0x00000000026bcda0, 0x00000000026bd2f0]
Event: 3.382 Thread 0x00000000194a8000   14       3       java.util.jar.Attributes$Name::isValid (32 bytes)
Event: 3.382 Thread 0x00000000194a8000 nmethod 14 0x00000000026bdcd0 code [0x00000000026bde40, 0x00000000026be2d0]
Event: 3.382 Thread 0x00000000194a8000   15       3       java.util.jar.Attributes$Name::isAlpha (30 bytes)
Event: 3.382 Thread 0x00000000194a8000 nmethod 15 0x00000000026be390 code [0x00000000026be4e0, 0x00000000026be710]

GC Heap History (0 events):
No events

Deoptimization events (0 events):
No events

Internal exceptions (2 events):
Event: 0.381 Thread 0x00000000024b0800 Exception <a 'java/lang/NoSuchMethodError': Method sun.misc.Unsafe.defineClass(Ljava/lang/String;[BII)Ljava/lang/Class; name or signature does not match> (0x00000000d5e07cc0) thrown at [C:\re\workspace\8-2-build-windows-amd64-cygwin\jdk8u91\6644\hotspot\sr†{ïµ‘^Ø?
Event: 0.381 Thread 0x00000000024b0800 Exception <a 'java/lang/NoSuchMethodError': Method sun.misc.Unsafe.prefetchRead(Ljava/lang/Object;J)V name or signature does not match> (0x00000000d5e07fa8) thrown at [C:\re\workspace\8-2-build-windows-amd64-cygwin\jdk8u91\6644\hotspot\src\share\vm\prims\j

Events (10 events):
Event: 3.382 loading class sun/misc/ASCIICaseInsensitiveComparator
Event: 3.383 loading class sun/misc/ASCIICaseInsensitiveComparator done
Event: 3.383 loading class java/util/jar/JarVerifier
Event: 3.383 loading class java/util/jar/JarVerifier done
Event: 3.383 loading class java/security/CodeSigner
Event: 3.383 loading class java/security/CodeSigner done
Event: 3.383 loading class java/util/jar/JarVerifier$3
Event: 3.383 loading class java/util/jar/JarVerifier$3 done
Event: 3.383 loading class java/io/ByteArrayOutputStream
Event: 3.384 loading class java/io/ByteArrayOutputStream done


Dynamic libraries:
0x00007ff713fe0000 - 0x00007ff714017000 	C:\Program Files\Java\jdk1.8.0_91\bin\java.exe
0x00007ff96de80000 - 0x00007ff96e051000 	C:\WINDOWS\SYSTEM32\ntdll.dll
0x00007ff96d8a0000 - 0x00007ff96d94b000 	C:\WINDOWS\System32\KERNEL32.DLL
0x00007ff96a3d0000 - 0x00007ff96a5ed000 	C:\WINDOWS\System32\KERNELBASE.dll
0x00007ff96dd30000 - 0x00007ff96ddd2000 	C:\WINDOWS\System32\ADVAPI32.dll
0x00007ff96b9e0000 - 0x00007ff96ba7e000 	C:\WINDOWS\System32\msvcrt.dll
0x00007ff96b550000 - 0x00007ff96b5a9000 	C:\WINDOWS\System32\sechost.dll
0x00007ff96bb10000 - 0x00007ff96bc31000 	C:\WINDOWS\System32\RPCRT4.dll
0x00007ff96bd00000 - 0x00007ff96be65000 	C:\WINDOWS\System32\USER32.dll
0x00007ff96b3f0000 - 0x00007ff96b40e000 	C:\WINDOWS\System32\win32u.dll
0x00007ff96bcc0000 - 0x00007ff96bcf4000 	C:\WINDOWS\System32\GDI32.dll
0x00007ff96a6a0000 - 0x00007ff96a822000 	C:\WINDOWS\System32\gdi32full.dll
0x00007ff966ae0000 - 0x00007ff966d59000 	C:\WINDOWS\WinSxS\amd64_microsoft.windows.common-controls_6595b64144ccf1df_6.0.14393.0_none_2d0f50fcbdb171b8\COMCTL32.dll
0x00007ff96d960000 - 0x00007ff96dc27000 	C:\WINDOWS\System32\combase.dll
0x00007ff96af10000 - 0x00007ff96b005000 	C:\WINDOWS\System32\ucrtbase.dll
0x00007ff96b160000 - 0x00007ff96b1ca000 	C:\WINDOWS\System32\bcryptPrimitives.dll
0x00007ff96ba80000 - 0x00007ff96baae000 	C:\WINDOWS\System32\IMM32.DLL
0x000000006f550000 - 0x000000006f622000 	C:\Program Files\Java\jdk1.8.0_91\jre\bin\msvcr100.dll
0x000000006e0c0000 - 0x000000006e953000 	C:\Program Files\Java\jdk1.8.0_91\jre\bin\server\jvm.dll
0x00007ff96b4e0000 - 0x00007ff96b4e8000 	C:\WINDOWS\System32\PSAPI.DLL
0x00007ff9678a0000 - 0x00007ff9678a9000 	C:\WINDOWS\SYSTEM32\WSOCK32.dll
0x00007ff96bc50000 - 0x00007ff96bcba000 	C:\WINDOWS\System32\WS2_32.dll
0x00007ff968600000 - 0x00007ff968623000 	C:\WINDOWS\SYSTEM32\WINMM.dll
0x00007ff966ab0000 - 0x00007ff966aba000 	C:\WINDOWS\SYSTEM32\VERSION.dll
0x00007ff968300000 - 0x00007ff96832b000 	C:\WINDOWS\SYSTEM32\WINMMBASE.dll
0x00007ff96b1d0000 - 0x00007ff96b212000 	C:\WINDOWS\System32\cfgmgr32.dll
0x000000006f7c0000 - 0x000000006f7cf000 	C:\Program Files\Java\jdk1.8.0_91\jre\bin\verify.dll
0x000000006e090000 - 0x000000006e0b9000 	C:\Program Files\Java\jdk1.8.0_91\jre\bin\java.dll
0x000000006e070000 - 0x000000006e086000 	C:\Program Files\Java\jdk1.8.0_91\jre\bin\zip.dll
0x00007ff96c110000 - 0x00007ff96d618000 	C:\WINDOWS\System32\SHELL32.dll
0x00007ff96a830000 - 0x00007ff96af0a000 	C:\WINDOWS\System32\windows.storage.dll
0x00007ff96a2f0000 - 0x00007ff96a33c000 	C:\WINDOWS\System32\powrprof.dll
0x00007ff96b480000 - 0x00007ff96b4d2000 	C:\WINDOWS\System32\shlwapi.dll
0x00007ff96a2e0000 - 0x00007ff96a2ef000 	C:\WINDOWS\System32\kernel.appcore.dll
0x00007ff96b0b0000 - 0x00007ff96b159000 	C:\WINDOWS\System32\shcore.dll
0x00007ff96a350000 - 0x00007ff96a364000 	C:\WINDOWS\System32\profapi.dll

VM Arguments:
java_command: C:\Users\Lucas\Documents\MaterialCodigoAprendizaje\2DAM\ProgramacionServiciosProcesos\Editor\dist\DocumentEditor.jar
java_class_path (initial): C:\Users\Lucas\Documents\MaterialCodigoAprendizaje\2DAM\ProgramacionServiciosProcesos\Editor\dist\DocumentEditor.jar
Launcher Type: SUN_STANDARD

Environment Variables:
PATH=C:\ProgramData\Oracle\Java\javapath;C:\Program Files (x86)\Intel\iCLS Client\;C:\Program Files\Intel\iCLS Client\;C:\Windows\system32;C:\Windows;C:\Windows\System32\Wbem;C:\Windows\System32\WindowsPowerShell\v1.0\;C:\Program Files (x86)\NVIDIA Corporation\PhysX\Common;C:\Program Files (x86)\Intel\Intel(R) Management Engine Components\DAL;C:\Program Files\Intel\Intel(R) Management Engine Components\DAL;C:\Program Files (x86)\Intel\Intel(R) Management Engine Components\IPT;C:\Program Files\Intel\Intel(R) Management Engine Components\IPT;C:\Program Files (x86)\Skype\Phone\;C:\Program Files\Git\cmd;C:\WINDOWS\system32;C:\WINDOWS;C:\WINDOWS\System32\Wbem;C:\WINDOWS\System32\WindowsPowerShell\v1.0\;C:\Users\Lucas\AppData\Local\atom\bin;%USERPROFILE%\AppData\Local\Microsoft\WindowsApps;
USERNAME=Lucas
OS=Windows_NT
PROCESSOR_IDENTIFIER=Intel64 Family 6 Model 94 Stepping 3, GenuineIntel



---------------  S Y S T E M  ---------------

OS: Windows 10.0 , 64 bit Build 14393 (10.0.14393.0)

CPU:total 8 (4 cores per cpu, 2 threads per core) family 6 model 94 stepping 3, cmov, cx8, fxsr, mmx, sse, sse2, sse3, ssse3, sse4.1, sse4.2, popcnt, avx, avx2, aes, clmul, erms, rtm, 3dnowpref, lzcnt, ht, tsc, tscinvbit, bmi1, bmi2, adx

Memory: 4k page, physical 8281880k(1947708k free), swap 33447704k(3992k free)

vm_info: Java HotSpot(TM) 64-Bit Server VM (25.91-b14) for windows-amd64 JRE (1.8.0_91-b14), built on Apr  1 2016 00:58:32 by "java_re" with MS VC++ 10.0 (VS2010)

time: Thu Oct 06 09:33:46 2016
elapsed time: 3 seconds (0d 0h 0m 3s)

