JvmtiExport can_access_local_variables 0
JvmtiExport can_hotswap_or_post_breakpoint 0
JvmtiExport can_post_on_exceptions 0
# 143 ciObject found
ciMethod java/lang/String indexOf (Ljava/lang/String;)I 2065 1 258 0 -1
ciMethod java/lang/String indexOf (Ljava/lang/String;I)I 2049 1 340 0 -1
ciMethod java/lang/String indexOf ([CII[CIII)I 969 36449 340 0 -1
ciMethod java/lang/Class isArray ()Z 3073 1 384 0 -1
ciMethod java/lang/Class isPrimitive ()Z 2049 1 256 0 -1
ciMethod java/lang/Class getName ()Ljava/lang/String; 2057 1 945 0 -1
ciMethod java/lang/Class getName0 ()Ljava/lang/String; 433 1 54 0 -1
ciMethod java/lang/Class getClassLoader ()Ljava/lang/ClassLoader; 2073 1 835 0 -1
ciMethod java/lang/Class getClassLoader0 ()Ljava/lang/ClassLoader; 1049 1 131 0 -1
ciMethod java/lang/Class getComponentType ()Ljava/lang/Class; 1793 1 203 0 -1
ciMethod java/lang/Class getModifiers ()I 233 1 29 0 -1
ciMethod java/lang/ClassLoader isAncestor (Ljava/lang/ClassLoader;)Z 0 0 1 0 -1
ciMethod java/lang/ClassLoader needsClassLoaderPermissionCheck (Ljava/lang/ClassLoader;Ljava/lang/ClassLoader;)Z 0 0 1 0 -1
ciMethod java/lang/ClassLoader getClassLoader (Ljava/lang/Class;)Ljava/lang/ClassLoader; 33 1 6 0 -1
ciMethod java/lang/ClassLoader checkClassLoaderPermission (Ljava/lang/ClassLoader;Ljava/lang/Class;)V 0 0 1 0 -1
ciMethod java/lang/System getSecurityManager ()Ljava/lang/SecurityManager; 2057 1 603 0 -1
ciMethod java/lang/SecurityManager checkPermission (Ljava/security/Permission;)V 0 0 1 0 -1
ciMethod sun/reflect/Reflection getCallerClass ()Ljava/lang/Class; 601 1 75 0 -1
ciMethod java/lang/reflect/Modifier isPublic (I)Z 377 1 47 0 -1
ciMethod sun/reflect/misc/ReflectUtil isVMAnonymousClass (Ljava/lang/Class;)Z 1145 1 143 0 -1
ciMethodData java/lang/System getSecurityManager ()Ljava/lang/SecurityManager; 2 603 orig 264 8 193 105 110 0 0 0 0 232 148 46 23 0 0 0 0 24 1 0 0 0 0 0 0 0 0 0 0 0 0 0 0 0 0 0 0 0 0 0 0 0 0 0 0 0 0 0 0 0 0 0 0 0 0 0 0 0 0 0 0 0 0 0 0 0 0 0 0 0 0 0 0 0 0 0 0 0 0 0 0 77 68 79 32 101 120 116 114 97 32 100 97 116 97 32 108 111 99 107 0 0 0 0 0 0 0 0 0 0 0 0 0 0 0 0 0 0 0 0 0 0 0 0 0 0 0 0 0 0 0 0 0 0 0 0 0 0 0 0 0 0 0 0 0 0 0 0 0 0 0 0 0 0 0 0 0 0 0 0 0 0 0 0 0 0 0 0 0 0 0 0 0 0 0 0 0 0 0 0 0 0 0 0 0 0 0 0 0 0 0 0 0 0 0 0 0 0 0 0 0 0 0 0 0 0 0 0 0 0 0 0 0 0 0 0 0 1 1 0 0 209 10 0 0 1 0 0 0 0 0 0 0 0 0 0 0 2 0 0 0 0 0 3 0 1 0 0 0 0 0 0 0 255 255 255 255 0 0 0 0 0 0 0 0 data 0 oops 0
ciMethodData java/lang/String indexOf ([CII[CIII)I 2 9131 orig 264 8 193 105 110 0 0 0 0 144 87 45 23 0 0 0 0 56 3 0 0 120 0 0 0 0 0 0 0 0 0 0 0 0 0 0 0 0 0 0 0 0 0 0 0 0 0 0 0 0 0 0 0 0 0 0 0 0 0 0 0 0 0 0 0 0 0 0 0 0 0 0 0 0 0 0 0 0 0 0 0 77 68 79 32 101 120 116 114 97 32 100 97 116 97 32 108 111 99 107 0 0 0 0 0 0 0 0 0 0 0 0 0 0 0 0 0 0 0 0 0 0 0 0 0 0 0 0 0 0 0 0 0 0 0 0 0 0 0 0 0 0 0 0 0 0 0 0 0 0 0 0 0 0 0 0 0 0 0 0 0 0 0 0 0 0 0 0 0 0 0 0 0 0 0 0 0 0 0 0 0 0 0 0 0 0 0 0 0 0 0 0 0 0 0 0 0 0 0 0 0 0 0 0 0 0 0 0 0 0 0 0 0 0 0 0 0 204 17 0 0 217 6 0 0 249 142 0 0 0 0 0 0 0 0 0 0 2 0 0 0 3 0 35 0 2 0 0 0 224 1 0 0 255 255 255 255 7 0 3 0 0 0 0 0 data 60 0x30007 0xdb 0x58 0x0 0x80007 0x0 0x38 0x0 0xc0003 0x0 0x18 0x130007 0xdb 0x20 0x0 0x1b0007 0xdb 0x20 0x0 0x390007 0x9b 0x148 0xdb 0x420007 0x0 0x78 0xdb 0x4c0007 0x9b 0x58 0x1184 0x550007 0x40 0x38 0x1144 0x580003 0x1144 0xffffffffffffffc0 0x5f0007 0x9b 0x98 0x40 0x7b0007 0x40 0x58 0x0 0x860007 0x0 0x38 0x0 0x8f0003 0x0 0xffffffffffffffc0 0x960007 0x0 0x20 0x40 0xa10003 0x9b 0xfffffffffffffed0 oops 0
ciMethod sun/invoke/util/VerifyAccess isSamePackage (Ljava/lang/Class;Ljava/lang/Class;)Z 1801 19969 224 0 -1
ciMethod java/lang/invoke/InvokerBytecodeGenerator isStaticallyNameable (Ljava/lang/Class;)Z 2305 33 288 0 -1
ciMethodData java/lang/Class getName ()Ljava/lang/String; 1 945 orig 264 8 193 105 110 0 0 0 0 224 198 45 23 0 0 0 0 80 1 0 0 0 0 0 0 0 0 0 0 0 0 0 0 0 0 0 0 0 0 0 0 0 0 0 0 0 0 0 0 0 0 0 0 0 0 0 0 0 0 0 0 0 0 0 0 0 0 0 0 0 0 0 0 0 0 0 0 0 0 0 0 77 68 79 32 101 120 116 114 97 32 100 97 116 97 32 108 111 99 107 0 0 0 0 0 0 0 0 0 0 0 0 0 0 0 0 0 0 0 0 0 0 0 0 0 0 0 0 0 0 0 0